#
# There is insufficient memory for the Java Runtime Environment to continue.
# Native memory allocation (mmap) failed to map 182452224 bytes. Error detail: G1 virtual space
# Possible reasons:
#   The system is out of physical RAM or swap space
#   This process is running with CompressedOops enabled, and the Java Heap may be blocking the growth of the native heap
# Possible solutions:
#   Reduce memory load on the system
#   Increase physical memory or swap space
#   Check if swap backing store is full
#   Decrease Java heap size (-Xmx/-Xms)
#   Decrease number of Java threads
#   Decrease Java thread stack sizes (-Xss)
#   Set larger code cache with -XX:ReservedCodeCacheSize=
#   JVM is running with Unscaled Compressed Oops mode in which the Java heap is
#     placed in the first 4GB address space. The Java Heap base address is the
#     maximum limit for the native heap growth. Please use -XX:HeapBaseMinAddress
#     to set the Java Heap base and to place the Java Heap above 4GB virtual address.
# This output file may be truncated or incomplete.
#
#  Out of Memory Error (os_windows.cpp:3825), pid=13556, tid=7560
#
# JRE version: OpenJDK Runtime Environment (17.0.11) (build 17.0.11+0--11852314)
# Java VM: OpenJDK 64-Bit Server VM (17.0.11+0--11852314, mixed mode, tiered, compressed oops, compressed class ptrs, g1 gc, windows-amd64)
# No core dump will be written. Minidumps are not enabled by default on client versions of Windows
#

---------------  S U M M A R Y ------------

Command Line: --add-opens=java.base/java.util=ALL-UNNAMED --add-opens=java.base/java.lang=ALL-UNNAMED --add-opens=java.base/java.lang.invoke=ALL-UNNAMED --add-opens=java.prefs/java.util.prefs=ALL-UNNAMED --add-opens=java.base/java.nio.charset=ALL-UNNAMED --add-opens=java.base/java.net=ALL-UNNAMED --add-opens=java.base/java.util.concurrent.atomic=ALL-UNNAMED -Xmx2048m -Dfile.encoding=UTF-8 -Duser.country=RU -Duser.language=ru -Duser.variant -javaagent:C:\Users\misha\.gradle\wrapper\dists\gradle-8.7-bin\bhs2wmbdwecv87pi65oeuq5iu\gradle-8.7\lib\agents\gradle-instrumentation-agent-8.7.jar org.gradle.launcher.daemon.bootstrap.GradleDaemon 8.7

Host: Intel(R) Core(TM) i3-8100 CPU @ 3.60GHz, 4 cores, 7G,  Windows 10 , 64 bit Build 19041 (10.0.19041.4597)
Time: Wed Jul 24 17:42:01 2024 RTZ 2 (s 10 , 64 bit Build 19041 (10.0.19041.4597) elapsed time: 7.885405 seconds (0d 0h 0m 7s)

---------------  T H R E A D  ---------------

Current thread (0x000001df36728210):  VMThread "VM Thread" [stack: 0x0000006b0a900000,0x0000006b0aa00000] [id=7560]

Stack: [0x0000006b0a900000,0x0000006b0aa00000]
Native frames: (J=compiled Java code, j=interpreted, Vv=VM code, C=native code)
V  [jvm.dll+0x687bb9]
V  [jvm.dll+0x84142a]
V  [jvm.dll+0x8430ae]
V  [jvm.dll+0x843713]
V  [jvm.dll+0x24a35f]
V  [jvm.dll+0x684989]
V  [jvm.dll+0x67923a]
V  [jvm.dll+0x30af0b]
V  [jvm.dll+0x3123b6]
V  [jvm.dll+0x361dfe]
V  [jvm.dll+0x36202f]
V  [jvm.dll+0x2e0d38]
V  [jvm.dll+0x2df144]
V  [jvm.dll+0x2de74c]
V  [jvm.dll+0x32305b]
V  [jvm.dll+0x847e0b]
V  [jvm.dll+0x848b42]
V  [jvm.dll+0x84905d]
V  [jvm.dll+0x849434]
V  [jvm.dll+0x849500]
V  [jvm.dll+0x7efa4a]
V  [jvm.dll+0x686a35]
C  [ucrtbase.dll+0x21bb2]
C  [KERNEL32.DLL+0x17374]
C  [ntdll.dll+0x4cc91]

VM_Operation (0x0000006b0c0f3800): G1CollectForAllocation, mode: safepoint, requested by thread 0x000001df3c422a10


---------------  P R O C E S S  ---------------

Threads class SMR info:
_java_thread_list=0x000001df36747240, length=49, elements={
0x000001df1b1ff8e0, 0x000001df368b3620, 0x000001df3672d780, 0x000001df368bd4e0,
0x000001df368bfec0, 0x000001df368c0f30, 0x000001df368c1fa0, 0x000001df368d83d0,
0x000001df368db490, 0x000001df368dbda0, 0x000001df3699f7b0, 0x000001df36b4f3f0,
0x000001df3cd9ee10, 0x000001df3b9a41b0, 0x000001df3cbf7810, 0x000001df3c96a040,
0x000001df3c7fd030, 0x000001df3c421ff0, 0x000001df3c422a10, 0x000001df3c4206a0,
0x000001df3c4215d0, 0x000001df3c421ae0, 0x000001df3c423430, 0x000001df3c422500,
0x000001df3c423940, 0x000001df3c420190, 0x000001df3c422f20, 0x000001df3c420bb0,
0x000001df3e572930, 0x000001df3e5700b0, 0x000001df3e56fba0, 0x000001df3e573350,
0x000001df3e5705c0, 0x000001df3e56f690, 0x000001df3e570ad0, 0x000001df3e570fe0,
0x000001df3e571f10, 0x000001df3e5751b0, 0x000001df3e571a00, 0x000001df3e572420,
0x000001df3e572e40, 0x000001df3e573d70, 0x000001df3e574790, 0x000001df3e56dd40,
0x000001df3e56ec70, 0x000001df3e5756c0, 0x000001df3e56e250, 0x000001df3e56e760,
0x000001df3f314270
}

Java Threads: ( => current thread )
  0x000001df1b1ff8e0 JavaThread "main" [_thread_blocked, id=7768, stack(0x0000006b0a300000,0x0000006b0a400000)]
  0x000001df368b3620 JavaThread "Reference Handler" daemon [_thread_blocked, id=13448, stack(0x0000006b0aa00000,0x0000006b0ab00000)]
  0x000001df3672d780 JavaThread "Finalizer" daemon [_thread_blocked, id=3908, stack(0x0000006b0ab00000,0x0000006b0ac00000)]
  0x000001df368bd4e0 JavaThread "Signal Dispatcher" daemon [_thread_blocked, id=8128, stack(0x0000006b0ac00000,0x0000006b0ad00000)]
  0x000001df368bfec0 JavaThread "Attach Listener" daemon [_thread_blocked, id=11460, stack(0x0000006b0ad00000,0x0000006b0ae00000)]
  0x000001df368c0f30 JavaThread "Service Thread" daemon [_thread_blocked, id=15464, stack(0x0000006b0ae00000,0x0000006b0af00000)]
  0x000001df368c1fa0 JavaThread "Monitor Deflation Thread" daemon [_thread_blocked, id=8740, stack(0x0000006b0af00000,0x0000006b0b000000)]
  0x000001df368d83d0 JavaThread "C2 CompilerThread0" daemon [_thread_blocked, id=12188, stack(0x0000006b0b000000,0x0000006b0b100000)]
  0x000001df368db490 JavaThread "C1 CompilerThread0" daemon [_thread_blocked, id=7592, stack(0x0000006b0b100000,0x0000006b0b200000)]
  0x000001df368dbda0 JavaThread "Sweeper thread" daemon [_thread_blocked, id=10576, stack(0x0000006b0b200000,0x0000006b0b300000)]
  0x000001df3699f7b0 JavaThread "Common-Cleaner" daemon [_thread_blocked, id=15612, stack(0x0000006b0b300000,0x0000006b0b400000)]
  0x000001df36b4f3f0 JavaThread "Notification Thread" daemon [_thread_blocked, id=2848, stack(0x0000006b0b400000,0x0000006b0b500000)]
  0x000001df3cd9ee10 JavaThread "Daemon health stats" [_thread_blocked, id=8380, stack(0x0000006b0ba00000,0x0000006b0bb00000)]
  0x000001df3b9a41b0 JavaThread "Incoming local TCP Connector on port 56693" [_thread_in_native, id=12960, stack(0x0000006b0bb00000,0x0000006b0bc00000)]
  0x000001df3cbf7810 JavaThread "Daemon periodic checks" [_thread_blocked, id=880, stack(0x0000006b0bc00000,0x0000006b0bd00000)]
  0x000001df3c96a040 JavaThread "Daemon" [_thread_blocked, id=7408, stack(0x0000006b0bd00000,0x0000006b0be00000)]
  0x000001df3c7fd030 JavaThread "Handler for socket connection from /127.0.0.1:56693 to /127.0.0.1:56694" [_thread_in_native, id=10144, stack(0x0000006b0be00000,0x0000006b0bf00000)]
  0x000001df3c421ff0 JavaThread "Cancel handler" [_thread_blocked, id=4772, stack(0x0000006b0bf00000,0x0000006b0c000000)]
  0x000001df3c422a10 JavaThread "Daemon worker" [_thread_blocked, id=4156, stack(0x0000006b0c000000,0x0000006b0c100000)]
  0x000001df3c4206a0 JavaThread "Asynchronous log dispatcher for DefaultDaemonConnection: socket connection from /127.0.0.1:56693 to /127.0.0.1:56694" [_thread_blocked, id=9112, stack(0x0000006b0c100000,0x0000006b0c200000)]
  0x000001df3c4215d0 JavaThread "Stdin handler" [_thread_blocked, id=2940, stack(0x0000006b0c200000,0x0000006b0c300000)]
  0x000001df3c421ae0 JavaThread "Daemon client event forwarder" [_thread_blocked, id=6412, stack(0x0000006b0c300000,0x0000006b0c400000)]
  0x000001df3c423430 JavaThread "Cache worker for journal cache (C:\Users\misha\.gradle\caches\journal-1)" [_thread_blocked, id=11556, stack(0x0000006b0c400000,0x0000006b0c500000)]
  0x000001df3c422500 JavaThread "File lock request listener" [_thread_in_native, id=13300, stack(0x0000006b0c500000,0x0000006b0c600000)]
  0x000001df3c423940 JavaThread "Cache worker for file hash cache (C:\Users\misha\.gradle\caches\8.7\fileHashes)" [_thread_blocked, id=2860, stack(0x0000006b0c600000,0x0000006b0c700000)]
  0x000001df3c420190 JavaThread "Cache worker for file hash cache (C:\Users\misha\StudioProjects\Playlist_Maker\.gradle\8.7\fileHashes)" [_thread_blocked, id=8460, stack(0x0000006b0c700000,0x0000006b0c800000)]
  0x000001df3c422f20 JavaThread "File watcher server" daemon [_thread_blocked, id=16080, stack(0x0000006b0c800000,0x0000006b0c900000)]
  0x000001df3c420bb0 JavaThread "File watcher consumer" daemon [_thread_blocked, id=6860, stack(0x0000006b0c900000,0x0000006b0ca00000)]
  0x000001df3e572930 JavaThread "jar transforms" [_thread_blocked, id=2688, stack(0x0000006b0ca00000,0x0000006b0cb00000)]
  0x000001df3e5700b0 JavaThread "jar transforms Thread 2" [_thread_blocked, id=560, stack(0x0000006b0cb00000,0x0000006b0cc00000)]
  0x000001df3e56fba0 JavaThread "jar transforms Thread 3" [_thread_blocked, id=13532, stack(0x0000006b0cc00000,0x0000006b0cd00000)]
  0x000001df3e573350 JavaThread "jar transforms Thread 4" [_thread_blocked, id=6624, stack(0x0000006b0cd00000,0x0000006b0ce00000)]
  0x000001df3e5705c0 JavaThread "Cache worker for checksums cache (C:\Users\misha\StudioProjects\Playlist_Maker\.gradle\8.7\checksums)" [_thread_blocked, id=15600, stack(0x0000006b0ce00000,0x0000006b0cf00000)]
  0x000001df3e56f690 JavaThread "Cache worker for cache directory md-supplier (C:\Users\misha\.gradle\caches\8.7\md-supplier)" [_thread_blocked, id=11472, stack(0x0000006b0cf00000,0x0000006b0d000000)]
  0x000001df3e570ad0 JavaThread "Cache worker for cache directory md-rule (C:\Users\misha\.gradle\caches\8.7\md-rule)" [_thread_blocked, id=16024, stack(0x0000006b0d000000,0x0000006b0d100000)]
  0x000001df3e570fe0 JavaThread "Cache worker for file content cache (C:\Users\misha\.gradle\caches\8.7\fileContent)" [_thread_blocked, id=1408, stack(0x0000006b0d100000,0x0000006b0d200000)]
  0x000001df3e571f10 JavaThread "Unconstrained build operations" [_thread_blocked, id=12376, stack(0x0000006b0d200000,0x0000006b0d300000)]
  0x000001df3e5751b0 JavaThread "Unconstrained build operations Thread 2" [_thread_blocked, id=15188, stack(0x0000006b0d300000,0x0000006b0d400000)]
  0x000001df3e571a00 JavaThread "Unconstrained build operations Thread 3" [_thread_blocked, id=3676, stack(0x0000006b0d400000,0x0000006b0d500000)]
  0x000001df3e572420 JavaThread "Unconstrained build operations Thread 4" [_thread_blocked, id=6904, stack(0x0000006b0d500000,0x0000006b0d600000)]
  0x000001df3e572e40 JavaThread "Unconstrained build operations Thread 5" [_thread_blocked, id=16372, stack(0x0000006b0d600000,0x0000006b0d700000)]
  0x000001df3e573d70 JavaThread "Cache worker for Build Output Cleanup Cache (C:\Users\misha\StudioProjects\Playlist_Maker\.gradle\buildOutputCleanup)" [_thread_blocked, id=13840, stack(0x0000006b0d700000,0x0000006b0d800000)]
  0x000001df3e574790 JavaThread "Unconstrained build operations Thread 6" [_thread_blocked, id=11260, stack(0x0000006b0d800000,0x0000006b0d900000)]
  0x000001df3e56dd40 JavaThread "Unconstrained build operations Thread 7" [_thread_blocked, id=6964, stack(0x0000006b0d900000,0x0000006b0da00000)]
  0x000001df3e56ec70 JavaThread "Unconstrained build operations Thread 8" [_thread_blocked, id=13272, stack(0x0000006b0da00000,0x0000006b0db00000)]
  0x000001df3e5756c0 JavaThread "Unconstrained build operations Thread 9" [_thread_blocked, id=6840, stack(0x0000006b0db00000,0x0000006b0dc00000)]
  0x000001df3e56e250 JavaThread "Unconstrained build operations Thread 10" [_thread_blocked, id=7456, stack(0x0000006b0dc00000,0x0000006b0dd00000)]
  0x000001df3e56e760 JavaThread "Unconstrained build operations Thread 11" [_thread_blocked, id=2612, stack(0x0000006b0dd00000,0x0000006b0de00000)]
  0x000001df3f314270 JavaThread "C2 CompilerThread1" daemon [_thread_blocked, id=1800, stack(0x0000006b0b600000,0x0000006b0b700000)]

Other Threads:
=>0x000001df36728210 VMThread "VM Thread" [stack: 0x0000006b0a900000,0x0000006b0aa00000] [id=7560]
  0x000001df36af44c0 WatcherThread [stack: 0x0000006b0b500000,0x0000006b0b600000] [id=16228]
  0x000001df1b25a7c0 GCTaskThread "GC Thread#0" [stack: 0x0000006b0a400000,0x0000006b0a500000] [id=10360]
  0x000001df3b1e1800 GCTaskThread "GC Thread#1" [stack: 0x0000006b0b700000,0x0000006b0b800000] [id=14556]
  0x000001df3b025890 GCTaskThread "GC Thread#2" [stack: 0x0000006b0b800000,0x0000006b0b900000] [id=7040]
  0x000001df3b026a10 GCTaskThread "GC Thread#3" [stack: 0x0000006b0b900000,0x0000006b0ba00000] [id=9244]
  0x000001df1b26b620 ConcurrentGCThread "G1 Main Marker" [stack: 0x0000006b0a500000,0x0000006b0a600000] [id=8732]
  0x000001df1b26c6f0 ConcurrentGCThread "G1 Conc#0" [stack: 0x0000006b0a600000,0x0000006b0a700000] [id=3840]
  0x000001df365960d0 ConcurrentGCThread "G1 Refine#0" [stack: 0x0000006b0a700000,0x0000006b0a800000] [id=7072]
  0x000001df36596a10 ConcurrentGCThread "G1 Service" [stack: 0x0000006b0a800000,0x0000006b0a900000] [id=8356]

Threads with active compile tasks:
C2 CompilerThread0     7917 7587       4       sun.util.locale.BaseLocale::getInstance (149 bytes)
C2 CompilerThread1     7917 7591       4       org.objectweb.asm.SymbolTable::addConstantUtf8 (98 bytes)

VM state: at safepoint (normal execution)

VM Mutex/Monitor currently owned by a thread:  ([mutex/lock_event])
[0x000001df1b1fa960] Threads_lock - owner thread: 0x000001df36728210
[0x000001df1b1faa80] Heap_lock - owner thread: 0x000001df3c422a10

Heap address: 0x0000000080000000, size: 2048 MB, Compressed Oops mode: 32-bit

CDS archive(s) not mapped
Compressed class space mapped at: 0x0000000100000000-0x0000000140000000, reserved size: 1073741824
Narrow klass base: 0x0000000000000000, Narrow klass shift: 3, Narrow klass range: 0x140000000

GC Precious Log:
 CPUs: 4 total, 4 available
 Memory: 8126M
 Large Page Support: Disabled
 NUMA Support: Disabled
 Compressed Oops: Enabled (32-bit)
 Heap Region Size: 1M
 Heap Min Capacity: 8M
 Heap Initial Capacity: 128M
 Heap Max Capacity: 2G
 Pre-touch: Disabled
 Parallel Workers: 4
 Concurrent Workers: 1
 Concurrent Refinement Workers: 4
 Periodic GC: Disabled

Heap:
 garbage-first heap   total 150528K, used 102118K [0x0000000080000000, 0x0000000100000000)
  region size 1024K, 1 young (1024K), 1 survivors (1024K)
 Metaspace       used 66256K, committed 67008K, reserved 1114112K
  class space    used 8998K, committed 9344K, reserved 1048576K

Heap Regions: E=young(eden), S=young(survivor), O=old, HS=humongous(starts), HC=humongous(continues), CS=collection set, F=free, OA=open archive, CA=closed archive, TAMS=top-at-mark-start (previous, next)
|   0|0x0000000080000000, 0x0000000080100000, 0x0000000080100000|100%| O|  |TAMS 0x0000000080100000, 0x0000000080100000| Untracked 
|   1|0x0000000080100000, 0x0000000080200000, 0x0000000080200000|100%| O|  |TAMS 0x0000000080200000, 0x0000000080200000| Untracked 
|   2|0x0000000080200000, 0x0000000080300000, 0x0000000080300000|100%|HS|  |TAMS 0x0000000080300000, 0x0000000080300000| Complete 
|   3|0x0000000080300000, 0x0000000080400000, 0x0000000080400000|100%|HC|  |TAMS 0x0000000080400000, 0x0000000080400000| Complete 
|   4|0x0000000080400000, 0x0000000080500000, 0x0000000080500000|100%|HC|  |TAMS 0x0000000080500000, 0x0000000080500000| Complete 
|   5|0x0000000080500000, 0x0000000080600000, 0x0000000080600000|100%|HC|  |TAMS 0x0000000080600000, 0x0000000080600000| Complete 
|   6|0x0000000080600000, 0x0000000080700000, 0x0000000080700000|100%| O|  |TAMS 0x0000000080700000, 0x0000000080700000| Untracked 
|   7|0x0000000080700000, 0x0000000080800000, 0x0000000080800000|100%| O|  |TAMS 0x0000000080800000, 0x0000000080800000| Untracked 
|   8|0x0000000080800000, 0x0000000080900000, 0x0000000080900000|100%| O|  |TAMS 0x0000000080900000, 0x0000000080900000| Untracked 
|   9|0x0000000080900000, 0x0000000080a00000, 0x0000000080a00000|100%| O|  |TAMS 0x0000000080a00000, 0x0000000080a00000| Untracked 
|  10|0x0000000080a00000, 0x0000000080b00000, 0x0000000080b00000|100%|HS|  |TAMS 0x0000000080a00000, 0x0000000080b00000| Complete 
|  11|0x0000000080b00000, 0x0000000080c00000, 0x0000000080c00000|100%| O|  |TAMS 0x0000000080c00000, 0x0000000080c00000| Untracked 
|  12|0x0000000080c00000, 0x0000000080d00000, 0x0000000080d00000|100%| O|  |TAMS 0x0000000080d00000, 0x0000000080d00000| Untracked 
|  13|0x0000000080d00000, 0x0000000080e00000, 0x0000000080e00000|100%| O|  |TAMS 0x0000000080e00000, 0x0000000080e00000| Untracked 
|  14|0x0000000080e00000, 0x0000000080f00000, 0x0000000080f00000|100%| O|  |TAMS 0x0000000080f00000, 0x0000000080f00000| Untracked 
|  15|0x0000000080f00000, 0x0000000081000000, 0x0000000081000000|100%| O|  |TAMS 0x0000000081000000, 0x0000000081000000| Untracked 
|  16|0x0000000081000000, 0x0000000081100000, 0x0000000081100000|100%| O|  |TAMS 0x0000000081100000, 0x0000000081100000| Untracked 
|  17|0x0000000081100000, 0x0000000081200000, 0x0000000081200000|100%| O|  |TAMS 0x0000000081200000, 0x0000000081200000| Untracked 
|  18|0x0000000081200000, 0x0000000081300000, 0x0000000081300000|100%| O|  |TAMS 0x0000000081300000, 0x0000000081300000| Untracked 
|  19|0x0000000081300000, 0x0000000081400000, 0x0000000081400000|100%| O|  |TAMS 0x0000000081400000, 0x0000000081400000| Untracked 
|  20|0x0000000081400000, 0x0000000081500000, 0x0000000081500000|100%|HS|  |TAMS 0x0000000081500000, 0x0000000081500000| Complete 
|  21|0x0000000081500000, 0x0000000081600000, 0x0000000081600000|100%|HC|  |TAMS 0x0000000081600000, 0x0000000081600000| Complete 
|  22|0x0000000081600000, 0x0000000081700000, 0x0000000081700000|100%|HC|  |TAMS 0x0000000081700000, 0x0000000081700000| Complete 
|  23|0x0000000081700000, 0x0000000081800000, 0x0000000081800000|100%|HC|  |TAMS 0x0000000081800000, 0x0000000081800000| Complete 
|  24|0x0000000081800000, 0x0000000081900000, 0x0000000081900000|100%|HC|  |TAMS 0x0000000081900000, 0x0000000081900000| Complete 
|  25|0x0000000081900000, 0x0000000081a00000, 0x0000000081a00000|100%|HS|  |TAMS 0x0000000081a00000, 0x0000000081a00000| Complete 
|  26|0x0000000081a00000, 0x0000000081b00000, 0x0000000081b00000|100%|HC|  |TAMS 0x0000000081b00000, 0x0000000081b00000| Complete 
|  27|0x0000000081b00000, 0x0000000081c00000, 0x0000000081c00000|100%|HC|  |TAMS 0x0000000081c00000, 0x0000000081c00000| Complete 
|  28|0x0000000081c00000, 0x0000000081d00000, 0x0000000081d00000|100%| O|  |TAMS 0x0000000081d00000, 0x0000000081d00000| Untracked 
|  29|0x0000000081d00000, 0x0000000081e00000, 0x0000000081e00000|100%| O|  |TAMS 0x0000000081e00000, 0x0000000081e00000| Untracked 
|  30|0x0000000081e00000, 0x0000000081f00000, 0x0000000081f00000|100%| O|  |TAMS 0x0000000081f00000, 0x0000000081f00000| Untracked 
|  31|0x0000000081f00000, 0x0000000082000000, 0x0000000082000000|100%|HS|  |TAMS 0x0000000082000000, 0x0000000082000000| Complete 
|  32|0x0000000082000000, 0x0000000082100000, 0x0000000082100000|100%|HC|  |TAMS 0x0000000082100000, 0x0000000082100000| Complete 
|  33|0x0000000082100000, 0x0000000082200000, 0x0000000082200000|100%|HC|  |TAMS 0x0000000082200000, 0x0000000082200000| Complete 
|  34|0x0000000082200000, 0x0000000082300000, 0x0000000082300000|100%| O|  |TAMS 0x0000000082300000, 0x0000000082300000| Untracked 
|  35|0x0000000082300000, 0x0000000082400000, 0x0000000082400000|100%| O|  |TAMS 0x0000000082400000, 0x0000000082400000| Untracked 
|  36|0x0000000082400000, 0x0000000082400000, 0x0000000082500000|  0%| F|  |TAMS 0x0000000082400000, 0x0000000082400000| Untracked 
|  37|0x0000000082500000, 0x0000000082600000, 0x0000000082600000|100%| O|  |TAMS 0x0000000082600000, 0x0000000082600000| Untracked 
|  38|0x0000000082600000, 0x0000000082700000, 0x0000000082700000|100%|HS|  |TAMS 0x0000000082700000, 0x0000000082700000| Complete 
|  39|0x0000000082700000, 0x0000000082800000, 0x0000000082800000|100%| O|  |TAMS 0x0000000082800000, 0x0000000082800000| Untracked 
|  40|0x0000000082800000, 0x0000000082900000, 0x0000000082900000|100%| O|  |TAMS 0x0000000082900000, 0x0000000082900000| Untracked 
|  41|0x0000000082900000, 0x0000000082a00000, 0x0000000082a00000|100%| O|  |TAMS 0x0000000082a00000, 0x0000000082a00000| Untracked 
|  42|0x0000000082a00000, 0x0000000082b00000, 0x0000000082b00000|100%| O|  |TAMS 0x0000000082b00000, 0x0000000082b00000| Untracked 
|  43|0x0000000082b00000, 0x0000000082c00000, 0x0000000082c00000|100%| O|  |TAMS 0x0000000082c00000, 0x0000000082c00000| Untracked 
|  44|0x0000000082c00000, 0x0000000082d00000, 0x0000000082d00000|100%| O|  |TAMS 0x0000000082d00000, 0x0000000082d00000| Untracked 
|  45|0x0000000082d00000, 0x0000000082e00000, 0x0000000082e00000|100%| O|  |TAMS 0x0000000082e00000, 0x0000000082e00000| Untracked 
|  46|0x0000000082e00000, 0x0000000082f00000, 0x0000000082f00000|100%| O|  |TAMS 0x0000000082f00000, 0x0000000082f00000| Untracked 
|  47|0x0000000082f00000, 0x0000000083000000, 0x0000000083000000|100%|HS|  |TAMS 0x0000000083000000, 0x0000000083000000| Complete 
|  48|0x0000000083000000, 0x0000000083100000, 0x0000000083100000|100%|HC|  |TAMS 0x0000000083100000, 0x0000000083100000| Complete 
|  49|0x0000000083100000, 0x0000000083200000, 0x0000000083200000|100%|HC|  |TAMS 0x0000000083200000, 0x0000000083200000| Complete 
|  50|0x0000000083200000, 0x0000000083300000, 0x0000000083300000|100%| O|  |TAMS 0x0000000083300000, 0x0000000083300000| Untracked 
|  51|0x0000000083300000, 0x0000000083400000, 0x0000000083400000|100%|HS|  |TAMS 0x0000000083400000, 0x0000000083400000| Complete 
|  52|0x0000000083400000, 0x0000000083500000, 0x0000000083500000|100%|HC|  |TAMS 0x0000000083500000, 0x0000000083500000| Complete 
|  53|0x0000000083500000, 0x0000000083600000, 0x0000000083600000|100%|HC|  |TAMS 0x0000000083600000, 0x0000000083600000| Complete 
|  54|0x0000000083600000, 0x0000000083700000, 0x0000000083700000|100%|HC|  |TAMS 0x0000000083700000, 0x0000000083700000| Complete 
|  55|0x0000000083700000, 0x0000000083800000, 0x0000000083800000|100%|HC|  |TAMS 0x0000000083800000, 0x0000000083800000| Complete 
|  56|0x0000000083800000, 0x0000000083900000, 0x0000000083900000|100%| O|  |TAMS 0x0000000083900000, 0x0000000083900000| Untracked 
|  57|0x0000000083900000, 0x0000000083a00000, 0x0000000083a00000|100%| O|  |TAMS 0x0000000083a00000, 0x0000000083a00000| Untracked 
|  58|0x0000000083a00000, 0x0000000083b00000, 0x0000000083b00000|100%|HS|  |TAMS 0x0000000083b00000, 0x0000000083b00000| Complete 
|  59|0x0000000083b00000, 0x0000000083c00000, 0x0000000083c00000|100%|HC|  |TAMS 0x0000000083c00000, 0x0000000083c00000| Complete 
|  60|0x0000000083c00000, 0x0000000083d00000, 0x0000000083d00000|100%|HC|  |TAMS 0x0000000083d00000, 0x0000000083d00000| Complete 
|  61|0x0000000083d00000, 0x0000000083e00000, 0x0000000083e00000|100%|HC|  |TAMS 0x0000000083e00000, 0x0000000083e00000| Complete 
|  62|0x0000000083e00000, 0x0000000083f00000, 0x0000000083f00000|100%|HC|  |TAMS 0x0000000083f00000, 0x0000000083f00000| Complete 
|  63|0x0000000083f00000, 0x0000000084000000, 0x0000000084000000|100%| O|  |TAMS 0x0000000084000000, 0x0000000084000000| Untracked 
|  64|0x0000000084000000, 0x0000000084000000, 0x0000000084100000|  0%| F|  |TAMS 0x0000000084000000, 0x0000000084000000| Untracked 
|  65|0x0000000084100000, 0x0000000084200000, 0x0000000084200000|100%| O|  |TAMS 0x0000000084200000, 0x0000000084200000| Untracked 
|  66|0x0000000084200000, 0x0000000084300000, 0x0000000084300000|100%| O|  |TAMS 0x0000000084300000, 0x0000000084300000| Untracked 
|  67|0x0000000084300000, 0x0000000084400000, 0x0000000084400000|100%| O|  |TAMS 0x0000000084400000, 0x0000000084400000| Untracked 
|  68|0x0000000084400000, 0x0000000084500000, 0x0000000084500000|100%| O|  |TAMS 0x0000000084500000, 0x0000000084500000| Untracked 
|  69|0x0000000084500000, 0x0000000084600000, 0x0000000084600000|100%| O|  |TAMS 0x0000000084600000, 0x0000000084600000| Untracked 
|  70|0x0000000084600000, 0x0000000084700000, 0x0000000084700000|100%| O|  |TAMS 0x0000000084700000, 0x0000000084700000| Untracked 
|  71|0x0000000084700000, 0x0000000084800000, 0x0000000084800000|100%| O|  |TAMS 0x0000000084800000, 0x0000000084800000| Untracked 
|  72|0x0000000084800000, 0x0000000084900000, 0x0000000084900000|100%| O|  |TAMS 0x0000000084900000, 0x0000000084900000| Untracked 
|  73|0x0000000084900000, 0x0000000084a00000, 0x0000000084a00000|100%| O|  |TAMS 0x0000000084a00000, 0x0000000084a00000| Untracked 
|  74|0x0000000084a00000, 0x0000000084b00000, 0x0000000084b00000|100%| O|  |TAMS 0x0000000084b00000, 0x0000000084b00000| Untracked 
|  75|0x0000000084b00000, 0x0000000084c00000, 0x0000000084c00000|100%| O|  |TAMS 0x0000000084c00000, 0x0000000084c00000| Untracked 
|  76|0x0000000084c00000, 0x0000000084d00000, 0x0000000084d00000|100%| O|  |TAMS 0x0000000084cede00, 0x0000000084d00000| Untracked 
|  77|0x0000000084d00000, 0x0000000084e00000, 0x0000000084e00000|100%|HS|  |TAMS 0x0000000084d00000, 0x0000000084e00000| Complete 
|  78|0x0000000084e00000, 0x0000000084f00000, 0x0000000084f00000|100%|HS|  |TAMS 0x0000000084e00000, 0x0000000084f00000| Complete 
|  79|0x0000000084f00000, 0x0000000085000000, 0x0000000085000000|100%|HC|  |TAMS 0x0000000084f00000, 0x0000000085000000| Complete 
|  80|0x0000000085000000, 0x0000000085100000, 0x0000000085100000|100%|HS|  |TAMS 0x0000000085000000, 0x0000000085100000| Complete 
|  81|0x0000000085100000, 0x0000000085200000, 0x0000000085200000|100%|HC|  |TAMS 0x0000000085100000, 0x0000000085200000| Complete 
|  82|0x0000000085200000, 0x0000000085300000, 0x0000000085300000|100%|HS|  |TAMS 0x0000000085200000, 0x0000000085300000| Complete 
|  83|0x0000000085300000, 0x0000000085400000, 0x0000000085400000|100%|HS|  |TAMS 0x0000000085300000, 0x0000000085400000| Complete 
|  84|0x0000000085400000, 0x0000000085500000, 0x0000000085500000|100%|HS|  |TAMS 0x0000000085400000, 0x0000000085500000| Complete 
|  85|0x0000000085500000, 0x0000000085600000, 0x0000000085600000|100%|HC|  |TAMS 0x0000000085500000, 0x0000000085600000| Complete 
|  86|0x0000000085600000, 0x0000000085700000, 0x0000000085700000|100%|HC|  |TAMS 0x0000000085600000, 0x0000000085700000| Complete 
|  87|0x0000000085700000, 0x0000000085800000, 0x0000000085800000|100%|HC|  |TAMS 0x0000000085700000, 0x0000000085800000| Complete 
|  88|0x0000000085800000, 0x0000000085900000, 0x0000000085900000|100%|HS|  |TAMS 0x0000000085800000, 0x0000000085900000| Complete 
|  89|0x0000000085900000, 0x0000000085a00000, 0x0000000085a00000|100%| O|  |TAMS 0x0000000085900000, 0x0000000085a00000| Untracked 
|  90|0x0000000085a00000, 0x0000000085b00000, 0x0000000085b00000|100%|HS|  |TAMS 0x0000000085a00000, 0x0000000085b00000| Complete 
|  91|0x0000000085b00000, 0x0000000085c00000, 0x0000000085c00000|100%| O|  |TAMS 0x0000000085b00000, 0x0000000085c00000| Untracked 
|  92|0x0000000085c00000, 0x0000000085d00000, 0x0000000085d00000|100%| O|  |TAMS 0x0000000085c00000, 0x0000000085d00000| Untracked 
|  93|0x0000000085d00000, 0x0000000085e00000, 0x0000000085e00000|100%| O|  |TAMS 0x0000000085d00000, 0x0000000085e00000| Untracked 
|  94|0x0000000085e00000, 0x0000000085f00000, 0x0000000085f00000|100%| O|  |TAMS 0x0000000085e00000, 0x0000000085f00000| Untracked 
|  95|0x0000000085f00000, 0x0000000086000000, 0x0000000086000000|100%| O|  |TAMS 0x0000000085f00000, 0x0000000086000000| Untracked 
|  96|0x0000000086000000, 0x0000000086100000, 0x0000000086100000|100%| O|  |TAMS 0x0000000086000000, 0x0000000086100000| Untracked 
|  97|0x0000000086100000, 0x0000000086200000, 0x0000000086200000|100%| O|  |TAMS 0x0000000086100000, 0x0000000086200000| Untracked 
|  98|0x0000000086200000, 0x0000000086300000, 0x0000000086300000|100%| O|  |TAMS 0x0000000086200000, 0x0000000086300000| Untracked 
|  99|0x0000000086300000, 0x0000000086400000, 0x0000000086400000|100%| O|  |TAMS 0x0000000086300000, 0x0000000086400000| Untracked 
| 100|0x0000000086400000, 0x00000000864eda00, 0x0000000086500000| 92%| O|  |TAMS 0x0000000086400000, 0x00000000864eda00| Untracked 
| 101|0x0000000086500000, 0x0000000086500000, 0x0000000086600000|  0%| F|  |TAMS 0x0000000086500000, 0x0000000086500000| Untracked 
| 102|0x0000000086600000, 0x0000000086600000, 0x0000000086700000|  0%| F|  |TAMS 0x0000000086600000, 0x0000000086600000| Untracked 
| 103|0x0000000086700000, 0x0000000086700000, 0x0000000086800000|  0%| F|  |TAMS 0x0000000086700000, 0x0000000086700000| Untracked 
| 104|0x0000000086800000, 0x0000000086800000, 0x0000000086900000|  0%| F|  |TAMS 0x0000000086800000, 0x0000000086800000| Untracked 
| 105|0x0000000086900000, 0x0000000086900000, 0x0000000086a00000|  0%| F|  |TAMS 0x0000000086900000, 0x0000000086900000| Untracked 
| 106|0x0000000086a00000, 0x0000000086a00000, 0x0000000086b00000|  0%| F|  |TAMS 0x0000000086a00000, 0x0000000086a00000| Untracked 
| 107|0x0000000086b00000, 0x0000000086b00000, 0x0000000086c00000|  0%| F|  |TAMS 0x0000000086b00000, 0x0000000086b00000| Untracked 
| 108|0x0000000086c00000, 0x0000000086c00000, 0x0000000086d00000|  0%| F|  |TAMS 0x0000000086c00000, 0x0000000086c00000| Untracked 
| 109|0x0000000086d00000, 0x0000000086d00000, 0x0000000086e00000|  0%| F|  |TAMS 0x0000000086d00000, 0x0000000086d00000| Untracked 
| 110|0x0000000086e00000, 0x0000000086e00000, 0x0000000086f00000|  0%| F|  |TAMS 0x0000000086e00000, 0x0000000086e00000| Untracked 
| 111|0x0000000086f00000, 0x0000000086f00000, 0x0000000087000000|  0%| F|  |TAMS 0x0000000086f00000, 0x0000000086f00000| Untracked 
| 112|0x0000000087000000, 0x0000000087000000, 0x0000000087100000|  0%| F|  |TAMS 0x0000000087000000, 0x0000000087000000| Untracked 
| 113|0x0000000087100000, 0x0000000087100000, 0x0000000087200000|  0%| F|  |TAMS 0x0000000087100000, 0x0000000087100000| Untracked 
| 114|0x0000000087200000, 0x0000000087200000, 0x0000000087300000|  0%| F|  |TAMS 0x0000000087200000, 0x0000000087200000| Untracked 
| 115|0x0000000087300000, 0x0000000087300000, 0x0000000087400000|  0%| F|  |TAMS 0x0000000087300000, 0x0000000087300000| Untracked 
| 116|0x0000000087400000, 0x0000000087400000, 0x0000000087500000|  0%| F|  |TAMS 0x0000000087400000, 0x0000000087400000| Untracked 
| 117|0x0000000087500000, 0x0000000087500000, 0x0000000087600000|  0%| F|  |TAMS 0x0000000087500000, 0x0000000087500000| Untracked 
| 118|0x0000000087600000, 0x0000000087600000, 0x0000000087700000|  0%| F|  |TAMS 0x0000000087600000, 0x0000000087600000| Untracked 
| 119|0x0000000087700000, 0x0000000087700000, 0x0000000087800000|  0%| F|  |TAMS 0x0000000087700000, 0x0000000087700000| Untracked 
| 120|0x0000000087800000, 0x0000000087800000, 0x0000000087900000|  0%| F|  |TAMS 0x0000000087800000, 0x0000000087800000| Untracked 
| 121|0x0000000087900000, 0x0000000087900000, 0x0000000087a00000|  0%| F|  |TAMS 0x0000000087900000, 0x0000000087900000| Untracked 
| 122|0x0000000087a00000, 0x0000000087a00000, 0x0000000087b00000|  0%| F|  |TAMS 0x0000000087a00000, 0x0000000087a00000| Untracked 
| 123|0x0000000087b00000, 0x0000000087bcc178, 0x0000000087c00000| 79%| S|CS|TAMS 0x0000000087b00000, 0x0000000087b00000| Complete 
| 124|0x0000000087c00000, 0x0000000087c00000, 0x0000000087d00000|  0%| F|  |TAMS 0x0000000087c00000, 0x0000000087c00000| Untracked 
| 125|0x0000000087d00000, 0x0000000087d00000, 0x0000000087e00000|  0%| F|  |TAMS 0x0000000087d00000, 0x0000000087d00000| Untracked 
| 126|0x0000000087e00000, 0x0000000087e00000, 0x0000000087f00000|  0%| F|  |TAMS 0x0000000087e00000, 0x0000000087e00000| Untracked 
| 127|0x0000000087f00000, 0x0000000087f00000, 0x0000000088000000|  0%| F|  |TAMS 0x0000000087f00000, 0x0000000087f00000| Untracked 
| 128|0x0000000088000000, 0x0000000088000000, 0x0000000088100000|  0%| F|  |TAMS 0x0000000088000000, 0x0000000088000000| Untracked 
| 129|0x0000000088100000, 0x0000000088100000, 0x0000000088200000|  0%| F|  |TAMS 0x0000000088100000, 0x0000000088100000| Untracked 
| 130|0x0000000088200000, 0x0000000088200000, 0x0000000088300000|  0%| F|  |TAMS 0x0000000088200000, 0x0000000088200000| Untracked 
| 131|0x0000000088300000, 0x0000000088300000, 0x0000000088400000|  0%| F|  |TAMS 0x0000000088300000, 0x0000000088300000| Untracked 
| 132|0x0000000088400000, 0x0000000088400000, 0x0000000088500000|  0%| F|  |TAMS 0x0000000088400000, 0x0000000088400000| Untracked 
| 133|0x0000000088500000, 0x0000000088500000, 0x0000000088600000|  0%| F|  |TAMS 0x0000000088500000, 0x0000000088500000| Untracked 
| 134|0x0000000088600000, 0x0000000088600000, 0x0000000088700000|  0%| F|  |TAMS 0x0000000088600000, 0x0000000088600000| Untracked 
| 135|0x0000000088700000, 0x0000000088700000, 0x0000000088800000|  0%| F|  |TAMS 0x0000000088700000, 0x0000000088700000| Untracked 
| 136|0x0000000088800000, 0x0000000088800000, 0x0000000088900000|  0%| F|  |TAMS 0x0000000088800000, 0x0000000088800000| Untracked 
| 137|0x0000000088900000, 0x0000000088900000, 0x0000000088a00000|  0%| F|  |TAMS 0x0000000088900000, 0x0000000088900000| Untracked 
| 138|0x0000000088a00000, 0x0000000088a00000, 0x0000000088b00000|  0%| F|  |TAMS 0x0000000088a00000, 0x0000000088a00000| Untracked 
| 139|0x0000000088b00000, 0x0000000088b00000, 0x0000000088c00000|  0%| F|  |TAMS 0x0000000088b00000, 0x0000000088b00000| Untracked 
| 140|0x0000000088c00000, 0x0000000088c00000, 0x0000000088d00000|  0%| F|  |TAMS 0x0000000088c00000, 0x0000000088c00000| Untracked 
| 141|0x0000000088d00000, 0x0000000088d00000, 0x0000000088e00000|  0%| F|  |TAMS 0x0000000088d00000, 0x0000000088d00000| Untracked 
| 142|0x0000000088e00000, 0x0000000088e00000, 0x0000000088f00000|  0%| F|  |TAMS 0x0000000088e00000, 0x0000000088e00000| Untracked 
| 143|0x0000000088f00000, 0x0000000088f00000, 0x0000000089000000|  0%| F|  |TAMS 0x0000000088f00000, 0x0000000088f00000| Untracked 
| 144|0x0000000089000000, 0x0000000089000000, 0x0000000089100000|  0%| F|  |TAMS 0x0000000089000000, 0x0000000089000000| Untracked 
| 145|0x0000000089100000, 0x0000000089100000, 0x0000000089200000|  0%| F|  |TAMS 0x0000000089100000, 0x0000000089100000| Untracked 
| 146|0x0000000089200000, 0x0000000089200000, 0x0000000089300000|  0%| F|  |TAMS 0x0000000089200000, 0x0000000089200000| Untracked 

Card table byte_map: [0x000001df2f8e0000,0x000001df2fce0000] _byte_map_base: 0x000001df2f4e0000

Marking Bits (Prev, Next): (CMBitMap*) 0x000001df1b25ad30, (CMBitMap*) 0x000001df1b25acf0
 Prev Bits: [0x000001df320e0000, 0x000001df340e0000)
 Next Bits: [0x000001df300e0000, 0x000001df320e0000)

Polling page: 0x000001df1fe90000

Metaspace:

Usage:
  Non-class:     55.92 MB used.
      Class:      8.79 MB used.
       Both:     64.70 MB used.

Virtual space:
  Non-class space:       64.00 MB reserved,      56.31 MB ( 88%) committed,  1 nodes.
      Class space:        1.00 GB reserved,       9.12 MB ( <1%) committed,  1 nodes.
             Both:        1.06 GB reserved,      65.44 MB (  6%) committed. 

Chunk freelists:
   Non-Class:  7.53 MB
       Class:  6.93 MB
        Both:  14.46 MB

MaxMetaspaceSize: unlimited
CompressedClassSpaceSize: 1.00 GB
Initial GC threshold: 21.00 MB
Current GC threshold: 102.62 MB
CDS: off
MetaspaceReclaimPolicy: balanced
 - commit_granule_bytes: 65536.
 - commit_granule_words: 8192.
 - virtual_space_node_default_size: 8388608.
 - enlarge_chunks_in_place: 1.
 - new_chunks_are_fully_committed: 0.
 - uncommit_free_chunks: 1.
 - use_allocation_guard: 0.
 - handle_deallocations: 1.


Internal statistics:

num_allocs_failed_limit: 3.
num_arena_births: 846.
num_arena_deaths: 0.
num_vsnodes_births: 2.
num_vsnodes_deaths: 0.
num_space_committed: 1047.
num_space_uncommitted: 0.
num_chunks_returned_to_freelist: 3.
num_chunks_taken_from_freelist: 3225.
num_chunk_merges: 0.
num_chunk_splits: 2096.
num_chunks_enlarged: 1374.
num_inconsistent_stats: 0.

CodeHeap 'non-profiled nmethods': size=120000Kb used=3813Kb max_used=3813Kb free=116186Kb
 bounds [0x000001df27980000, 0x000001df27d40000, 0x000001df2eeb0000]
CodeHeap 'profiled nmethods': size=120000Kb used=13228Kb max_used=13228Kb free=106771Kb
 bounds [0x000001df1feb0000, 0x000001df20ba0000, 0x000001df273e0000]
CodeHeap 'non-nmethods': size=5760Kb used=2337Kb max_used=2427Kb free=3422Kb
 bounds [0x000001df273e0000, 0x000001df27650000, 0x000001df27980000]
 total_blobs=7706 nmethods=6848 adapters=770
 compilation: enabled
              stopped_count=0, restarted_count=0
 full_count=0

Compilation events (20 events):
Event: 7.849 Thread 0x000001df368db490 7589       3       java.util.Locale::stripExtensions (20 bytes)
Event: 7.849 Thread 0x000001df368db490 nmethod 7589 0x000001df20b96e10 code [0x000001df20b96fc0, 0x000001df20b97248]
Event: 7.849 Thread 0x000001df368db490 7590       3       sun.util.locale.BaseLocale::equals (71 bytes)
Event: 7.849 Thread 0x000001df368db490 nmethod 7590 0x000001df20b97310 code [0x000001df20b974e0, 0x000001df20b979b8]
Event: 7.851 Thread 0x000001df368d83d0 nmethod 7585 0x000001df27d31e90 code [0x000001df27d32040, 0x000001df27d327d8]
Event: 7.851 Thread 0x000001df368d83d0 7587       4       sun.util.locale.BaseLocale::getInstance (149 bytes)
Event: 7.861 Thread 0x000001df368db490 7592       1       it.unimi.dsi.fastutil.objects.ReferenceArrayList::size (5 bytes)
Event: 7.861 Thread 0x000001df368db490 nmethod 7592 0x000001df27d32b90 code [0x000001df27d32d20, 0x000001df27d32df8]
Event: 7.863 Thread 0x000001df368db490 7593       3       org.objectweb.asm.SymbolTable::addBootstrapMethod (209 bytes)
Event: 7.864 Thread 0x000001df368db490 nmethod 7593 0x000001df20b97a90 code [0x000001df20b97d00, 0x000001df20b987b8]
Event: 7.864 Thread 0x000001df368db490 7594   !   3       org.objectweb.asm.ClassWriter::getCommonSuperClass (141 bytes)
Event: 7.865 Thread 0x000001df368db490 nmethod 7594 0x000001df20b98d10 code [0x000001df20b99020, 0x000001df20b99c18]
Event: 7.869 Thread 0x000001df3f314270 nmethod 7574 0x000001df27d32e90 code [0x000001df27d33220, 0x000001df27d37220]
Event: 7.869 Thread 0x000001df3f314270 7591       4       org.objectweb.asm.SymbolTable::addConstantUtf8 (98 bytes)
Event: 7.872 Thread 0x000001df368db490 7595       3       sun.reflect.annotation.AnnotationParser::parseStringArray (85 bytes)
Event: 7.873 Thread 0x000001df368db490 nmethod 7595 0x000001df20b9a290 code [0x000001df20b9a4a0, 0x000001df20b9ac28]
Event: 7.875 Thread 0x000001df368db490 7596       3       org.gradle.internal.instantiation.generator.AsmBackedClassGenerator$ClassBuilderImpl::addLazyGetter (18 bytes)
Event: 7.876 Thread 0x000001df368db490 nmethod 7596 0x000001df20b9af10 code [0x000001df20b9b0c0, 0x000001df20b9b228]
Event: 7.876 Thread 0x000001df368db490 7597       1       java.lang.ClassLoader::getName (5 bytes)
Event: 7.876 Thread 0x000001df368db490 nmethod 7597 0x000001df27d39190 code [0x000001df27d39320, 0x000001df27d393f8]

GC Heap History (20 events):
Event: 5.132 GC heap after
{Heap after GC invocations=30 (full 0):
 garbage-first heap   total 121856K, used 68621K [0x0000000080000000, 0x0000000100000000)
  region size 1024K, 1 young (1024K), 1 survivors (1024K)
 Metaspace       used 52991K, committed 53504K, reserved 1114112K
  class space    used 7040K, committed 7232K, reserved 1048576K
}
Event: 5.292 GC heap before
{Heap before GC invocations=30 (full 0):
 garbage-first heap   total 121856K, used 88077K [0x0000000080000000, 0x0000000100000000)
  region size 1024K, 21 young (21504K), 1 survivors (1024K)
 Metaspace       used 53847K, committed 54464K, reserved 1114112K
  class space    used 7185K, committed 7488K, reserved 1048576K
}
Event: 5.294 GC heap after
{Heap after GC invocations=31 (full 0):
 garbage-first heap   total 121856K, used 69422K [0x0000000080000000, 0x0000000100000000)
  region size 1024K, 2 young (2048K), 2 survivors (2048K)
 Metaspace       used 53847K, committed 54464K, reserved 1114112K
  class space    used 7185K, committed 7488K, reserved 1048576K
}
Event: 5.548 GC heap before
{Heap before GC invocations=32 (full 0):
 garbage-first heap   total 124928K, used 90926K [0x0000000080000000, 0x0000000100000000)
  region size 1024K, 23 young (23552K), 2 survivors (2048K)
 Metaspace       used 56495K, committed 57088K, reserved 1114112K
  class space    used 7611K, committed 7872K, reserved 1048576K
}
Event: 5.550 GC heap after
{Heap after GC invocations=33 (full 0):
 garbage-first heap   total 124928K, used 70479K [0x0000000080000000, 0x0000000100000000)
  region size 1024K, 2 young (2048K), 2 survivors (2048K)
 Metaspace       used 56495K, committed 57088K, reserved 1114112K
  class space    used 7611K, committed 7872K, reserved 1048576K
}
Event: 5.596 GC heap before
{Heap before GC invocations=33 (full 0):
 garbage-first heap   total 124928K, used 74575K [0x0000000080000000, 0x0000000100000000)
  region size 1024K, 6 young (6144K), 2 survivors (2048K)
 Metaspace       used 57129K, committed 57728K, reserved 1114112K
  class space    used 7717K, committed 8000K, reserved 1048576K
}
Event: 5.599 GC heap after
{Heap after GC invocations=34 (full 0):
 garbage-first heap   total 150528K, used 70327K [0x0000000080000000, 0x0000000100000000)
  region size 1024K, 1 young (1024K), 1 survivors (1024K)
 Metaspace       used 57129K, committed 57728K, reserved 1114112K
  class space    used 7717K, committed 8000K, reserved 1048576K
}
Event: 6.244 GC heap before
{Heap before GC invocations=34 (full 0):
 garbage-first heap   total 150528K, used 108215K [0x0000000080000000, 0x0000000100000000)
  region size 1024K, 38 young (38912K), 1 survivors (1024K)
 Metaspace       used 60715K, committed 61440K, reserved 1114112K
  class space    used 8318K, committed 8640K, reserved 1048576K
}
Event: 6.247 GC heap after
{Heap after GC invocations=35 (full 0):
 garbage-first heap   total 150528K, used 72823K [0x0000000080000000, 0x0000000100000000)
  region size 1024K, 3 young (3072K), 3 survivors (3072K)
 Metaspace       used 60715K, committed 61440K, reserved 1114112K
  class space    used 8318K, committed 8640K, reserved 1048576K
}
Event: 6.834 GC heap before
{Heap before GC invocations=36 (full 0):
 garbage-first heap   total 150528K, used 111735K [0x0000000080000000, 0x0000000100000000)
  region size 1024K, 42 young (43008K), 3 survivors (3072K)
 Metaspace       used 62177K, committed 62784K, reserved 1114112K
  class space    used 8471K, committed 8768K, reserved 1048576K
}
Event: 6.843 GC heap after
{Heap after GC invocations=37 (full 0):
 garbage-first heap   total 150528K, used 77862K [0x0000000080000000, 0x0000000100000000)
  region size 1024K, 6 young (6144K), 6 survivors (6144K)
 Metaspace       used 62177K, committed 62784K, reserved 1114112K
  class space    used 8471K, committed 8768K, reserved 1048576K
}
Event: 6.850 GC heap before
{Heap before GC invocations=37 (full 0):
 garbage-first heap   total 150528K, used 78886K [0x0000000080000000, 0x0000000100000000)
  region size 1024K, 7 young (7168K), 6 survivors (6144K)
 Metaspace       used 62182K, committed 62784K, reserved 1114112K
  class space    used 8471K, committed 8768K, reserved 1048576K
}
Event: 6.857 GC heap after
{Heap after GC invocations=38 (full 0):
 garbage-first heap   total 150528K, used 78517K [0x0000000080000000, 0x0000000100000000)
  region size 1024K, 1 young (1024K), 1 survivors (1024K)
 Metaspace       used 62182K, committed 62784K, reserved 1114112K
  class space    used 8471K, committed 8768K, reserved 1048576K
}
Event: 7.034 GC heap before
{Heap before GC invocations=38 (full 0):
 garbage-first heap   total 150528K, used 92853K [0x0000000080000000, 0x0000000100000000)
  region size 1024K, 17 young (17408K), 1 survivors (1024K)
 Metaspace       used 62418K, committed 63040K, reserved 1114112K
  class space    used 8490K, committed 8768K, reserved 1048576K
}
Event: 7.036 GC heap after
{Heap after GC invocations=39 (full 0):
 garbage-first heap   total 150528K, used 80317K [0x0000000080000000, 0x0000000100000000)
  region size 1024K, 3 young (3072K), 3 survivors (3072K)
 Metaspace       used 62418K, committed 63040K, reserved 1114112K
  class space    used 8490K, committed 8768K, reserved 1048576K
}
Event: 7.581 GC heap before
{Heap before GC invocations=40 (full 0):
 garbage-first heap   total 150528K, used 130493K [0x0000000080000000, 0x0000000100000000)
  region size 1024K, 38 young (38912K), 3 survivors (3072K)
 Metaspace       used 64320K, committed 65088K, reserved 1114112K
  class space    used 8743K, committed 9088K, reserved 1048576K
}
Event: 7.585 GC heap after
{Heap after GC invocations=41 (full 0):
 garbage-first heap   total 150528K, used 101929K [0x0000000080000000, 0x0000000100000000)
  region size 1024K, 5 young (5120K), 5 survivors (5120K)
 Metaspace       used 64320K, committed 65088K, reserved 1114112K
  class space    used 8743K, committed 9088K, reserved 1048576K
}
Event: 7.611 GC heap before
{Heap before GC invocations=41 (full 0):
 garbage-first heap   total 150528K, used 103977K [0x0000000080000000, 0x0000000100000000)
  region size 1024K, 7 young (7168K), 5 survivors (5120K)
 Metaspace       used 64489K, committed 65216K, reserved 1114112K
  class space    used 8765K, committed 9088K, reserved 1048576K
}
Event: 7.614 GC heap after
{Heap after GC invocations=42 (full 0):
 garbage-first heap   total 150528K, used 101746K [0x0000000080000000, 0x0000000100000000)
  region size 1024K, 1 young (1024K), 1 survivors (1024K)
 Metaspace       used 64489K, committed 65216K, reserved 1114112K
  class space    used 8765K, committed 9088K, reserved 1048576K
}
Event: 7.878 GC heap before
{Heap before GC invocations=42 (full 0):
 garbage-first heap   total 150528K, used 124274K [0x0000000080000000, 0x0000000100000000)
  region size 1024K, 23 young (23552K), 1 survivors (1024K)
 Metaspace       used 66256K, committed 67008K, reserved 1114112K
  class space    used 8998K, committed 9344K, reserved 1048576K
}

Dll operation events (3 events):
Event: 0.006 Loaded shared library C:\Program Files\Android\Android Studio\jbr\bin\java.dll
Event: 0.104 Loaded shared library C:\Program Files\Android\Android Studio\jbr\bin\zip.dll
Event: 0.359 Loaded shared library C:\Program Files\Android\Android Studio\jbr\bin\verify.dll

Deoptimization events (20 events):
Event: 7.796 Thread 0x000001df3c422a10 Uncommon trap: trap_request=0xffffffde fr.pc=0x000001df27b647b4 relative=0x00000000000009b4
Event: 7.796 Thread 0x000001df3c422a10 Uncommon trap: reason=class_check action=maybe_recompile pc=0x000001df27b647b4 method=java.io.BufferedInputStream.read1([BII)I @ 39 c2
Event: 7.796 Thread 0x000001df3c422a10 DEOPT PACKING pc=0x000001df27b647b4 sp=0x0000006b0c0f64a0
Event: 7.796 Thread 0x000001df3c422a10 DEOPT UNPACKING pc=0x000001df274369a3 sp=0x0000006b0c0f63b8 mode 2
Event: 7.796 Thread 0x000001df3c422a10 Uncommon trap: trap_request=0xffffffde fr.pc=0x000001df27b0959c relative=0x00000000000001dc
Event: 7.796 Thread 0x000001df3c422a10 Uncommon trap: reason=class_check action=maybe_recompile pc=0x000001df27b0959c method=java.io.BufferedInputStream.read1([BII)I @ 39 c2
Event: 7.796 Thread 0x000001df3c422a10 DEOPT PACKING pc=0x000001df27b0959c sp=0x0000006b0c0f63f0
Event: 7.796 Thread 0x000001df3c422a10 DEOPT UNPACKING pc=0x000001df274369a3 sp=0x0000006b0c0f63a8 mode 2
Event: 7.851 Thread 0x000001df3c422a10 Uncommon trap: trap_request=0xffffffde fr.pc=0x000001df27c13958 relative=0x0000000000000378
Event: 7.851 Thread 0x000001df3c422a10 Uncommon trap: reason=class_check action=maybe_recompile pc=0x000001df27c13958 method=java.util.stream.AbstractPipeline.copyIntoWithCancel(Ljava/util/stream/Sink;Ljava/util/Spliterator;)Z @ 32 c2
Event: 7.851 Thread 0x000001df3c422a10 DEOPT PACKING pc=0x000001df27c13958 sp=0x0000006b0c0f53b0
Event: 7.851 Thread 0x000001df3c422a10 DEOPT UNPACKING pc=0x000001df274369a3 sp=0x0000006b0c0f5270 mode 2
Event: 7.851 Thread 0x000001df3c422a10 Uncommon trap: trap_request=0xffffffde fr.pc=0x000001df27c13958 relative=0x0000000000000378
Event: 7.851 Thread 0x000001df3c422a10 Uncommon trap: reason=class_check action=maybe_recompile pc=0x000001df27c13958 method=java.util.stream.AbstractPipeline.copyIntoWithCancel(Ljava/util/stream/Sink;Ljava/util/Spliterator;)Z @ 32 c2
Event: 7.851 Thread 0x000001df3c422a10 DEOPT PACKING pc=0x000001df27c13958 sp=0x0000006b0c0f53b0
Event: 7.851 Thread 0x000001df3c422a10 DEOPT UNPACKING pc=0x000001df274369a3 sp=0x0000006b0c0f5270 mode 2
Event: 7.851 Thread 0x000001df3c422a10 Uncommon trap: trap_request=0xffffffde fr.pc=0x000001df27c13958 relative=0x0000000000000378
Event: 7.851 Thread 0x000001df3c422a10 Uncommon trap: reason=class_check action=maybe_recompile pc=0x000001df27c13958 method=java.util.stream.AbstractPipeline.copyIntoWithCancel(Ljava/util/stream/Sink;Ljava/util/Spliterator;)Z @ 32 c2
Event: 7.851 Thread 0x000001df3c422a10 DEOPT PACKING pc=0x000001df27c13958 sp=0x0000006b0c0f53b0
Event: 7.851 Thread 0x000001df3c422a10 DEOPT UNPACKING pc=0x000001df274369a3 sp=0x0000006b0c0f5270 mode 2

Classes unloaded (0 events):
No events

Classes redefined (0 events):
No events

Internal exceptions (20 events):
Event: 5.984 Thread 0x000001df3c422a10 Exception <a 'java/lang/NoSuchMethodError'{0x000000008797e7f0}: 'java.lang.Object java.lang.invoke.DirectMethodHandle$Holder.invokeSpecial(java.lang.Object, java.lang.Object, java.lang.Object, java.lang.Object, java.lang.Object, java.lang.Object, java.lang.Object, java.lang.Object, java.lang.Object, java.lang.Object, java.lang.Object, java.lang.Object, java.lang.Object, java.lang.Object, java.lang.Object, java.lang.Object, java.lang.Object, java.lang.Object, java.lang.Object, java.lang.Object, java.lang.Ob
Event: 5.985 Thread 0x000001df3c422a10 Exception <a 'java/lang/NoSuchMethodError'{0x00000000879baa58}: 'java.lang.Object java.lang.invoke.DelegatingMethodHandle$Holder.reinvoke_L(java.lang.Object, java.lang.Object, java.lang.Object, java.lang.Object, java.lang.Object, java.lang.Object, java.lang.Object, java.lang.Object, java.lang.Object, java.lang.Object, java.lang.Object, java.lang.Object, java.lang.Object, java.lang.Object, java.lang.Object, java.lang.Object, java.lang.Object, java.lang.Object, java.lang.Object, java.lang.Object, java.lang.O
Event: 5.985 Thread 0x000001df3c422a10 Exception <a 'java/lang/NoSuchMethodError'{0x00000000879c64a0}: 'java.lang.Object java.lang.invoke.Invokers$Holder.invoker(java.lang.Object, java.lang.Object, java.lang.Object, java.lang.Object, java.lang.Object, java.lang.Object, java.lang.Object, java.lang.Object, java.lang.Object, java.lang.Object, java.lang.Object, java.lang.Object, java.lang.Object, java.lang.Object, java.lang.Object, java.lang.Object, java.lang.Object, java.lang.Object, java.lang.Object, java.lang.Object, java.lang.Object, java.lang.
Event: 5.986 Thread 0x000001df3c422a10 Exception <a 'java/lang/NoSuchMethodError'{0x00000000879cd0a0}: 'java.lang.Object java.lang.invoke.DelegatingMethodHandle$Holder.delegate(java.lang.Object, java.lang.Object, java.lang.Object, java.lang.Object, java.lang.Object, java.lang.Object, java.lang.Object, java.lang.Object, java.lang.Object, java.lang.Object, java.lang.Object, java.lang.Object, java.lang.Object, java.lang.Object, java.lang.Object, java.lang.Object, java.lang.Object, java.lang.Object, java.lang.Object, java.lang.Object, java.lang.Obj
Event: 5.997 Thread 0x000001df3c422a10 Exception <a 'java/lang/NoSuchMethodError'{0x0000000087899388}: 'java.lang.Object java.lang.invoke.DirectMethodHandle$Holder.invokeStatic(java.lang.Object, java.lang.Object, java.lang.Object, java.lang.Object, java.lang.Object, java.lang.Object, java.lang.Object, java.lang.Object, java.lang.Object, java.lang.Object, java.lang.Object, java.lang.Object, java.lang.Object, java.lang.Object, java.lang.Object, java.lang.Object, java.lang.Object, java.lang.Object, java.lang.Object, java.lang.Object, java.lang.Obj
Event: 6.156 Thread 0x000001df3c422a10 Exception <a 'java/lang/NoSuchMethodError'{0x0000000087268450}: static Lorg/gradle/api/internal/catalog/DefaultVersionCatalog;.<clinit>()V> (0x0000000087268450) 
thrown [s\src\hotspot\share\prims\jni.cpp, line 1127]
Event: 6.159 Thread 0x000001df3c422a10 Exception <a 'java/lang/NoSuchMethodError'{0x00000000872bb0e0}: static [Ljava/lang/Object;.<clinit>()V> (0x00000000872bb0e0) 
thrown [s\src\hotspot\share\prims\jni.cpp, line 1127]
Event: 6.161 Thread 0x000001df3c422a10 Exception <a 'java/lang/NoSuchMethodError'{0x00000000872f09f0}: static Lorg/gradle/api/internal/catalog/DependencyModel;.<clinit>()V> (0x00000000872f09f0) 
thrown [s\src\hotspot\share\prims\jni.cpp, line 1127]
Event: 6.161 Thread 0x000001df3c422a10 Exception <a 'java/lang/NoSuchMethodError'{0x00000000872f43e8}: static Lorg/gradle/api/internal/catalog/AbstractContextAwareModel;.<clinit>()V> (0x00000000872f43e8) 
thrown [s\src\hotspot\share\prims\jni.cpp, line 1127]
Event: 6.162 Thread 0x000001df3c422a10 Exception <a 'java/lang/NoSuchMethodError'{0x000000008710e1d8}: static Lorg/gradle/api/internal/artifacts/dependencies/AbstractVersionConstraint;.<clinit>()V> (0x000000008710e1d8) 
thrown [s\src\hotspot\share\prims\jni.cpp, line 1127]
Event: 6.167 Thread 0x000001df3c422a10 Exception <a 'java/lang/NoSuchMethodError'{0x000000008716e2b8}: static Lorg/gradle/api/internal/catalog/PluginModel;.<clinit>()V> (0x000000008716e2b8) 
thrown [s\src\hotspot\share\prims\jni.cpp, line 1127]
Event: 6.168 Thread 0x000001df3c422a10 Exception <a 'java/lang/NoSuchMethodError'{0x0000000087185918}: static Lorg/gradle/api/internal/catalog/VersionModel;.<clinit>()V> (0x0000000087185918) 
thrown [s\src\hotspot\share\prims\jni.cpp, line 1127]
Event: 6.236 Thread 0x000001df3c422a10 Exception <a 'java/lang/NoSuchMethodError'{0x0000000086d248b8}: 'int java.lang.invoke.DirectMethodHandle$Holder.invokeSpecialIFC(java.lang.Object, java.lang.Object, java.lang.Object)'> (0x0000000086d248b8) 
thrown [s\src\hotspot\share\interpreter\linkResolver.cpp, line 771]
Event: 6.289 Thread 0x000001df3c422a10 Exception <a 'java/lang/NoSuchMethodError'{0x00000000890e6ef0}: 'java.lang.Object java.lang.invoke.DirectMethodHandle$Holder.newInvokeSpecial(java.lang.Object, java.lang.Object, java.lang.Object, java.lang.Object, java.lang.Object, int)'> (0x00000000890e6ef0) 
thrown [s\src\hotspot\share\interpreter\linkResolver.cpp, line 771]
Event: 6.289 Thread 0x000001df3c422a10 Exception <a 'java/lang/NoSuchMethodError'{0x00000000890ec5f0}: 'java.lang.Object java.lang.invoke.DirectMethodHandle$Holder.invokeSpecial(java.lang.Object, java.lang.Object, java.lang.Object, java.lang.Object, java.lang.Object, java.lang.Object, int)'> (0x00000000890ec5f0) 
thrown [s\src\hotspot\share\interpreter\linkResolver.cpp, line 771]
Event: 6.290 Thread 0x000001df3c422a10 Exception <a 'java/lang/NoSuchMethodError'{0x00000000890f1678}: 'java.lang.Object java.lang.invoke.Invokers$Holder.linkToTargetMethod(java.lang.Object, java.lang.Object, java.lang.Object, java.lang.Object, int, java.lang.Object)'> (0x00000000890f1678) 
thrown [s\src\hotspot\share\interpreter\linkResolver.cpp, line 771]
Event: 6.293 Thread 0x000001df3c422a10 Exception <a 'java/lang/NoSuchMethodError'{0x0000000088f250b0}: 'java.lang.Object java.lang.invoke.DirectMethodHandle$Holder.invokeSpecial(java.lang.Object, java.lang.Object, java.lang.Object, java.lang.Object, java.lang.Object, long)'> (0x0000000088f250b0) 
thrown [s\src\hotspot\share\interpreter\linkResolver.cpp, line 771]
Event: 6.294 Thread 0x000001df3c422a10 Exception <a 'java/lang/NoSuchMethodError'{0x0000000088f48a00}: 'void java.lang.invoke.DirectMethodHandle$Holder.invokeStatic(java.lang.Object, java.lang.Object, java.lang.Object, int, java.lang.Object)'> (0x0000000088f48a00) 
thrown [s\src\hotspot\share\interpreter\linkResolver.cpp, line 771]
Event: 7.021 Thread 0x000001df3c422a10 Implicit null exception at 0x000001df27c58b12 to 0x000001df27c591b8
Event: 7.021 Thread 0x000001df3c422a10 Implicit null exception at 0x000001df27c57214 to 0x000001df27c57910

VM Operations (20 events):
Event: 6.521 Executing VM operation: HandshakeAllThreads done
Event: 6.615 Executing VM operation: ICBufferFull
Event: 6.615 Executing VM operation: ICBufferFull done
Event: 6.760 Executing VM operation: ICBufferFull
Event: 6.760 Executing VM operation: ICBufferFull done
Event: 6.833 Executing VM operation: G1CollectForAllocation
Event: 6.843 Executing VM operation: G1CollectForAllocation done
Event: 6.850 Executing VM operation: G1CollectForAllocation
Event: 6.857 Executing VM operation: G1CollectForAllocation done
Event: 7.034 Executing VM operation: G1TryInitiateConcMark
Event: 7.036 Executing VM operation: G1TryInitiateConcMark done
Event: 7.089 Executing VM operation: G1PauseRemark
Event: 7.091 Executing VM operation: G1PauseRemark done
Event: 7.116 Executing VM operation: G1PauseCleanup
Event: 7.116 Executing VM operation: G1PauseCleanup done
Event: 7.581 Executing VM operation: G1CollectForAllocation
Event: 7.585 Executing VM operation: G1CollectForAllocation done
Event: 7.611 Executing VM operation: G1CollectForAllocation
Event: 7.614 Executing VM operation: G1CollectForAllocation done
Event: 7.878 Executing VM operation: G1CollectForAllocation

Events (20 events):
Event: 6.584 Thread 0x000001df3e574790 Thread added: 0x000001df3e574790
Event: 6.584 Thread 0x000001df3e56dd40 Thread added: 0x000001df3e56dd40
Event: 6.584 Thread 0x000001df3e56ec70 Thread added: 0x000001df3e56ec70
Event: 6.622 Thread 0x000001df3e5756c0 Thread added: 0x000001df3e5756c0
Event: 6.623 Thread 0x000001df3e56e250 Thread added: 0x000001df3e56e250
Event: 6.625 Thread 0x000001df3e56e760 Thread added: 0x000001df3e56e760
Event: 7.229 Thread 0x000001df3b1b7390 Thread exited: 0x000001df3b1b7390
Event: 7.353 Thread 0x000001df3f314270 Thread added: 0x000001df3f314270
Event: 7.572 loading class java/util/regex/Pattern$1
Event: 7.572 loading class java/util/regex/Pattern$1 done
Event: 7.744 loading class java/util/concurrent/atomic/AtomicIntegerArray
Event: 7.745 loading class java/util/concurrent/atomic/AtomicIntegerArray done
Event: 7.747 loading class java/util/Currency
Event: 7.747 loading class java/util/Currency done
Event: 7.762 loading class java/util/concurrent/atomic/AtomicLongArray
Event: 7.762 loading class java/util/concurrent/atomic/AtomicLongArray done
Event: 7.849 loading class sun/text/resources/cldr/FormatData_en
Event: 7.851 loading class sun/text/resources/cldr/FormatData_en done
Event: 7.851 loading class sun/text/resources/cldr/FormatData_en_US
Event: 7.851 loading class sun/text/resources/cldr/FormatData_en_US done


Dynamic libraries:
0x00007ff661230000 - 0x00007ff66123a000 	C:\Program Files\Android\Android Studio\jbr\bin\java.exe
0x00007ff801b50000 - 0x00007ff801d48000 	C:\WINDOWS\SYSTEM32\ntdll.dll
0x00007ff800ce0000 - 0x00007ff800da1000 	C:\WINDOWS\System32\KERNEL32.DLL
0x00007fffff580000 - 0x00007fffff876000 	C:\WINDOWS\System32\KERNELBASE.dll
0x00007ff800010000 - 0x00007ff800110000 	C:\WINDOWS\System32\ucrtbase.dll
0x00007fffe8450000 - 0x00007fffe846b000 	C:\Program Files\Android\Android Studio\jbr\bin\VCRUNTIME140.dll
0x00007fffe8210000 - 0x00007fffe8227000 	C:\Program Files\Android\Android Studio\jbr\bin\jli.dll
0x00007ff800660000 - 0x00007ff8007ff000 	C:\WINDOWS\System32\USER32.dll
0x00007fffe7690000 - 0x00007fffe792a000 	C:\WINDOWS\WinSxS\amd64_microsoft.windows.common-controls_6595b64144ccf1df_6.0.19041.4355_none_60b8b9eb71f62e16\COMCTL32.dll
0x00007ff800230000 - 0x00007ff800252000 	C:\WINDOWS\System32\win32u.dll
0x00007ff800e60000 - 0x00007ff800e8b000 	C:\WINDOWS\System32\GDI32.dll
0x00007ff800be0000 - 0x00007ff800c7e000 	C:\WINDOWS\System32\msvcrt.dll
0x00007fffff460000 - 0x00007fffff577000 	C:\WINDOWS\System32\gdi32full.dll
0x00007ff800110000 - 0x00007ff8001ad000 	C:\WINDOWS\System32\msvcp_win.dll
0x00007ff8004f0000 - 0x00007ff80051f000 	C:\WINDOWS\System32\IMM32.DLL
0x00007ffff9e80000 - 0x00007ffff9e8c000 	C:\Program Files\Android\Android Studio\jbr\bin\vcruntime140_1.dll
0x00007fffd0b40000 - 0x00007fffd0bcd000 	C:\Program Files\Android\Android Studio\jbr\bin\msvcp140.dll
0x00007fff99070000 - 0x00007fff99cf3000 	C:\Program Files\Android\Android Studio\jbr\bin\server\jvm.dll
0x00007ff800440000 - 0x00007ff8004f0000 	C:\WINDOWS\System32\ADVAPI32.dll
0x00007ff800dc0000 - 0x00007ff800e60000 	C:\WINDOWS\System32\sechost.dll
0x00007ff800800000 - 0x00007ff800923000 	C:\WINDOWS\System32\RPCRT4.dll
0x00007ff8001b0000 - 0x00007ff8001d7000 	C:\WINDOWS\System32\bcrypt.dll
0x00007ffffebc0000 - 0x00007ffffec0b000 	C:\WINDOWS\SYSTEM32\POWRPROF.dll
0x00007ffff9fb0000 - 0x00007ffff9fb9000 	C:\WINDOWS\SYSTEM32\WSOCK32.dll
0x00007ff8002f0000 - 0x00007ff80035b000 	C:\WINDOWS\System32\WS2_32.dll
0x00007ffff3d40000 - 0x00007ffff3d67000 	C:\WINDOWS\SYSTEM32\WINMM.dll
0x00007ffff7e20000 - 0x00007ffff7e2a000 	C:\WINDOWS\SYSTEM32\VERSION.dll
0x00007ffffeba0000 - 0x00007ffffebb2000 	C:\WINDOWS\SYSTEM32\UMPDC.dll
0x00007ffffd090000 - 0x00007ffffd0a2000 	C:\WINDOWS\SYSTEM32\kernel.appcore.dll
0x00007ffff9210000 - 0x00007ffff921a000 	C:\Program Files\Android\Android Studio\jbr\bin\jimage.dll
0x00007ffff3150000 - 0x00007ffff3334000 	C:\WINDOWS\SYSTEM32\DBGHELP.DLL
0x00007ffff2260000 - 0x00007ffff2294000 	C:\WINDOWS\SYSTEM32\dbgcore.DLL
0x00007ff800260000 - 0x00007ff8002e2000 	C:\WINDOWS\System32\bcryptPrimitives.dll
0x00007fffea400000 - 0x00007fffea40e000 	C:\Program Files\Android\Android Studio\jbr\bin\instrument.dll
0x00007fffec6f0000 - 0x00007fffec715000 	C:\Program Files\Android\Android Studio\jbr\bin\java.dll
0x00007fffe89d0000 - 0x00007fffe89e8000 	C:\Program Files\Android\Android Studio\jbr\bin\zip.dll
0x00007fffff880000 - 0x00007ffffffec000 	C:\WINDOWS\System32\SHELL32.dll
0x00007ffffd290000 - 0x00007ffffda2e000 	C:\WINDOWS\SYSTEM32\windows.storage.dll
0x00007ff801380000 - 0x00007ff8016d3000 	C:\WINDOWS\System32\combase.dll
0x00007ffffec10000 - 0x00007ffffec3e000 	C:\WINDOWS\SYSTEM32\Wldp.dll
0x00007ff800a50000 - 0x00007ff800b1d000 	C:\WINDOWS\System32\OLEAUT32.dll
0x00007ff801a60000 - 0x00007ff801b0d000 	C:\WINDOWS\System32\SHCORE.dll
0x00007ff8003e0000 - 0x00007ff800435000 	C:\WINDOWS\System32\shlwapi.dll
0x00007fffff120000 - 0x00007fffff144000 	C:\WINDOWS\SYSTEM32\profapi.dll
0x00007fffe8640000 - 0x00007fffe8659000 	C:\Program Files\Android\Android Studio\jbr\bin\net.dll
0x00007ffff8090000 - 0x00007ffff819a000 	C:\WINDOWS\SYSTEM32\WINHTTP.dll
0x00007ffffe8a0000 - 0x00007ffffe90a000 	C:\WINDOWS\system32\mswsock.dll
0x00007fffe8580000 - 0x00007fffe8596000 	C:\Program Files\Android\Android Studio\jbr\bin\nio.dll
0x00007fffec5f0000 - 0x00007fffec600000 	C:\Program Files\Android\Android Studio\jbr\bin\verify.dll
0x00007fffd8500000 - 0x00007fffd8527000 	C:\Users\misha\.gradle\native\c067742578af261105cb4f569cf0c3c89f3d7b1fecec35dd04571415982c5e48\windows-amd64\native-platform.dll
0x00007fffcb2e0000 - 0x00007fffcb424000 	C:\Users\misha\.gradle\native\38dada09dfb8b06ba9b0570ebf7e218e3eb74d4ef43ca46872605cf95ebc2f47\windows-amd64\native-platform-file-events.dll
0x00007fffeb190000 - 0x00007fffeb199000 	C:\Program Files\Android\Android Studio\jbr\bin\management.dll
0x00007fffeadb0000 - 0x00007fffeadbb000 	C:\Program Files\Android\Android Studio\jbr\bin\management_ext.dll
0x00007ff801a50000 - 0x00007ff801a58000 	C:\WINDOWS\System32\PSAPI.DLL
0x00007ffffea90000 - 0x00007ffffeaa8000 	C:\WINDOWS\SYSTEM32\CRYPTSP.dll
0x00007ffffe1c0000 - 0x00007ffffe1f4000 	C:\WINDOWS\system32\rsaenh.dll
0x00007fffff090000 - 0x00007fffff0be000 	C:\WINDOWS\SYSTEM32\USERENV.dll
0x00007ffffeab0000 - 0x00007ffffeabc000 	C:\WINDOWS\SYSTEM32\CRYPTBASE.dll
0x00007ffffe580000 - 0x00007ffffe5bb000 	C:\WINDOWS\SYSTEM32\IPHLPAPI.DLL
0x00007ff800db0000 - 0x00007ff800db8000 	C:\WINDOWS\System32\NSI.dll
0x00007ffff96a0000 - 0x00007ffff96b7000 	C:\WINDOWS\SYSTEM32\dhcpcsvc6.DLL
0x00007ffff9390000 - 0x00007ffff93ad000 	C:\WINDOWS\SYSTEM32\dhcpcsvc.DLL
0x00007ffffe5c0000 - 0x00007ffffe68a000 	C:\WINDOWS\SYSTEM32\DNSAPI.dll
0x00007fffeccf0000 - 0x00007fffeccf9000 	C:\Program Files\Android\Android Studio\jbr\bin\extnet.dll
0x00007ffff66a0000 - 0x00007ffff66a7000 	C:\WINDOWS\system32\wshunix.dll

dbghelp: loaded successfully - version: 4.0.5 - missing functions: none
symbol engine: initialized successfully - sym options: 0x614 - pdb path: .;C:\Program Files\Android\Android Studio\jbr\bin;C:\WINDOWS\SYSTEM32;C:\WINDOWS\WinSxS\amd64_microsoft.windows.common-controls_6595b64144ccf1df_6.0.19041.4355_none_60b8b9eb71f62e16;C:\Program Files\Android\Android Studio\jbr\bin\server;C:\Users\misha\.gradle\native\c067742578af261105cb4f569cf0c3c89f3d7b1fecec35dd04571415982c5e48\windows-amd64;C:\Users\misha\.gradle\native\38dada09dfb8b06ba9b0570ebf7e218e3eb74d4ef43ca46872605cf95ebc2f47\windows-amd64

VM Arguments:
jvm_args: --add-opens=java.base/java.util=ALL-UNNAMED --add-opens=java.base/java.lang=ALL-UNNAMED --add-opens=java.base/java.lang.invoke=ALL-UNNAMED --add-opens=java.prefs/java.util.prefs=ALL-UNNAMED --add-opens=java.base/java.nio.charset=ALL-UNNAMED --add-opens=java.base/java.net=ALL-UNNAMED --add-opens=java.base/java.util.concurrent.atomic=ALL-UNNAMED -Xmx2048m -Dfile.encoding=UTF-8 -Duser.country=RU -Duser.language=ru -Duser.variant -javaagent:C:\Users\misha\.gradle\wrapper\dists\gradle-8.7-bin\bhs2wmbdwecv87pi65oeuq5iu\gradle-8.7\lib\agents\gradle-instrumentation-agent-8.7.jar 
java_command: org.gradle.launcher.daemon.bootstrap.GradleDaemon 8.7
java_class_path (initial): C:\Users\misha\.gradle\wrapper\dists\gradle-8.7-bin\bhs2wmbdwecv87pi65oeuq5iu\gradle-8.7\lib\gradle-launcher-8.7.jar
Launcher Type: SUN_STANDARD

[Global flags]
     intx CICompilerCount                          = 3                                         {product} {ergonomic}
     uint ConcGCThreads                            = 1                                         {product} {ergonomic}
     uint G1ConcRefinementThreads                  = 4                                         {product} {ergonomic}
   size_t G1HeapRegionSize                         = 1048576                                   {product} {ergonomic}
    uintx GCDrainStackTargetSize                   = 64                                        {product} {ergonomic}
   size_t InitialHeapSize                          = 134217728                                 {product} {ergonomic}
   size_t MarkStackSize                            = 4194304                                   {product} {ergonomic}
   size_t MaxHeapSize                              = 2147483648                                {product} {command line}
   size_t MaxNewSize                               = 1287651328                                {product} {ergonomic}
   size_t MinHeapDeltaBytes                        = 1048576                                   {product} {ergonomic}
   size_t MinHeapSize                              = 8388608                                   {product} {ergonomic}
    uintx NonNMethodCodeHeapSize                   = 5832780                                {pd product} {ergonomic}
    uintx NonProfiledCodeHeapSize                  = 122912730                              {pd product} {ergonomic}
    uintx ProfiledCodeHeapSize                     = 122912730                              {pd product} {ergonomic}
    uintx ReservedCodeCacheSize                    = 251658240                              {pd product} {ergonomic}
     bool SegmentedCodeCache                       = true                                      {product} {ergonomic}
   size_t SoftMaxHeapSize                          = 2147483648                             {manageable} {ergonomic}
     bool UseCompressedClassPointers               = true                           {product lp64_product} {ergonomic}
     bool UseCompressedOops                        = true                           {product lp64_product} {ergonomic}
     bool UseG1GC                                  = true                                      {product} {ergonomic}
     bool UseLargePagesIndividualAllocation        = false                                  {pd product} {ergonomic}

Logging:
Log output configuration:
 #0: stdout all=warning uptime,level,tags
 #1: stderr all=off uptime,level,tags

Environment Variables:
JAVA_HOME=C:\Program Files\Android\Android Studio\jbr
PATH=C:\WINDOWS\system32;C:\WINDOWS;C:\WINDOWS\System32\Wbem;C:\WINDOWS\System32\WindowsPowerShell\v1.0\;C:\WINDOWS\System32\OpenSSH\;C:\Program Files\NVIDIA Corporation\NVIDIA NvDLISR;C:\Program Files\Git\cmd;C:\Program Files\nodejs\;C:\Program Files (x86)\NVIDIA Corporation\PhysX\Common;C:\Users\misha\AppData\Local\Microsoft\WindowsApps;C:\Users\misha\AppData\Local\Programs\Microsoft VS Code\bin;C:\flutter\bin;C:\flutter;C:\Users\misha\AppData\Local\Android\Sdk;C:\Users\misha\AppData\Local\Pub\Cache\bin;C:\Program Files\Git\cmd;C:\Program Files\Git\bin;C:\Windows\System32;C:\Users\misha\StudioProjects\chat_app\functions;C:\Users\misha\AppData\Roaming;C:\flutter\bin\cache\dart-sdk\bin;C:\Users\misha\AppData\Roaming\npm
USERNAME=misha
OS=Windows_NT
PROCESSOR_IDENTIFIER=Intel64 Family 6 Model 158 Stepping 11, GenuineIntel
TMP=C:\Users\misha\AppData\Local\Temp
TEMP=C:\Users\misha\AppData\Local\Temp



Periodic native trim disabled

JNI global refs:
JNI global refs: 27, weak refs: 0

JNI global refs memory usage: 843, weak refs: 841

Process memory usage:
Resident Set Size: 353336K (4% of 8321972K total physical memory with 427008K free physical memory)

OOME stack traces (most recent first):
Classloader memory used:
Loader org.gradle.internal.classloader.VisitableURLClassLoader                         : 3863K
Loader bootstrap                                                                       : 2523K
Loader org.gradle.initialization.MixInLegacyTypesClassLoader                           : 1139K
Loader org.gradle.internal.classloader.VisitableURLClassLoader$InstrumentingVisitableURLClassLoader: 486K
Loader org.gradle.internal.classloader.VisitableURLClassLoader                         : 118K
Loader jdk.internal.loader.ClassLoaders$PlatformClassLoader                            : 67117B
Loader jdk.internal.reflect.DelegatingClassLoader                                      : 42267B
Loader jdk.internal.loader.ClassLoaders$AppClassLoader                                 : 28714B
Loader org.gradle.groovy.scripts.internal.DefaultScriptCompilationHandler$ScriptClassLoader: 10734B
Loader org.codehaus.groovy.runtime.callsite.CallSiteClassLoader                        : 6077B

Classes loaded by more than one classloader:
Class Program                                                                         : loaded 4 times (x 72B)
Class org.gradle.internal.Cast                                                        : loaded 3 times (x 69B)
Class org.gradle.api.GradleException                                                  : loaded 3 times (x 80B)
Class org.jetbrains.plugins.gradle.model.MavenRepositoryModel                         : loaded 2 times (x 68B)
Class [Lcom.google.common.collect.AbstractMapEntry;                                   : loaded 2 times (x 67B)
Class com.google.common.collect.SingletonImmutableList                                : loaded 2 times (x 167B)
Class org.gradle.internal.classpath.ClassPath                                         : loaded 2 times (x 68B)
Class org.gradle.api.internal.classpath.DefaultModuleRegistry                         : loaded 2 times (x 84B)
Class org.gradle.internal.exceptions.NonGradleCauseExceptionsHolder                   : loaded 2 times (x 68B)
Class Settings_gradle$1$1                                                             : loaded 2 times (x 72B)
Class com.google.common.collect.ListMultimap                                          : loaded 2 times (x 68B)
Class com.google.common.base.CharMatcher$JavaDigit                                    : loaded 2 times (x 109B)
Class com.google.common.base.CharMatcher$Digit                                        : loaded 2 times (x 110B)
Class com.google.common.collect.AbstractMultimap                                      : loaded 2 times (x 121B)
Class org.gradle.api.Action                                                           : loaded 2 times (x 68B)
Class org.jetbrains.kotlin.idea.gradleTooling.model.samWithReceiver.SamWithReceiverModel: loaded 2 times (x 68B)
Class com.google.common.collect.ImmutableEntry                                        : loaded 2 times (x 80B)
Class com.google.common.collect.Lists$StringAsImmutableList                           : loaded 2 times (x 167B)
Class org.jetbrains.plugins.gradle.model.ExternalProject                              : loaded 2 times (x 68B)
Class org.jetbrains.plugins.gradle.model.IntelliJSettings                             : loaded 2 times (x 68B)
Class com.google.common.base.CharMatcher                                              : loaded 2 times (x 109B)
Class com.google.common.base.CharMatcher$IsNot                                        : loaded 2 times (x 109B)
Class com.google.common.base.Splitter                                                 : loaded 2 times (x 70B)
Class com.google.common.collect.Iterators$ArrayItr                                    : loaded 2 times (x 95B)
Class org.jetbrains.kotlin.idea.gradleTooling.KotlinMPPGradleModel                    : loaded 2 times (x 68B)
Class org.gradle.api.internal.DefaultClassPathProvider                                : loaded 2 times (x 74B)
Class org.gradle.internal.installation.GradleInstallation$1                           : loaded 2 times (x 73B)
Class com.google.common.base.CharMatcher$BitSetMatcher                                : loaded 2 times (x 110B)
Class com.google.common.collect.ImmutableMap$IteratorBasedImmutableMap                : loaded 2 times (x 123B)
Class org.gradle.internal.exceptions.DefaultMultiCauseException                       : loaded 2 times (x 93B)
Class com.google.common.collect.ImmutableMap                                          : loaded 2 times (x 118B)
Class com.google.common.base.Converter                                                : loaded 2 times (x 88B)
Class org.gradle.tooling.model.UnsupportedMethodException                             : loaded 2 times (x 80B)
Class com.google.common.collect.ImmutableSet$EmptySetBuilderImpl                      : loaded 2 times (x 74B)
Class org.gradle.internal.time.MonotonicClock                                         : loaded 2 times (x 75B)
Class com.google.common.base.Predicate                                                : loaded 2 times (x 68B)
Class org.gradle.internal.classloader.FilteringClassLoader                            : loaded 2 times (x 103B)
Class com.google.common.collect.RegularImmutableSet                                   : loaded 2 times (x 146B)
Class org.gradle.tooling.model.Model                                                  : loaded 2 times (x 68B)
Class org.gradle.internal.classpath.DefaultClassPath$ImmutableUniqueList$Builder      : loaded 2 times (x 73B)
Class com.google.common.collect.Maps$8                                                : loaded 2 times (x 80B)
Class com.google.common.base.PatternCompiler                                          : loaded 2 times (x 68B)
Class com.google.common.base.CharMatcher$InRange                                      : loaded 2 times (x 109B)
Class org.jetbrains.kotlin.idea.gradleTooling.KotlinSourceSetContainer                : loaded 2 times (x 68B)
Class com.google.common.collect.BiMap                                                 : loaded 2 times (x 68B)
Class com.google.common.collect.Lists                                                 : loaded 2 times (x 69B)
Class com.google.common.math.IntMath$1                                                : loaded 2 times (x 69B)
Class org.gradle.internal.classloader.ClassLoaderVisitor                              : loaded 2 times (x 74B)
Class com.google.common.math.MathPreconditions                                        : loaded 2 times (x 69B)
Class org.gradle.internal.time.DefaultCountdownTimer                                  : loaded 2 times (x 86B)
Class org.gradle.internal.service.DefaultServiceLocator                               : loaded 2 times (x 81B)
Class org.jetbrains.plugins.gradle.model.jar.JarTaskManifestConfiguration             : loaded 2 times (x 68B)
Class org.gradle.internal.service.UnknownServiceException                             : loaded 2 times (x 81B)
Class com.google.common.collect.ArrayListMultimap                                     : loaded 2 times (x 170B)
Class com.google.common.base.Strings                                                  : loaded 2 times (x 69B)
Class org.jetbrains.plugins.gradle.model.DependencyAccessorsModel                     : loaded 2 times (x 68B)
Class org.gradle.internal.classloader.DefaultClassLoaderFactory                       : loaded 2 times (x 80B)
Class com.google.common.collect.UnmodifiableIterator                                  : loaded 2 times (x 78B)
Class com.google.common.base.Platform$JdkPatternCompiler                              : loaded 2 times (x 73B)
Class com.google.common.base.CharMatcher$SingleWidth                                  : loaded 2 times (x 110B)
Class com.google.common.collect.Hashing                                               : loaded 2 times (x 69B)
Class org.jetbrains.plugins.gradle.model.GradleExtensions                             : loaded 2 times (x 68B)
Class com.google.common.base.JdkPattern                                               : loaded 2 times (x 73B)
Class com.google.common.collect.Multimap                                              : loaded 2 times (x 68B)
Class org.jetbrains.plugins.gradle.model.VersionCatalogsModel                         : loaded 2 times (x 68B)
Class org.gradle.internal.classloader.VisitableURLClassLoader$Spec                    : loaded 2 times (x 72B)
Class org.gradle.tooling.model.ProjectModel                                           : loaded 2 times (x 68B)
Class com.google.common.collect.Iterators$MergingIterator                             : loaded 2 times (x 79B)
Class com.google.common.base.CharMatcher$JavaLetterOrDigit                            : loaded 2 times (x 109B)
Class org.gradle.tooling.internal.gradle.DefaultProjectIdentifier                     : loaded 2 times (x 84B)
Class org.gradle.api.internal.classpath.ModuleRegistry                                : loaded 2 times (x 68B)
Class com.google.common.collect.ImmutableCollection                                   : loaded 2 times (x 123B)
Class org.jetbrains.plugins.gradle.model.RepositoriesModel                            : loaded 2 times (x 68B)
Class kotlin.jvm.internal.markers.KMappedMarker                                       : loaded 2 times (x 68B)
Class org.gradle.api.internal.ClassPathProvider                                       : loaded 2 times (x 68B)
Class com.google.common.collect.RegularImmutableMap$Values                            : loaded 2 times (x 167B)
Class org.gradle.internal.classloader.ClasspathUtil$1                                 : loaded 2 times (x 74B)
Class org.gradle.util.GradleVersion                                                   : loaded 2 times (x 81B)
Class com.google.common.collect.ImmutableList$ReverseImmutableList                    : loaded 2 times (x 168B)
Class org.gradle.internal.classloader.ClassLoaderFactory                              : loaded 2 times (x 68B)
Class com.google.common.collect.ObjectArrays                                          : loaded 2 times (x 69B)
Class com.google.common.collect.Iterators$10                                          : loaded 2 times (x 79B)
Class com.google.common.collect.ImmutableList                                         : loaded 2 times (x 166B)
Class org.gradle.api.internal.classpath.ManifestUtil                                  : loaded 2 times (x 69B)
Class org.gradle.api.specs.Spec                                                       : loaded 2 times (x 68B)
Class com.google.common.base.CharMatcher$Whitespace                                   : loaded 2 times (x 110B)
Class org.gradle.tooling.internal.gradle.GradleBuildIdentity                          : loaded 2 times (x 68B)
Class com.google.common.collect.Iterators$1                                           : loaded 2 times (x 79B)
Class com.google.common.collect.Iterators$4                                           : loaded 2 times (x 80B)
Class com.google.common.collect.RegularImmutableMap$BucketOverflowException           : loaded 2 times (x 80B)
Class com.google.common.collect.Iterators$5                                           : loaded 2 times (x 80B)
Class com.google.common.base.Preconditions                                            : loaded 2 times (x 69B)
Class com.google.common.base.Function                                                 : loaded 2 times (x 68B)
Class com.google.common.collect.Iterators$9                                           : loaded 2 times (x 79B)
Class org.gradle.internal.IoActions                                                   : loaded 2 times (x 69B)
Class com.google.common.collect.RegularImmutableMap$KeySet                            : loaded 2 times (x 148B)
Class com.google.common.collect.CollectPreconditions                                  : loaded 2 times (x 69B)
Class com.google.common.collect.Maps                                                  : loaded 2 times (x 69B)
Class com.google.common.collect.RegularImmutableMap                                   : loaded 2 times (x 119B)
Class com.google.common.collect.AbstractIndexedListIterator                           : loaded 2 times (x 94B)
Class com.google.common.base.CharMatcher$None                                         : loaded 2 times (x 110B)
Class org.gradle.api.internal.classpath.EffectiveClassPath                            : loaded 2 times (x 88B)
Class com.google.common.collect.UnmodifiableListIterator                              : loaded 2 times (x 93B)
Class kotlin.jvm.internal.DefaultConstructorMarker                                    : loaded 2 times (x 69B)
Class com.google.common.collect.ImmutableList$1                                       : loaded 2 times (x 95B)
Class com.google.common.base.Splitter$Strategy                                        : loaded 2 times (x 68B)
Class com.google.common.collect.ImmutableMapEntrySet$RegularEntrySet                  : loaded 2 times (x 149B)
Class [Lcom.google.common.collect.ImmutableMapEntry;                                  : loaded 2 times (x 67B)
Class org.gradle.internal.exceptions.ResolutionProvider                               : loaded 2 times (x 68B)
Class org.jetbrains.kotlin.idea.gradleTooling.model.annotation.AnnotationBasedPluginModel: loaded 2 times (x 68B)
Class org.jetbrains.kotlin.idea.gradleTooling.model.assignment.AssignmentModel        : loaded 2 times (x 68B)
Class org.gradle.internal.installation.CurrentGradleInstallation                      : loaded 2 times (x 71B)
Class org.gradle.internal.agents.InstrumentingClassLoader                             : loaded 2 times (x 68B)
Class org.gradle.internal.installation.CurrentGradleInstallationLocator               : loaded 2 times (x 69B)
Class org.gradle.api.internal.classpath.Module                                        : loaded 2 times (x 68B)
Class com.google.common.base.Splitter$1$1                                             : loaded 2 times (x 84B)
Class com.google.common.collect.ImmutableSet$JdkBackedSetBuilderImpl                  : loaded 2 times (x 74B)
Class com.google.common.collect.ImmutableSet$RegularSetBuilderImpl                    : loaded 2 times (x 75B)
Class org.gradle.internal.service.CachingServiceLocator                               : loaded 2 times (x 80B)
Class org.gradle.internal.time.Timer                                                  : loaded 2 times (x 68B)
Class [Lcom.google.common.collect.ImmutableEntry;                                     : loaded 2 times (x 67B)
Class org.jetbrains.plugins.gradle.model.tests.ExternalTestsModel                     : loaded 2 times (x 68B)
Class org.jetbrains.kotlin.idea.gradleTooling.KotlinDslScriptAdditionalTask           : loaded 2 times (x 68B)
Class org.gradle.internal.classpath.DefaultClassPath                                  : loaded 2 times (x 88B)
Class com.google.common.base.Splitter$SplittingIterator                               : loaded 2 times (x 82B)
Class com.intellij.openapi.externalSystem.model.project.dependencies.ProjectDependencies: loaded 2 times (x 68B)
Class Build_gradle$1                                                                  : loaded 2 times (x 76B)
Class org.jetbrains.kotlin.idea.gradleTooling.PrepareKotlinIdeImportTaskModel         : loaded 2 times (x 68B)
Class org.gradle.internal.impldep.com.google.common.base.Preconditions                : loaded 2 times (x 69B)
Class kotlin.jvm.functions.Function1                                                  : loaded 2 times (x 68B)
Class com.google.common.base.CharMatcher$Is                                           : loaded 2 times (x 109B)
Class com.google.common.base.Platform                                                 : loaded 2 times (x 69B)
Class com.google.common.collect.RegularImmutableAsList                                : loaded 2 times (x 176B)
Class com.google.common.collect.PeekingIterator                                       : loaded 2 times (x 68B)
Class org.gradle.internal.time.Time                                                   : loaded 2 times (x 69B)
Class org.gradle.internal.time.TimeSource$1                                           : loaded 2 times (x 75B)
Class com.google.common.collect.ImmutableMapEntrySet                                  : loaded 2 times (x 149B)
Class com.google.common.collect.ImmutableBiMapFauxverideShim                          : loaded 2 times (x 118B)
Class org.gradle.internal.classloader.SystemClassLoaderSpec                           : loaded 2 times (x 69B)
Class com.google.common.collect.SingletonImmutableSet                                 : loaded 2 times (x 144B)
Class [Lcom.google.common.base.AbstractIterator$State;                                : loaded 2 times (x 67B)
Class com.google.common.collect.ImmutableMap$Builder                                  : loaded 2 times (x 80B)
Class com.google.common.base.AbstractIterator                                         : loaded 2 times (x 78B)
Class com.google.common.base.AbstractIterator$1                                       : loaded 2 times (x 69B)
Class kotlin.Function                                                                 : loaded 2 times (x 68B)
Class com.google.common.collect.Iterators                                             : loaded 2 times (x 69B)
Class com.google.common.base.CharMatcher$1                                            : loaded 2 times (x 111B)
Class com.google.common.base.CharMatcher$Ascii                                        : loaded 2 times (x 110B)
Class org.gradle.api.UncheckedIOException                                             : loaded 2 times (x 80B)
Class com.google.common.base.CharMatcher$And                                          : loaded 2 times (x 110B)
Class com.google.common.collect.IndexedImmutableSet                                   : loaded 2 times (x 148B)
Class com.google.common.collect.AbstractListMultimap                                  : loaded 2 times (x 170B)
Class com.google.common.base.CharMatcher$Any                                          : loaded 2 times (x 110B)
Class com.google.common.collect.ImmutableEnumMap                                      : loaded 2 times (x 123B)
Class com.google.common.collect.ArrayListMultimapGwtSerializationDependencies         : loaded 2 times (x 170B)
Class com.google.common.base.CharMatcher$RangesMatcher                                : loaded 2 times (x 110B)
Class org.gradle.tooling.internal.gradle.GradleProjectIdentity                        : loaded 2 times (x 68B)
Class com.google.common.collect.ImmutableList$SubList                                 : loaded 2 times (x 168B)
Class org.gradle.internal.time.CountdownTimer                                         : loaded 2 times (x 68B)
Class org.gradle.internal.time.Clock                                                  : loaded 2 times (x 68B)
Class org.gradle.internal.classloader.ClasspathUtil                                   : loaded 2 times (x 69B)
Class org.gradle.tooling.model.BuildIdentifier                                        : loaded 2 times (x 68B)
Class com.google.common.base.Splitter$1                                               : loaded 2 times (x 75B)
Class sync_studio_tooling1105_eo9hyg598ytru7phzgmebjyge$_run_closure1                 : loaded 2 times (x 137B)
Class com.google.common.collect.Maps$BiMapConverter                                   : loaded 2 times (x 88B)
Class org.gradle.api.internal.DefaultClassPathRegistry                                : loaded 2 times (x 74B)
Class com.google.common.collect.ImmutableSet$SetBuilderImpl                           : loaded 2 times (x 74B)
Class org.gradle.api.internal.classpath.DefaultModuleRegistry$DefaultModule           : loaded 2 times (x 84B)
Class com.google.common.base.CharMatcher$JavaIsoControl                               : loaded 2 times (x 110B)
Class com.google.common.collect.ImmutableMap$1                                        : loaded 2 times (x 79B)
Class com.google.common.base.CharMatcher$Or                                           : loaded 2 times (x 110B)
Class org.gradle.kotlin.dsl.VersionCatalogAccessorsKt                                 : loaded 2 times (x 69B)
Class org.gradle.internal.time.TimeSource                                             : loaded 2 times (x 68B)
Class com.google.common.collect.Iterables                                             : loaded 2 times (x 69B)
Class org.jetbrains.kotlin.android.synthetic.idea.AndroidExtensionsGradleModel        : loaded 2 times (x 68B)
Class com.google.common.base.CharMatcher$JavaLowerCase                                : loaded 2 times (x 109B)
Class org.gradle.api.internal.classpath.UnknownModuleException                        : loaded 2 times (x 80B)
Class com.google.common.collect.Maps$EntryTransformer                                 : loaded 2 times (x 68B)
Class com.google.common.collect.ImmutableCollection$Builder                           : loaded 2 times (x 74B)
Class com.google.common.base.CommonPattern                                            : loaded 2 times (x 72B)
Class org.jetbrains.plugins.gradle.model.IntelliJProjectSettings                      : loaded 2 times (x 68B)
Class org.gradle.internal.service.ServiceLookupException                              : loaded 2 times (x 80B)
Class org.gradle.cache.GlobalCache                                                    : loaded 2 times (x 68B)
Class org.jetbrains.kotlin.idea.gradleTooling.model.lombok.LombokModel                : loaded 2 times (x 68B)
Class org.gradle.tooling.model.ProjectIdentifier                                      : loaded 2 times (x 68B)
Class com.google.common.base.CharMatcher$NegatedFastMatcher                           : loaded 2 times (x 111B)
Class ijInit1_7id0x5ejxwkxlzm11nzr7xqqq                                               : loaded 2 times (x 177B)
Class [Lorg.gradle.api.internal.ClassPathProvider;                                    : loaded 2 times (x 67B)
Class org.gradle.internal.operations.MultipleBuildOperationFailures                   : loaded 2 times (x 93B)
Class org.gradle.util.internal.GUtil                                                  : loaded 2 times (x 69B)
Class org.jetbrains.plugins.gradle.model.AnnotationProcessingModel                    : loaded 2 times (x 68B)
Class com.google.common.math.IntMath                                                  : loaded 2 times (x 69B)
Class com.google.common.collect.AbstractIterator                                      : loaded 2 times (x 80B)
Class org.gradle.internal.classloader.ClassLoaderSpec                                 : loaded 2 times (x 69B)
Class com.google.common.base.NullnessCasts                                            : loaded 2 times (x 69B)
Class com.google.common.collect.AbstractMapEntry                                      : loaded 2 times (x 79B)
Class com.google.common.base.CharMatcher$Negated                                      : loaded 2 times (x 111B)
Class com.google.common.collect.ImmutableSet$Builder                                  : loaded 2 times (x 83B)
Class com.google.common.base.CharMatcher$ForPredicate                                 : loaded 2 times (x 110B)
Class com.google.common.collect.ImmutableMap$MapViewOfValuesAsSingletonSets           : loaded 2 times (x 123B)
Class com.google.common.collect.SortedMapDifference                                   : loaded 2 times (x 68B)
Class org.gradle.internal.classloader.VisitableURLClassLoader                         : loaded 2 times (x 115B)
Class com.google.common.collect.ImmutableBiMap                                        : loaded 2 times (x 141B)
Class org.gradle.internal.installation.GradleInstallation                             : loaded 2 times (x 73B)
Class Build_gradle                                                                    : loaded 2 times (x 70B)
Class org.gradle.api.internal.ClassPathRegistry                                       : loaded 2 times (x 68B)
Class com.google.common.collect.ImmutableSet                                          : loaded 2 times (x 143B)
Class org.gradle.internal.classloader.VisitableURLClassLoader$InstrumentingVisitableURLClassLoader: loaded 2 times (x 121B)
Class org.gradle.internal.classloader.ClassLoaderHierarchy                            : loaded 2 times (x 68B)
Class org.gradle.internal.exceptions.MultiCauseException                              : loaded 2 times (x 68B)
Class org.jetbrains.kotlin.idea.gradleTooling.model.parcelize.ParcelizeGradleModel    : loaded 2 times (x 68B)
Class com.google.common.base.AbstractIterator$State                                   : loaded 2 times (x 77B)
Class com.google.common.base.CharMatcher$NamedFastMatcher                             : loaded 2 times (x 110B)
Class org.gradle.internal.InternalTransformer                                         : loaded 2 times (x 68B)
Class org.jetbrains.kotlin.idea.gradleTooling.model.noarg.NoArgModel                  : loaded 2 times (x 68B)
Class org.jetbrains.kotlin.idea.gradleTooling.KotlinGradleModel                       : loaded 2 times (x 68B)
Class org.gradle.tooling.internal.gradle.DefaultBuildIdentifier                       : loaded 2 times (x 77B)
Class org.gradle.internal.service.ServiceLocator                                      : loaded 2 times (x 68B)
Class Settings_gradle$1                                                               : loaded 2 times (x 72B)
Class sync_studio_tooling1105_eo9hyg598ytru7phzgmebjyge                               : loaded 2 times (x 177B)
Class com.google.common.collect.ImmutableMapEntry                                     : loaded 2 times (x 83B)
Class org.jetbrains.kotlin.idea.gradleTooling.model.allopen.AllOpenModel              : loaded 2 times (x 68B)
Class com.google.common.base.CharMatcher$Invisible                                    : loaded 2 times (x 110B)
Class com.google.common.base.CharMatcher$FastMatcher                                  : loaded 2 times (x 109B)
Class org.gradle.internal.classpath.DefaultClassPath$ImmutableUniqueList              : loaded 2 times (x 159B)
Class org.gradle.internal.time.DefaultTimer                                           : loaded 2 times (x 78B)
Class com.google.common.base.CharMatcher$JavaLetter                                   : loaded 2 times (x 109B)
Class org.gradle.internal.classpath.TransformedClassPath                              : loaded 2 times (x 94B)
Class com.google.common.collect.MapDifference                                         : loaded 2 times (x 68B)
Class Settings_gradle                                                                 : loaded 2 times (x 126B)
Class com.google.common.collect.Platform                                              : loaded 2 times (x 69B)
Class com.google.common.collect.ImmutableAsList                                       : loaded 2 times (x 169B)
Class com.google.common.base.CharMatcher$AnyOf                                        : loaded 2 times (x 110B)
Class com.google.common.base.CharMatcher$IsEither                                     : loaded 2 times (x 109B)
Class com.google.common.collect.RegularImmutableList                                  : loaded 2 times (x 172B)
Class com.google.common.base.CharMatcher$JavaUpperCase                                : loaded 2 times (x 109B)
Class com.google.common.collect.Multiset                                              : loaded 2 times (x 68B)
Class com.google.common.collect.ImmutableSet$CachingAsList                            : loaded 2 times (x 145B)
Class com.google.common.collect.ImmutableMapEntry$NonTerminalImmutableMapEntry        : loaded 2 times (x 83B)
Class com.google.common.collect.AbstractMapBasedMultimap                              : loaded 2 times (x 137B)


---------------  S Y S T E M  ---------------

OS:
 Windows 10 , 64 bit Build 19041 (10.0.19041.4597)
OS uptime: 4 days 10:24 hours

CPU: total 4 (initial active 4) (4 cores per cpu, 1 threads per core) family 6 model 158 stepping 11 microcode 0xb4, cx8, cmov, fxsr, mmx, 3dnowpref, sse, sse2, sse3, ssse3, sse4.1, sse4.2, popcnt, lzcnt, tsc, tscinvbit, avx, avx2, aes, erms, clmul, bmi1, bmi2, adx, fma, vzeroupper, clflush, clflushopt
Processor Information for all 4 processors :
  Max Mhz: 3600, Current Mhz: 3600, Mhz Limit: 3600

Memory: 4k page, system-wide physical 8126M (417M free)
TotalPageFile size 22359M (AvailPageFile size 55M)
current process WorkingSet (physical memory assigned to process): 345M, peak: 345M
current process commit charge ("private bytes"): 372M, peak: 547M

vm_info: OpenJDK 64-Bit Server VM (17.0.11+0--11852314) for windows-amd64 JRE (17.0.11+0--11852314), built on May 16 2024 21:29:20 by "androidbuild" with MS VC++ 16.10 / 16.11 (VS2019)

END.
