#
# There is insufficient memory for the Java Runtime Environment to continue.
# Native memory allocation (malloc) failed to allocate 1547584 bytes. Error detail: Chunk::new
# Possible reasons:
#   The system is out of physical RAM or swap space
#   This process is running with CompressedOops enabled, and the Java Heap may be blocking the growth of the native heap
# Possible solutions:
#   Reduce memory load on the system
#   Increase physical memory or swap space
#   Check if swap backing store is full
#   Decrease Java heap size (-Xmx/-Xms)
#   Decrease number of Java threads
#   Decrease Java thread stack sizes (-Xss)
#   Set larger code cache with -XX:ReservedCodeCacheSize=
#   JVM is running with Unscaled Compressed Oops mode in which the Java heap is
#     placed in the first 4GB address space. The Java Heap base address is the
#     maximum limit for the native heap growth. Please use -XX:HeapBaseMinAddress
#     to set the Java Heap base and to place the Java Heap above 4GB virtual address.
# This output file may be truncated or incomplete.
#
#  Out of Memory Error (arena.cpp:191), pid=10104, tid=9936
#
# JRE version: OpenJDK Runtime Environment (17.0.11) (build 17.0.11+0--11852314)
# Java VM: OpenJDK 64-Bit Server VM (17.0.11+0--11852314, mixed mode, tiered, compressed oops, compressed class ptrs, g1 gc, windows-amd64)
# No core dump will be written. Minidumps are not enabled by default on client versions of Windows
#

---------------  S U M M A R Y ------------

Command Line: --add-opens=java.base/java.util=ALL-UNNAMED --add-opens=java.base/java.lang=ALL-UNNAMED --add-opens=java.base/java.lang.invoke=ALL-UNNAMED --add-opens=java.prefs/java.util.prefs=ALL-UNNAMED --add-opens=java.base/java.nio.charset=ALL-UNNAMED --add-opens=java.base/java.net=ALL-UNNAMED --add-opens=java.base/java.util.concurrent.atomic=ALL-UNNAMED -Xmx2048m -Dfile.encoding=UTF-8 -Duser.country=RU -Duser.language=ru -Duser.variant -javaagent:C:\Users\misha\.gradle\wrapper\dists\gradle-8.7-bin\bhs2wmbdwecv87pi65oeuq5iu\gradle-8.7\lib\agents\gradle-instrumentation-agent-8.7.jar org.gradle.launcher.daemon.bootstrap.GradleDaemon 8.7

Host: Intel(R) Core(TM) i3-8100 CPU @ 3.60GHz, 4 cores, 7G,  Windows 10 , 64 bit Build 19041 (10.0.19041.4597)
Time: Wed Jul 24 17:39:47 2024 RTZ 2 (s 10 , 64 bit Build 19041 (10.0.19041.4597) elapsed time: 10.377003 seconds (0d 0h 0m 10s)

---------------  T H R E A D  ---------------

Current thread (0x000002aa1a1ed040):  JavaThread "C2 CompilerThread1" daemon [_thread_in_native, id=9936, stack(0x000000f863f00000,0x000000f864000000)]


Current CompileTask:
C2:  10378 4654       4       groovy.lang.MetaClassImpl$1MOPIter::methodNameAction (325 bytes)

Stack: [0x000000f863f00000,0x000000f864000000]
Native frames: (J=compiled Java code, j=interpreted, Vv=VM code, C=native code)
V  [jvm.dll+0x687bb9]
V  [jvm.dll+0x84142a]
V  [jvm.dll+0x8430ae]
V  [jvm.dll+0x843713]
V  [jvm.dll+0x24a35f]
V  [jvm.dll+0xac544]
V  [jvm.dll+0xacb8c]
V  [jvm.dll+0x369c37]
V  [jvm.dll+0x33416a]
V  [jvm.dll+0x33360a]
V  [jvm.dll+0x21bed1]
V  [jvm.dll+0x21b311]
V  [jvm.dll+0x1a63ed]
V  [jvm.dll+0x22b1ee]
V  [jvm.dll+0x229375]
V  [jvm.dll+0x7f5647]
V  [jvm.dll+0x7efa4a]
V  [jvm.dll+0x686a35]
C  [ucrtbase.dll+0x21bb2]
C  [KERNEL32.DLL+0x17374]
C  [ntdll.dll+0x4cc91]


---------------  P R O C E S S  ---------------

Threads class SMR info:
_java_thread_list=0x000002aa19fc9690, length=42, elements={
0x000002aa7902e750, 0x000002aa7f773620, 0x000002aa7f616a40, 0x000002aa7f77db70,
0x000002aa7f780550, 0x000002aa7f780e20, 0x000002aa7f7816f0, 0x000002aa7f6310a0,
0x000002aa7f6335d0, 0x000002aa7f633ee0, 0x000002aa7f59d550, 0x000002aa7fa64720,
0x000002aa18867130, 0x000002aa180b1fe0, 0x000002aa183d6480, 0x000002aa1827f8b0,
0x000002aa1827fd90, 0x000002aa18c0f490, 0x000002aa18a37930, 0x000002aa1833d500,
0x000002aa1833f360, 0x000002aa1833df20, 0x000002aa1833c0c0, 0x000002aa1833ee50,
0x000002aa1833f870, 0x000002aa1833da10, 0x000002aa1833cae0, 0x000002aa1a1bc370,
0x000002aa1a1bc880, 0x000002aa1a1bcd90, 0x000002aa1a1c1980, 0x000002aa1a1bd2a0,
0x000002aa1a1bdcc0, 0x000002aa1a1ba510, 0x000002aa1a1bb950, 0x000002aa1a1baf30,
0x000002aa1a1ed040, 0x000002aa1a1c0540, 0x000002aa1a1c0f60, 0x000002aa1a1bfb20,
0x000002aa1a1c1470, 0x000002aa1a1bb440
}

Java Threads: ( => current thread )
  0x000002aa7902e750 JavaThread "main" [_thread_blocked, id=9584, stack(0x000000f862c00000,0x000000f862d00000)]
  0x000002aa7f773620 JavaThread "Reference Handler" daemon [_thread_blocked, id=128, stack(0x000000f863300000,0x000000f863400000)]
  0x000002aa7f616a40 JavaThread "Finalizer" daemon [_thread_blocked, id=2396, stack(0x000000f863400000,0x000000f863500000)]
  0x000002aa7f77db70 JavaThread "Signal Dispatcher" daemon [_thread_blocked, id=3836, stack(0x000000f863500000,0x000000f863600000)]
  0x000002aa7f780550 JavaThread "Attach Listener" daemon [_thread_blocked, id=1764, stack(0x000000f863600000,0x000000f863700000)]
  0x000002aa7f780e20 JavaThread "Service Thread" daemon [_thread_blocked, id=6120, stack(0x000000f863700000,0x000000f863800000)]
  0x000002aa7f7816f0 JavaThread "Monitor Deflation Thread" daemon [_thread_blocked, id=3532, stack(0x000000f863800000,0x000000f863900000)]
  0x000002aa7f6310a0 JavaThread "C2 CompilerThread0" daemon [_thread_in_native, id=4716, stack(0x000000f863900000,0x000000f863a00000)]
  0x000002aa7f6335d0 JavaThread "C1 CompilerThread0" daemon [_thread_blocked, id=6256, stack(0x000000f863a00000,0x000000f863b00000)]
  0x000002aa7f633ee0 JavaThread "Sweeper thread" daemon [_thread_blocked, id=2000, stack(0x000000f863b00000,0x000000f863c00000)]
  0x000002aa7f59d550 JavaThread "Common-Cleaner" daemon [_thread_blocked, id=2252, stack(0x000000f863c00000,0x000000f863d00000)]
  0x000002aa7fa64720 JavaThread "Notification Thread" daemon [_thread_blocked, id=10968, stack(0x000000f863d00000,0x000000f863e00000)]
  0x000002aa18867130 JavaThread "Daemon health stats" [_thread_blocked, id=14864, stack(0x000000f864300000,0x000000f864400000)]
  0x000002aa180b1fe0 JavaThread "Incoming local TCP Connector on port 56641" [_thread_in_native, id=15312, stack(0x000000f864400000,0x000000f864500000)]
  0x000002aa183d6480 JavaThread "Daemon periodic checks" [_thread_blocked, id=14196, stack(0x000000f864500000,0x000000f864600000)]
  0x000002aa1827f8b0 JavaThread "Daemon" [_thread_blocked, id=1428, stack(0x000000f864600000,0x000000f864700000)]
  0x000002aa1827fd90 JavaThread "Handler for socket connection from /127.0.0.1:56641 to /127.0.0.1:56642" [_thread_in_native, id=3312, stack(0x000000f864700000,0x000000f864800000)]
  0x000002aa18c0f490 JavaThread "Cancel handler" [_thread_blocked, id=6764, stack(0x000000f864800000,0x000000f864900000)]
  0x000002aa18a37930 JavaThread "Daemon worker" [_thread_in_native, id=8440, stack(0x000000f864900000,0x000000f864a00000)]
  0x000002aa1833d500 JavaThread "Asynchronous log dispatcher for DefaultDaemonConnection: socket connection from /127.0.0.1:56641 to /127.0.0.1:56642" [_thread_blocked, id=524, stack(0x000000f864a00000,0x000000f864b00000)]
  0x000002aa1833f360 JavaThread "Stdin handler" [_thread_blocked, id=16208, stack(0x000000f864b00000,0x000000f864c00000)]
  0x000002aa1833df20 JavaThread "Daemon client event forwarder" [_thread_blocked, id=920, stack(0x000000f864c00000,0x000000f864d00000)]
  0x000002aa1833c0c0 JavaThread "Cache worker for journal cache (C:\Users\misha\.gradle\caches\journal-1)" [_thread_blocked, id=14460, stack(0x000000f864d00000,0x000000f864e00000)]
  0x000002aa1833ee50 JavaThread "File lock request listener" [_thread_in_native, id=11924, stack(0x000000f864e00000,0x000000f864f00000)]
  0x000002aa1833f870 JavaThread "Cache worker for file hash cache (C:\Users\misha\.gradle\caches\8.7\fileHashes)" [_thread_blocked, id=6812, stack(0x000000f864f00000,0x000000f865000000)]
  0x000002aa1833da10 JavaThread "Cache worker for file hash cache (C:\Users\misha\StudioProjects\Playlist_Maker\.gradle\8.7\fileHashes)" [_thread_blocked, id=7824, stack(0x000000f865000000,0x000000f865100000)]
  0x000002aa1833cae0 JavaThread "File watcher server" daemon [_thread_in_native, id=3144, stack(0x000000f865100000,0x000000f865200000)]
  0x000002aa1a1bc370 JavaThread "File watcher consumer" daemon [_thread_blocked, id=3648, stack(0x000000f865200000,0x000000f865300000)]
  0x000002aa1a1bc880 JavaThread "jar transforms" [_thread_blocked, id=15496, stack(0x000000f865300000,0x000000f865400000)]
  0x000002aa1a1bcd90 JavaThread "jar transforms Thread 2" [_thread_blocked, id=1912, stack(0x000000f865400000,0x000000f865500000)]
  0x000002aa1a1c1980 JavaThread "jar transforms Thread 3" [_thread_blocked, id=11676, stack(0x000000f865500000,0x000000f865600000)]
  0x000002aa1a1bd2a0 JavaThread "jar transforms Thread 4" [_thread_blocked, id=15444, stack(0x000000f865600000,0x000000f865700000)]
  0x000002aa1a1bdcc0 JavaThread "Cache worker for checksums cache (C:\Users\misha\StudioProjects\Playlist_Maker\.gradle\8.7\checksums)" [_thread_blocked, id=15288, stack(0x000000f865700000,0x000000f865800000)]
  0x000002aa1a1ba510 JavaThread "Cache worker for cache directory md-supplier (C:\Users\misha\.gradle\caches\8.7\md-supplier)" [_thread_blocked, id=13416, stack(0x000000f865800000,0x000000f865900000)]
  0x000002aa1a1bb950 JavaThread "Cache worker for cache directory md-rule (C:\Users\misha\.gradle\caches\8.7\md-rule)" [_thread_blocked, id=15776, stack(0x000000f865900000,0x000000f865a00000)]
  0x000002aa1a1baf30 JavaThread "Cache worker for file content cache (C:\Users\misha\.gradle\caches\8.7\fileContent)" [_thread_blocked, id=16376, stack(0x000000f865a00000,0x000000f865b00000)]
=>0x000002aa1a1ed040 JavaThread "C2 CompilerThread1" daemon [_thread_in_native, id=9936, stack(0x000000f863f00000,0x000000f864000000)]
  0x000002aa1a1c0540 JavaThread "Unconstrained build operations" [_thread_blocked, id=11572, stack(0x000000f865b00000,0x000000f865c00000)]
  0x000002aa1a1c0f60 JavaThread "Unconstrained build operations Thread 2" [_thread_blocked, id=8412, stack(0x000000f865c00000,0x000000f865d00000)]
  0x000002aa1a1bfb20 JavaThread "Unconstrained build operations Thread 3" [_thread_blocked, id=7564, stack(0x000000f865d00000,0x000000f865e00000)]
  0x000002aa1a1c1470 JavaThread "Unconstrained build operations Thread 4" [_thread_blocked, id=11328, stack(0x000000f865e00000,0x000000f865f00000)]
  0x000002aa1a1bb440 JavaThread "Unconstrained build operations Thread 5" [_thread_blocked, id=6052, stack(0x000000f865f00000,0x000000f866000000)]

Other Threads:
  0x000002aa7f612650 VMThread "VM Thread" [stack: 0x000000f863200000,0x000000f863300000] [id=3916]
  0x000002aa7f9fc450 WatcherThread [stack: 0x000000f863e00000,0x000000f863f00000] [id=4928]
  0x000002aa7908bb40 GCTaskThread "GC Thread#0" [stack: 0x000000f862d00000,0x000000f862e00000] [id=8524]
  0x000002aa174d57f0 GCTaskThread "GC Thread#1" [stack: 0x000000f864000000,0x000000f864100000] [id=14956]
  0x000002aa173957a0 GCTaskThread "GC Thread#2" [stack: 0x000000f864100000,0x000000f864200000] [id=14028]
  0x000002aa173d6400 GCTaskThread "GC Thread#3" [stack: 0x000000f864200000,0x000000f864300000] [id=984]
  0x000002aa7909c9a0 ConcurrentGCThread "G1 Main Marker" [stack: 0x000000f862e00000,0x000000f862f00000] [id=7432]
  0x000002aa7909da70 ConcurrentGCThread "G1 Conc#0" [stack: 0x000000f862f00000,0x000000f863000000] [id=7780]
  0x000002aa790ee810 ConcurrentGCThread "G1 Refine#0" [stack: 0x000000f863000000,0x000000f863100000] [id=4032]
  0x000002aa7f468340 ConcurrentGCThread "G1 Service" [stack: 0x000000f863100000,0x000000f863200000] [id=7196]

Threads with active compile tasks:
C2 CompilerThread0    11636 4696       4       org.codehaus.groovy.runtime.metaclass.MetaMethodIndex::addMethodToList (128 bytes)
C2 CompilerThread1    11636 4654       4       groovy.lang.MetaClassImpl$1MOPIter::methodNameAction (325 bytes)

VM state: not at safepoint (normal execution)

VM Mutex/Monitor currently owned by a thread: None

Heap address: 0x0000000080000000, size: 2048 MB, Compressed Oops mode: 32-bit

CDS archive(s) not mapped
Compressed class space mapped at: 0x0000000100000000-0x0000000140000000, reserved size: 1073741824
Narrow klass base: 0x0000000000000000, Narrow klass shift: 3, Narrow klass range: 0x140000000

GC Precious Log:
 CPUs: 4 total, 4 available
 Memory: 8126M
 Large Page Support: Disabled
 NUMA Support: Disabled
 Compressed Oops: Enabled (32-bit)
 Heap Region Size: 1M
 Heap Min Capacity: 8M
 Heap Initial Capacity: 128M
 Heap Max Capacity: 2G
 Pre-touch: Disabled
 Parallel Workers: 4
 Concurrent Workers: 1
 Concurrent Refinement Workers: 4
 Periodic GC: Disabled

Heap:
 garbage-first heap   total 126976K, used 80397K [0x0000000080000000, 0x0000000100000000)
  region size 1024K, 12 young (12288K), 2 survivors (2048K)
 Metaspace       used 52782K, committed 53248K, reserved 1114112K
  class space    used 7022K, committed 7232K, reserved 1048576K

Heap Regions: E=young(eden), S=young(survivor), O=old, HS=humongous(starts), HC=humongous(continues), CS=collection set, F=free, OA=open archive, CA=closed archive, TAMS=top-at-mark-start (previous, next)
|   0|0x0000000080000000, 0x0000000080100000, 0x0000000080100000|100%| O|  |TAMS 0x0000000080100000, 0x0000000080000000| Untracked 
|   1|0x0000000080100000, 0x0000000080200000, 0x0000000080200000|100%| O|  |TAMS 0x0000000080200000, 0x0000000080100000| Untracked 
|   2|0x0000000080200000, 0x0000000080300000, 0x0000000080300000|100%|HS|  |TAMS 0x0000000080300000, 0x0000000080200000| Complete 
|   3|0x0000000080300000, 0x0000000080400000, 0x0000000080400000|100%|HC|  |TAMS 0x0000000080400000, 0x0000000080300000| Complete 
|   4|0x0000000080400000, 0x0000000080500000, 0x0000000080500000|100%|HC|  |TAMS 0x0000000080500000, 0x0000000080400000| Complete 
|   5|0x0000000080500000, 0x0000000080600000, 0x0000000080600000|100%|HC|  |TAMS 0x0000000080600000, 0x0000000080500000| Complete 
|   6|0x0000000080600000, 0x0000000080700000, 0x0000000080700000|100%| O|  |TAMS 0x0000000080700000, 0x0000000080600000| Untracked 
|   7|0x0000000080700000, 0x0000000080800000, 0x0000000080800000|100%| O|  |TAMS 0x0000000080800000, 0x0000000080700000| Untracked 
|   8|0x0000000080800000, 0x0000000080900000, 0x0000000080900000|100%| O|  |TAMS 0x0000000080900000, 0x0000000080800000| Untracked 
|   9|0x0000000080900000, 0x0000000080a00000, 0x0000000080a00000|100%| O|  |TAMS 0x0000000080a00000, 0x0000000080900000| Untracked 
|  10|0x0000000080a00000, 0x0000000080a97400, 0x0000000080b00000| 59%| O|  |TAMS 0x0000000080a97400, 0x0000000080a00000| Untracked 
|  11|0x0000000080b00000, 0x0000000080c00000, 0x0000000080c00000|100%| O|  |TAMS 0x0000000080c00000, 0x0000000080b00000| Untracked 
|  12|0x0000000080c00000, 0x0000000080d00000, 0x0000000080d00000|100%| O|  |TAMS 0x0000000080d00000, 0x0000000080c00000| Untracked 
|  13|0x0000000080d00000, 0x0000000080e00000, 0x0000000080e00000|100%| O|  |TAMS 0x0000000080e00000, 0x0000000080d00000| Untracked 
|  14|0x0000000080e00000, 0x0000000080f00000, 0x0000000080f00000|100%| O|  |TAMS 0x0000000080f00000, 0x0000000080e00000| Untracked 
|  15|0x0000000080f00000, 0x0000000081000000, 0x0000000081000000|100%| O|  |TAMS 0x0000000081000000, 0x0000000080f00000| Untracked 
|  16|0x0000000081000000, 0x0000000081100000, 0x0000000081100000|100%| O|  |TAMS 0x0000000081100000, 0x0000000081000000| Untracked 
|  17|0x0000000081100000, 0x0000000081200000, 0x0000000081200000|100%| O|  |TAMS 0x0000000081200000, 0x0000000081100000| Untracked 
|  18|0x0000000081200000, 0x0000000081300000, 0x0000000081300000|100%| O|  |TAMS 0x0000000081300000, 0x0000000081200000| Untracked 
|  19|0x0000000081300000, 0x0000000081400000, 0x0000000081400000|100%| O|  |TAMS 0x0000000081400000, 0x0000000081300000| Untracked 
|  20|0x0000000081400000, 0x0000000081500000, 0x0000000081500000|100%|HS|  |TAMS 0x0000000081500000, 0x0000000081400000| Complete 
|  21|0x0000000081500000, 0x0000000081600000, 0x0000000081600000|100%|HC|  |TAMS 0x0000000081600000, 0x0000000081500000| Complete 
|  22|0x0000000081600000, 0x0000000081700000, 0x0000000081700000|100%|HC|  |TAMS 0x0000000081700000, 0x0000000081600000| Complete 
|  23|0x0000000081700000, 0x0000000081800000, 0x0000000081800000|100%|HC|  |TAMS 0x0000000081800000, 0x0000000081700000| Complete 
|  24|0x0000000081800000, 0x0000000081900000, 0x0000000081900000|100%|HC|  |TAMS 0x0000000081900000, 0x0000000081800000| Complete 
|  25|0x0000000081900000, 0x0000000081a00000, 0x0000000081a00000|100%|HS|  |TAMS 0x0000000081a00000, 0x0000000081900000| Complete 
|  26|0x0000000081a00000, 0x0000000081b00000, 0x0000000081b00000|100%|HC|  |TAMS 0x0000000081b00000, 0x0000000081a00000| Complete 
|  27|0x0000000081b00000, 0x0000000081c00000, 0x0000000081c00000|100%|HC|  |TAMS 0x0000000081c00000, 0x0000000081b00000| Complete 
|  28|0x0000000081c00000, 0x0000000081d00000, 0x0000000081d00000|100%| O|  |TAMS 0x0000000081d00000, 0x0000000081c00000| Untracked 
|  29|0x0000000081d00000, 0x0000000081e00000, 0x0000000081e00000|100%| O|  |TAMS 0x0000000081e00000, 0x0000000081d00000| Untracked 
|  30|0x0000000081e00000, 0x0000000081f00000, 0x0000000081f00000|100%|HS|  |TAMS 0x0000000081f00000, 0x0000000081e00000| Complete 
|  31|0x0000000081f00000, 0x0000000082000000, 0x0000000082000000|100%|HC|  |TAMS 0x0000000082000000, 0x0000000081f00000| Complete 
|  32|0x0000000082000000, 0x0000000082100000, 0x0000000082100000|100%|HC|  |TAMS 0x0000000082100000, 0x0000000082000000| Complete 
|  33|0x0000000082100000, 0x0000000082200000, 0x0000000082200000|100%| O|  |TAMS 0x0000000082200000, 0x0000000082100000| Untracked 
|  34|0x0000000082200000, 0x0000000082300000, 0x0000000082300000|100%| O|  |TAMS 0x0000000082300000, 0x0000000082200000| Untracked 
|  35|0x0000000082300000, 0x0000000082400000, 0x0000000082400000|100%| O|  |TAMS 0x0000000082400000, 0x0000000082300000| Untracked 
|  36|0x0000000082400000, 0x0000000082500000, 0x0000000082500000|100%| O|  |TAMS 0x0000000082500000, 0x0000000082400000| Untracked 
|  37|0x0000000082500000, 0x0000000082600000, 0x0000000082600000|100%|HS|  |TAMS 0x0000000082600000, 0x0000000082500000| Complete 
|  38|0x0000000082600000, 0x0000000082700000, 0x0000000082700000|100%| O|  |TAMS 0x0000000082700000, 0x0000000082600000| Untracked 
|  39|0x0000000082700000, 0x0000000082800000, 0x0000000082800000|100%| O|  |TAMS 0x0000000082800000, 0x0000000082700000| Untracked 
|  40|0x0000000082800000, 0x0000000082900000, 0x0000000082900000|100%| O|  |TAMS 0x0000000082900000, 0x0000000082800000| Untracked 
|  41|0x0000000082900000, 0x0000000082a00000, 0x0000000082a00000|100%| O|  |TAMS 0x0000000082a00000, 0x0000000082900000| Untracked 
|  42|0x0000000082a00000, 0x0000000082b00000, 0x0000000082b00000|100%| O|  |TAMS 0x0000000082b00000, 0x0000000082a00000| Untracked 
|  43|0x0000000082b00000, 0x0000000082c00000, 0x0000000082c00000|100%| O|  |TAMS 0x0000000082c00000, 0x0000000082b00000| Untracked 
|  44|0x0000000082c00000, 0x0000000082d00000, 0x0000000082d00000|100%| O|  |TAMS 0x0000000082d00000, 0x0000000082c00000| Untracked 
|  45|0x0000000082d00000, 0x0000000082e00000, 0x0000000082e00000|100%|HS|  |TAMS 0x0000000082e00000, 0x0000000082d00000| Complete 
|  46|0x0000000082e00000, 0x0000000082f00000, 0x0000000082f00000|100%|HC|  |TAMS 0x0000000082f00000, 0x0000000082e00000| Complete 
|  47|0x0000000082f00000, 0x0000000083000000, 0x0000000083000000|100%|HC|  |TAMS 0x0000000083000000, 0x0000000082f00000| Complete 
|  48|0x0000000083000000, 0x0000000083100000, 0x0000000083100000|100%| O|  |TAMS 0x0000000083100000, 0x0000000083000000| Untracked 
|  49|0x0000000083100000, 0x0000000083200000, 0x0000000083200000|100%| O|  |TAMS 0x0000000083200000, 0x0000000083100000| Untracked 
|  50|0x0000000083200000, 0x0000000083300000, 0x0000000083300000|100%| O|  |TAMS 0x0000000083300000, 0x0000000083200000| Untracked 
|  51|0x0000000083300000, 0x0000000083400000, 0x0000000083400000|100%| O|  |TAMS 0x0000000083400000, 0x0000000083300000| Untracked 
|  52|0x0000000083400000, 0x0000000083500000, 0x0000000083500000|100%|HS|  |TAMS 0x0000000083500000, 0x0000000083400000| Complete 
|  53|0x0000000083500000, 0x0000000083600000, 0x0000000083600000|100%|HC|  |TAMS 0x0000000083600000, 0x0000000083500000| Complete 
|  54|0x0000000083600000, 0x0000000083700000, 0x0000000083700000|100%|HC|  |TAMS 0x0000000083700000, 0x0000000083600000| Complete 
|  55|0x0000000083700000, 0x0000000083800000, 0x0000000083800000|100%|HC|  |TAMS 0x0000000083800000, 0x0000000083700000| Complete 
|  56|0x0000000083800000, 0x0000000083900000, 0x0000000083900000|100%|HC|  |TAMS 0x0000000083900000, 0x0000000083800000| Complete 
|  57|0x0000000083900000, 0x0000000083a00000, 0x0000000083a00000|100%| O|  |TAMS 0x0000000083a00000, 0x0000000083900000| Untracked 
|  58|0x0000000083a00000, 0x0000000083b00000, 0x0000000083b00000|100%| O|  |TAMS 0x0000000083ab9200, 0x0000000083a00000| Untracked 
|  59|0x0000000083b00000, 0x0000000083c00000, 0x0000000083c00000|100%|HS|  |TAMS 0x0000000083c00000, 0x0000000083b00000| Complete 
|  60|0x0000000083c00000, 0x0000000083d00000, 0x0000000083d00000|100%|HC|  |TAMS 0x0000000083d00000, 0x0000000083c00000| Complete 
|  61|0x0000000083d00000, 0x0000000083e00000, 0x0000000083e00000|100%|HC|  |TAMS 0x0000000083e00000, 0x0000000083d00000| Complete 
|  62|0x0000000083e00000, 0x0000000083f00000, 0x0000000083f00000|100%|HC|  |TAMS 0x0000000083f00000, 0x0000000083e00000| Complete 
|  63|0x0000000083f00000, 0x0000000084000000, 0x0000000084000000|100%|HC|  |TAMS 0x0000000084000000, 0x0000000083f00000| Complete 
|  64|0x0000000084000000, 0x0000000084100000, 0x0000000084100000|100%| O|  |TAMS 0x0000000084000000, 0x0000000084000000| Untracked 
|  65|0x0000000084100000, 0x0000000084200000, 0x0000000084200000|100%| O|  |TAMS 0x0000000084100000, 0x0000000084100000| Untracked 
|  66|0x0000000084200000, 0x0000000084226e00, 0x0000000084300000| 15%| O|  |TAMS 0x0000000084200000, 0x0000000084200000| Untracked 
|  67|0x0000000084300000, 0x0000000084400000, 0x0000000084400000|100%|HS|  |TAMS 0x0000000084300000, 0x0000000084300000| Complete 
|  68|0x0000000084400000, 0x0000000084500000, 0x0000000084500000|100%|HS|  |TAMS 0x0000000084400000, 0x0000000084400000| Complete 
|  69|0x0000000084500000, 0x0000000084500000, 0x0000000084600000|  0%| F|  |TAMS 0x0000000084500000, 0x0000000084500000| Untracked 
|  70|0x0000000084600000, 0x0000000084600000, 0x0000000084700000|  0%| F|  |TAMS 0x0000000084600000, 0x0000000084600000| Untracked 
|  71|0x0000000084700000, 0x0000000084700000, 0x0000000084800000|  0%| F|  |TAMS 0x0000000084700000, 0x0000000084700000| Untracked 
|  72|0x0000000084800000, 0x0000000084800000, 0x0000000084900000|  0%| F|  |TAMS 0x0000000084800000, 0x0000000084800000| Untracked 
|  73|0x0000000084900000, 0x0000000084900000, 0x0000000084a00000|  0%| F|  |TAMS 0x0000000084900000, 0x0000000084900000| Untracked 
|  74|0x0000000084a00000, 0x0000000084a00000, 0x0000000084b00000|  0%| F|  |TAMS 0x0000000084a00000, 0x0000000084a00000| Untracked 
|  75|0x0000000084b00000, 0x0000000084b00000, 0x0000000084c00000|  0%| F|  |TAMS 0x0000000084b00000, 0x0000000084b00000| Untracked 
|  76|0x0000000084c00000, 0x0000000084c00000, 0x0000000084d00000|  0%| F|  |TAMS 0x0000000084c00000, 0x0000000084c00000| Untracked 
|  77|0x0000000084d00000, 0x0000000084d00000, 0x0000000084e00000|  0%| F|  |TAMS 0x0000000084d00000, 0x0000000084d00000| Untracked 
|  78|0x0000000084e00000, 0x0000000084e00000, 0x0000000084f00000|  0%| F|  |TAMS 0x0000000084e00000, 0x0000000084e00000| Untracked 
|  79|0x0000000084f00000, 0x0000000084f00000, 0x0000000085000000|  0%| F|  |TAMS 0x0000000084f00000, 0x0000000084f00000| Untracked 
|  80|0x0000000085000000, 0x0000000085000000, 0x0000000085100000|  0%| F|  |TAMS 0x0000000085000000, 0x0000000085000000| Untracked 
|  81|0x0000000085100000, 0x0000000085100000, 0x0000000085200000|  0%| F|  |TAMS 0x0000000085100000, 0x0000000085100000| Untracked 
|  82|0x0000000085200000, 0x0000000085200000, 0x0000000085300000|  0%| F|  |TAMS 0x0000000085200000, 0x0000000085200000| Untracked 
|  83|0x0000000085300000, 0x0000000085300000, 0x0000000085400000|  0%| F|  |TAMS 0x0000000085300000, 0x0000000085300000| Untracked 
|  84|0x0000000085400000, 0x0000000085400000, 0x0000000085500000|  0%| F|  |TAMS 0x0000000085400000, 0x0000000085400000| Untracked 
|  85|0x0000000085500000, 0x0000000085500000, 0x0000000085600000|  0%| F|  |TAMS 0x0000000085500000, 0x0000000085500000| Untracked 
|  86|0x0000000085600000, 0x0000000085600000, 0x0000000085700000|  0%| F|  |TAMS 0x0000000085600000, 0x0000000085600000| Untracked 
|  87|0x0000000085700000, 0x0000000085700000, 0x0000000085800000|  0%| F|  |TAMS 0x0000000085700000, 0x0000000085700000| Untracked 
|  88|0x0000000085800000, 0x0000000085800000, 0x0000000085900000|  0%| F|  |TAMS 0x0000000085800000, 0x0000000085800000| Untracked 
|  89|0x0000000085900000, 0x0000000085900000, 0x0000000085a00000|  0%| F|  |TAMS 0x0000000085900000, 0x0000000085900000| Untracked 
|  90|0x0000000085a00000, 0x0000000085a00000, 0x0000000085b00000|  0%| F|  |TAMS 0x0000000085a00000, 0x0000000085a00000| Untracked 
|  91|0x0000000085b00000, 0x0000000085b00000, 0x0000000085c00000|  0%| F|  |TAMS 0x0000000085b00000, 0x0000000085b00000| Untracked 
|  92|0x0000000085c00000, 0x0000000085c00000, 0x0000000085d00000|  0%| F|  |TAMS 0x0000000085c00000, 0x0000000085c00000| Untracked 
|  93|0x0000000085d00000, 0x0000000085d00000, 0x0000000085e00000|  0%| F|  |TAMS 0x0000000085d00000, 0x0000000085d00000| Untracked 
|  94|0x0000000085e00000, 0x0000000085e00000, 0x0000000085f00000|  0%| F|  |TAMS 0x0000000085e00000, 0x0000000085e00000| Untracked 
|  95|0x0000000085f00000, 0x0000000085f00000, 0x0000000086000000|  0%| F|  |TAMS 0x0000000085f00000, 0x0000000085f00000| Untracked 
|  96|0x0000000086000000, 0x0000000086000000, 0x0000000086100000|  0%| F|  |TAMS 0x0000000086000000, 0x0000000086000000| Untracked 
|  97|0x0000000086100000, 0x0000000086100000, 0x0000000086200000|  0%| F|  |TAMS 0x0000000086100000, 0x0000000086100000| Untracked 
|  98|0x0000000086200000, 0x0000000086200000, 0x0000000086300000|  0%| F|  |TAMS 0x0000000086200000, 0x0000000086200000| Untracked 
|  99|0x0000000086300000, 0x0000000086300000, 0x0000000086400000|  0%| F|  |TAMS 0x0000000086300000, 0x0000000086300000| Untracked 
| 100|0x0000000086400000, 0x0000000086400000, 0x0000000086500000|  0%| F|  |TAMS 0x0000000086400000, 0x0000000086400000| Untracked 
| 101|0x0000000086500000, 0x0000000086500000, 0x0000000086600000|  0%| F|  |TAMS 0x0000000086500000, 0x0000000086500000| Untracked 
| 102|0x0000000086600000, 0x0000000086600000, 0x0000000086700000|  0%| F|  |TAMS 0x0000000086600000, 0x0000000086600000| Untracked 
| 103|0x0000000086700000, 0x0000000086700000, 0x0000000086800000|  0%| F|  |TAMS 0x0000000086700000, 0x0000000086700000| Untracked 
| 104|0x0000000086800000, 0x0000000086800000, 0x0000000086900000|  0%| F|  |TAMS 0x0000000086800000, 0x0000000086800000| Untracked 
| 105|0x0000000086900000, 0x0000000086900000, 0x0000000086a00000|  0%| F|  |TAMS 0x0000000086900000, 0x0000000086900000| Untracked 
| 106|0x0000000086a00000, 0x0000000086ac5440, 0x0000000086b00000| 77%| S|CS|TAMS 0x0000000086a00000, 0x0000000086a00000| Complete 
| 107|0x0000000086b00000, 0x0000000086c00000, 0x0000000086c00000|100%| S|CS|TAMS 0x0000000086b00000, 0x0000000086b00000| Complete 
| 108|0x0000000086c00000, 0x0000000086c00000, 0x0000000086d00000|  0%| F|  |TAMS 0x0000000086c00000, 0x0000000086c00000| Untracked 
| 109|0x0000000086d00000, 0x0000000086d00000, 0x0000000086e00000|  0%| F|  |TAMS 0x0000000086d00000, 0x0000000086d00000| Untracked 
| 110|0x0000000086e00000, 0x0000000086e00000, 0x0000000086f00000|  0%| F|  |TAMS 0x0000000086e00000, 0x0000000086e00000| Untracked 
| 111|0x0000000086f00000, 0x0000000087000000, 0x0000000087000000|100%| E|CS|TAMS 0x0000000086f00000, 0x0000000086f00000| Complete 
| 112|0x0000000087000000, 0x0000000087100000, 0x0000000087100000|100%| E|CS|TAMS 0x0000000087000000, 0x0000000087000000| Complete 
| 113|0x0000000087100000, 0x0000000087100000, 0x0000000087200000|  0%| F|  |TAMS 0x0000000087100000, 0x0000000087100000| Untracked 
| 114|0x0000000087200000, 0x0000000087200000, 0x0000000087300000|  0%| F|  |TAMS 0x0000000087200000, 0x0000000087200000| Untracked 
| 115|0x0000000087300000, 0x0000000087300000, 0x0000000087400000|  0%| F|  |TAMS 0x0000000087300000, 0x0000000087300000| Untracked 
| 116|0x0000000087400000, 0x0000000087404348, 0x0000000087500000|  1%| E|  |TAMS 0x0000000087400000, 0x0000000087400000| Complete 
| 117|0x0000000087500000, 0x0000000087600000, 0x0000000087600000|100%| E|CS|TAMS 0x0000000087500000, 0x0000000087500000| Complete 
| 118|0x0000000087600000, 0x0000000087700000, 0x0000000087700000|100%| E|CS|TAMS 0x0000000087600000, 0x0000000087600000| Complete 
| 119|0x0000000087700000, 0x0000000087800000, 0x0000000087800000|100%| E|CS|TAMS 0x0000000087700000, 0x0000000087700000| Complete 
| 120|0x0000000087800000, 0x0000000087900000, 0x0000000087900000|100%| E|CS|TAMS 0x0000000087800000, 0x0000000087800000| Complete 
| 121|0x0000000087900000, 0x0000000087a00000, 0x0000000087a00000|100%| E|CS|TAMS 0x0000000087900000, 0x0000000087900000| Complete 
| 122|0x0000000087a00000, 0x0000000087b00000, 0x0000000087b00000|100%| E|CS|TAMS 0x0000000087a00000, 0x0000000087a00000| Complete 
| 127|0x0000000087f00000, 0x0000000088000000, 0x0000000088000000|100%| E|CS|TAMS 0x0000000087f00000, 0x0000000087f00000| Complete 

Card table byte_map: [0x000002aa7c910000,0x000002aa7cd10000] _byte_map_base: 0x000002aa7c510000

Marking Bits (Prev, Next): (CMBitMap*) 0x000002aa7908c070, (CMBitMap*) 0x000002aa7908c0b0
 Prev Bits: [0x000002aa7d110000, 0x000002aa7f110000)
 Next Bits: [0x000002aa0f000000, 0x000002aa11000000)

Polling page: 0x000002aa77030000

Metaspace:

Usage:
  Non-class:     44.69 MB used.
      Class:      6.86 MB used.
       Both:     51.55 MB used.

Virtual space:
  Non-class space:       64.00 MB reserved,      44.94 MB ( 70%) committed,  1 nodes.
      Class space:        1.00 GB reserved,       7.06 MB ( <1%) committed,  1 nodes.
             Both:        1.06 GB reserved,      52.00 MB (  5%) committed. 

Chunk freelists:
   Non-Class:  3.10 MB
       Class:  8.89 MB
        Both:  11.98 MB

MaxMetaspaceSize: unlimited
CompressedClassSpaceSize: 1.00 GB
Initial GC threshold: 21.00 MB
Current GC threshold: 85.75 MB
CDS: off
MetaspaceReclaimPolicy: balanced
 - commit_granule_bytes: 65536.
 - commit_granule_words: 8192.
 - virtual_space_node_default_size: 8388608.
 - enlarge_chunks_in_place: 1.
 - new_chunks_are_fully_committed: 0.
 - uncommit_free_chunks: 1.
 - use_allocation_guard: 0.
 - handle_deallocations: 1.


Internal statistics:

num_allocs_failed_limit: 3.
num_arena_births: 500.
num_arena_deaths: 0.
num_vsnodes_births: 2.
num_vsnodes_deaths: 0.
num_space_committed: 832.
num_space_uncommitted: 0.
num_chunks_returned_to_freelist: 3.
num_chunks_taken_from_freelist: 2202.
num_chunk_merges: 3.
num_chunk_splits: 1427.
num_chunks_enlarged: 970.
num_inconsistent_stats: 0.

CodeHeap 'non-profiled nmethods': size=120000Kb used=2987Kb max_used=2987Kb free=117012Kb
 bounds [0x000002aa07ad0000, 0x000002aa07dc0000, 0x000002aa0f000000]
CodeHeap 'profiled nmethods': size=120000Kb used=9941Kb max_used=9941Kb free=110058Kb
 bounds [0x000002aa00000000, 0x000002aa009c0000, 0x000002aa07530000]
CodeHeap 'non-nmethods': size=5760Kb used=2307Kb max_used=2378Kb free=3452Kb
 bounds [0x000002aa07530000, 0x000002aa077a0000, 0x000002aa07ad0000]
 total_blobs=5523 nmethods=4700 adapters=735
 compilation: enabled
              stopped_count=0, restarted_count=0
 full_count=0

Compilation events (20 events):
Event: 7.798 Thread 0x000002aa7f6335d0 nmethod 4667 0x000002aa0099f390 code [0x000002aa0099f540, 0x000002aa0099f8b8]
Event: 7.798 Thread 0x000002aa7f6335d0 4668   !   3       com.sun.beans.introspect.ClassInfo::get (28 bytes)
Event: 7.799 Thread 0x000002aa7f6335d0 nmethod 4668 0x000002aa0099fa10 code [0x000002aa0099fd20, 0x000002aa009a0e88]
Event: 7.799 Thread 0x000002aa7f6335d0 4669       3       com.sun.beans.util.Cache::hash (49 bytes)
Event: 7.799 Thread 0x000002aa7f6335d0 nmethod 4669 0x000002aa009a1590 code [0x000002aa009a1740, 0x000002aa009a19d8]
Event: 7.800 Thread 0x000002aa7f6335d0 4670       3       com.sun.beans.introspect.PropertyInfo::getInfo (61 bytes)
Event: 7.800 Thread 0x000002aa7f6335d0 nmethod 4670 0x000002aa009a1a90 code [0x000002aa009a1c80, 0x000002aa009a2378]
Event: 7.801 Thread 0x000002aa7f6335d0 4671   !   2       sun.instrument.TransformerManager::transform (100 bytes)
Event: 7.802 Thread 0x000002aa7f6335d0 nmethod 4671 0x000002aa009a2590 code [0x000002aa009a2740, 0x000002aa009a2a28]
Event: 7.901 Thread 0x000002aa7f6310a0 nmethod 4619 0x000002aa07d9fd10 code [0x000002aa07da0300, 0x000002aa07da7bd0]
Event: 7.901 Thread 0x000002aa7f6310a0 4650       4       groovy.lang.MetaMethod::getMopName (105 bytes)
Event: 7.919 Thread 0x000002aa7f6335d0 4672       3       java.util.concurrent.locks.AbstractQueuedSynchronizer$ConditionObject::unlinkCancelledWaiters (91 bytes)
Event: 7.919 Thread 0x000002aa7f6335d0 nmethod 4672 0x000002aa009a2c90 code [0x000002aa009a2e60, 0x000002aa009a3318]
Event: 7.948 Thread 0x000002aa7f6310a0 nmethod 4650 0x000002aa07dae890 code [0x000002aa07daeb00, 0x000002aa07db11d8]
Event: 7.948 Thread 0x000002aa7f6310a0 4647       4       java.util.concurrent.locks.AbstractQueuedSynchronizer::signalNext (34 bytes)
Event: 7.949 Thread 0x000002aa7f6310a0 nmethod 4647 0x000002aa07db2690 code [0x000002aa07db2820, 0x000002aa07db2928]
Event: 7.949 Thread 0x000002aa7f6310a0 4659       4       org.objectweb.asm.ClassReader::readInt (52 bytes)
Event: 7.950 Thread 0x000002aa7f6310a0 nmethod 4659 0x000002aa07db2a10 code [0x000002aa07db2b80, 0x000002aa07db2c78]
Event: 8.123 Thread 0x000002aa7f6310a0 4673       4       jdk.internal.misc.Unsafe::putReferenceOpaque (9 bytes)
Event: 8.124 Thread 0x000002aa7f6310a0 nmethod 4673 0x000002aa07db2d90 code [0x000002aa07db2f00, 0x000002aa07db3058]

GC Heap History (20 events):
Event: 4.036 GC heap before
{Heap before GC invocations=10 (full 0):
 garbage-first heap   total 68608K, used 50541K [0x0000000080000000, 0x0000000100000000)
  region size 1024K, 13 young (13312K), 1 survivors (1024K)
 Metaspace       used 33810K, committed 34176K, reserved 1114112K
  class space    used 4589K, committed 4736K, reserved 1048576K
}
Event: 4.037 GC heap after
{Heap after GC invocations=11 (full 0):
 garbage-first heap   total 68608K, used 39775K [0x0000000080000000, 0x0000000100000000)
  region size 1024K, 2 young (2048K), 2 survivors (2048K)
 Metaspace       used 33810K, committed 34176K, reserved 1114112K
  class space    used 4589K, committed 4736K, reserved 1048576K
}
Event: 4.192 GC heap before
{Heap before GC invocations=11 (full 0):
 garbage-first heap   total 68608K, used 52063K [0x0000000080000000, 0x0000000100000000)
  region size 1024K, 14 young (14336K), 2 survivors (2048K)
 Metaspace       used 35245K, committed 35648K, reserved 1114112K
  class space    used 4833K, committed 4992K, reserved 1048576K
}
Event: 4.193 GC heap after
{Heap after GC invocations=12 (full 0):
 garbage-first heap   total 68608K, used 40395K [0x0000000080000000, 0x0000000100000000)
  region size 1024K, 2 young (2048K), 2 survivors (2048K)
 Metaspace       used 35245K, committed 35648K, reserved 1114112K
  class space    used 4833K, committed 4992K, reserved 1048576K
}
Event: 4.338 GC heap before
{Heap before GC invocations=13 (full 0):
 garbage-first heap   total 73728K, used 52683K [0x0000000080000000, 0x0000000100000000)
  region size 1024K, 14 young (14336K), 2 survivors (2048K)
 Metaspace       used 36575K, committed 36864K, reserved 1114112K
  class space    used 5062K, committed 5184K, reserved 1048576K
}
Event: 4.340 GC heap after
{Heap after GC invocations=14 (full 0):
 garbage-first heap   total 73728K, used 40874K [0x0000000080000000, 0x0000000100000000)
  region size 1024K, 2 young (2048K), 2 survivors (2048K)
 Metaspace       used 36575K, committed 36864K, reserved 1114112K
  class space    used 5062K, committed 5184K, reserved 1048576K
}
Event: 4.556 GC heap before
{Heap before GC invocations=14 (full 0):
 garbage-first heap   total 73728K, used 55210K [0x0000000080000000, 0x0000000100000000)
  region size 1024K, 17 young (17408K), 2 survivors (2048K)
 Metaspace       used 39103K, committed 39488K, reserved 1114112K
  class space    used 5458K, committed 5632K, reserved 1048576K
}
Event: 4.559 GC heap after
{Heap after GC invocations=15 (full 0):
 garbage-first heap   total 89088K, used 41660K [0x0000000080000000, 0x0000000100000000)
  region size 1024K, 2 young (2048K), 2 survivors (2048K)
 Metaspace       used 39103K, committed 39488K, reserved 1114112K
  class space    used 5458K, committed 5632K, reserved 1048576K
}
Event: 5.327 GC heap before
{Heap before GC invocations=16 (full 0):
 garbage-first heap   total 89088K, used 67260K [0x0000000080000000, 0x0000000100000000)
  region size 1024K, 28 young (28672K), 2 survivors (2048K)
 Metaspace       used 44545K, committed 44992K, reserved 1114112K
  class space    used 6020K, committed 6208K, reserved 1048576K
}
Event: 5.332 GC heap after
{Heap after GC invocations=17 (full 0):
 garbage-first heap   total 89088K, used 45109K [0x0000000080000000, 0x0000000100000000)
  region size 1024K, 4 young (4096K), 4 survivors (4096K)
 Metaspace       used 44545K, committed 44992K, reserved 1114112K
  class space    used 6020K, committed 6208K, reserved 1048576K
}
Event: 6.762 GC heap before
{Heap before GC invocations=17 (full 0):
 garbage-first heap   total 89088K, used 64565K [0x0000000080000000, 0x0000000100000000)
  region size 1024K, 25 young (25600K), 4 survivors (4096K)
 Metaspace       used 45065K, committed 45440K, reserved 1114112K
  class space    used 6069K, committed 6272K, reserved 1048576K
}
Event: 6.766 GC heap after
{Heap after GC invocations=18 (full 0):
 garbage-first heap   total 89088K, used 47729K [0x0000000080000000, 0x0000000100000000)
  region size 1024K, 3 young (3072K), 3 survivors (3072K)
 Metaspace       used 45065K, committed 45440K, reserved 1114112K
  class space    used 6069K, committed 6272K, reserved 1048576K
}
Event: 7.168 GC heap before
{Heap before GC invocations=19 (full 0):
 garbage-first heap   total 92160K, used 75377K [0x0000000080000000, 0x0000000100000000)
  region size 1024K, 25 young (25600K), 3 survivors (3072K)
 Metaspace       used 48581K, committed 48960K, reserved 1114112K
  class space    used 6488K, committed 6656K, reserved 1048576K
}
Event: 7.172 GC heap after
{Heap after GC invocations=20 (full 0):
 garbage-first heap   total 92160K, used 49131K [0x0000000080000000, 0x0000000100000000)
  region size 1024K, 3 young (3072K), 3 survivors (3072K)
 Metaspace       used 48581K, committed 48960K, reserved 1114112K
  class space    used 6488K, committed 6656K, reserved 1048576K
}
Event: 7.480 GC heap before
{Heap before GC invocations=20 (full 0):
 garbage-first heap   total 92160K, used 71659K [0x0000000080000000, 0x0000000100000000)
  region size 1024K, 26 young (26624K), 3 survivors (3072K)
 Metaspace       used 50726K, committed 51200K, reserved 1114112K
  class space    used 6842K, committed 7040K, reserved 1048576K
}
Event: 7.483 GC heap after
{Heap after GC invocations=21 (full 0):
 garbage-first heap   total 92160K, used 51480K [0x0000000080000000, 0x0000000100000000)
  region size 1024K, 4 young (4096K), 4 survivors (4096K)
 Metaspace       used 50726K, committed 51200K, reserved 1114112K
  class space    used 6842K, committed 7040K, reserved 1048576K
}
Event: 7.626 GC heap before
{Heap before GC invocations=22 (full 0):
 garbage-first heap   total 94208K, used 64792K [0x0000000080000000, 0x0000000100000000)
  region size 1024K, 11 young (11264K), 4 survivors (4096K)
 Metaspace       used 50969K, committed 51456K, reserved 1114112K
  class space    used 6890K, committed 7104K, reserved 1048576K
}
Event: 7.629 GC heap after
{Heap after GC invocations=23 (full 0):
 garbage-first heap   total 94208K, used 62343K [0x0000000080000000, 0x0000000100000000)
  region size 1024K, 3 young (3072K), 3 survivors (3072K)
 Metaspace       used 50969K, committed 51456K, reserved 1114112K
  class space    used 6890K, committed 7104K, reserved 1048576K
}
Event: 7.707 GC heap before
{Heap before GC invocations=24 (full 0):
 garbage-first heap   total 116736K, used 71559K [0x0000000080000000, 0x0000000100000000)
  region size 1024K, 9 young (9216K), 3 survivors (3072K)
 Metaspace       used 51321K, committed 51776K, reserved 1114112K
  class space    used 6915K, committed 7104K, reserved 1048576K
}
Event: 7.709 GC heap after
{Heap after GC invocations=25 (full 0):
 garbage-first heap   total 116736K, used 69133K [0x0000000080000000, 0x0000000100000000)
  region size 1024K, 2 young (2048K), 2 survivors (2048K)
 Metaspace       used 51321K, committed 51776K, reserved 1114112K
  class space    used 6915K, committed 7104K, reserved 1048576K
}

Dll operation events (3 events):
Event: 0.019 Loaded shared library C:\Program Files\Android\Android Studio\jbr\bin\java.dll
Event: 0.246 Loaded shared library C:\Program Files\Android\Android Studio\jbr\bin\zip.dll
Event: 0.660 Loaded shared library C:\Program Files\Android\Android Studio\jbr\bin\verify.dll

Deoptimization events (20 events):
Event: 7.772 Thread 0x000002aa18a37930 Uncommon trap: trap_request=0xffffff76 fr.pc=0x000002aa07d9af68 relative=0x00000000000001a8
Event: 7.772 Thread 0x000002aa18a37930 Uncommon trap: reason=predicate action=maybe_recompile pc=0x000002aa07d9af68 method=java.util.Arrays.binarySearch0([Ljava/lang/Object;IILjava/lang/Object;Ljava/util/Comparator;)I @ 25 c2
Event: 7.772 Thread 0x000002aa18a37930 DEOPT PACKING pc=0x000002aa07d9af68 sp=0x000000f8649f6b40
Event: 7.772 Thread 0x000002aa18a37930 DEOPT UNPACKING pc=0x000002aa075869a3 sp=0x000000f8649f6a38 mode 2
Event: 7.772 Thread 0x000002aa18a37930 Uncommon trap: trap_request=0xffffff76 fr.pc=0x000002aa07d9a570 relative=0x00000000000001b0
Event: 7.772 Thread 0x000002aa18a37930 Uncommon trap: reason=predicate action=maybe_recompile pc=0x000002aa07d9a570 method=java.util.Arrays.binarySearch0([Ljava/lang/Object;IILjava/lang/Object;Ljava/util/Comparator;)I @ 25 c2
Event: 7.772 Thread 0x000002aa18a37930 DEOPT PACKING pc=0x000002aa07d9a570 sp=0x000000f8649f6aa0
Event: 7.772 Thread 0x000002aa18a37930 DEOPT UNPACKING pc=0x000002aa075869a3 sp=0x000000f8649f6a30 mode 2
Event: 7.778 Thread 0x000002aa18a37930 Uncommon trap: trap_request=0xffffff45 fr.pc=0x000002aa07d6b408 relative=0x0000000000000268
Event: 7.778 Thread 0x000002aa18a37930 Uncommon trap: reason=unstable_if action=reinterpret pc=0x000002aa07d6b408 method=org.objectweb.asm.Label.resolve([BLorg/objectweb/asm/ByteVector;I)Z @ 81 c2
Event: 7.778 Thread 0x000002aa18a37930 DEOPT PACKING pc=0x000002aa07d6b408 sp=0x000000f8649f2800
Event: 7.778 Thread 0x000002aa18a37930 DEOPT UNPACKING pc=0x000002aa075869a3 sp=0x000000f8649f2770 mode 2
Event: 7.779 Thread 0x000002aa18a37930 Uncommon trap: trap_request=0xffffffbe fr.pc=0x000002aa07d9ccac relative=0x00000000000002ec
Event: 7.779 Thread 0x000002aa18a37930 Uncommon trap: reason=profile_predicate action=maybe_recompile pc=0x000002aa07d9ccac method=sun.instrument.TransformerManager.transform(Ljava/lang/Module;Ljava/lang/ClassLoader;Ljava/lang/String;Ljava/lang/Class;Ljava/security/ProtectionDomain;[B)[B @ 21 
Event: 7.779 Thread 0x000002aa18a37930 DEOPT PACKING pc=0x000002aa07d9ccac sp=0x000000f8649f1b80
Event: 7.779 Thread 0x000002aa18a37930 DEOPT UNPACKING pc=0x000002aa075869a3 sp=0x000000f8649f1a90 mode 2
Event: 7.780 Thread 0x000002aa18a37930 Uncommon trap: trap_request=0xffffffbe fr.pc=0x000002aa07d9ccac relative=0x00000000000002ec
Event: 7.780 Thread 0x000002aa18a37930 Uncommon trap: reason=profile_predicate action=maybe_recompile pc=0x000002aa07d9ccac method=sun.instrument.TransformerManager.transform(Ljava/lang/Module;Ljava/lang/ClassLoader;Ljava/lang/String;Ljava/lang/Class;Ljava/security/ProtectionDomain;[B)[B @ 21 
Event: 7.780 Thread 0x000002aa18a37930 DEOPT PACKING pc=0x000002aa07d9ccac sp=0x000000f8649f0400
Event: 7.780 Thread 0x000002aa18a37930 DEOPT UNPACKING pc=0x000002aa075869a3 sp=0x000000f8649f0310 mode 2

Classes unloaded (0 events):
No events

Classes redefined (0 events):
No events

Internal exceptions (20 events):
Event: 7.600 Thread 0x000002aa18a37930 Exception <a 'java/lang/ClassNotFoundException'{0x00000000857b07b0}: org/gradle/internal/service/scopes/GradleScopeServicesBeanInfo> (0x00000000857b07b0) 
thrown [s\src\hotspot\share\classfile\systemDictionary.cpp, line 256]
Event: 7.600 Thread 0x000002aa18a37930 Exception <a 'java/lang/ClassNotFoundException'{0x00000000857c5af8}: org/gradle/internal/service/ScopedServiceRegistryBeanInfo> (0x00000000857c5af8) 
thrown [s\src\hotspot\share\classfile\systemDictionary.cpp, line 256]
Event: 7.600 Thread 0x000002aa18a37930 Exception <a 'java/lang/ClassNotFoundException'{0x00000000857db108}: org/gradle/internal/service/DefaultServiceRegistryBeanInfo> (0x00000000857db108) 
thrown [s\src\hotspot\share\classfile\systemDictionary.cpp, line 256]
Event: 7.601 Thread 0x000002aa18a37930 Exception <a 'java/lang/ClassNotFoundException'{0x00000000857f0458}: org/gradle/internal/service/DefaultServiceRegistryCustomizer> (0x00000000857f0458) 
thrown [s\src\hotspot\share\classfile\systemDictionary.cpp, line 256]
Event: 7.602 Thread 0x000002aa18a37930 Exception <a 'java/lang/ClassNotFoundException'{0x0000000085614db8}: org/gradle/internal/service/ScopedServiceRegistryCustomizer> (0x0000000085614db8) 
thrown [s\src\hotspot\share\classfile\systemDictionary.cpp, line 256]
Event: 7.603 Thread 0x000002aa18a37930 Exception <a 'java/lang/ClassNotFoundException'{0x000000008562c5e0}: org/gradle/internal/service/scopes/GradleScopeServicesCustomizer> (0x000000008562c5e0) 
thrown [s\src\hotspot\share\classfile\systemDictionary.cpp, line 256]
Event: 7.607 Thread 0x000002aa18a37930 Exception <a 'java/lang/ClassNotFoundException'{0x0000000085677e38}: org/gradle/internal/extensibility/DefaultConventionBeanInfo> (0x0000000085677e38) 
thrown [s\src\hotspot\share\classfile\systemDictionary.cpp, line 256]
Event: 7.607 Thread 0x000002aa18a37930 Exception <a 'java/lang/ClassNotFoundException'{0x000000008568d348}: org/gradle/internal/extensibility/DefaultConventionCustomizer> (0x000000008568d348) 
thrown [s\src\hotspot\share\classfile\systemDictionary.cpp, line 256]
Event: 7.621 Thread 0x000002aa18a37930 Exception <a 'java/lang/ClassNotFoundException'{0x000000008553a898}: com/intellij/gradle/toolingExtension/impl/modelBuilder/ExtraModelBuilderBeanInfo> (0x000000008553a898) 
thrown [s\src\hotspot\share\classfile\systemDictionary.cpp, line 256]
Event: 7.621 Thread 0x000002aa18a37930 Exception <a 'java/lang/ClassNotFoundException'{0x0000000085545e40}: com/intellij/gradle/toolingExtension/impl/modelBuilder/ExtraModelBuilderCustomizer> (0x0000000085545e40) 
thrown [s\src\hotspot\share\classfile\systemDictionary.cpp, line 256]
Event: 7.767 Thread 0x000002aa18a37930 Exception <a 'java/lang/ClassNotFoundException'{0x0000000087a6ca98}: com/intellij/gradle/toolingExtension/util/GradleVersionUtilBeanInfo> (0x0000000087a6ca98) 
thrown [s\src\hotspot\share\classfile\systemDictionary.cpp, line 256]
Event: 7.767 Thread 0x000002aa18a37930 Exception <a 'java/lang/ClassNotFoundException'{0x0000000087a794a0}: com/intellij/gradle/toolingExtension/util/GradleVersionUtilCustomizer> (0x0000000087a794a0) 
thrown [s\src\hotspot\share\classfile\systemDictionary.cpp, line 256]
Event: 7.773 Thread 0x000002aa18a37930 Exception <a 'java/lang/ClassNotFoundException'{0x0000000087adc668}: org/jetbrains/plugins/gradle/tooling/builder/WarModelBuilderImplBeanInfo> (0x0000000087adc668) 
thrown [s\src\hotspot\share\classfile\systemDictionary.cpp, line 256]
Event: 7.773 Thread 0x000002aa18a37930 Exception <a 'java/lang/ClassNotFoundException'{0x0000000087ae9058}: org/jetbrains/plugins/gradle/tooling/AbstractModelBuilderServiceBeanInfo> (0x0000000087ae9058) 
thrown [s\src\hotspot\share\classfile\systemDictionary.cpp, line 256]
Event: 7.773 Thread 0x000002aa18a37930 Exception <a 'java/lang/ClassNotFoundException'{0x0000000087af5ab8}: org/jetbrains/plugins/gradle/tooling/AbstractModelBuilderServiceCustomizer> (0x0000000087af5ab8) 
thrown [s\src\hotspot\share\classfile\systemDictionary.cpp, line 256]
Event: 7.774 Thread 0x000002aa18a37930 Exception <a 'java/lang/ClassNotFoundException'{0x0000000087905258}: org/jetbrains/plugins/gradle/tooling/builder/WarModelBuilderImplCustomizer> (0x0000000087905258) 
thrown [s\src\hotspot\share\classfile\systemDictionary.cpp, line 256]
Event: 7.784 Thread 0x000002aa18a37930 Exception <a 'java/lang/ClassNotFoundException'{0x00000000879d4bf0}: org/jetbrains/plugins/gradle/tooling/builder/EarModelBuilderImplBeanInfo> (0x00000000879d4bf0) 
thrown [s\src\hotspot\share\classfile\systemDictionary.cpp, line 256]
Event: 7.784 Thread 0x000002aa18a37930 Exception <a 'java/lang/ClassNotFoundException'{0x00000000879e1400}: org/jetbrains/plugins/gradle/tooling/builder/EarModelBuilderImplCustomizer> (0x00000000879e1400) 
thrown [s\src\hotspot\share\classfile\systemDictionary.cpp, line 256]
Event: 7.798 Thread 0x000002aa18a37930 Exception <a 'java/lang/ClassNotFoundException'{0x00000000878b8850}: org/jetbrains/plugins/gradle/tooling/builder/ExternalTestsModelBuilderImplBeanInfo> (0x00000000878b8850) 
thrown [s\src\hotspot\share\classfile\systemDictionary.cpp, line 256]
Event: 7.798 Thread 0x000002aa18a37930 Exception <a 'java/lang/ClassNotFoundException'{0x00000000878c4e08}: org/jetbrains/plugins/gradle/tooling/builder/ExternalTestsModelBuilderImplCustomizer> (0x00000000878c4e08) 
thrown [s\src\hotspot\share\classfile\systemDictionary.cpp, line 256]

VM Operations (20 events):
Event: 7.480 Executing VM operation: G1TryInitiateConcMark
Event: 7.483 Executing VM operation: G1TryInitiateConcMark done
Event: 7.516 Executing VM operation: G1PauseRemark
Event: 7.517 Executing VM operation: G1PauseRemark done
Event: 7.531 Executing VM operation: G1PauseCleanup
Event: 7.531 Executing VM operation: G1PauseCleanup done
Event: 7.597 Executing VM operation: HandshakeAllThreads
Event: 7.597 Executing VM operation: HandshakeAllThreads done
Event: 7.626 Executing VM operation: G1TryInitiateConcMark
Event: 7.629 Executing VM operation: G1TryInitiateConcMark done
Event: 7.663 Executing VM operation: G1PauseRemark
Event: 7.665 Executing VM operation: G1PauseRemark done
Event: 7.681 Executing VM operation: G1PauseCleanup
Event: 7.681 Executing VM operation: G1PauseCleanup done
Event: 7.707 Executing VM operation: G1TryInitiateConcMark
Event: 7.709 Executing VM operation: G1TryInitiateConcMark done
Event: 7.746 Executing VM operation: G1PauseRemark
Event: 7.747 Executing VM operation: G1PauseRemark done
Event: 7.765 Executing VM operation: G1PauseCleanup
Event: 7.765 Executing VM operation: G1PauseCleanup done

Events (20 events):
Event: 7.347 loading class java/util/stream/SortedOps$SizedRefSortingSink done
Event: 7.415 Thread 0x000002aa1a1bfb20 Thread added: 0x000002aa1a1bfb20
Event: 7.415 Thread 0x000002aa1a1c1470 Thread added: 0x000002aa1a1c1470
Event: 7.417 Thread 0x000002aa1a1bb440 Thread added: 0x000002aa1a1bb440
Event: 7.559 loading class sun/misc/SharedSecrets
Event: 7.559 loading class sun/misc/SharedSecrets done
Event: 7.585 loading class java/lang/ClassBeanInfo
Event: 7.585 loading class java/lang/ClassBeanInfo done
Event: 7.586 loading class java/lang/ClassBeanInfo
Event: 7.586 loading class java/lang/ClassBeanInfo done
Event: 7.586 loading class java/lang/ClassCustomizer
Event: 7.586 loading class java/lang/ClassCustomizer done
Event: 7.586 loading class java/lang/ClassCustomizer
Event: 7.586 loading class java/lang/ClassCustomizer done
Event: 7.586 loading class sun/reflect/generics/tree/BooleanSignature
Event: 7.587 loading class sun/reflect/generics/tree/BooleanSignature done
Event: 7.587 loading class sun/reflect/generics/reflectiveObjects/GenericArrayTypeImpl
Event: 7.587 loading class sun/reflect/generics/reflectiveObjects/GenericArrayTypeImpl done
Event: 7.588 loading class jdk/internal/vm/annotation/ForceInline
Event: 7.588 loading class jdk/internal/vm/annotation/ForceInline done


Dynamic libraries:
0x00007ff661230000 - 0x00007ff66123a000 	C:\Program Files\Android\Android Studio\jbr\bin\java.exe
0x00007ff801b50000 - 0x00007ff801d48000 	C:\WINDOWS\SYSTEM32\ntdll.dll
0x00007ff800ce0000 - 0x00007ff800da1000 	C:\WINDOWS\System32\KERNEL32.DLL
0x00007fffff580000 - 0x00007fffff876000 	C:\WINDOWS\System32\KERNELBASE.dll
0x00007ff800010000 - 0x00007ff800110000 	C:\WINDOWS\System32\ucrtbase.dll
0x00007fffe8450000 - 0x00007fffe846b000 	C:\Program Files\Android\Android Studio\jbr\bin\VCRUNTIME140.dll
0x00007fffe8210000 - 0x00007fffe8227000 	C:\Program Files\Android\Android Studio\jbr\bin\jli.dll
0x00007ff800660000 - 0x00007ff8007ff000 	C:\WINDOWS\System32\USER32.dll
0x00007ff800230000 - 0x00007ff800252000 	C:\WINDOWS\System32\win32u.dll
0x00007ff800e60000 - 0x00007ff800e8b000 	C:\WINDOWS\System32\GDI32.dll
0x00007fffff460000 - 0x00007fffff577000 	C:\WINDOWS\System32\gdi32full.dll
0x00007fffe7690000 - 0x00007fffe792a000 	C:\WINDOWS\WinSxS\amd64_microsoft.windows.common-controls_6595b64144ccf1df_6.0.19041.4355_none_60b8b9eb71f62e16\COMCTL32.dll
0x00007ff800110000 - 0x00007ff8001ad000 	C:\WINDOWS\System32\msvcp_win.dll
0x00007ff800be0000 - 0x00007ff800c7e000 	C:\WINDOWS\System32\msvcrt.dll
0x00007ff8004f0000 - 0x00007ff80051f000 	C:\WINDOWS\System32\IMM32.DLL
0x00007ffff9e80000 - 0x00007ffff9e8c000 	C:\Program Files\Android\Android Studio\jbr\bin\vcruntime140_1.dll
0x00007fffd0b40000 - 0x00007fffd0bcd000 	C:\Program Files\Android\Android Studio\jbr\bin\msvcp140.dll
0x00007fff99070000 - 0x00007fff99cf3000 	C:\Program Files\Android\Android Studio\jbr\bin\server\jvm.dll
0x00007ff800440000 - 0x00007ff8004f0000 	C:\WINDOWS\System32\ADVAPI32.dll
0x00007ff800dc0000 - 0x00007ff800e60000 	C:\WINDOWS\System32\sechost.dll
0x00007ff800800000 - 0x00007ff800923000 	C:\WINDOWS\System32\RPCRT4.dll
0x00007ff8001b0000 - 0x00007ff8001d7000 	C:\WINDOWS\System32\bcrypt.dll
0x00007ffffebc0000 - 0x00007ffffec0b000 	C:\WINDOWS\SYSTEM32\POWRPROF.dll
0x00007ffff9fb0000 - 0x00007ffff9fb9000 	C:\WINDOWS\SYSTEM32\WSOCK32.dll
0x00007ff8002f0000 - 0x00007ff80035b000 	C:\WINDOWS\System32\WS2_32.dll
0x00007ffff3d40000 - 0x00007ffff3d67000 	C:\WINDOWS\SYSTEM32\WINMM.dll
0x00007ffff7e20000 - 0x00007ffff7e2a000 	C:\WINDOWS\SYSTEM32\VERSION.dll
0x00007ffffeba0000 - 0x00007ffffebb2000 	C:\WINDOWS\SYSTEM32\UMPDC.dll
0x00007ffffd090000 - 0x00007ffffd0a2000 	C:\WINDOWS\SYSTEM32\kernel.appcore.dll
0x00007ffff9210000 - 0x00007ffff921a000 	C:\Program Files\Android\Android Studio\jbr\bin\jimage.dll
0x00007ffff3150000 - 0x00007ffff3334000 	C:\WINDOWS\SYSTEM32\DBGHELP.DLL
0x00007ffff2260000 - 0x00007ffff2294000 	C:\WINDOWS\SYSTEM32\dbgcore.DLL
0x00007ff800260000 - 0x00007ff8002e2000 	C:\WINDOWS\System32\bcryptPrimitives.dll
0x00007fffea400000 - 0x00007fffea40e000 	C:\Program Files\Android\Android Studio\jbr\bin\instrument.dll
0x00007fffec6f0000 - 0x00007fffec715000 	C:\Program Files\Android\Android Studio\jbr\bin\java.dll
0x00007fffe89d0000 - 0x00007fffe89e8000 	C:\Program Files\Android\Android Studio\jbr\bin\zip.dll
0x00007fffff880000 - 0x00007ffffffec000 	C:\WINDOWS\System32\SHELL32.dll
0x00007ffffd290000 - 0x00007ffffda2e000 	C:\WINDOWS\SYSTEM32\windows.storage.dll
0x00007ff801380000 - 0x00007ff8016d3000 	C:\WINDOWS\System32\combase.dll
0x00007ffffec10000 - 0x00007ffffec3e000 	C:\WINDOWS\SYSTEM32\Wldp.dll
0x00007ff800a50000 - 0x00007ff800b1d000 	C:\WINDOWS\System32\OLEAUT32.dll
0x00007ff801a60000 - 0x00007ff801b0d000 	C:\WINDOWS\System32\SHCORE.dll
0x00007ff8003e0000 - 0x00007ff800435000 	C:\WINDOWS\System32\shlwapi.dll
0x00007fffff120000 - 0x00007fffff144000 	C:\WINDOWS\SYSTEM32\profapi.dll
0x00007fffe8640000 - 0x00007fffe8659000 	C:\Program Files\Android\Android Studio\jbr\bin\net.dll
0x00007ffff8090000 - 0x00007ffff819a000 	C:\WINDOWS\SYSTEM32\WINHTTP.dll
0x00007ffffe8a0000 - 0x00007ffffe90a000 	C:\WINDOWS\system32\mswsock.dll
0x00007fffe8580000 - 0x00007fffe8596000 	C:\Program Files\Android\Android Studio\jbr\bin\nio.dll
0x00007fffec5f0000 - 0x00007fffec600000 	C:\Program Files\Android\Android Studio\jbr\bin\verify.dll
0x00007fffd8500000 - 0x00007fffd8527000 	C:\Users\misha\.gradle\native\c067742578af261105cb4f569cf0c3c89f3d7b1fecec35dd04571415982c5e48\windows-amd64\native-platform.dll
0x00007fffd1be0000 - 0x00007fffd1d24000 	C:\Users\misha\.gradle\native\38dada09dfb8b06ba9b0570ebf7e218e3eb74d4ef43ca46872605cf95ebc2f47\windows-amd64\native-platform-file-events.dll
0x00007fffeb190000 - 0x00007fffeb199000 	C:\Program Files\Android\Android Studio\jbr\bin\management.dll
0x00007fffeadb0000 - 0x00007fffeadbb000 	C:\Program Files\Android\Android Studio\jbr\bin\management_ext.dll
0x00007ff801a50000 - 0x00007ff801a58000 	C:\WINDOWS\System32\PSAPI.DLL
0x00007ffffea90000 - 0x00007ffffeaa8000 	C:\WINDOWS\SYSTEM32\CRYPTSP.dll
0x00007ffffe1c0000 - 0x00007ffffe1f4000 	C:\WINDOWS\system32\rsaenh.dll
0x00007fffff090000 - 0x00007fffff0be000 	C:\WINDOWS\SYSTEM32\USERENV.dll
0x00007ffffeab0000 - 0x00007ffffeabc000 	C:\WINDOWS\SYSTEM32\CRYPTBASE.dll
0x00007ffffe580000 - 0x00007ffffe5bb000 	C:\WINDOWS\SYSTEM32\IPHLPAPI.DLL
0x00007ff800db0000 - 0x00007ff800db8000 	C:\WINDOWS\System32\NSI.dll
0x00007ffff96a0000 - 0x00007ffff96b7000 	C:\WINDOWS\SYSTEM32\dhcpcsvc6.DLL
0x00007ffff9390000 - 0x00007ffff93ad000 	C:\WINDOWS\SYSTEM32\dhcpcsvc.DLL
0x00007ffffe5c0000 - 0x00007ffffe68a000 	C:\WINDOWS\SYSTEM32\DNSAPI.dll
0x00007fffeccf0000 - 0x00007fffeccf9000 	C:\Program Files\Android\Android Studio\jbr\bin\extnet.dll
0x00007ffff66a0000 - 0x00007ffff66a7000 	C:\WINDOWS\system32\wshunix.dll

dbghelp: loaded successfully - version: 4.0.5 - missing functions: none
symbol engine: initialized successfully - sym options: 0x614 - pdb path: .;C:\Program Files\Android\Android Studio\jbr\bin;C:\WINDOWS\SYSTEM32;C:\WINDOWS\WinSxS\amd64_microsoft.windows.common-controls_6595b64144ccf1df_6.0.19041.4355_none_60b8b9eb71f62e16;C:\Program Files\Android\Android Studio\jbr\bin\server;C:\Users\misha\.gradle\native\c067742578af261105cb4f569cf0c3c89f3d7b1fecec35dd04571415982c5e48\windows-amd64;C:\Users\misha\.gradle\native\38dada09dfb8b06ba9b0570ebf7e218e3eb74d4ef43ca46872605cf95ebc2f47\windows-amd64

VM Arguments:
jvm_args: --add-opens=java.base/java.util=ALL-UNNAMED --add-opens=java.base/java.lang=ALL-UNNAMED --add-opens=java.base/java.lang.invoke=ALL-UNNAMED --add-opens=java.prefs/java.util.prefs=ALL-UNNAMED --add-opens=java.base/java.nio.charset=ALL-UNNAMED --add-opens=java.base/java.net=ALL-UNNAMED --add-opens=java.base/java.util.concurrent.atomic=ALL-UNNAMED -Xmx2048m -Dfile.encoding=UTF-8 -Duser.country=RU -Duser.language=ru -Duser.variant -javaagent:C:\Users\misha\.gradle\wrapper\dists\gradle-8.7-bin\bhs2wmbdwecv87pi65oeuq5iu\gradle-8.7\lib\agents\gradle-instrumentation-agent-8.7.jar 
java_command: org.gradle.launcher.daemon.bootstrap.GradleDaemon 8.7
java_class_path (initial): C:\Users\misha\.gradle\wrapper\dists\gradle-8.7-bin\bhs2wmbdwecv87pi65oeuq5iu\gradle-8.7\lib\gradle-launcher-8.7.jar
Launcher Type: SUN_STANDARD

[Global flags]
     intx CICompilerCount                          = 3                                         {product} {ergonomic}
     uint ConcGCThreads                            = 1                                         {product} {ergonomic}
     uint G1ConcRefinementThreads                  = 4                                         {product} {ergonomic}
   size_t G1HeapRegionSize                         = 1048576                                   {product} {ergonomic}
    uintx GCDrainStackTargetSize                   = 64                                        {product} {ergonomic}
   size_t InitialHeapSize                          = 134217728                                 {product} {ergonomic}
   size_t MarkStackSize                            = 4194304                                   {product} {ergonomic}
   size_t MaxHeapSize                              = 2147483648                                {product} {command line}
   size_t MaxNewSize                               = 1287651328                                {product} {ergonomic}
   size_t MinHeapDeltaBytes                        = 1048576                                   {product} {ergonomic}
   size_t MinHeapSize                              = 8388608                                   {product} {ergonomic}
    uintx NonNMethodCodeHeapSize                   = 5832780                                {pd product} {ergonomic}
    uintx NonProfiledCodeHeapSize                  = 122912730                              {pd product} {ergonomic}
    uintx ProfiledCodeHeapSize                     = 122912730                              {pd product} {ergonomic}
    uintx ReservedCodeCacheSize                    = 251658240                              {pd product} {ergonomic}
     bool SegmentedCodeCache                       = true                                      {product} {ergonomic}
   size_t SoftMaxHeapSize                          = 2147483648                             {manageable} {ergonomic}
     bool UseCompressedClassPointers               = true                           {product lp64_product} {ergonomic}
     bool UseCompressedOops                        = true                           {product lp64_product} {ergonomic}
     bool UseG1GC                                  = true                                      {product} {ergonomic}
     bool UseLargePagesIndividualAllocation        = false                                  {pd product} {ergonomic}

Logging:
Log output configuration:
 #0: stdout all=warning uptime,level,tags
 #1: stderr all=off uptime,level,tags

Environment Variables:
JAVA_HOME=C:\Program Files\Android\Android Studio\jbr
PATH=C:\WINDOWS\system32;C:\WINDOWS;C:\WINDOWS\System32\Wbem;C:\WINDOWS\System32\WindowsPowerShell\v1.0\;C:\WINDOWS\System32\OpenSSH\;C:\Program Files\NVIDIA Corporation\NVIDIA NvDLISR;C:\Program Files\Git\cmd;C:\Program Files\nodejs\;C:\Program Files (x86)\NVIDIA Corporation\PhysX\Common;C:\Users\misha\AppData\Local\Microsoft\WindowsApps;C:\Users\misha\AppData\Local\Programs\Microsoft VS Code\bin;C:\flutter\bin;C:\flutter;C:\Users\misha\AppData\Local\Android\Sdk;C:\Users\misha\AppData\Local\Pub\Cache\bin;C:\Program Files\Git\cmd;C:\Program Files\Git\bin;C:\Windows\System32;C:\Users\misha\StudioProjects\chat_app\functions;C:\Users\misha\AppData\Roaming;C:\flutter\bin\cache\dart-sdk\bin;C:\Users\misha\AppData\Roaming\npm
USERNAME=misha
OS=Windows_NT
PROCESSOR_IDENTIFIER=Intel64 Family 6 Model 158 Stepping 11, GenuineIntel
TMP=C:\Users\misha\AppData\Local\Temp
TEMP=C:\Users\misha\AppData\Local\Temp



Periodic native trim disabled

JNI global refs:
JNI global refs: 27, weak refs: 0

JNI global refs memory usage: 843, weak refs: 209

Process memory usage:
Resident Set Size: 276108K (3% of 8321972K total physical memory with 513180K free physical memory)

OOME stack traces (most recent first):
Classloader memory used:
Loader org.gradle.internal.classloader.VisitableURLClassLoader                         : 3161K
Loader bootstrap                                                                       : 2388K
Loader org.gradle.initialization.MixInLegacyTypesClassLoader                           : 767K
Loader org.gradle.internal.classloader.VisitableURLClassLoader                         : 78411B
Loader org.gradle.internal.classloader.VisitableURLClassLoader$InstrumentingVisitableURLClassLoader: 74391B
Loader jdk.internal.loader.ClassLoaders$PlatformClassLoader                            : 67793B
Loader jdk.internal.loader.ClassLoaders$AppClassLoader                                 : 28714B
Loader jdk.internal.reflect.DelegatingClassLoader                                      : 25850B
Loader org.gradle.groovy.scripts.internal.DefaultScriptCompilationHandler$ScriptClassLoader: 10678B
Loader org.codehaus.groovy.runtime.callsite.CallSiteClassLoader                        : 4188B

Classes loaded by more than one classloader:
Class org.gradle.api.GradleException                                                  : loaded 3 times (x 80B)
Class org.gradle.util.GradleVersion                                                   : loaded 2 times (x 81B)
Class org.jetbrains.plugins.gradle.model.MavenRepositoryModel                         : loaded 2 times (x 68B)
Class org.gradle.internal.classpath.ClassPath                                         : loaded 2 times (x 68B)
Class org.gradle.api.internal.classpath.DefaultModuleRegistry                         : loaded 2 times (x 84B)
Class org.gradle.internal.exceptions.NonGradleCauseExceptionsHolder                   : loaded 2 times (x 68B)
Class org.gradle.api.Action                                                           : loaded 2 times (x 68B)
Class org.gradle.api.internal.DefaultClassPathProvider                                : loaded 2 times (x 74B)
Class org.gradle.internal.installation.GradleInstallation$1                           : loaded 2 times (x 73B)
Class org.gradle.internal.exceptions.DefaultMultiCauseException                       : loaded 2 times (x 93B)
Class org.gradle.internal.time.MonotonicClock                                         : loaded 2 times (x 75B)
Class org.gradle.internal.classloader.FilteringClassLoader                            : loaded 2 times (x 103B)
Class org.gradle.internal.classpath.DefaultClassPath$ImmutableUniqueList$Builder      : loaded 2 times (x 73B)
Class org.gradle.internal.classloader.ClassLoaderVisitor                              : loaded 2 times (x 74B)
Class org.gradle.internal.time.DefaultCountdownTimer                                  : loaded 2 times (x 86B)
Class org.gradle.internal.service.DefaultServiceLocator                               : loaded 2 times (x 81B)
Class org.gradle.internal.service.UnknownServiceException                             : loaded 2 times (x 81B)
Class org.gradle.internal.classloader.DefaultClassLoaderFactory                       : loaded 2 times (x 80B)
Class sync_studio_tooling4_6uzl6b2f2fsx7anid19omgkht                                  : loaded 2 times (x 177B)
Class org.gradle.internal.classloader.VisitableURLClassLoader$Spec                    : loaded 2 times (x 72B)
Class org.gradle.tooling.model.ProjectModel                                           : loaded 2 times (x 68B)
Class org.gradle.internal.installation.GradleInstallation                             : loaded 2 times (x 73B)
Class org.gradle.api.internal.classpath.ModuleRegistry                                : loaded 2 times (x 68B)
Class org.jetbrains.plugins.gradle.model.RepositoriesModel                            : loaded 2 times (x 68B)
Class org.gradle.api.internal.ClassPathProvider                                       : loaded 2 times (x 68B)
Class org.gradle.internal.classloader.ClasspathUtil$1                                 : loaded 2 times (x 74B)
Class org.gradle.internal.classloader.ClassLoaderFactory                              : loaded 2 times (x 68B)
Class org.gradle.api.internal.classpath.ManifestUtil                                  : loaded 2 times (x 69B)
Class org.gradle.api.specs.Spec                                                       : loaded 2 times (x 68B)
Class org.gradle.internal.IoActions                                                   : loaded 2 times (x 69B)
Class org.gradle.api.internal.classpath.EffectiveClassPath                            : loaded 2 times (x 88B)
Class org.gradle.internal.exceptions.ResolutionProvider                               : loaded 2 times (x 68B)
Class org.gradle.internal.installation.CurrentGradleInstallation                      : loaded 2 times (x 71B)
Class org.gradle.internal.agents.InstrumentingClassLoader                             : loaded 2 times (x 68B)
Class org.gradle.internal.installation.CurrentGradleInstallationLocator               : loaded 2 times (x 69B)
Class org.gradle.api.internal.classpath.Module                                        : loaded 2 times (x 68B)
Class org.gradle.internal.service.CachingServiceLocator                               : loaded 2 times (x 80B)
Class org.gradle.internal.time.Timer                                                  : loaded 2 times (x 68B)
Class org.gradle.internal.classpath.DefaultClassPath                                  : loaded 2 times (x 88B)
Class org.gradle.internal.time.Time                                                   : loaded 2 times (x 69B)
Class org.gradle.internal.time.TimeSource$1                                           : loaded 2 times (x 75B)
Class org.gradle.internal.classloader.SystemClassLoaderSpec                           : loaded 2 times (x 69B)
Class kotlin.Function                                                                 : loaded 2 times (x 68B)
Class org.gradle.api.UncheckedIOException                                             : loaded 2 times (x 80B)
Class sync_studio_tooling4_6uzl6b2f2fsx7anid19omgkht$_run_closure1                    : loaded 2 times (x 137B)
Class org.gradle.internal.time.Clock                                                  : loaded 2 times (x 68B)
Class org.gradle.internal.time.CountdownTimer                                         : loaded 2 times (x 68B)
Class org.gradle.internal.classloader.ClasspathUtil                                   : loaded 2 times (x 69B)
Class org.gradle.api.internal.DefaultClassPathRegistry                                : loaded 2 times (x 74B)
Class org.gradle.api.internal.classpath.DefaultModuleRegistry$DefaultModule           : loaded 2 times (x 84B)
Class org.gradle.internal.time.TimeSource                                             : loaded 2 times (x 68B)
Class org.gradle.api.internal.classpath.UnknownModuleException                        : loaded 2 times (x 80B)
Class org.gradle.internal.service.ServiceLookupException                              : loaded 2 times (x 80B)
Class org.gradle.cache.GlobalCache                                                    : loaded 2 times (x 68B)
Class ijInit1_7id0x5ejxwkxlzm11nzr7xqqq                                               : loaded 2 times (x 177B)
Class [Lorg.gradle.api.internal.ClassPathProvider;                                    : loaded 2 times (x 67B)
Class org.gradle.internal.operations.MultipleBuildOperationFailures                   : loaded 2 times (x 93B)
Class org.gradle.util.internal.GUtil                                                  : loaded 2 times (x 69B)
Class org.gradle.internal.classloader.ClassLoaderSpec                                 : loaded 2 times (x 69B)
Class org.gradle.internal.classloader.VisitableURLClassLoader                         : loaded 2 times (x 115B)
Class org.gradle.internal.Cast                                                        : loaded 2 times (x 69B)
Class org.gradle.api.internal.ClassPathRegistry                                       : loaded 2 times (x 68B)
Class org.gradle.internal.classloader.VisitableURLClassLoader$InstrumentingVisitableURLClassLoader: loaded 2 times (x 121B)
Class org.gradle.internal.classloader.ClassLoaderHierarchy                            : loaded 2 times (x 68B)
Class org.gradle.internal.exceptions.MultiCauseException                              : loaded 2 times (x 68B)
Class org.gradle.internal.InternalTransformer                                         : loaded 2 times (x 68B)
Class org.gradle.internal.service.ServiceLocator                                      : loaded 2 times (x 68B)
Class org.gradle.internal.classpath.DefaultClassPath$ImmutableUniqueList              : loaded 2 times (x 159B)
Class org.gradle.internal.time.DefaultTimer                                           : loaded 2 times (x 78B)
Class org.gradle.internal.classpath.TransformedClassPath                              : loaded 2 times (x 94B)


---------------  S Y S T E M  ---------------

OS:
 Windows 10 , 64 bit Build 19041 (10.0.19041.4597)
OS uptime: 4 days 10:22 hours

CPU: total 4 (initial active 4) (4 cores per cpu, 1 threads per core) family 6 model 158 stepping 11 microcode 0xb4, cx8, cmov, fxsr, mmx, 3dnowpref, sse, sse2, sse3, ssse3, sse4.1, sse4.2, popcnt, lzcnt, tsc, tscinvbit, avx, avx2, aes, erms, clmul, bmi1, bmi2, adx, fma, vzeroupper, clflush, clflushopt
Processor Information for all 4 processors :
  Max Mhz: 3600, Current Mhz: 3600, Mhz Limit: 3600

Memory: 4k page, system-wide physical 8126M (501M free)
TotalPageFile size 22359M (AvailPageFile size 14M)
current process WorkingSet (physical memory assigned to process): 270M, peak: 270M
current process commit charge ("private bytes"): 318M, peak: 321M

vm_info: OpenJDK 64-Bit Server VM (17.0.11+0--11852314) for windows-amd64 JRE (17.0.11+0--11852314), built on May 16 2024 21:29:20 by "androidbuild" with MS VC++ 16.10 / 16.11 (VS2019)

END.
