#
# There is insufficient memory for the Java Runtime Environment to continue.
# Native memory allocation (mmap) failed to map 39845888 bytes. Error detail: G1 virtual space
# Possible reasons:
#   The system is out of physical RAM or swap space
#   This process is running with CompressedOops enabled, and the Java Heap may be blocking the growth of the native heap
# Possible solutions:
#   Reduce memory load on the system
#   Increase physical memory or swap space
#   Check if swap backing store is full
#   Decrease Java heap size (-Xmx/-Xms)
#   Decrease number of Java threads
#   Decrease Java thread stack sizes (-Xss)
#   Set larger code cache with -XX:ReservedCodeCacheSize=
#   JVM is running with Unscaled Compressed Oops mode in which the Java heap is
#     placed in the first 4GB address space. The Java Heap base address is the
#     maximum limit for the native heap growth. Please use -XX:HeapBaseMinAddress
#     to set the Java Heap base and to place the Java Heap above 4GB virtual address.
# This output file may be truncated or incomplete.
#
#  Out of Memory Error (os_windows.cpp:3825), pid=13868, tid=14592
#
# JRE version: OpenJDK Runtime Environment (17.0.11) (build 17.0.11+0--11852314)
# Java VM: OpenJDK 64-Bit Server VM (17.0.11+0--11852314, mixed mode, tiered, compressed oops, compressed class ptrs, g1 gc, windows-amd64)
# No core dump will be written. Minidumps are not enabled by default on client versions of Windows
#

---------------  S U M M A R Y ------------

Command Line: --add-opens=java.base/java.util=ALL-UNNAMED --add-opens=java.base/java.lang=ALL-UNNAMED --add-opens=java.base/java.lang.invoke=ALL-UNNAMED --add-opens=java.prefs/java.util.prefs=ALL-UNNAMED --add-opens=java.base/java.nio.charset=ALL-UNNAMED --add-opens=java.base/java.net=ALL-UNNAMED --add-opens=java.base/java.util.concurrent.atomic=ALL-UNNAMED -Xmx2048m -Dfile.encoding=UTF-8 -Duser.country=RU -Duser.language=ru -Duser.variant -javaagent:C:\Users\misha\.gradle\wrapper\dists\gradle-8.7-bin\bhs2wmbdwecv87pi65oeuq5iu\gradle-8.7\lib\agents\gradle-instrumentation-agent-8.7.jar org.gradle.launcher.daemon.bootstrap.GradleDaemon 8.7

Host: Intel(R) Core(TM) i3-8100 CPU @ 3.60GHz, 4 cores, 7G,  Windows 10 , 64 bit Build 19041 (10.0.19041.4597)
Time: Wed Jul 24 17:46:23 2024 RTZ 2 (s 10 , 64 bit Build 19041 (10.0.19041.4597) elapsed time: 6.660348 seconds (0d 0h 0m 6s)

---------------  T H R E A D  ---------------

Current thread (0x000001a7219f69e0):  VMThread "VM Thread" [stack: 0x000000699bc00000,0x000000699bd00000] [id=14592]

Stack: [0x000000699bc00000,0x000000699bd00000]
Native frames: (J=compiled Java code, j=interpreted, Vv=VM code, C=native code)
V  [jvm.dll+0x687bb9]
V  [jvm.dll+0x84142a]
V  [jvm.dll+0x8430ae]
V  [jvm.dll+0x843713]
V  [jvm.dll+0x24a35f]
V  [jvm.dll+0x684989]
V  [jvm.dll+0x67923a]
V  [jvm.dll+0x30af0b]
V  [jvm.dll+0x3123b6]
V  [jvm.dll+0x361dfe]
V  [jvm.dll+0x36202f]
V  [jvm.dll+0x2e0d38]
V  [jvm.dll+0x2df144]
V  [jvm.dll+0x2de74c]
V  [jvm.dll+0x32305b]
V  [jvm.dll+0x847e0b]
V  [jvm.dll+0x848b42]
V  [jvm.dll+0x84905d]
V  [jvm.dll+0x849434]
V  [jvm.dll+0x849500]
V  [jvm.dll+0x7efa4a]
V  [jvm.dll+0x686a35]
C  [ucrtbase.dll+0x21bb2]
C  [KERNEL32.DLL+0x17374]
C  [ntdll.dll+0x4cc91]

VM_Operation (0x000000699d3f47f0): G1CollectForAllocation, mode: safepoint, requested by thread 0x000001a727c49790


---------------  P R O C E S S  ---------------

Threads class SMR info:
_java_thread_list=0x000001a726ccfcb0, length=42, elements={
0x000001a7083fdb50, 0x000001a721b53260, 0x000001a7219deff0, 0x000001a721b6dfb0,
0x000001a721b70890, 0x000001a721b71160, 0x000001a721b721d0, 0x000001a721b72aa0,
0x000001a721b87f60, 0x000001a721b8ccb0, 0x000001a721c26f10, 0x000001a721f2a1a0,
0x000001a7262e09c0, 0x000001a727e9cf20, 0x000001a7280e2070, 0x000001a7285fc020,
0x000001a727a2e770, 0x000001a728086000, 0x000001a727c47e40, 0x000001a727c49790,
0x000001a727c47930, 0x000001a727c464f0, 0x000001a727c48350, 0x000001a727c47420,
0x000001a727c45fe0, 0x000001a727c46a00, 0x000001a727c46f10, 0x000001a727c48d70,
0x000001a727c49280, 0x000001a7292af3d0, 0x000001a7292af8e0, 0x000001a7292ad060,
0x000001a7292b2b80, 0x000001a7292b3ab0, 0x000001a7292b3090, 0x000001a7292b1c50,
0x000001a7292b2670, 0x000001a7292afdf0, 0x000001a7292b3fc0, 0x000001a7292ada80,
0x000001a7292ad570, 0x000001a7292ae4a0
}

Java Threads: ( => current thread )
  0x000001a7083fdb50 JavaThread "main" [_thread_blocked, id=14564, stack(0x000000699b600000,0x000000699b700000)]
  0x000001a721b53260 JavaThread "Reference Handler" daemon [_thread_blocked, id=9860, stack(0x000000699bd00000,0x000000699be00000)]
  0x000001a7219deff0 JavaThread "Finalizer" daemon [_thread_blocked, id=8360, stack(0x000000699be00000,0x000000699bf00000)]
  0x000001a721b6dfb0 JavaThread "Signal Dispatcher" daemon [_thread_blocked, id=15068, stack(0x000000699bf00000,0x000000699c000000)]
  0x000001a721b70890 JavaThread "Attach Listener" daemon [_thread_blocked, id=14672, stack(0x000000699c000000,0x000000699c100000)]
  0x000001a721b71160 JavaThread "Service Thread" daemon [_thread_blocked, id=12584, stack(0x000000699c100000,0x000000699c200000)]
  0x000001a721b721d0 JavaThread "Monitor Deflation Thread" daemon [_thread_blocked, id=2988, stack(0x000000699c200000,0x000000699c300000)]
  0x000001a721b72aa0 JavaThread "C2 CompilerThread0" daemon [_thread_blocked, id=14160, stack(0x000000699c300000,0x000000699c400000)]
  0x000001a721b87f60 JavaThread "C1 CompilerThread0" daemon [_thread_blocked, id=14328, stack(0x000000699c400000,0x000000699c500000)]
  0x000001a721b8ccb0 JavaThread "Sweeper thread" daemon [_thread_blocked, id=5788, stack(0x000000699c500000,0x000000699c600000)]
  0x000001a721c26f10 JavaThread "Common-Cleaner" daemon [_thread_blocked, id=1044, stack(0x000000699c600000,0x000000699c700000)]
  0x000001a721f2a1a0 JavaThread "Notification Thread" daemon [_thread_blocked, id=14136, stack(0x000000699c700000,0x000000699c800000)]
  0x000001a7262e09c0 JavaThread "C2 CompilerThread1" daemon [_thread_blocked, id=15392, stack(0x000000699c900000,0x000000699ca00000)]
  0x000001a727e9cf20 JavaThread "Daemon health stats" [_thread_blocked, id=6104, stack(0x000000699cd00000,0x000000699ce00000)]
  0x000001a7280e2070 JavaThread "Incoming local TCP Connector on port 56790" [_thread_in_native, id=11308, stack(0x000000699ce00000,0x000000699cf00000)]
  0x000001a7285fc020 JavaThread "Daemon periodic checks" [_thread_blocked, id=9160, stack(0x000000699cf00000,0x000000699d000000)]
  0x000001a727a2e770 JavaThread "Daemon" [_thread_blocked, id=10320, stack(0x000000699d000000,0x000000699d100000)]
  0x000001a728086000 JavaThread "Handler for socket connection from /127.0.0.1:56790 to /127.0.0.1:56792" [_thread_in_native, id=15944, stack(0x000000699d100000,0x000000699d200000)]
  0x000001a727c47e40 JavaThread "Cancel handler" [_thread_blocked, id=15272, stack(0x000000699d200000,0x000000699d300000)]
  0x000001a727c49790 JavaThread "Daemon worker" [_thread_blocked, id=4392, stack(0x000000699d300000,0x000000699d400000)]
  0x000001a727c47930 JavaThread "Asynchronous log dispatcher for DefaultDaemonConnection: socket connection from /127.0.0.1:56790 to /127.0.0.1:56792" [_thread_blocked, id=4756, stack(0x000000699d400000,0x000000699d500000)]
  0x000001a727c464f0 JavaThread "Stdin handler" [_thread_blocked, id=4880, stack(0x000000699d500000,0x000000699d600000)]
  0x000001a727c48350 JavaThread "Daemon client event forwarder" [_thread_blocked, id=4180, stack(0x000000699d600000,0x000000699d700000)]
  0x000001a727c47420 JavaThread "Cache worker for journal cache (C:\Users\misha\.gradle\caches\journal-1)" [_thread_blocked, id=8376, stack(0x000000699d700000,0x000000699d800000)]
  0x000001a727c45fe0 JavaThread "File lock request listener" [_thread_in_native, id=13480, stack(0x000000699d800000,0x000000699d900000)]
  0x000001a727c46a00 JavaThread "Cache worker for file hash cache (C:\Users\misha\.gradle\caches\8.7\fileHashes)" [_thread_blocked, id=8044, stack(0x000000699d900000,0x000000699da00000)]
  0x000001a727c46f10 JavaThread "Cache worker for file hash cache (C:\Users\misha\StudioProjects\Playlist_Maker\.gradle\8.7\fileHashes)" [_thread_blocked, id=9856, stack(0x000000699da00000,0x000000699db00000)]
  0x000001a727c48d70 JavaThread "File watcher server" daemon [_thread_blocked, id=13776, stack(0x000000699db00000,0x000000699dc00000)]
  0x000001a727c49280 JavaThread "File watcher consumer" daemon [_thread_blocked, id=10324, stack(0x000000699dc00000,0x000000699dd00000)]
  0x000001a7292af3d0 JavaThread "Cache worker for checksums cache (C:\Users\misha\StudioProjects\Playlist_Maker\.gradle\8.7\checksums)" [_thread_blocked, id=7120, stack(0x000000699dd00000,0x000000699de00000)]
  0x000001a7292af8e0 JavaThread "Cache worker for cache directory md-supplier (C:\Users\misha\.gradle\caches\8.7\md-supplier)" [_thread_blocked, id=8020, stack(0x000000699de00000,0x000000699df00000)]
  0x000001a7292ad060 JavaThread "Cache worker for cache directory md-rule (C:\Users\misha\.gradle\caches\8.7\md-rule)" [_thread_blocked, id=10480, stack(0x000000699df00000,0x000000699e000000)]
  0x000001a7292b2b80 JavaThread "Cache worker for file content cache (C:\Users\misha\.gradle\caches\8.7\fileContent)" [_thread_blocked, id=1336, stack(0x000000699e000000,0x000000699e100000)]
  0x000001a7292b3ab0 JavaThread "Cache worker for Build Output Cleanup Cache (C:\Users\misha\StudioProjects\Playlist_Maker\.gradle\buildOutputCleanup)" [_thread_blocked, id=12884, stack(0x000000699e200000,0x000000699e300000)]
  0x000001a7292b3090 JavaThread "Unconstrained build operations" [_thread_blocked, id=10564, stack(0x000000699e300000,0x000000699e400000)]
  0x000001a7292b1c50 JavaThread "Unconstrained build operations Thread 2" [_thread_blocked, id=14440, stack(0x000000699e400000,0x000000699e500000)]
  0x000001a7292b2670 JavaThread "Unconstrained build operations Thread 3" [_thread_blocked, id=3632, stack(0x000000699e500000,0x000000699e600000)]
  0x000001a7292afdf0 JavaThread "Unconstrained build operations Thread 4" [_thread_blocked, id=13880, stack(0x000000699e600000,0x000000699e700000)]
  0x000001a7292b3fc0 JavaThread "Unconstrained build operations Thread 5" [_thread_blocked, id=11464, stack(0x000000699e700000,0x000000699e800000)]
  0x000001a7292ada80 JavaThread "Unconstrained build operations Thread 6" [_thread_blocked, id=13984, stack(0x000000699e800000,0x000000699e900000)]
  0x000001a7292ad570 JavaThread "build event listener" [_thread_blocked, id=2592, stack(0x000000699e900000,0x000000699ea00000)]
  0x000001a7292ae4a0 JavaThread "Memory manager" [_thread_blocked, id=6856, stack(0x000000699ea00000,0x000000699eb00000)]

Other Threads:
=>0x000001a7219f69e0 VMThread "VM Thread" [stack: 0x000000699bc00000,0x000000699bd00000] [id=14592]
  0x000001a721deb9e0 WatcherThread [stack: 0x000000699c800000,0x000000699c900000] [id=10292]
  0x000001a708459fb0 GCTaskThread "GC Thread#0" [stack: 0x000000699b700000,0x000000699b800000] [id=9696]
  0x000001a72628a660 GCTaskThread "GC Thread#1" [stack: 0x000000699ca00000,0x000000699cb00000] [id=12828]
  0x000001a72640f790 GCTaskThread "GC Thread#2" [stack: 0x000000699cb00000,0x000000699cc00000] [id=16140]
  0x000001a7261d9a20 GCTaskThread "GC Thread#3" [stack: 0x000000699cc00000,0x000000699cd00000] [id=5188]
  0x000001a70846ae10 ConcurrentGCThread "G1 Main Marker" [stack: 0x000000699b800000,0x000000699b900000] [id=14684]
  0x000001a70846b740 ConcurrentGCThread "G1 Conc#0" [stack: 0x000000699b900000,0x000000699ba00000] [id=13400]
  0x000001a7084bdde0 ConcurrentGCThread "G1 Refine#0" [stack: 0x000000699ba00000,0x000000699bb00000] [id=1784]
  0x000001a72903b7b0 ConcurrentGCThread "G1 Refine#1" [stack: 0x000000699e100000,0x000000699e200000] [id=6924]
  0x000001a7084be720 ConcurrentGCThread "G1 Service" [stack: 0x000000699bb00000,0x000000699bc00000] [id=9604]

Threads with active compile tasks:
C2 CompilerThread0     6681 7481  s    4       jdk.internal.loader.Resource::cachedInputStream (20 bytes)
C2 CompilerThread1     6681 7571       4       java.util.jar.JarFile::getEntry (35 bytes)

VM state: at safepoint (normal execution)

VM Mutex/Monitor currently owned by a thread:  ([mutex/lock_event])
[0x000001a7083f9640] Threads_lock - owner thread: 0x000001a7219f69e0
[0x000001a7083f9ac0] Heap_lock - owner thread: 0x000001a727c49790

Heap address: 0x0000000080000000, size: 2048 MB, Compressed Oops mode: 32-bit

CDS archive(s) not mapped
Compressed class space mapped at: 0x0000000100000000-0x0000000140000000, reserved size: 1073741824
Narrow klass base: 0x0000000000000000, Narrow klass shift: 3, Narrow klass range: 0x140000000

GC Precious Log:
 CPUs: 4 total, 4 available
 Memory: 8126M
 Large Page Support: Disabled
 NUMA Support: Disabled
 Compressed Oops: Enabled (32-bit)
 Heap Region Size: 1M
 Heap Min Capacity: 8M
 Heap Initial Capacity: 128M
 Heap Max Capacity: 2G
 Pre-touch: Disabled
 Parallel Workers: 4
 Concurrent Workers: 1
 Concurrent Refinement Workers: 4
 Periodic GC: Disabled

Heap:
 garbage-first heap   total 140288K, used 70609K [0x0000000080000000, 0x0000000100000000)
  region size 1024K, 1 young (1024K), 1 survivors (1024K)
 Metaspace       used 68901K, committed 69504K, reserved 1114112K
  class space    used 9352K, committed 9664K, reserved 1048576K

Heap Regions: E=young(eden), S=young(survivor), O=old, HS=humongous(starts), HC=humongous(continues), CS=collection set, F=free, OA=open archive, CA=closed archive, TAMS=top-at-mark-start (previous, next)
|   0|0x0000000080000000, 0x0000000080100000, 0x0000000080100000|100%| O|  |TAMS 0x0000000080100000, 0x0000000080000000| Untracked 
|   1|0x0000000080100000, 0x0000000080200000, 0x0000000080200000|100%| O|  |TAMS 0x0000000080200000, 0x0000000080100000| Untracked 
|   2|0x0000000080200000, 0x0000000080300000, 0x0000000080300000|100%|HS|  |TAMS 0x0000000080300000, 0x0000000080200000| Complete 
|   3|0x0000000080300000, 0x0000000080400000, 0x0000000080400000|100%|HC|  |TAMS 0x0000000080400000, 0x0000000080300000| Complete 
|   4|0x0000000080400000, 0x0000000080500000, 0x0000000080500000|100%|HC|  |TAMS 0x0000000080500000, 0x0000000080400000| Complete 
|   5|0x0000000080500000, 0x0000000080600000, 0x0000000080600000|100%|HC|  |TAMS 0x0000000080600000, 0x0000000080500000| Complete 
|   6|0x0000000080600000, 0x0000000080600000, 0x0000000080700000|  0%| F|  |TAMS 0x0000000080600000, 0x0000000080600000| Untracked 
|   7|0x0000000080700000, 0x0000000080800000, 0x0000000080800000|100%| O|  |TAMS 0x0000000080800000, 0x0000000080700000| Untracked 
|   8|0x0000000080800000, 0x0000000080900000, 0x0000000080900000|100%| O|  |TAMS 0x0000000080900000, 0x0000000080800000| Untracked 
|   9|0x0000000080900000, 0x0000000080a00000, 0x0000000080a00000|100%| O|  |TAMS 0x0000000080a00000, 0x0000000080900000| Untracked 
|  10|0x0000000080a00000, 0x0000000080aebc00, 0x0000000080b00000| 92%| O|  |TAMS 0x0000000080aebc00, 0x0000000080a00000| Untracked 
|  11|0x0000000080b00000, 0x0000000080c00000, 0x0000000080c00000|100%| O|  |TAMS 0x0000000080c00000, 0x0000000080b00000| Untracked 
|  12|0x0000000080c00000, 0x0000000080d00000, 0x0000000080d00000|100%| O|  |TAMS 0x0000000080d00000, 0x0000000080c00000| Untracked 
|  13|0x0000000080d00000, 0x0000000080e00000, 0x0000000080e00000|100%| O|  |TAMS 0x0000000080e00000, 0x0000000080d00000| Untracked 
|  14|0x0000000080e00000, 0x0000000080f00000, 0x0000000080f00000|100%| O|  |TAMS 0x0000000080f00000, 0x0000000080e00000| Untracked 
|  15|0x0000000080f00000, 0x0000000081000000, 0x0000000081000000|100%| O|  |TAMS 0x0000000081000000, 0x0000000080f00000| Untracked 
|  16|0x0000000081000000, 0x0000000081100000, 0x0000000081100000|100%| O|  |TAMS 0x0000000081100000, 0x0000000081000000| Untracked 
|  17|0x0000000081100000, 0x0000000081200000, 0x0000000081200000|100%| O|  |TAMS 0x0000000081200000, 0x0000000081100000| Untracked 
|  18|0x0000000081200000, 0x0000000081300000, 0x0000000081300000|100%| O|  |TAMS 0x0000000081300000, 0x0000000081200000| Untracked 
|  19|0x0000000081300000, 0x0000000081400000, 0x0000000081400000|100%| O|  |TAMS 0x0000000081400000, 0x0000000081300000| Untracked 
|  20|0x0000000081400000, 0x0000000081500000, 0x0000000081500000|100%| O|  |TAMS 0x0000000081500000, 0x0000000081400000| Untracked 
|  21|0x0000000081500000, 0x0000000081600000, 0x0000000081600000|100%| O|  |TAMS 0x0000000081600000, 0x0000000081500000| Untracked 
|  22|0x0000000081600000, 0x0000000081700000, 0x0000000081700000|100%| O|  |TAMS 0x0000000081600000, 0x0000000081600000| Untracked 
|  23|0x0000000081700000, 0x0000000081800000, 0x0000000081800000|100%| O|  |TAMS 0x0000000081800000, 0x0000000081700000| Untracked 
|  24|0x0000000081800000, 0x0000000081900000, 0x0000000081900000|100%| O|  |TAMS 0x0000000081900000, 0x0000000081800000| Untracked 
|  25|0x0000000081900000, 0x0000000081a00000, 0x0000000081a00000|100%| O|  |TAMS 0x0000000081a00000, 0x0000000081900000| Untracked 
|  26|0x0000000081a00000, 0x0000000081b00000, 0x0000000081b00000|100%| O|  |TAMS 0x0000000081b00000, 0x0000000081a00000| Untracked 
|  27|0x0000000081b00000, 0x0000000081c00000, 0x0000000081c00000|100%| O|  |TAMS 0x0000000081c00000, 0x0000000081b00000| Untracked 
|  28|0x0000000081c00000, 0x0000000081d00000, 0x0000000081d00000|100%| O|  |TAMS 0x0000000081d00000, 0x0000000081c00000| Untracked 
|  29|0x0000000081d00000, 0x0000000081e00000, 0x0000000081e00000|100%| O|  |TAMS 0x0000000081e00000, 0x0000000081d00000| Untracked 
|  30|0x0000000081e00000, 0x0000000081f00000, 0x0000000081f00000|100%| O|  |TAMS 0x0000000081f00000, 0x0000000081e00000| Untracked 
|  31|0x0000000081f00000, 0x0000000082000000, 0x0000000082000000|100%| O|  |TAMS 0x0000000082000000, 0x0000000081f00000| Untracked 
|  32|0x0000000082000000, 0x0000000082100000, 0x0000000082100000|100%| O|  |TAMS 0x0000000082100000, 0x0000000082000000| Untracked 
|  33|0x0000000082100000, 0x0000000082200000, 0x0000000082200000|100%| O|  |TAMS 0x0000000082200000, 0x0000000082100000| Untracked 
|  34|0x0000000082200000, 0x0000000082300000, 0x0000000082300000|100%| O|  |TAMS 0x0000000082300000, 0x0000000082200000| Untracked 
|  35|0x0000000082300000, 0x0000000082400000, 0x0000000082400000|100%| O|  |TAMS 0x0000000082400000, 0x0000000082300000| Untracked 
|  36|0x0000000082400000, 0x0000000082500000, 0x0000000082500000|100%|HS|  |TAMS 0x0000000082500000, 0x0000000082400000| Complete 
|  37|0x0000000082500000, 0x0000000082600000, 0x0000000082600000|100%| O|  |TAMS 0x0000000082600000, 0x0000000082500000| Untracked 
|  38|0x0000000082600000, 0x0000000082700000, 0x0000000082700000|100%| O|  |TAMS 0x0000000082700000, 0x0000000082600000| Untracked 
|  39|0x0000000082700000, 0x0000000082800000, 0x0000000082800000|100%| O|  |TAMS 0x0000000082800000, 0x0000000082700000| Untracked 
|  40|0x0000000082800000, 0x0000000082900000, 0x0000000082900000|100%|HS|  |TAMS 0x0000000082900000, 0x0000000082800000| Complete 
|  41|0x0000000082900000, 0x0000000082a00000, 0x0000000082a00000|100%|HS|  |TAMS 0x0000000082a00000, 0x0000000082900000| Complete 
|  42|0x0000000082a00000, 0x0000000082b00000, 0x0000000082b00000|100%|HC|  |TAMS 0x0000000082b00000, 0x0000000082a00000| Complete 
|  43|0x0000000082b00000, 0x0000000082c00000, 0x0000000082c00000|100%|HS|  |TAMS 0x0000000082c00000, 0x0000000082b00000| Complete 
|  44|0x0000000082c00000, 0x0000000082d00000, 0x0000000082d00000|100%|HC|  |TAMS 0x0000000082d00000, 0x0000000082c00000| Complete 
|  45|0x0000000082d00000, 0x0000000082e00000, 0x0000000082e00000|100%| O|  |TAMS 0x0000000082e00000, 0x0000000082d00000| Untracked 
|  46|0x0000000082e00000, 0x0000000082f00000, 0x0000000082f00000|100%| O|  |TAMS 0x0000000082f00000, 0x0000000082e00000| Untracked 
|  47|0x0000000082f00000, 0x0000000083000000, 0x0000000083000000|100%|HS|  |TAMS 0x0000000083000000, 0x0000000082f00000| Complete 
|  48|0x0000000083000000, 0x0000000083100000, 0x0000000083100000|100%|HS|  |TAMS 0x0000000083100000, 0x0000000083000000| Complete 
|  49|0x0000000083100000, 0x0000000083200000, 0x0000000083200000|100%|HC|  |TAMS 0x0000000083200000, 0x0000000083100000| Complete 
|  50|0x0000000083200000, 0x0000000083300000, 0x0000000083300000|100%|HC|  |TAMS 0x0000000083300000, 0x0000000083200000| Complete 
|  51|0x0000000083300000, 0x0000000083400000, 0x0000000083400000|100%|HC|  |TAMS 0x0000000083400000, 0x0000000083300000| Complete 
|  52|0x0000000083400000, 0x0000000083500000, 0x0000000083500000|100%|HS|  |TAMS 0x0000000083500000, 0x0000000083400000| Complete 
|  53|0x0000000083500000, 0x0000000083600000, 0x0000000083600000|100%|HS|  |TAMS 0x0000000083600000, 0x0000000083500000| Complete 
|  54|0x0000000083600000, 0x0000000083700000, 0x0000000083700000|100%| O|  |TAMS 0x0000000083700000, 0x0000000083600000| Untracked 
|  55|0x0000000083700000, 0x0000000083800000, 0x0000000083800000|100%| O|  |TAMS 0x0000000083800000, 0x0000000083700000| Untracked 
|  56|0x0000000083800000, 0x0000000083900000, 0x0000000083900000|100%| O|  |TAMS 0x0000000083900000, 0x0000000083800000| Untracked 
|  57|0x0000000083900000, 0x0000000083a00000, 0x0000000083a00000|100%| O|  |TAMS 0x0000000083a00000, 0x0000000083900000| Untracked 
|  58|0x0000000083a00000, 0x0000000083b00000, 0x0000000083b00000|100%| O|  |TAMS 0x0000000083b00000, 0x0000000083a00000| Untracked 
|  59|0x0000000083b00000, 0x0000000083c00000, 0x0000000083c00000|100%| O|  |TAMS 0x0000000083c00000, 0x0000000083b00000| Untracked 
|  60|0x0000000083c00000, 0x0000000083d00000, 0x0000000083d00000|100%|HS|  |TAMS 0x0000000083d00000, 0x0000000083c00000| Complete 
|  61|0x0000000083d00000, 0x0000000083e00000, 0x0000000083e00000|100%| O|  |TAMS 0x0000000083e00000, 0x0000000083d00000| Untracked 
|  62|0x0000000083e00000, 0x0000000083f00000, 0x0000000083f00000|100%| O|  |TAMS 0x0000000083f00000, 0x0000000083e00000| Untracked 
|  63|0x0000000083f00000, 0x0000000084000000, 0x0000000084000000|100%| O|  |TAMS 0x0000000083fb3200, 0x0000000083f00000| Untracked 
|  64|0x0000000084000000, 0x0000000084100000, 0x0000000084100000|100%| O|  |TAMS 0x0000000084000000, 0x0000000084000000| Untracked 
|  65|0x0000000084100000, 0x0000000084200000, 0x0000000084200000|100%| O|  |TAMS 0x0000000084100000, 0x0000000084100000| Untracked 
|  66|0x0000000084200000, 0x0000000084300000, 0x0000000084300000|100%| O|  |TAMS 0x0000000084200000, 0x0000000084200000| Untracked 
|  67|0x0000000084300000, 0x0000000084400000, 0x0000000084400000|100%|HS|  |TAMS 0x0000000084300000, 0x0000000084300000| Complete 
|  68|0x0000000084400000, 0x0000000084500000, 0x0000000084500000|100%| O|  |TAMS 0x0000000084400000, 0x0000000084400000| Untracked 
|  69|0x0000000084500000, 0x000000008454f000, 0x0000000084600000| 30%| O|  |TAMS 0x0000000084500000, 0x0000000084500000| Untracked 
|  70|0x0000000084600000, 0x0000000084600000, 0x0000000084700000|  0%| F|  |TAMS 0x0000000084600000, 0x0000000084600000| Untracked 
|  71|0x0000000084700000, 0x0000000084700000, 0x0000000084800000|  0%| F|  |TAMS 0x0000000084700000, 0x0000000084700000| Untracked 
|  72|0x0000000084800000, 0x0000000084800000, 0x0000000084900000|  0%| F|  |TAMS 0x0000000084800000, 0x0000000084800000| Untracked 
|  73|0x0000000084900000, 0x0000000084900000, 0x0000000084a00000|  0%| F|  |TAMS 0x0000000084900000, 0x0000000084900000| Untracked 
|  74|0x0000000084a00000, 0x0000000084a00000, 0x0000000084b00000|  0%| F|  |TAMS 0x0000000084a00000, 0x0000000084a00000| Untracked 
|  75|0x0000000084b00000, 0x0000000084b00000, 0x0000000084c00000|  0%| F|  |TAMS 0x0000000084b00000, 0x0000000084b00000| Untracked 
|  76|0x0000000084c00000, 0x0000000084c00000, 0x0000000084d00000|  0%| F|  |TAMS 0x0000000084c00000, 0x0000000084c00000| Untracked 
|  77|0x0000000084d00000, 0x0000000084d00000, 0x0000000084e00000|  0%| F|  |TAMS 0x0000000084d00000, 0x0000000084d00000| Untracked 
|  78|0x0000000084e00000, 0x0000000084e00000, 0x0000000084f00000|  0%| F|  |TAMS 0x0000000084e00000, 0x0000000084e00000| Untracked 
|  79|0x0000000084f00000, 0x0000000084f00000, 0x0000000085000000|  0%| F|  |TAMS 0x0000000084f00000, 0x0000000084f00000| Untracked 
|  80|0x0000000085000000, 0x0000000085000000, 0x0000000085100000|  0%| F|  |TAMS 0x0000000085000000, 0x0000000085000000| Untracked 
|  81|0x0000000085100000, 0x0000000085100000, 0x0000000085200000|  0%| F|  |TAMS 0x0000000085100000, 0x0000000085100000| Untracked 
|  82|0x0000000085200000, 0x0000000085200000, 0x0000000085300000|  0%| F|  |TAMS 0x0000000085200000, 0x0000000085200000| Untracked 
|  83|0x0000000085300000, 0x0000000085300000, 0x0000000085400000|  0%| F|  |TAMS 0x0000000085300000, 0x0000000085300000| Untracked 
|  84|0x0000000085400000, 0x0000000085400000, 0x0000000085500000|  0%| F|  |TAMS 0x0000000085400000, 0x0000000085400000| Untracked 
|  85|0x0000000085500000, 0x0000000085500000, 0x0000000085600000|  0%| F|  |TAMS 0x0000000085500000, 0x0000000085500000| Untracked 
|  86|0x0000000085600000, 0x0000000085600000, 0x0000000085700000|  0%| F|  |TAMS 0x0000000085600000, 0x0000000085600000| Untracked 
|  87|0x0000000085700000, 0x0000000085700000, 0x0000000085800000|  0%| F|  |TAMS 0x0000000085700000, 0x0000000085700000| Untracked 
|  88|0x0000000085800000, 0x0000000085800000, 0x0000000085900000|  0%| F|  |TAMS 0x0000000085800000, 0x0000000085800000| Untracked 
|  89|0x0000000085900000, 0x0000000085900000, 0x0000000085a00000|  0%| F|  |TAMS 0x0000000085900000, 0x0000000085900000| Untracked 
|  90|0x0000000085a00000, 0x0000000085a00000, 0x0000000085b00000|  0%| F|  |TAMS 0x0000000085a00000, 0x0000000085a00000| Untracked 
|  91|0x0000000085b00000, 0x0000000085b00000, 0x0000000085c00000|  0%| F|  |TAMS 0x0000000085b00000, 0x0000000085b00000| Untracked 
|  92|0x0000000085c00000, 0x0000000085c00000, 0x0000000085d00000|  0%| F|  |TAMS 0x0000000085c00000, 0x0000000085c00000| Untracked 
|  93|0x0000000085d00000, 0x0000000085d00000, 0x0000000085e00000|  0%| F|  |TAMS 0x0000000085d00000, 0x0000000085d00000| Untracked 
|  94|0x0000000085e00000, 0x0000000085e00000, 0x0000000085f00000|  0%| F|  |TAMS 0x0000000085e00000, 0x0000000085e00000| Untracked 
|  95|0x0000000085f00000, 0x0000000085f00000, 0x0000000086000000|  0%| F|  |TAMS 0x0000000085f00000, 0x0000000085f00000| Untracked 
|  96|0x0000000086000000, 0x0000000086000000, 0x0000000086100000|  0%| F|  |TAMS 0x0000000086000000, 0x0000000086000000| Untracked 
|  97|0x0000000086100000, 0x0000000086100000, 0x0000000086200000|  0%| F|  |TAMS 0x0000000086100000, 0x0000000086100000| Untracked 
|  98|0x0000000086200000, 0x0000000086200000, 0x0000000086300000|  0%| F|  |TAMS 0x0000000086200000, 0x0000000086200000| Untracked 
|  99|0x0000000086300000, 0x0000000086300000, 0x0000000086400000|  0%| F|  |TAMS 0x0000000086300000, 0x0000000086300000| Untracked 
| 100|0x0000000086400000, 0x0000000086400000, 0x0000000086500000|  0%| F|  |TAMS 0x0000000086400000, 0x0000000086400000| Untracked 
| 101|0x0000000086500000, 0x0000000086500000, 0x0000000086600000|  0%| F|  |TAMS 0x0000000086500000, 0x0000000086500000| Untracked 
| 102|0x0000000086600000, 0x0000000086600000, 0x0000000086700000|  0%| F|  |TAMS 0x0000000086600000, 0x0000000086600000| Untracked 
| 103|0x0000000086700000, 0x0000000086700000, 0x0000000086800000|  0%| F|  |TAMS 0x0000000086700000, 0x0000000086700000| Untracked 
| 104|0x0000000086800000, 0x0000000086800000, 0x0000000086900000|  0%| F|  |TAMS 0x0000000086800000, 0x0000000086800000| Untracked 
| 105|0x0000000086900000, 0x0000000086900000, 0x0000000086a00000|  0%| F|  |TAMS 0x0000000086900000, 0x0000000086900000| Untracked 
| 106|0x0000000086a00000, 0x0000000086a00000, 0x0000000086b00000|  0%| F|  |TAMS 0x0000000086a00000, 0x0000000086a00000| Untracked 
| 107|0x0000000086b00000, 0x0000000086b00000, 0x0000000086c00000|  0%| F|  |TAMS 0x0000000086b00000, 0x0000000086b00000| Untracked 
| 108|0x0000000086c00000, 0x0000000086c00000, 0x0000000086d00000|  0%| F|  |TAMS 0x0000000086c00000, 0x0000000086c00000| Untracked 
| 109|0x0000000086d00000, 0x0000000086d00000, 0x0000000086e00000|  0%| F|  |TAMS 0x0000000086d00000, 0x0000000086d00000| Untracked 
| 110|0x0000000086e00000, 0x0000000086e00000, 0x0000000086f00000|  0%| F|  |TAMS 0x0000000086e00000, 0x0000000086e00000| Untracked 
| 111|0x0000000086f00000, 0x0000000086f00000, 0x0000000087000000|  0%| F|  |TAMS 0x0000000086f00000, 0x0000000086f00000| Untracked 
| 112|0x0000000087000000, 0x0000000087000000, 0x0000000087100000|  0%| F|  |TAMS 0x0000000087000000, 0x0000000087000000| Untracked 
| 113|0x0000000087100000, 0x0000000087100000, 0x0000000087200000|  0%| F|  |TAMS 0x0000000087100000, 0x0000000087100000| Untracked 
| 114|0x0000000087200000, 0x0000000087200000, 0x0000000087300000|  0%| F|  |TAMS 0x0000000087200000, 0x0000000087200000| Untracked 
| 115|0x0000000087300000, 0x0000000087300000, 0x0000000087400000|  0%| F|  |TAMS 0x0000000087300000, 0x0000000087300000| Untracked 
| 116|0x0000000087400000, 0x0000000087400000, 0x0000000087500000|  0%| F|  |TAMS 0x0000000087400000, 0x0000000087400000| Untracked 
| 117|0x0000000087500000, 0x0000000087500000, 0x0000000087600000|  0%| F|  |TAMS 0x0000000087500000, 0x0000000087500000| Untracked 
| 118|0x0000000087600000, 0x0000000087600000, 0x0000000087700000|  0%| F|  |TAMS 0x0000000087600000, 0x0000000087600000| Untracked 
| 119|0x0000000087700000, 0x0000000087700000, 0x0000000087800000|  0%| F|  |TAMS 0x0000000087700000, 0x0000000087700000| Untracked 
| 120|0x0000000087800000, 0x0000000087800000, 0x0000000087900000|  0%| F|  |TAMS 0x0000000087800000, 0x0000000087800000| Untracked 
| 121|0x0000000087900000, 0x0000000087900000, 0x0000000087a00000|  0%| F|  |TAMS 0x0000000087900000, 0x0000000087900000| Untracked 
| 122|0x0000000087a00000, 0x0000000087a00000, 0x0000000087b00000|  0%| F|  |TAMS 0x0000000087a00000, 0x0000000087a00000| Untracked 
| 123|0x0000000087b00000, 0x0000000087b00000, 0x0000000087c00000|  0%| F|  |TAMS 0x0000000087b00000, 0x0000000087b00000| Untracked 
| 124|0x0000000087c00000, 0x0000000087c00000, 0x0000000087d00000|  0%| F|  |TAMS 0x0000000087c00000, 0x0000000087c00000| Untracked 
| 125|0x0000000087d00000, 0x0000000087d00000, 0x0000000087e00000|  0%| F|  |TAMS 0x0000000087d00000, 0x0000000087d00000| Untracked 
| 126|0x0000000087e00000, 0x0000000087e00000, 0x0000000087f00000|  0%| F|  |TAMS 0x0000000087e00000, 0x0000000087e00000| Untracked 
| 127|0x0000000087f00000, 0x0000000087f00000, 0x0000000088000000|  0%| F|  |TAMS 0x0000000087f00000, 0x0000000087f00000| Untracked 
| 128|0x0000000088000000, 0x0000000088000000, 0x0000000088100000|  0%| F|  |TAMS 0x0000000088000000, 0x0000000088000000| Untracked 
| 129|0x0000000088100000, 0x0000000088100000, 0x0000000088200000|  0%| F|  |TAMS 0x0000000088100000, 0x0000000088100000| Untracked 
| 130|0x0000000088200000, 0x0000000088200000, 0x0000000088300000|  0%| F|  |TAMS 0x0000000088200000, 0x0000000088200000| Untracked 
| 131|0x0000000088300000, 0x0000000088300000, 0x0000000088400000|  0%| F|  |TAMS 0x0000000088300000, 0x0000000088300000| Untracked 
| 132|0x0000000088400000, 0x0000000088400000, 0x0000000088500000|  0%| F|  |TAMS 0x0000000088400000, 0x0000000088400000| Untracked 
| 133|0x0000000088500000, 0x0000000088500000, 0x0000000088600000|  0%| F|  |TAMS 0x0000000088500000, 0x0000000088500000| Untracked 
| 134|0x0000000088600000, 0x0000000088600000, 0x0000000088700000|  0%| F|  |TAMS 0x0000000088600000, 0x0000000088600000| Untracked 
| 135|0x0000000088700000, 0x00000000887b9b80, 0x0000000088800000| 72%| S|CS|TAMS 0x0000000088700000, 0x0000000088700000| Complete 
| 136|0x0000000088800000, 0x0000000088800000, 0x0000000088900000|  0%| F|  |TAMS 0x0000000088800000, 0x0000000088800000| Untracked 

Card table byte_map: [0x000001a71ace0000,0x000001a71b0e0000] _byte_map_base: 0x000001a71a8e0000

Marking Bits (Prev, Next): (CMBitMap*) 0x000001a70845a520, (CMBitMap*) 0x000001a70845a4e0
 Prev Bits: [0x000001a71d4e0000, 0x000001a71f4e0000)
 Next Bits: [0x000001a71b4e0000, 0x000001a71d4e0000)

Polling page: 0x000001a7062a0000

Metaspace:

Usage:
  Non-class:     58.15 MB used.
      Class:      9.13 MB used.
       Both:     67.29 MB used.

Virtual space:
  Non-class space:       64.00 MB reserved,      58.44 MB ( 91%) committed,  1 nodes.
      Class space:        1.00 GB reserved,       9.44 MB ( <1%) committed,  1 nodes.
             Both:        1.06 GB reserved,      67.88 MB (  6%) committed. 

Chunk freelists:
   Non-Class:  5.28 MB
       Class:  6.42 MB
        Both:  11.70 MB

MaxMetaspaceSize: unlimited
CompressedClassSpaceSize: 1.00 GB
Initial GC threshold: 21.00 MB
Current GC threshold: 110.31 MB
CDS: off
MetaspaceReclaimPolicy: balanced
 - commit_granule_bytes: 65536.
 - commit_granule_words: 8192.
 - virtual_space_node_default_size: 8388608.
 - enlarge_chunks_in_place: 1.
 - new_chunks_are_fully_committed: 0.
 - uncommit_free_chunks: 1.
 - use_allocation_guard: 0.
 - handle_deallocations: 1.


Internal statistics:

num_allocs_failed_limit: 6.
num_arena_births: 776.
num_arena_deaths: 0.
num_vsnodes_births: 2.
num_vsnodes_deaths: 0.
num_space_committed: 1086.
num_space_uncommitted: 0.
num_chunks_returned_to_freelist: 6.
num_chunks_taken_from_freelist: 3190.
num_chunk_merges: 6.
num_chunk_splits: 2102.
num_chunks_enlarged: 1380.
num_inconsistent_stats: 0.

CodeHeap 'non-profiled nmethods': size=120000Kb used=3451Kb max_used=3451Kb free=116548Kb
 bounds [0x000001a7133b0000, 0x000001a713710000, 0x000001a71a8e0000]
CodeHeap 'profiled nmethods': size=120000Kb used=12680Kb max_used=12680Kb free=107319Kb
 bounds [0x000001a70b8e0000, 0x000001a70c550000, 0x000001a712e10000]
CodeHeap 'non-nmethods': size=5760Kb used=1654Kb max_used=1749Kb free=4106Kb
 bounds [0x000001a712e10000, 0x000001a713080000, 0x000001a7133b0000]
 total_blobs=7506 nmethods=6774 adapters=643
 compilation: enabled
              stopped_count=0, restarted_count=0
 full_count=0

Compilation events (20 events):
Event: 6.617 Thread 0x000001a721b87f60 7566       3       org.gradle.tooling.internal.provider.runner.PluginApplicationTracker$$Lambda$824/0x0000000100740bc0::test (16 bytes)
Event: 6.617 Thread 0x000001a721b87f60 nmethod 7566 0x000001a70c540210 code [0x000001a70c5403e0, 0x000001a70c540938]
Event: 6.617 Thread 0x000001a721b87f60 7567       3       org.gradle.tooling.internal.provider.runner.PluginApplicationTracker::lambda$hasRunningPluginApplication$0 (34 bytes)
Event: 6.617 Thread 0x000001a721b87f60 nmethod 7567 0x000001a70c540b10 code [0x000001a70c540ce0, 0x000001a70c5410f8]
Event: 6.625 Thread 0x000001a721b87f60 7568       3       com.google.common.collect.ImmutableList::copyIntoArray (36 bytes)
Event: 6.626 Thread 0x000001a721b87f60 nmethod 7568 0x000001a70c541210 code [0x000001a70c5413e0, 0x000001a70c5418d8]
Event: 6.632 Thread 0x000001a7262e09c0 nmethod 7515 0x000001a713707190 code [0x000001a713707460, 0x000001a71370af80]
Event: 6.632 Thread 0x000001a7262e09c0 7531 %     4       java.util.regex.Matcher::search @ 46 (154 bytes)
Event: 6.639 Thread 0x000001a7262e09c0 nmethod 7531% 0x000001a71370c890 code [0x000001a71370ca60, 0x000001a71370d148]
Event: 6.639 Thread 0x000001a7262e09c0 7518       4       java.util.HashMap::getNode (150 bytes)
Event: 6.640 Thread 0x000001a721b87f60 7570       3       java.lang.invoke.LambdaForm$MH/0x00000001000f4000::invoke (25 bytes)
Event: 6.640 Thread 0x000001a721b87f60 nmethod 7570 0x000001a70c541a90 code [0x000001a70c541c60, 0x000001a70c542178]
Event: 6.642 Thread 0x000001a7262e09c0 nmethod 7518 0x000001a71370d690 code [0x000001a71370d820, 0x000001a71370db08]
Event: 6.642 Thread 0x000001a7262e09c0 7569       4       kotlin.jvm.internal.Intrinsics::checkNotNullParameter (9 bytes)
Event: 6.642 Thread 0x000001a7262e09c0 nmethod 7569 0x000001a71370dd10 code [0x000001a71370de80, 0x000001a71370def8]
Event: 6.642 Thread 0x000001a7262e09c0 7517       4       java.util.LinkedHashMap::afterNodeAccess (116 bytes)
Event: 6.650 Thread 0x000001a7262e09c0 nmethod 7517 0x000001a71370e010 code [0x000001a71370e1a0, 0x000001a71370e998]
Event: 6.650 Thread 0x000001a7262e09c0 7490       4       com.google.common.collect.MapMakerInternalMap$1::clear (1 bytes)
Event: 6.650 Thread 0x000001a7262e09c0 nmethod 7490 0x000001a71370ea90 code [0x000001a71370ec00, 0x000001a71370ec78]
Event: 6.650 Thread 0x000001a7262e09c0 7571       4       java.util.jar.JarFile::getEntry (35 bytes)

GC Heap History (20 events):
Event: 5.164 GC heap after
{Heap after GC invocations=17 (full 0):
 garbage-first heap   total 86016K, used 42918K [0x0000000080000000, 0x0000000100000000)
  region size 1024K, 3 young (3072K), 3 survivors (3072K)
 Metaspace       used 56996K, committed 57600K, reserved 1114112K
  class space    used 7775K, committed 8064K, reserved 1048576K
}
Event: 5.233 GC heap before
{Heap before GC invocations=18 (full 0):
 garbage-first heap   total 87040K, used 51110K [0x0000000080000000, 0x0000000100000000)
  region size 1024K, 8 young (8192K), 3 survivors (3072K)
 Metaspace       used 57305K, committed 57920K, reserved 1114112K
  class space    used 7842K, committed 8128K, reserved 1048576K
}
Event: 5.236 GC heap after
{Heap after GC invocations=19 (full 0):
 garbage-first heap   total 87040K, used 49996K [0x0000000080000000, 0x0000000100000000)
  region size 1024K, 2 young (2048K), 2 survivors (2048K)
 Metaspace       used 57305K, committed 57920K, reserved 1114112K
  class space    used 7842K, committed 8128K, reserved 1048576K
}
Event: 5.306 GC heap before
{Heap before GC invocations=20 (full 0):
 garbage-first heap   total 106496K, used 63308K [0x0000000080000000, 0x0000000100000000)
  region size 1024K, 10 young (10240K), 2 survivors (2048K)
 Metaspace       used 57343K, committed 57920K, reserved 1114112K
  class space    used 7847K, committed 8128K, reserved 1048576K
}
Event: 5.309 GC heap after
{Heap after GC invocations=21 (full 0):
 garbage-first heap   total 106496K, used 60145K [0x0000000080000000, 0x0000000100000000)
  region size 1024K, 2 young (2048K), 2 survivors (2048K)
 Metaspace       used 57343K, committed 57920K, reserved 1114112K
  class space    used 7847K, committed 8128K, reserved 1048576K
}
Event: 5.453 GC heap before
{Heap before GC invocations=22 (full 0):
 garbage-first heap   total 109568K, used 76529K [0x0000000080000000, 0x0000000100000000)
  region size 1024K, 18 young (18432K), 2 survivors (2048K)
 Metaspace       used 58499K, committed 59072K, reserved 1114112K
  class space    used 8000K, committed 8256K, reserved 1048576K
}
Event: 5.455 GC heap after
{Heap after GC invocations=23 (full 0):
 garbage-first heap   total 109568K, used 63007K [0x0000000080000000, 0x0000000100000000)
  region size 1024K, 2 young (2048K), 2 survivors (2048K)
 Metaspace       used 58499K, committed 59072K, reserved 1114112K
  class space    used 8000K, committed 8256K, reserved 1048576K
}
Event: 5.478 GC heap before
{Heap before GC invocations=23 (full 0):
 garbage-first heap   total 109568K, used 67103K [0x0000000080000000, 0x0000000100000000)
  region size 1024K, 5 young (5120K), 2 survivors (2048K)
 Metaspace       used 58702K, committed 59264K, reserved 1114112K
  class space    used 8032K, committed 8320K, reserved 1048576K
}
Event: 5.480 GC heap after
{Heap after GC invocations=24 (full 0):
 garbage-first heap   total 132096K, used 63188K [0x0000000080000000, 0x0000000100000000)
  region size 1024K, 1 young (1024K), 1 survivors (1024K)
 Metaspace       used 58702K, committed 59264K, reserved 1114112K
  class space    used 8032K, committed 8320K, reserved 1048576K
}
Event: 5.707 GC heap before
{Heap before GC invocations=24 (full 0):
 garbage-first heap   total 132096K, used 89812K [0x0000000080000000, 0x0000000100000000)
  region size 1024K, 28 young (28672K), 1 survivors (1024K)
 Metaspace       used 60982K, committed 61568K, reserved 1114112K
  class space    used 8330K, committed 8640K, reserved 1048576K
}
Event: 5.709 GC heap after
{Heap after GC invocations=25 (full 0):
 garbage-first heap   total 132096K, used 63957K [0x0000000080000000, 0x0000000100000000)
  region size 1024K, 1 young (1024K), 1 survivors (1024K)
 Metaspace       used 60982K, committed 61568K, reserved 1114112K
  class space    used 8330K, committed 8640K, reserved 1048576K
}
Event: 6.022 GC heap before
{Heap before GC invocations=26 (full 0):
 garbage-first heap   total 132096K, used 94677K [0x0000000080000000, 0x0000000100000000)
  region size 1024K, 31 young (31744K), 1 survivors (1024K)
 Metaspace       used 64203K, committed 64768K, reserved 1114112K
  class space    used 8686K, committed 8960K, reserved 1048576K
}
Event: 6.027 GC heap after
{Heap after GC invocations=27 (full 0):
 garbage-first heap   total 132096K, used 64636K [0x0000000080000000, 0x0000000100000000)
  region size 1024K, 2 young (2048K), 2 survivors (2048K)
 Metaspace       used 64203K, committed 64768K, reserved 1114112K
  class space    used 8686K, committed 8960K, reserved 1048576K
}
Event: 6.106 GC heap before
{Heap before GC invocations=27 (full 0):
 garbage-first heap   total 132096K, used 68732K [0x0000000080000000, 0x0000000100000000)
  region size 1024K, 6 young (6144K), 2 survivors (2048K)
 Metaspace       used 64574K, committed 65152K, reserved 1114112K
  class space    used 8761K, committed 9024K, reserved 1048576K
}
Event: 6.109 GC heap after
{Heap after GC invocations=28 (full 0):
 garbage-first heap   total 132096K, used 64440K [0x0000000080000000, 0x0000000100000000)
  region size 1024K, 1 young (1024K), 1 survivors (1024K)
 Metaspace       used 64574K, committed 65152K, reserved 1114112K
  class space    used 8761K, committed 9024K, reserved 1048576K
}
Event: 6.322 GC heap before
{Heap before GC invocations=28 (full 0):
 garbage-first heap   total 132096K, used 81848K [0x0000000080000000, 0x0000000100000000)
  region size 1024K, 19 young (19456K), 1 survivors (1024K)
 Metaspace       used 67187K, committed 67776K, reserved 1114112K
  class space    used 9107K, committed 9408K, reserved 1048576K
}
Event: 6.324 GC heap after
{Heap after GC invocations=29 (full 0):
 garbage-first heap   total 132096K, used 66241K [0x0000000080000000, 0x0000000100000000)
  region size 1024K, 3 young (3072K), 3 survivors (3072K)
 Metaspace       used 67187K, committed 67776K, reserved 1114112K
  class space    used 9107K, committed 9408K, reserved 1048576K
}
Event: 6.645 GC heap before
{Heap before GC invocations=30 (full 0):
 garbage-first heap   total 140288K, used 104129K [0x0000000080000000, 0x0000000100000000)
  region size 1024K, 35 young (35840K), 3 survivors (3072K)
 Metaspace       used 68819K, committed 69440K, reserved 1114112K
  class space    used 9342K, committed 9664K, reserved 1048576K
}
Event: 6.648 GC heap after
{Heap after GC invocations=31 (full 0):
 garbage-first heap   total 140288K, used 70227K [0x0000000080000000, 0x0000000100000000)
  region size 1024K, 5 young (5120K), 5 survivors (5120K)
 Metaspace       used 68819K, committed 69440K, reserved 1114112K
  class space    used 9342K, committed 9664K, reserved 1048576K
}
Event: 6.656 GC heap before
{Heap before GC invocations=31 (full 0):
 garbage-first heap   total 140288K, used 71251K [0x0000000080000000, 0x0000000100000000)
  region size 1024K, 6 young (6144K), 5 survivors (5120K)
 Metaspace       used 68901K, committed 69504K, reserved 1114112K
  class space    used 9352K, committed 9664K, reserved 1048576K
}

Dll operation events (3 events):
Event: 0.007 Loaded shared library C:\Program Files\Android\Android Studio\jbr\bin\java.dll
Event: 0.110 Loaded shared library C:\Program Files\Android\Android Studio\jbr\bin\zip.dll
Event: 0.351 Loaded shared library C:\Program Files\Android\Android Studio\jbr\bin\verify.dll

Deoptimization events (20 events):
Event: 6.358 Thread 0x000001a727c49790 DEOPT PACKING pc=0x000001a70c4e5ee6 sp=0x000000699d3f1fa0
Event: 6.358 Thread 0x000001a727c49790 DEOPT UNPACKING pc=0x000001a712e67143 sp=0x000000699d3f1420 mode 0
Event: 6.358 Thread 0x000001a727c49790 DEOPT PACKING pc=0x000001a70c4f94b8 sp=0x000000699d3f2080
Event: 6.358 Thread 0x000001a727c49790 DEOPT UNPACKING pc=0x000001a712e67143 sp=0x000000699d3f1500 mode 0
Event: 6.358 Thread 0x000001a727c49790 DEOPT PACKING pc=0x000001a70c4f94b8 sp=0x000000699d3f2080
Event: 6.358 Thread 0x000001a727c49790 DEOPT UNPACKING pc=0x000001a712e67143 sp=0x000000699d3f1500 mode 0
Event: 6.359 Thread 0x000001a727c49790 DEOPT PACKING pc=0x000001a70c4f94b8 sp=0x000000699d3f2080
Event: 6.359 Thread 0x000001a727c49790 DEOPT UNPACKING pc=0x000001a712e67143 sp=0x000000699d3f1500 mode 0
Event: 6.359 Thread 0x000001a727c49790 DEOPT PACKING pc=0x000001a70c4f94b8 sp=0x000000699d3f2080
Event: 6.359 Thread 0x000001a727c49790 DEOPT UNPACKING pc=0x000001a712e67143 sp=0x000000699d3f1500 mode 0
Event: 6.359 Thread 0x000001a727c49790 DEOPT PACKING pc=0x000001a70c4f94b8 sp=0x000000699d3f2080
Event: 6.359 Thread 0x000001a727c49790 DEOPT UNPACKING pc=0x000001a712e67143 sp=0x000000699d3f1500 mode 0
Event: 6.359 Thread 0x000001a727c49790 DEOPT PACKING pc=0x000001a70c4e66b8 sp=0x000000699d3f20b0
Event: 6.359 Thread 0x000001a727c49790 DEOPT UNPACKING pc=0x000001a712e67143 sp=0x000000699d3f1530 mode 0
Event: 6.359 Thread 0x000001a727c49790 DEOPT PACKING pc=0x000001a70c4f94b8 sp=0x000000699d3f2080
Event: 6.359 Thread 0x000001a727c49790 DEOPT UNPACKING pc=0x000001a712e67143 sp=0x000000699d3f1500 mode 0
Event: 6.359 Thread 0x000001a727c49790 DEOPT PACKING pc=0x000001a70c4e5ee6 sp=0x000000699d3f1fa0
Event: 6.359 Thread 0x000001a727c49790 DEOPT UNPACKING pc=0x000001a712e67143 sp=0x000000699d3f1420 mode 0
Event: 6.359 Thread 0x000001a727c49790 DEOPT PACKING pc=0x000001a70c4f94b8 sp=0x000000699d3f2080
Event: 6.359 Thread 0x000001a727c49790 DEOPT UNPACKING pc=0x000001a712e67143 sp=0x000000699d3f1500 mode 0

Classes unloaded (0 events):
No events

Classes redefined (0 events):
No events

Internal exceptions (20 events):
Event: 5.108 Thread 0x000001a727c48350 Exception <a 'java/lang/NoSuchMethodError'{0x00000000849cf010}: static Lorg/gradle/internal/build/event/types/DefaultOperationFinishedProgressEvent;.<clinit>()V> (0x00000000849cf010) 
thrown [s\src\hotspot\share\prims\jni.cpp, line 1127]
Event: 5.109 Thread 0x000001a727c48350 Exception <a 'java/lang/NoSuchMethodError'{0x00000000849f9538}: static Lorg/gradle/internal/build/event/types/DefaultProjectConfigurationSuccessResult;.<clinit>()V> (0x00000000849f9538) 
thrown [s\src\hotspot\share\prims\jni.cpp, line 1127]
Event: 5.110 Thread 0x000001a727c48350 Exception <a 'java/lang/NoSuchMethodError'{0x00000000849fdd18}: static Lorg/gradle/internal/build/event/types/AbstractProjectConfigurationResult;.<clinit>()V> (0x00000000849fdd18) 
thrown [s\src\hotspot\share\prims\jni.cpp, line 1127]
Event: 5.110 Thread 0x000001a727c48350 Exception <a 'java/lang/NoSuchMethodError'{0x00000000849ff1a0}: static Lorg/gradle/internal/build/event/types/AbstractOperationResult;.<clinit>()V> (0x00000000849ff1a0) 
thrown [s\src\hotspot\share\prims\jni.cpp, line 1127]
Event: 5.110 Thread 0x000001a727c48350 Exception <a 'java/lang/NoSuchMethodError'{0x0000000084800578}: static Lorg/gradle/internal/build/event/types/AbstractResult;.<clinit>()V> (0x0000000084800578) 
thrown [s\src\hotspot\share\prims\jni.cpp, line 1127]
Event: 5.111 Thread 0x000001a727c48350 Exception <a 'java/lang/NoSuchMethodError'{0x000000008487b948}: static Lorg/gradle/internal/build/event/types/DefaultPluginApplicationResult;.<clinit>()V> (0x000000008487b948) 
thrown [s\src\hotspot\share\prims\jni.cpp, line 1127]
Event: 5.111 Thread 0x000001a727c48350 Exception <a 'java/lang/NoSuchMethodError'{0x0000000084887ee0}: static Lorg/gradle/internal/build/event/types/DefaultBinaryPluginIdentifier;.<clinit>()V> (0x0000000084887ee0) 
thrown [s\src\hotspot\share\prims\jni.cpp, line 1127]
Event: 5.113 Thread 0x000001a727c48350 Exception <a 'java/lang/NoSuchMethodError'{0x00000000848a4200}: static Lorg/gradle/internal/build/event/types/DefaultScriptPluginIdentifier;.<clinit>()V> (0x00000000848a4200) 
thrown [s\src\hotspot\share\prims\jni.cpp, line 1127]
Event: 5.149 Thread 0x000001a727c49790 Implicit null exception at 0x000001a7136abd12 to 0x000001a7136ac3b8
Event: 5.149 Thread 0x000001a727c49790 Implicit null exception at 0x000001a7136aad14 to 0x000001a7136ab410
Event: 5.198 Thread 0x000001a727c49790 Exception <a 'java/lang/NoSuchMethodError'{0x000000008514f6d8}: 'void java.lang.invoke.Invokers$Holder.invoke_MT(java.lang.Object, java.lang.Object, java.lang.Object, java.lang.Object)'> (0x000000008514f6d8) 
thrown [s\src\hotspot\share\interpreter\linkResolver.cpp, line 771]
Event: 5.204 Thread 0x000001a727c49790 Exception <a 'java/lang/NoSuchMethodError'{0x00000000851cf800}: 'java.lang.Object java.lang.invoke.DirectMethodHandle$Holder.invokeSpecial(java.lang.Object, java.lang.Object, java.lang.Object, int, java.lang.Object, java.lang.Object)'> (0x00000000851cf800) 
thrown [s\src\hotspot\share\interpreter\linkResolver.cpp, line 771]
Event: 5.300 Thread 0x000001a727c49790 Exception <a 'java/lang/ClassNotFoundException'{0x00000000866c9ec0}: sun/misc/SharedSecrets> (0x00000000866c9ec0) 
thrown [s\src\hotspot\share\classfile\systemDictionary.cpp, line 256]
Event: 5.300 Thread 0x000001a727c49790 Exception <a 'java/lang/ClassNotFoundException'{0x00000000866cb498}: org/gradle/api/internal/plugins/DefaultObjectConfigurationActionBeanInfo> (0x00000000866cb498) 
thrown [s\src\hotspot\share\classfile\systemDictionary.cpp, line 256]
Event: 5.300 Thread 0x000001a727c49790 Exception <a 'java/lang/ClassNotFoundException'{0x00000000866e1a68}: org/gradle/api/internal/plugins/DefaultObjectConfigurationActionCustomizer> (0x00000000866e1a68) 
thrown [s\src\hotspot\share\classfile\systemDictionary.cpp, line 256]
Event: 5.932 Thread 0x000001a727c49790 Exception <a 'sun/nio/fs/WindowsException'{0x0000000086877ab0}> (0x0000000086877ab0) 
thrown [s\src\hotspot\share\prims\jni.cpp, line 531]
Event: 6.276 Thread 0x000001a727c49790 Implicit null exception at 0x000001a713580d8c to 0x000001a713580ec2
Event: 6.345 Thread 0x000001a727c49790 Implicit null exception at 0x000001a7136de1ca to 0x000001a7136dea38
Event: 6.380 Thread 0x000001a727c49790 Exception <a 'sun/nio/fs/WindowsException'{0x000000008767b838}> (0x000000008767b838) 
thrown [s\src\hotspot\share\prims\jni.cpp, line 531]
Event: 6.380 Thread 0x000001a727c49790 Exception <a 'sun/nio/fs/WindowsException'{0x000000008767d378}> (0x000000008767d378) 
thrown [s\src\hotspot\share\prims\jni.cpp, line 531]

VM Operations (20 events):
Event: 5.758 Executing VM operation: G1PauseRemark done
Event: 5.779 Executing VM operation: G1PauseCleanup
Event: 5.779 Executing VM operation: G1PauseCleanup done
Event: 6.022 Executing VM operation: G1CollectForAllocation
Event: 6.027 Executing VM operation: G1CollectForAllocation done
Event: 6.106 Executing VM operation: G1CollectForAllocation
Event: 6.109 Executing VM operation: G1CollectForAllocation done
Event: 6.246 Executing VM operation: HandshakeAllThreads
Event: 6.246 Executing VM operation: HandshakeAllThreads done
Event: 6.286 Executing VM operation: HandshakeAllThreads
Event: 6.286 Executing VM operation: HandshakeAllThreads done
Event: 6.322 Executing VM operation: G1TryInitiateConcMark
Event: 6.324 Executing VM operation: G1TryInitiateConcMark done
Event: 6.374 Executing VM operation: G1PauseRemark
Event: 6.377 Executing VM operation: G1PauseRemark done
Event: 6.400 Executing VM operation: G1PauseCleanup
Event: 6.401 Executing VM operation: G1PauseCleanup done
Event: 6.645 Executing VM operation: G1CollectForAllocation
Event: 6.648 Executing VM operation: G1CollectForAllocation done
Event: 6.656 Executing VM operation: G1CollectForAllocation

Events (20 events):
Event: 6.311 loading class java/security/interfaces/ECKey
Event: 6.311 loading class java/security/interfaces/ECKey done
Event: 6.311 loading class java/security/interfaces/XECKey
Event: 6.311 loading class java/security/interfaces/XECKey done
Event: 6.311 loading class sun/security/util/KeyUtil
Event: 6.311 loading class sun/security/util/KeyUtil done
Event: 6.311 loading class sun/security/util/Length
Event: 6.311 loading class sun/security/util/Length done
Event: 6.311 loading class javax/crypto/SecretKey
Event: 6.312 loading class javax/crypto/SecretKey done
Event: 6.312 loading class java/util/Base64
Event: 6.313 loading class java/util/Base64 done
Event: 6.313 loading class java/util/Base64$Decoder
Event: 6.313 loading class java/util/Base64$Decoder done
Event: 6.313 loading class java/util/Base64$Encoder
Event: 6.314 loading class java/util/Base64$Encoder done
Event: 6.314 loading class java/util/jar/JarVerifier$VerifierStream
Event: 6.314 loading class java/util/jar/JarVerifier$VerifierStream done
Event: 6.314 loading class sun/security/util/ManifestEntryVerifier$SunProviderHolder
Event: 6.315 loading class sun/security/util/ManifestEntryVerifier$SunProviderHolder done


Dynamic libraries:
0x00007ff661230000 - 0x00007ff66123a000 	C:\Program Files\Android\Android Studio\jbr\bin\java.exe
0x00007ff801b50000 - 0x00007ff801d48000 	C:\WINDOWS\SYSTEM32\ntdll.dll
0x00007ff800ce0000 - 0x00007ff800da1000 	C:\WINDOWS\System32\KERNEL32.DLL
0x00007fffff580000 - 0x00007fffff876000 	C:\WINDOWS\System32\KERNELBASE.dll
0x00007ff800010000 - 0x00007ff800110000 	C:\WINDOWS\System32\ucrtbase.dll
0x00007fffe8450000 - 0x00007fffe846b000 	C:\Program Files\Android\Android Studio\jbr\bin\VCRUNTIME140.dll
0x00007fffe8210000 - 0x00007fffe8227000 	C:\Program Files\Android\Android Studio\jbr\bin\jli.dll
0x00007ff800660000 - 0x00007ff8007ff000 	C:\WINDOWS\System32\USER32.dll
0x00007ff800230000 - 0x00007ff800252000 	C:\WINDOWS\System32\win32u.dll
0x00007fffe7690000 - 0x00007fffe792a000 	C:\WINDOWS\WinSxS\amd64_microsoft.windows.common-controls_6595b64144ccf1df_6.0.19041.4355_none_60b8b9eb71f62e16\COMCTL32.dll
0x00007ff800e60000 - 0x00007ff800e8b000 	C:\WINDOWS\System32\GDI32.dll
0x00007ff800be0000 - 0x00007ff800c7e000 	C:\WINDOWS\System32\msvcrt.dll
0x00007fffff460000 - 0x00007fffff577000 	C:\WINDOWS\System32\gdi32full.dll
0x00007ff800110000 - 0x00007ff8001ad000 	C:\WINDOWS\System32\msvcp_win.dll
0x00007ff8004f0000 - 0x00007ff80051f000 	C:\WINDOWS\System32\IMM32.DLL
0x00007ffff9e80000 - 0x00007ffff9e8c000 	C:\Program Files\Android\Android Studio\jbr\bin\vcruntime140_1.dll
0x00007fffd0b40000 - 0x00007fffd0bcd000 	C:\Program Files\Android\Android Studio\jbr\bin\msvcp140.dll
0x00007fff99070000 - 0x00007fff99cf3000 	C:\Program Files\Android\Android Studio\jbr\bin\server\jvm.dll
0x00007ff800440000 - 0x00007ff8004f0000 	C:\WINDOWS\System32\ADVAPI32.dll
0x00007ff800dc0000 - 0x00007ff800e60000 	C:\WINDOWS\System32\sechost.dll
0x00007ff800800000 - 0x00007ff800923000 	C:\WINDOWS\System32\RPCRT4.dll
0x00007ff8001b0000 - 0x00007ff8001d7000 	C:\WINDOWS\System32\bcrypt.dll
0x00007ffffebc0000 - 0x00007ffffec0b000 	C:\WINDOWS\SYSTEM32\POWRPROF.dll
0x00007ffff9fb0000 - 0x00007ffff9fb9000 	C:\WINDOWS\SYSTEM32\WSOCK32.dll
0x00007ff8002f0000 - 0x00007ff80035b000 	C:\WINDOWS\System32\WS2_32.dll
0x00007ffff3d40000 - 0x00007ffff3d67000 	C:\WINDOWS\SYSTEM32\WINMM.dll
0x00007ffff7e20000 - 0x00007ffff7e2a000 	C:\WINDOWS\SYSTEM32\VERSION.dll
0x00007ffffeba0000 - 0x00007ffffebb2000 	C:\WINDOWS\SYSTEM32\UMPDC.dll
0x00007ffffd090000 - 0x00007ffffd0a2000 	C:\WINDOWS\SYSTEM32\kernel.appcore.dll
0x00007ffff9210000 - 0x00007ffff921a000 	C:\Program Files\Android\Android Studio\jbr\bin\jimage.dll
0x00007ffff3150000 - 0x00007ffff3334000 	C:\WINDOWS\SYSTEM32\DBGHELP.DLL
0x00007ffff2260000 - 0x00007ffff2294000 	C:\WINDOWS\SYSTEM32\dbgcore.DLL
0x00007ff800260000 - 0x00007ff8002e2000 	C:\WINDOWS\System32\bcryptPrimitives.dll
0x00007fffea400000 - 0x00007fffea40e000 	C:\Program Files\Android\Android Studio\jbr\bin\instrument.dll
0x00007fffec6f0000 - 0x00007fffec715000 	C:\Program Files\Android\Android Studio\jbr\bin\java.dll
0x00007fffe89d0000 - 0x00007fffe89e8000 	C:\Program Files\Android\Android Studio\jbr\bin\zip.dll
0x00007fffff880000 - 0x00007ffffffec000 	C:\WINDOWS\System32\SHELL32.dll
0x00007ffffd290000 - 0x00007ffffda2e000 	C:\WINDOWS\SYSTEM32\windows.storage.dll
0x00007ff801380000 - 0x00007ff8016d3000 	C:\WINDOWS\System32\combase.dll
0x00007ffffec10000 - 0x00007ffffec3e000 	C:\WINDOWS\SYSTEM32\Wldp.dll
0x00007ff800a50000 - 0x00007ff800b1d000 	C:\WINDOWS\System32\OLEAUT32.dll
0x00007ff801a60000 - 0x00007ff801b0d000 	C:\WINDOWS\System32\SHCORE.dll
0x00007ff8003e0000 - 0x00007ff800435000 	C:\WINDOWS\System32\shlwapi.dll
0x00007fffff120000 - 0x00007fffff144000 	C:\WINDOWS\SYSTEM32\profapi.dll
0x00007fffe8640000 - 0x00007fffe8659000 	C:\Program Files\Android\Android Studio\jbr\bin\net.dll
0x00007ffff8090000 - 0x00007ffff819a000 	C:\WINDOWS\SYSTEM32\WINHTTP.dll
0x00007ffffe8a0000 - 0x00007ffffe90a000 	C:\WINDOWS\system32\mswsock.dll
0x00007fffe8580000 - 0x00007fffe8596000 	C:\Program Files\Android\Android Studio\jbr\bin\nio.dll
0x00007fffec5f0000 - 0x00007fffec600000 	C:\Program Files\Android\Android Studio\jbr\bin\verify.dll
0x00007fffd8500000 - 0x00007fffd8527000 	C:\Users\misha\.gradle\native\c067742578af261105cb4f569cf0c3c89f3d7b1fecec35dd04571415982c5e48\windows-amd64\native-platform.dll
0x00007fffd1be0000 - 0x00007fffd1d24000 	C:\Users\misha\.gradle\native\38dada09dfb8b06ba9b0570ebf7e218e3eb74d4ef43ca46872605cf95ebc2f47\windows-amd64\native-platform-file-events.dll
0x00007fffeb190000 - 0x00007fffeb199000 	C:\Program Files\Android\Android Studio\jbr\bin\management.dll
0x00007fffeadb0000 - 0x00007fffeadbb000 	C:\Program Files\Android\Android Studio\jbr\bin\management_ext.dll
0x00007ff801a50000 - 0x00007ff801a58000 	C:\WINDOWS\System32\PSAPI.DLL
0x00007ffffea90000 - 0x00007ffffeaa8000 	C:\WINDOWS\SYSTEM32\CRYPTSP.dll
0x00007ffffe1c0000 - 0x00007ffffe1f4000 	C:\WINDOWS\system32\rsaenh.dll
0x00007fffff090000 - 0x00007fffff0be000 	C:\WINDOWS\SYSTEM32\USERENV.dll
0x00007ffffeab0000 - 0x00007ffffeabc000 	C:\WINDOWS\SYSTEM32\CRYPTBASE.dll
0x00007ffffe580000 - 0x00007ffffe5bb000 	C:\WINDOWS\SYSTEM32\IPHLPAPI.DLL
0x00007ff800db0000 - 0x00007ff800db8000 	C:\WINDOWS\System32\NSI.dll
0x00007ffff96a0000 - 0x00007ffff96b7000 	C:\WINDOWS\SYSTEM32\dhcpcsvc6.DLL
0x00007ffff9390000 - 0x00007ffff93ad000 	C:\WINDOWS\SYSTEM32\dhcpcsvc.DLL
0x00007ffffe5c0000 - 0x00007ffffe68a000 	C:\WINDOWS\SYSTEM32\DNSAPI.dll
0x00007fffeccf0000 - 0x00007fffeccf9000 	C:\Program Files\Android\Android Studio\jbr\bin\extnet.dll
0x00007ffff66a0000 - 0x00007ffff66a7000 	C:\WINDOWS\system32\wshunix.dll

dbghelp: loaded successfully - version: 4.0.5 - missing functions: none
symbol engine: initialized successfully - sym options: 0x614 - pdb path: .;C:\Program Files\Android\Android Studio\jbr\bin;C:\WINDOWS\SYSTEM32;C:\WINDOWS\WinSxS\amd64_microsoft.windows.common-controls_6595b64144ccf1df_6.0.19041.4355_none_60b8b9eb71f62e16;C:\Program Files\Android\Android Studio\jbr\bin\server;C:\Users\misha\.gradle\native\c067742578af261105cb4f569cf0c3c89f3d7b1fecec35dd04571415982c5e48\windows-amd64;C:\Users\misha\.gradle\native\38dada09dfb8b06ba9b0570ebf7e218e3eb74d4ef43ca46872605cf95ebc2f47\windows-amd64

VM Arguments:
jvm_args: --add-opens=java.base/java.util=ALL-UNNAMED --add-opens=java.base/java.lang=ALL-UNNAMED --add-opens=java.base/java.lang.invoke=ALL-UNNAMED --add-opens=java.prefs/java.util.prefs=ALL-UNNAMED --add-opens=java.base/java.nio.charset=ALL-UNNAMED --add-opens=java.base/java.net=ALL-UNNAMED --add-opens=java.base/java.util.concurrent.atomic=ALL-UNNAMED -Xmx2048m -Dfile.encoding=UTF-8 -Duser.country=RU -Duser.language=ru -Duser.variant -javaagent:C:\Users\misha\.gradle\wrapper\dists\gradle-8.7-bin\bhs2wmbdwecv87pi65oeuq5iu\gradle-8.7\lib\agents\gradle-instrumentation-agent-8.7.jar 
java_command: org.gradle.launcher.daemon.bootstrap.GradleDaemon 8.7
java_class_path (initial): C:\Users\misha\.gradle\wrapper\dists\gradle-8.7-bin\bhs2wmbdwecv87pi65oeuq5iu\gradle-8.7\lib\gradle-launcher-8.7.jar
Launcher Type: SUN_STANDARD

[Global flags]
     intx CICompilerCount                          = 3                                         {product} {ergonomic}
     uint ConcGCThreads                            = 1                                         {product} {ergonomic}
     uint G1ConcRefinementThreads                  = 4                                         {product} {ergonomic}
   size_t G1HeapRegionSize                         = 1048576                                   {product} {ergonomic}
    uintx GCDrainStackTargetSize                   = 64                                        {product} {ergonomic}
   size_t InitialHeapSize                          = 134217728                                 {product} {ergonomic}
   size_t MarkStackSize                            = 4194304                                   {product} {ergonomic}
   size_t MaxHeapSize                              = 2147483648                                {product} {command line}
   size_t MaxNewSize                               = 1287651328                                {product} {ergonomic}
   size_t MinHeapDeltaBytes                        = 1048576                                   {product} {ergonomic}
   size_t MinHeapSize                              = 8388608                                   {product} {ergonomic}
    uintx NonNMethodCodeHeapSize                   = 5832780                                {pd product} {ergonomic}
    uintx NonProfiledCodeHeapSize                  = 122912730                              {pd product} {ergonomic}
    uintx ProfiledCodeHeapSize                     = 122912730                              {pd product} {ergonomic}
    uintx ReservedCodeCacheSize                    = 251658240                              {pd product} {ergonomic}
     bool SegmentedCodeCache                       = true                                      {product} {ergonomic}
   size_t SoftMaxHeapSize                          = 2147483648                             {manageable} {ergonomic}
     bool UseCompressedClassPointers               = true                           {product lp64_product} {ergonomic}
     bool UseCompressedOops                        = true                           {product lp64_product} {ergonomic}
     bool UseG1GC                                  = true                                      {product} {ergonomic}
     bool UseLargePagesIndividualAllocation        = false                                  {pd product} {ergonomic}

Logging:
Log output configuration:
 #0: stdout all=warning uptime,level,tags
 #1: stderr all=off uptime,level,tags

Environment Variables:
JAVA_HOME=C:\Program Files\Android\Android Studio\jbr
PATH=C:\WINDOWS\system32;C:\WINDOWS;C:\WINDOWS\System32\Wbem;C:\WINDOWS\System32\WindowsPowerShell\v1.0\;C:\WINDOWS\System32\OpenSSH\;C:\Program Files\NVIDIA Corporation\NVIDIA NvDLISR;C:\Program Files\Git\cmd;C:\Program Files\nodejs\;C:\Program Files (x86)\NVIDIA Corporation\PhysX\Common;C:\Users\misha\AppData\Local\Microsoft\WindowsApps;C:\Users\misha\AppData\Local\Programs\Microsoft VS Code\bin;C:\flutter\bin;C:\flutter;C:\Users\misha\AppData\Local\Android\Sdk;C:\Users\misha\AppData\Local\Pub\Cache\bin;C:\Program Files\Git\cmd;C:\Program Files\Git\bin;C:\Windows\System32;C:\Users\misha\StudioProjects\chat_app\functions;C:\Users\misha\AppData\Roaming;C:\flutter\bin\cache\dart-sdk\bin;C:\Users\misha\AppData\Roaming\npm
USERNAME=misha
OS=Windows_NT
PROCESSOR_IDENTIFIER=Intel64 Family 6 Model 158 Stepping 11, GenuineIntel
TMP=C:\Users\misha\AppData\Local\Temp
TEMP=C:\Users\misha\AppData\Local\Temp



Periodic native trim disabled

JNI global refs:
JNI global refs: 26, weak refs: 0

JNI global refs memory usage: 843, weak refs: 841

Process memory usage:
Resident Set Size: 336856K (4% of 8321972K total physical memory with 528352K free physical memory)

OOME stack traces (most recent first):
Classloader memory used:
Loader org.gradle.internal.classloader.VisitableURLClassLoader                         : 3649K
Loader bootstrap                                                                       : 2701K
Loader org.gradle.initialization.MixInLegacyTypesClassLoader                           : 1223K
Loader org.gradle.internal.classloader.VisitableURLClassLoader$InstrumentingVisitableURLClassLoader: 898K
Loader jdk.internal.loader.ClassLoaders$PlatformClassLoader                            : 67630B
Loader jdk.internal.reflect.DelegatingClassLoader                                      : 31936B
Loader jdk.internal.loader.ClassLoaders$AppClassLoader                                 : 28715B
Loader org.gradle.internal.classloader.VisitableURLClassLoader                         : 16067B

Classes loaded by more than one classloader:
Class Program                                                                         : loaded 4 times (x 72B)
Class com.google.common.collect.Iterators$MergingIterator                             : loaded 2 times (x 79B)
Class org.objectweb.asm.ModuleVisitor                                                 : loaded 2 times (x 79B)
Class [Lcom.google.common.collect.AbstractMapEntry;                                   : loaded 2 times (x 67B)
Class com.google.common.collect.SingletonImmutableList                                : loaded 2 times (x 167B)
Class com.google.common.cache.CacheLoader$SupplierToCacheLoader                       : loaded 2 times (x 73B)
Class org.gradle.internal.classpath.ClassPath                                         : loaded 2 times (x 68B)
Class com.google.common.cache.RemovalListener                                         : loaded 2 times (x 68B)
Class org.gradle.api.internal.classpath.DefaultModuleRegistry                         : loaded 2 times (x 84B)
Class Settings_gradle$1$1                                                             : loaded 2 times (x 72B)
Class com.google.common.collect.ImmutableEnumSet                                      : loaded 2 times (x 144B)
Class com.google.common.collect.ListMultimap                                          : loaded 2 times (x 68B)
Class com.google.common.base.CharMatcher$JavaDigit                                    : loaded 2 times (x 109B)
Class com.google.common.base.CharMatcher$Digit                                        : loaded 2 times (x 110B)
Class com.google.common.collect.AbstractMultimap                                      : loaded 2 times (x 121B)
Class com.google.common.cache.CacheBuilder$OneWeigher                                 : loaded 2 times (x 80B)
Class org.gradle.api.Action                                                           : loaded 2 times (x 68B)
Class com.google.common.collect.ImmutableEntry                                        : loaded 2 times (x 80B)
Class com.google.common.collect.Lists$StringAsImmutableList                           : loaded 2 times (x 167B)
Class com.google.common.cache.LocalCache$StrongEntry                                  : loaded 2 times (x 106B)
Class org.objectweb.asm.FieldWriter                                                   : loaded 2 times (x 76B)
Class com.google.common.base.CharMatcher                                              : loaded 2 times (x 109B)
Class com.google.common.base.CharMatcher$IsNot                                        : loaded 2 times (x 109B)
Class com.google.common.base.Splitter                                                 : loaded 2 times (x 70B)
Class [Lcom.google.common.cache.Weigher;                                              : loaded 2 times (x 67B)
Class com.google.common.collect.Iterators$ArrayItr                                    : loaded 2 times (x 95B)
Class com.google.common.cache.LocalCache$Segment                                      : loaded 2 times (x 152B)
Class org.gradle.api.internal.DefaultClassPathProvider                                : loaded 2 times (x 74B)
Class org.gradle.internal.installation.GradleInstallation$1                           : loaded 2 times (x 73B)
Class com.google.common.cache.LocalCache$AbstractReferenceEntry                       : loaded 2 times (x 105B)
Class org.objectweb.asm.Type                                                          : loaded 2 times (x 70B)
Class com.google.common.util.concurrent.AbstractFuture$Failure                        : loaded 2 times (x 70B)
Class com.google.common.base.CharMatcher$BitSetMatcher                                : loaded 2 times (x 110B)
Class com.google.common.collect.ImmutableMap$IteratorBasedImmutableMap                : loaded 2 times (x 123B)
Class com.google.common.collect.ImmutableMap                                          : loaded 2 times (x 118B)
Class com.google.common.base.Converter                                                : loaded 2 times (x 88B)
Class com.google.common.collect.ImmutableSet$EmptySetBuilderImpl                      : loaded 2 times (x 74B)
Class com.google.common.base.Equivalence                                              : loaded 2 times (x 80B)
Class com.google.common.primitives.Ints                                               : loaded 2 times (x 69B)
Class com.google.common.cache.LocalCache$EntryFactory$1                               : loaded 2 times (x 81B)
Class com.google.common.cache.LocalCache$EntryFactory$2                               : loaded 2 times (x 81B)
Class com.google.common.cache.LocalCache$EntryFactory$3                               : loaded 2 times (x 81B)
Class com.google.common.cache.LocalCache$EntryFactory$4                               : loaded 2 times (x 81B)
Class com.google.common.cache.LocalCache$EntryFactory$5                               : loaded 2 times (x 81B)
Class com.google.common.cache.LocalCache$EntryFactory$6                               : loaded 2 times (x 81B)
Class com.google.common.cache.LocalCache$EntryFactory$7                               : loaded 2 times (x 81B)
Class com.google.common.cache.LocalCache$EntryFactory$8                               : loaded 2 times (x 81B)
Class com.google.common.base.Predicate                                                : loaded 2 times (x 68B)
Class com.google.common.cache.LocalCache$StrongValueReference                         : loaded 2 times (x 88B)
Class org.gradle.internal.classloader.FilteringClassLoader                            : loaded 2 times (x 103B)
Class com.google.common.collect.RegularImmutableSet                                   : loaded 2 times (x 146B)
Class [Lcom.google.common.cache.LocalCache$Strength;                                  : loaded 2 times (x 67B)
Class org.gradle.internal.classpath.DefaultClassPath$ImmutableUniqueList$Builder      : loaded 2 times (x 73B)
Class com.google.common.collect.Maps$8                                                : loaded 2 times (x 80B)
Class [Lcom.google.common.cache.CacheBuilder$NullListener;                            : loaded 2 times (x 67B)
Class com.google.common.base.PatternCompiler                                          : loaded 2 times (x 68B)
Class com.google.common.base.CharMatcher$InRange                                      : loaded 2 times (x 109B)
Class com.google.common.collect.Sets$SetView                                          : loaded 2 times (x 136B)
Class com.google.common.collect.BiMap                                                 : loaded 2 times (x 68B)
Class com.google.common.collect.Lists                                                 : loaded 2 times (x 69B)
Class org.objectweb.asm.AnnotationWriter                                              : loaded 2 times (x 77B)
Class com.google.common.math.IntMath$1                                                : loaded 2 times (x 69B)
Class org.gradle.internal.classloader.ClassLoaderVisitor                              : loaded 2 times (x 74B)
Class org.objectweb.asm.Label                                                         : loaded 2 times (x 71B)
Class com.google.common.cache.CacheBuilder$NullListener                               : loaded 2 times (x 80B)
Class com.google.common.math.MathPreconditions                                        : loaded 2 times (x 69B)
Class org.gradle.internal.service.DefaultServiceLocator                               : loaded 2 times (x 81B)
Class org.gradle.internal.service.UnknownServiceException                             : loaded 2 times (x 81B)
Class com.google.common.util.concurrent.AbstractFuture$SynchronizedHelper             : loaded 2 times (x 76B)
Class com.google.common.collect.ArrayListMultimap                                     : loaded 2 times (x 170B)
Class com.google.common.base.Strings                                                  : loaded 2 times (x 69B)
Class com.google.common.cache.CacheLoader$InvalidCacheLoadException                   : loaded 2 times (x 80B)
Class org.gradle.internal.classloader.DefaultClassLoaderFactory                       : loaded 2 times (x 80B)
Class com.google.common.collect.UnmodifiableIterator                                  : loaded 2 times (x 78B)
Class com.google.common.base.Stopwatch                                                : loaded 2 times (x 70B)
Class com.google.common.base.Platform$JdkPatternCompiler                              : loaded 2 times (x 73B)
Class com.google.common.cache.LocalCache$LoadingValueReference                        : loaded 2 times (x 94B)
Class com.google.common.base.CharMatcher$SingleWidth                                  : loaded 2 times (x 110B)
Class com.google.common.collect.Hashing                                               : loaded 2 times (x 69B)
Class com.google.common.base.JdkPattern                                               : loaded 2 times (x 73B)
Class com.google.common.collect.Multimap                                              : loaded 2 times (x 68B)
Class com.google.common.base.FunctionalEquivalence                                    : loaded 2 times (x 81B)
Class org.objectweb.asm.AnnotationVisitor                                             : loaded 2 times (x 76B)
Class org.objectweb.asm.RecordComponentWriter                                         : loaded 2 times (x 76B)
Class com.google.common.cache.LocalCache$1                                            : loaded 2 times (x 87B)
Class com.google.common.cache.LocalCache$2                                            : loaded 2 times (x 140B)
Class com.google.common.collect.RegularImmutableBiMap                                 : loaded 2 times (x 146B)
Class org.gradle.internal.classloader.VisitableURLClassLoader$Spec                    : loaded 2 times (x 72B)
Class org.gradle.api.GradleException                                                  : loaded 2 times (x 80B)
Class com.google.common.base.CharMatcher$JavaLetterOrDigit                            : loaded 2 times (x 109B)
Class org.gradle.api.internal.classpath.ModuleRegistry                                : loaded 2 times (x 68B)
Class com.google.common.cache.CacheBuilder                                            : loaded 2 times (x 70B)
Class org.objectweb.asm.ByteVector                                                    : loaded 2 times (x 77B)
Class com.google.common.collect.ImmutableCollection                                   : loaded 2 times (x 123B)
Class com.google.common.base.PairwiseEquivalence                                      : loaded 2 times (x 81B)
Class com.google.common.base.Ticker                                                   : loaded 2 times (x 70B)
Class org.gradle.api.internal.ClassPathProvider                                       : loaded 2 times (x 68B)
Class com.google.common.base.Ascii                                                    : loaded 2 times (x 69B)
Class com.google.common.collect.RegularImmutableMap$Values                            : loaded 2 times (x 167B)
Class org.objectweb.asm.ModuleWriter                                                  : loaded 2 times (x 80B)
Class org.gradle.internal.classloader.ClasspathUtil$1                                 : loaded 2 times (x 74B)
Class com.google.common.collect.ImmutableEnumMap                                      : loaded 2 times (x 123B)
Class com.google.common.collect.ImmutableList$ReverseImmutableList                    : loaded 2 times (x 168B)
Class com.google.common.cache.AbstractCache$StatsCounter                              : loaded 2 times (x 68B)
Class org.objectweb.asm.FieldVisitor                                                  : loaded 2 times (x 75B)
Class org.objectweb.asm.Symbol                                                        : loaded 2 times (x 71B)
Class com.google.common.cache.LocalCache$Strength$1                                   : loaded 2 times (x 79B)
Class com.google.common.cache.LocalCache$Strength$2                                   : loaded 2 times (x 79B)
Class com.google.common.cache.LocalCache$Strength$3                                   : loaded 2 times (x 79B)
Class org.gradle.internal.classloader.ClassLoaderFactory                              : loaded 2 times (x 68B)
Class com.google.common.collect.ObjectArrays                                          : loaded 2 times (x 69B)
Class com.google.common.util.concurrent.AbstractFuture$Waiter                         : loaded 2 times (x 70B)
Class com.google.common.util.concurrent.Uninterruptibles                              : loaded 2 times (x 69B)
Class com.google.common.collect.Iterators$10                                          : loaded 2 times (x 79B)
Class com.google.common.collect.ImmutableList                                         : loaded 2 times (x 166B)
Class org.gradle.api.internal.classpath.ManifestUtil                                  : loaded 2 times (x 69B)
Class org.gradle.api.specs.Spec                                                       : loaded 2 times (x 68B)
Class com.google.common.cache.CacheLoader$UnsupportedLoadingOperationException        : loaded 2 times (x 80B)
Class com.google.common.base.CharMatcher$Whitespace                                   : loaded 2 times (x 110B)
Class com.google.common.util.concurrent.ListenableFuture                              : loaded 2 times (x 68B)
Class com.google.common.collect.Iterators$1                                           : loaded 2 times (x 79B)
Class com.google.common.collect.Iterators$4                                           : loaded 2 times (x 80B)
Class com.google.common.collect.RegularImmutableMap$BucketOverflowException           : loaded 2 times (x 80B)
Class com.google.common.collect.Iterators$5                                           : loaded 2 times (x 80B)
Class com.google.common.util.concurrent.AbstractFuture$UnsafeAtomicHelper             : loaded 2 times (x 76B)
Class com.google.common.base.Equivalence$Equals                                       : loaded 2 times (x 80B)
Class com.google.common.base.Preconditions                                            : loaded 2 times (x 69B)
Class com.google.common.base.Function                                                 : loaded 2 times (x 68B)
Class com.google.common.collect.Iterators$9                                           : loaded 2 times (x 79B)
Class org.gradle.internal.IoActions                                                   : loaded 2 times (x 69B)
Class com.google.common.cache.ReferenceEntry                                          : loaded 2 times (x 68B)
Class com.google.common.collect.RegularImmutableMap$KeySet                            : loaded 2 times (x 148B)
Class com.google.common.collect.CollectPreconditions                                  : loaded 2 times (x 69B)
Class com.google.common.primitives.IntsMethodsForWeb                                  : loaded 2 times (x 69B)
Class com.google.common.collect.Maps                                                  : loaded 2 times (x 69B)
Class com.google.common.collect.RegularImmutableMap                                   : loaded 2 times (x 119B)
Class com.google.common.collect.AbstractIndexedListIterator                           : loaded 2 times (x 94B)
Class com.google.common.base.CharMatcher$None                                         : loaded 2 times (x 110B)
Class org.gradle.api.internal.classpath.EffectiveClassPath                            : loaded 2 times (x 88B)
Class com.google.common.collect.UnmodifiableListIterator                              : loaded 2 times (x 93B)
Class com.google.common.cache.CacheLoader$FunctionToCacheLoader                       : loaded 2 times (x 73B)
Class com.google.common.cache.CacheBuilder$1                                          : loaded 2 times (x 83B)
Class com.google.common.cache.CacheBuilder$2                                          : loaded 2 times (x 70B)
Class com.google.common.collect.ImmutableList$1                                       : loaded 2 times (x 95B)
Class com.google.common.base.Splitter$Strategy                                        : loaded 2 times (x 68B)
Class com.google.common.collect.ImmutableMapEntrySet$RegularEntrySet                  : loaded 2 times (x 149B)
Class [Lcom.google.common.cache.RemovalListener;                                      : loaded 2 times (x 67B)
Class [Lcom.google.common.collect.ImmutableMapEntry;                                  : loaded 2 times (x 67B)
Class org.gradle.internal.installation.CurrentGradleInstallation                      : loaded 2 times (x 71B)
Class org.gradle.internal.agents.InstrumentingClassLoader                             : loaded 2 times (x 68B)
Class org.gradle.internal.installation.CurrentGradleInstallationLocator               : loaded 2 times (x 69B)
Class [Lcom.google.common.cache.LocalCache$Segment;                                   : loaded 2 times (x 67B)
Class org.gradle.api.internal.classpath.Module                                        : loaded 2 times (x 68B)
Class com.google.common.base.Splitter$1$1                                             : loaded 2 times (x 84B)
Class com.google.common.collect.ImmutableSet$JdkBackedSetBuilderImpl                  : loaded 2 times (x 74B)
Class com.google.common.collect.ImmutableSet$RegularSetBuilderImpl                    : loaded 2 times (x 75B)
Class org.gradle.internal.service.CachingServiceLocator                               : loaded 2 times (x 80B)
Class [Lcom.google.common.collect.ImmutableEntry;                                     : loaded 2 times (x 67B)
Class org.gradle.internal.classpath.DefaultClassPath                                  : loaded 2 times (x 88B)
Class com.google.common.util.concurrent.AbstractFuture$SetFuture                      : loaded 2 times (x 73B)
Class com.google.common.base.Splitter$SplittingIterator                               : loaded 2 times (x 82B)
Class com.google.common.cache.LocalCache$LocalManualCache$1                           : loaded 2 times (x 73B)
Class Build_gradle$1                                                                  : loaded 2 times (x 76B)
Class org.objectweb.asm.SymbolTable$Entry                                             : loaded 2 times (x 72B)
Class [Lcom.google.common.cache.LocalCache$EntryFactory;                              : loaded 2 times (x 67B)
Class com.google.common.base.CharMatcher$Is                                           : loaded 2 times (x 109B)
Class com.google.common.base.Platform                                                 : loaded 2 times (x 69B)
Class com.google.common.collect.RegularImmutableAsList                                : loaded 2 times (x 176B)
Class com.google.common.collect.PeekingIterator                                       : loaded 2 times (x 68B)
Class com.google.common.collect.ImmutableMapEntrySet                                  : loaded 2 times (x 149B)
Class com.google.common.cache.CacheLoader                                             : loaded 2 times (x 72B)
Class com.google.common.collect.ImmutableBiMapFauxverideShim                          : loaded 2 times (x 118B)
Class org.objectweb.asm.MethodTooLargeException                                       : loaded 2 times (x 81B)
Class com.google.common.cache.Cache                                                   : loaded 2 times (x 68B)
Class org.gradle.internal.classloader.SystemClassLoaderSpec                           : loaded 2 times (x 69B)
Class com.google.common.util.concurrent.internal.InternalFutureFailureAccess          : loaded 2 times (x 70B)
Class com.google.common.primitives.Ints$IntConverter                                  : loaded 2 times (x 88B)
Class com.google.common.collect.SingletonImmutableSet                                 : loaded 2 times (x 144B)
Class [Lcom.google.common.base.AbstractIterator$State;                                : loaded 2 times (x 67B)
Class com.google.common.collect.ImmutableMap$Builder                                  : loaded 2 times (x 80B)
Class com.google.common.base.AbstractIterator                                         : loaded 2 times (x 78B)
Class org.objectweb.asm.ClassWriter                                                   : loaded 2 times (x 104B)
Class com.google.common.base.AbstractIterator$1                                       : loaded 2 times (x 69B)
Class [Lcom.google.common.cache.CacheBuilder$OneWeigher;                              : loaded 2 times (x 67B)
Class com.google.common.collect.Iterators                                             : loaded 2 times (x 69B)
Class com.google.common.base.CharMatcher$1                                            : loaded 2 times (x 111B)
Class com.google.common.base.CharMatcher$Ascii                                        : loaded 2 times (x 110B)
Class com.google.common.cache.LocalCache$ComputingValueReference                      : loaded 2 times (x 94B)
Class org.gradle.api.UncheckedIOException                                             : loaded 2 times (x 80B)
Class com.google.common.base.CharMatcher$And                                          : loaded 2 times (x 110B)
Class com.google.common.collect.IndexedImmutableSet                                   : loaded 2 times (x 148B)
Class com.google.common.collect.AbstractListMultimap                                  : loaded 2 times (x 170B)
Class com.google.common.base.CharMatcher$Any                                          : loaded 2 times (x 110B)
Class org.gradle.internal.installation.GradleInstallation                             : loaded 2 times (x 73B)
Class com.google.common.cache.LocalCache$Strength                                     : loaded 2 times (x 79B)
Class com.google.common.collect.ArrayListMultimapGwtSerializationDependencies         : loaded 2 times (x 170B)
Class com.google.common.base.CharMatcher$RangesMatcher                                : loaded 2 times (x 110B)
Class org.objectweb.asm.Handler                                                       : loaded 2 times (x 70B)
Class com.google.common.collect.ImmutableList$SubList                                 : loaded 2 times (x 168B)
Class com.google.common.cache.LocalCache$ValueReference                               : loaded 2 times (x 68B)
Class org.gradle.internal.classloader.ClasspathUtil                                   : loaded 2 times (x 69B)
Class org.objectweb.asm.CurrentFrame                                                  : loaded 2 times (x 71B)
Class com.google.common.util.concurrent.AbstractFuture                                : loaded 2 times (x 93B)
Class com.google.common.base.Splitter$1                                               : loaded 2 times (x 75B)
Class com.google.common.base.Ticker$1                                                 : loaded 2 times (x 70B)
Class com.google.common.collect.Maps$BiMapConverter                                   : loaded 2 times (x 88B)
Class org.gradle.api.internal.DefaultClassPathRegistry                                : loaded 2 times (x 74B)
Class com.google.common.util.concurrent.AbstractFuture$Cancellation                   : loaded 2 times (x 70B)
Class [Lorg.objectweb.asm.Symbol;                                                     : loaded 2 times (x 67B)
Class com.google.common.collect.ImmutableSet$SetBuilderImpl                           : loaded 2 times (x 74B)
Class org.gradle.api.internal.classpath.DefaultModuleRegistry$DefaultModule           : loaded 2 times (x 84B)
Class com.google.common.base.CharMatcher$JavaIsoControl                               : loaded 2 times (x 110B)
Class com.google.common.collect.ImmutableMap$1                                        : loaded 2 times (x 79B)
Class com.google.common.base.CharMatcher$Or                                           : loaded 2 times (x 110B)
Class org.gradle.kotlin.dsl.VersionCatalogAccessorsKt                                 : loaded 2 times (x 69B)
Class com.google.common.base.Suppliers$SupplierOfInstance                             : loaded 2 times (x 77B)
Class org.objectweb.asm.RecordComponentVisitor                                        : loaded 2 times (x 75B)
Class com.google.common.collect.Iterables                                             : loaded 2 times (x 69B)
Class com.google.common.base.CharMatcher$JavaLowerCase                                : loaded 2 times (x 109B)
Class org.objectweb.asm.ClassTooLargeException                                        : loaded 2 times (x 81B)
Class org.gradle.api.internal.classpath.UnknownModuleException                        : loaded 2 times (x 80B)
Class com.google.common.util.concurrent.AbstractFuture$Listener                       : loaded 2 times (x 70B)
Class org.objectweb.asm.Edge                                                          : loaded 2 times (x 70B)
Class com.google.common.collect.Maps$EntryTransformer                                 : loaded 2 times (x 68B)
Class com.google.common.collect.ImmutableCollection$Builder                           : loaded 2 times (x 74B)
Class [Lorg.objectweb.asm.SymbolTable$Entry;                                          : loaded 2 times (x 67B)
Class com.google.common.collect.SingletonImmutableBiMap                               : loaded 2 times (x 141B)
Class com.google.common.base.CommonPattern                                            : loaded 2 times (x 72B)
Class com.google.common.base.Suppliers                                                : loaded 2 times (x 69B)
Class org.objectweb.asm.ClassVisitor                                                  : loaded 2 times (x 86B)
Class com.google.common.cache.LoadingCache                                            : loaded 2 times (x 68B)
Class org.gradle.internal.service.ServiceLookupException                              : loaded 2 times (x 80B)
Class org.gradle.cache.GlobalCache                                                    : loaded 2 times (x 68B)
Class com.google.common.base.CharMatcher$NegatedFastMatcher                           : loaded 2 times (x 111B)
Class [Lorg.gradle.api.internal.ClassPathProvider;                                    : loaded 2 times (x 67B)
Class com.google.common.util.concurrent.AbstractFuture$SafeAtomicHelper               : loaded 2 times (x 77B)
Class org.gradle.util.internal.GUtil                                                  : loaded 2 times (x 69B)
Class com.google.common.math.IntMath                                                  : loaded 2 times (x 69B)
Class com.google.common.collect.AbstractIterator                                      : loaded 2 times (x 80B)
Class org.gradle.internal.classloader.ClassLoaderSpec                                 : loaded 2 times (x 69B)
Class com.google.common.base.NullnessCasts                                            : loaded 2 times (x 69B)
Class org.objectweb.asm.Frame                                                         : loaded 2 times (x 71B)
Class com.google.common.cache.LocalCache$LocalManualCache                             : loaded 2 times (x 97B)
Class com.google.common.collect.AbstractMapEntry                                      : loaded 2 times (x 79B)
Class com.google.common.base.CharMatcher$Negated                                      : loaded 2 times (x 111B)
Class com.google.common.cache.CacheLoader$1                                           : loaded 2 times (x 73B)
Class com.google.common.util.concurrent.AbstractFuture$TrustedFuture                  : loaded 2 times (x 95B)
Class com.google.common.collect.Sets                                                  : loaded 2 times (x 69B)
Class com.google.common.collect.ImmutableSet$Builder                                  : loaded 2 times (x 83B)
Class com.google.common.base.CharMatcher$ForPredicate                                 : loaded 2 times (x 110B)
Class com.google.common.collect.ImmutableMap$MapViewOfValuesAsSingletonSets           : loaded 2 times (x 123B)
Class com.google.common.base.MoreObjects                                              : loaded 2 times (x 69B)
Class com.google.common.collect.SortedMapDifference                                   : loaded 2 times (x 68B)
Class org.objectweb.asm.SymbolTable                                                   : loaded 2 times (x 70B)
Class com.google.common.cache.CacheStats                                              : loaded 2 times (x 69B)
Class org.objectweb.asm.Attribute                                                     : loaded 2 times (x 75B)
Class org.gradle.internal.classloader.VisitableURLClassLoader                         : loaded 2 times (x 115B)
Class com.google.common.cache.LocalCache$LocalLoadingCache                            : loaded 2 times (x 132B)
Class com.google.common.base.Supplier                                                 : loaded 2 times (x 68B)
Class com.google.common.util.concurrent.AbstractFuture$AtomicHelper                   : loaded 2 times (x 76B)
Class com.google.common.collect.ImmutableBiMap                                        : loaded 2 times (x 141B)
Class org.gradle.internal.Cast                                                        : loaded 2 times (x 69B)
Class Build_gradle                                                                    : loaded 2 times (x 70B)
Class org.gradle.api.internal.ClassPathRegistry                                       : loaded 2 times (x 68B)
Class com.google.common.cache.LocalCache$EntryFactory                                 : loaded 2 times (x 81B)
Class com.google.common.util.concurrent.UncheckedExecutionException                   : loaded 2 times (x 80B)
Class com.google.common.collect.ImmutableSet                                          : loaded 2 times (x 143B)
Class org.gradle.internal.classloader.VisitableURLClassLoader$InstrumentingVisitableURLClassLoader: loaded 2 times (x 121B)
Class org.gradle.internal.classloader.ClassLoaderHierarchy                            : loaded 2 times (x 68B)
Class [Lorg.objectweb.asm.Type;                                                       : loaded 2 times (x 67B)
Class com.google.common.base.AbstractIterator$State                                   : loaded 2 times (x 77B)
Class com.google.common.cache.Weigher                                                 : loaded 2 times (x 68B)
Class com.google.common.base.CharMatcher$NamedFastMatcher                             : loaded 2 times (x 110B)
Class org.gradle.internal.InternalTransformer                                         : loaded 2 times (x 68B)
Class org.gradle.internal.service.ServiceLocator                                      : loaded 2 times (x 68B)
Class Settings_gradle$1                                                               : loaded 2 times (x 72B)
Class com.google.common.util.concurrent.SettableFuture                                : loaded 2 times (x 95B)
Class com.google.common.collect.ImmutableMapEntry                                     : loaded 2 times (x 83B)
Class com.google.common.base.CharMatcher$Invisible                                    : loaded 2 times (x 110B)
Class com.google.common.base.CharMatcher$FastMatcher                                  : loaded 2 times (x 109B)
Class org.gradle.internal.classpath.DefaultClassPath$ImmutableUniqueList              : loaded 2 times (x 159B)
Class com.google.common.base.CharMatcher$JavaLetter                                   : loaded 2 times (x 109B)
Class org.gradle.internal.classpath.TransformedClassPath                              : loaded 2 times (x 94B)
Class com.google.common.collect.MapDifference                                         : loaded 2 times (x 68B)
Class com.google.common.collect.Sets$1                                                : loaded 2 times (x 137B)
Class com.google.common.collect.Sets$2                                                : loaded 2 times (x 137B)
Class com.google.common.util.concurrent.AbstractFuture$Trusted                        : loaded 2 times (x 68B)
Class com.google.common.collect.Sets$3                                                : loaded 2 times (x 137B)
Class com.google.common.collect.Sets$4                                                : loaded 2 times (x 137B)
Class Settings_gradle                                                                 : loaded 2 times (x 126B)
Class org.objectweb.asm.MethodWriter                                                  : loaded 2 times (x 104B)
Class com.google.common.collect.Platform                                              : loaded 2 times (x 69B)
Class com.google.common.collect.ImmutableAsList                                       : loaded 2 times (x 169B)
Class com.google.common.util.concurrent.ExecutionError                                : loaded 2 times (x 80B)
Class com.google.common.base.Equivalence$Identity                                     : loaded 2 times (x 80B)
Class com.google.common.base.CharMatcher$AnyOf                                        : loaded 2 times (x 110B)
Class com.google.common.base.CharMatcher$IsEither                                     : loaded 2 times (x 109B)
Class com.google.common.cache.LocalCache                                              : loaded 2 times (x 185B)
Class com.google.common.collect.RegularImmutableList                                  : loaded 2 times (x 172B)
Class com.google.common.util.concurrent.AbstractFuture$UnsafeAtomicHelper$1           : loaded 2 times (x 74B)
Class com.google.common.base.CharMatcher$JavaUpperCase                                : loaded 2 times (x 109B)
Class com.google.common.collect.Multiset                                              : loaded 2 times (x 68B)
Class com.google.common.collect.ImmutableSet$CachingAsList                            : loaded 2 times (x 145B)
Class org.objectweb.asm.MethodVisitor                                                 : loaded 2 times (x 103B)
Class com.google.common.collect.ImmutableMapEntry$NonTerminalImmutableMapEntry        : loaded 2 times (x 83B)
Class com.google.common.collect.AbstractMapBasedMultimap                              : loaded 2 times (x 137B)


---------------  S Y S T E M  ---------------

OS:
 Windows 10 , 64 bit Build 19041 (10.0.19041.4597)
OS uptime: 4 days 10:28 hours

CPU: total 4 (initial active 4) (4 cores per cpu, 1 threads per core) family 6 model 158 stepping 11 microcode 0xb4, cx8, cmov, fxsr, mmx, 3dnowpref, sse, sse2, sse3, ssse3, sse4.1, sse4.2, popcnt, lzcnt, tsc, tscinvbit, avx, avx2, aes, erms, clmul, bmi1, bmi2, adx, fma, vzeroupper, clflush, clflushopt
Processor Information for all 4 processors :
  Max Mhz: 3600, Current Mhz: 3600, Mhz Limit: 3600

Memory: 4k page, system-wide physical 8126M (515M free)
TotalPageFile size 22359M (AvailPageFile size 30M)
current process WorkingSet (physical memory assigned to process): 328M, peak: 331M
current process commit charge ("private bytes"): 360M, peak: 401M

vm_info: OpenJDK 64-Bit Server VM (17.0.11+0--11852314) for windows-amd64 JRE (17.0.11+0--11852314), built on May 16 2024 21:29:20 by "androidbuild" with MS VC++ 16.10 / 16.11 (VS2019)

END.
