#
# There is insufficient memory for the Java Runtime Environment to continue.
# Native memory allocation (malloc) failed to allocate 2008528 bytes. Error detail: Chunk::new
# Possible reasons:
#   The system is out of physical RAM or swap space
#   This process is running with CompressedOops enabled, and the Java Heap may be blocking the growth of the native heap
# Possible solutions:
#   Reduce memory load on the system
#   Increase physical memory or swap space
#   Check if swap backing store is full
#   Decrease Java heap size (-Xmx/-Xms)
#   Decrease number of Java threads
#   Decrease Java thread stack sizes (-Xss)
#   Set larger code cache with -XX:ReservedCodeCacheSize=
#   JVM is running with Unscaled Compressed Oops mode in which the Java heap is
#     placed in the first 4GB address space. The Java Heap base address is the
#     maximum limit for the native heap growth. Please use -XX:HeapBaseMinAddress
#     to set the Java Heap base and to place the Java Heap above 4GB virtual address.
# This output file may be truncated or incomplete.
#
#  Out of Memory Error (arena.cpp:191), pid=8460, tid=14544
#
# JRE version: OpenJDK Runtime Environment (17.0.11) (build 17.0.11+0--11852314)
# Java VM: OpenJDK 64-Bit Server VM (17.0.11+0--11852314, mixed mode, tiered, compressed oops, compressed class ptrs, g1 gc, windows-amd64)
# No core dump will be written. Minidumps are not enabled by default on client versions of Windows
#

---------------  S U M M A R Y ------------

Command Line: --add-opens=java.base/java.util=ALL-UNNAMED --add-opens=java.base/java.lang=ALL-UNNAMED --add-opens=java.base/java.lang.invoke=ALL-UNNAMED --add-opens=java.prefs/java.util.prefs=ALL-UNNAMED --add-opens=java.base/java.nio.charset=ALL-UNNAMED --add-opens=java.base/java.net=ALL-UNNAMED --add-opens=java.base/java.util.concurrent.atomic=ALL-UNNAMED -Xmx2048m -Dfile.encoding=UTF-8 -Duser.country=RU -Duser.language=ru -Duser.variant -javaagent:C:\Users\misha\.gradle\wrapper\dists\gradle-8.7-bin\bhs2wmbdwecv87pi65oeuq5iu\gradle-8.7\lib\agents\gradle-instrumentation-agent-8.7.jar org.gradle.launcher.daemon.bootstrap.GradleDaemon 8.7

Host: Intel(R) Core(TM) i3-8100 CPU @ 3.60GHz, 4 cores, 7G,  Windows 10 , 64 bit Build 19041 (10.0.19041.4597)
Time: Wed Jul 24 17:46:38 2024 RTZ 2 (s 10 , 64 bit Build 19041 (10.0.19041.4597) elapsed time: 4.699608 seconds (0d 0h 0m 4s)

---------------  T H R E A D  ---------------

Current thread (0x0000021e3c3eb620):  JavaThread "C2 CompilerThread1" daemon [_thread_in_native, id=14544, stack(0x000000780b000000,0x000000780b100000)]


Current CompileTask:
C2:   4699 4245   !   4       java.net.URLClassLoader::findClass (47 bytes)

Stack: [0x000000780b000000,0x000000780b100000]
Native frames: (J=compiled Java code, j=interpreted, Vv=VM code, C=native code)
V  [jvm.dll+0x687bb9]
V  [jvm.dll+0x84142a]
V  [jvm.dll+0x8430ae]
V  [jvm.dll+0x843713]
V  [jvm.dll+0x24a35f]
V  [jvm.dll+0xac544]
V  [jvm.dll+0xacb8c]
V  [jvm.dll+0x369c37]
V  [jvm.dll+0x33416a]
V  [jvm.dll+0x33360a]
V  [jvm.dll+0x21bed1]
V  [jvm.dll+0x21b311]
V  [jvm.dll+0x1a63ed]
V  [jvm.dll+0x22b1ee]
V  [jvm.dll+0x229375]
V  [jvm.dll+0x7f5647]
V  [jvm.dll+0x7efa4a]
V  [jvm.dll+0x686a35]
C  [ucrtbase.dll+0x21bb2]
C  [KERNEL32.DLL+0x17374]
C  [ntdll.dll+0x4cc91]


---------------  P R O C E S S  ---------------

Threads class SMR info:
_java_thread_list=0x0000021e3f946bf0, length=42, elements={
0x0000021e1c92f180, 0x0000021e37e9e620, 0x0000021e37e6a140, 0x0000021e3c00daa0,
0x0000021e3c010480, 0x0000021e3c010d50, 0x0000021e3c011620, 0x0000021e3c012220,
0x0000021e3c041020, 0x0000021e3c0bdd70, 0x0000021e37dfc8e0, 0x0000021e3c2af050,
0x0000021e3c3eb620, 0x0000021e3e3b0020, 0x0000021e3d41fae0, 0x0000021e3d134050,
0x0000021e3de691f0, 0x0000021e3d8220d0, 0x0000021e3e2d05a0, 0x0000021e3dd5e5f0,
0x0000021e3d3d3bd0, 0x0000021e3d3d4b00, 0x0000021e3d3d40e0, 0x0000021e3d3d5010,
0x0000021e3d3d5520, 0x0000021e3ec15b50, 0x0000021e3ec14c20, 0x0000021e3ec16060,
0x0000021e3ec179b0, 0x0000021e3ec15640, 0x0000021e3ec16570, 0x0000021e3ec19300,
0x0000021e3ec16a80, 0x0000021e3ec17ec0, 0x0000021e3ec16f90, 0x0000021e3ec174a0,
0x0000021e3ec183d0, 0x0000021e3ec19810, 0x0000021e3ec15130, 0x0000021e3ec19d20,
0x0000021e3ec128b0, 0x0000021e3ec12dc0
}

Java Threads: ( => current thread )
  0x0000021e1c92f180 JavaThread "main" [_thread_blocked, id=2944, stack(0x0000007809d00000,0x0000007809e00000)]
  0x0000021e37e9e620 JavaThread "Reference Handler" daemon [_thread_blocked, id=13820, stack(0x000000780a400000,0x000000780a500000)]
  0x0000021e37e6a140 JavaThread "Finalizer" daemon [_thread_blocked, id=15208, stack(0x000000780a500000,0x000000780a600000)]
  0x0000021e3c00daa0 JavaThread "Signal Dispatcher" daemon [_thread_blocked, id=14924, stack(0x000000780a600000,0x000000780a700000)]
  0x0000021e3c010480 JavaThread "Attach Listener" daemon [_thread_blocked, id=6348, stack(0x000000780a700000,0x000000780a800000)]
  0x0000021e3c010d50 JavaThread "Service Thread" daemon [_thread_blocked, id=12744, stack(0x000000780a800000,0x000000780a900000)]
  0x0000021e3c011620 JavaThread "Monitor Deflation Thread" daemon [_thread_blocked, id=5496, stack(0x000000780a900000,0x000000780aa00000)]
  0x0000021e3c012220 JavaThread "C2 CompilerThread0" daemon [_thread_in_native, id=15888, stack(0x000000780aa00000,0x000000780ab00000)]
  0x0000021e3c041020 JavaThread "C1 CompilerThread0" daemon [_thread_blocked, id=1316, stack(0x000000780ab00000,0x000000780ac00000)]
  0x0000021e3c0bdd70 JavaThread "Sweeper thread" daemon [_thread_blocked, id=9628, stack(0x000000780ac00000,0x000000780ad00000)]
  0x0000021e37dfc8e0 JavaThread "Common-Cleaner" daemon [_thread_blocked, id=5232, stack(0x000000780ad00000,0x000000780ae00000)]
  0x0000021e3c2af050 JavaThread "Notification Thread" daemon [_thread_blocked, id=5600, stack(0x000000780ae00000,0x000000780af00000)]
=>0x0000021e3c3eb620 JavaThread "C2 CompilerThread1" daemon [_thread_in_native, id=14544, stack(0x000000780b000000,0x000000780b100000)]
  0x0000021e3e3b0020 JavaThread "Daemon health stats" [_thread_blocked, id=7068, stack(0x000000780b400000,0x000000780b500000)]
  0x0000021e3d41fae0 JavaThread "Incoming local TCP Connector on port 56801" [_thread_in_native, id=13300, stack(0x000000780b500000,0x000000780b600000)]
  0x0000021e3d134050 JavaThread "Daemon periodic checks" [_thread_blocked, id=13028, stack(0x000000780b600000,0x000000780b700000)]
  0x0000021e3de691f0 JavaThread "Daemon" [_thread_blocked, id=16328, stack(0x000000780b700000,0x000000780b800000)]
  0x0000021e3d8220d0 JavaThread "Handler for socket connection from /127.0.0.1:56801 to /127.0.0.1:56802" [_thread_in_native, id=9924, stack(0x000000780b800000,0x000000780b900000)]
  0x0000021e3e2d05a0 JavaThread "Cancel handler" [_thread_blocked, id=15804, stack(0x000000780b900000,0x000000780ba00000)]
  0x0000021e3dd5e5f0 JavaThread "Daemon worker" [_thread_in_vm, id=14524, stack(0x000000780ba00000,0x000000780bb00000)]
  0x0000021e3d3d3bd0 JavaThread "Asynchronous log dispatcher for DefaultDaemonConnection: socket connection from /127.0.0.1:56801 to /127.0.0.1:56802" [_thread_blocked, id=9716, stack(0x000000780bb00000,0x000000780bc00000)]
  0x0000021e3d3d4b00 JavaThread "Stdin handler" [_thread_blocked, id=7760, stack(0x000000780bc00000,0x000000780bd00000)]
  0x0000021e3d3d40e0 JavaThread "Daemon client event forwarder" [_thread_blocked, id=16364, stack(0x000000780bd00000,0x000000780be00000)]
  0x0000021e3d3d5010 JavaThread "Cache worker for journal cache (C:\Users\misha\.gradle\caches\journal-1)" [_thread_blocked, id=15692, stack(0x000000780be00000,0x000000780bf00000)]
  0x0000021e3d3d5520 JavaThread "File lock request listener" [_thread_in_native, id=7200, stack(0x000000780bf00000,0x000000780c000000)]
  0x0000021e3ec15b50 JavaThread "Cache worker for file hash cache (C:\Users\misha\.gradle\caches\8.7\fileHashes)" [_thread_blocked, id=10416, stack(0x000000780c000000,0x000000780c100000)]
  0x0000021e3ec14c20 JavaThread "Cache worker for file hash cache (C:\Users\misha\StudioProjects\Playlist_Maker\.gradle\8.7\fileHashes)" [_thread_blocked, id=11156, stack(0x000000780c200000,0x000000780c300000)]
  0x0000021e3ec16060 JavaThread "File watcher server" daemon [_thread_in_native, id=3828, stack(0x000000780c300000,0x000000780c400000)]
  0x0000021e3ec179b0 JavaThread "File watcher consumer" daemon [_thread_blocked, id=14488, stack(0x000000780c400000,0x000000780c500000)]
  0x0000021e3ec15640 JavaThread "jar transforms" [_thread_blocked, id=16072, stack(0x000000780c500000,0x000000780c600000)]
  0x0000021e3ec16570 JavaThread "jar transforms Thread 2" [_thread_blocked, id=2548, stack(0x000000780c600000,0x000000780c700000)]
  0x0000021e3ec19300 JavaThread "jar transforms Thread 3" [_thread_blocked, id=14512, stack(0x000000780c700000,0x000000780c800000)]
  0x0000021e3ec16a80 JavaThread "jar transforms Thread 4" [_thread_blocked, id=1236, stack(0x000000780c800000,0x000000780c900000)]
  0x0000021e3ec17ec0 JavaThread "Cache worker for checksums cache (C:\Users\misha\StudioProjects\Playlist_Maker\.gradle\8.7\checksums)" [_thread_blocked, id=13556, stack(0x000000780c900000,0x000000780ca00000)]
  0x0000021e3ec16f90 JavaThread "Cache worker for cache directory md-supplier (C:\Users\misha\.gradle\caches\8.7\md-supplier)" [_thread_blocked, id=15412, stack(0x000000780ca00000,0x000000780cb00000)]
  0x0000021e3ec174a0 JavaThread "Cache worker for cache directory md-rule (C:\Users\misha\.gradle\caches\8.7\md-rule)" [_thread_blocked, id=1804, stack(0x000000780cb00000,0x000000780cc00000)]
  0x0000021e3ec183d0 JavaThread "Cache worker for file content cache (C:\Users\misha\.gradle\caches\8.7\fileContent)" [_thread_blocked, id=11448, stack(0x000000780cc00000,0x000000780cd00000)]
  0x0000021e3ec19810 JavaThread "Unconstrained build operations" [_thread_blocked, id=888, stack(0x000000780cd00000,0x000000780ce00000)]
  0x0000021e3ec15130 JavaThread "Unconstrained build operations Thread 2" [_thread_blocked, id=15788, stack(0x000000780ce00000,0x000000780cf00000)]
  0x0000021e3ec19d20 JavaThread "Unconstrained build operations Thread 3" [_thread_blocked, id=5284, stack(0x000000780cf00000,0x000000780d000000)]
  0x0000021e3ec128b0 JavaThread "Unconstrained build operations Thread 4" [_thread_blocked, id=4144, stack(0x000000780d000000,0x000000780d100000)]
  0x0000021e3ec12dc0 JavaThread "Unconstrained build operations Thread 5" [_thread_blocked, id=2540, stack(0x000000780d100000,0x000000780d200000)]

Other Threads:
  0x0000021e37e64980 VMThread "VM Thread" [stack: 0x000000780a300000,0x000000780a400000] [id=3544]
  0x0000021e3c2c6b70 WatcherThread [stack: 0x000000780af00000,0x000000780b000000] [id=7308]
  0x0000021e1c9896d0 GCTaskThread "GC Thread#0" [stack: 0x0000007809e00000,0x0000007809f00000] [id=7956]
  0x0000021e3c3f3650 GCTaskThread "GC Thread#1" [stack: 0x000000780b100000,0x000000780b200000] [id=15548]
  0x0000021e3c76d310 GCTaskThread "GC Thread#2" [stack: 0x000000780b200000,0x000000780b300000] [id=8468]
  0x0000021e3cbb9e80 GCTaskThread "GC Thread#3" [stack: 0x000000780b300000,0x000000780b400000] [id=5512]
  0x0000021e1c99a530 ConcurrentGCThread "G1 Main Marker" [stack: 0x0000007809f00000,0x000000780a000000] [id=3488]
  0x0000021e1c99b600 ConcurrentGCThread "G1 Conc#0" [stack: 0x000000780a000000,0x000000780a100000] [id=13952]
  0x0000021e1c9ee500 ConcurrentGCThread "G1 Refine#0" [stack: 0x000000780a100000,0x000000780a200000] [id=14340]
  0x0000021e3e19a2f0 ConcurrentGCThread "G1 Refine#1" [stack: 0x000000780c100000,0x000000780c200000] [id=9200]
  0x0000021e37cc40c0 ConcurrentGCThread "G1 Service" [stack: 0x000000780a200000,0x000000780a300000] [id=13356]

Threads with active compile tasks:
C2 CompilerThread0     4719 4271       4       java.lang.invoke.MethodType::makeImpl (109 bytes)
C2 CompilerThread1     4719 4245   !   4       java.net.URLClassLoader::findClass (47 bytes)

VM state: not at safepoint (normal execution)

VM Mutex/Monitor currently owned by a thread: None

Heap address: 0x0000000080000000, size: 2048 MB, Compressed Oops mode: 32-bit

CDS archive(s) not mapped
Compressed class space mapped at: 0x0000000100000000-0x0000000140000000, reserved size: 1073741824
Narrow klass base: 0x0000000000000000, Narrow klass shift: 3, Narrow klass range: 0x140000000

GC Precious Log:
 CPUs: 4 total, 4 available
 Memory: 8126M
 Large Page Support: Disabled
 NUMA Support: Disabled
 Compressed Oops: Enabled (32-bit)
 Heap Region Size: 1M
 Heap Min Capacity: 8M
 Heap Initial Capacity: 128M
 Heap Max Capacity: 2G
 Pre-touch: Disabled
 Parallel Workers: 4
 Concurrent Workers: 1
 Concurrent Refinement Workers: 4
 Periodic GC: Disabled

Heap:
 garbage-first heap   total 160768K, used 61767K [0x0000000080000000, 0x0000000100000000)
  region size 1024K, 6 young (6144K), 3 survivors (3072K)
 Metaspace       used 50814K, committed 51264K, reserved 1114112K
  class space    used 6861K, committed 7040K, reserved 1048576K

Heap Regions: E=young(eden), S=young(survivor), O=old, HS=humongous(starts), HC=humongous(continues), CS=collection set, F=free, OA=open archive, CA=closed archive, TAMS=top-at-mark-start (previous, next)
|   0|0x0000000080000000, 0x0000000080100000, 0x0000000080100000|100%| O|  |TAMS 0x0000000080100000, 0x0000000080100000| Untracked 
|   1|0x0000000080100000, 0x0000000080200000, 0x0000000080200000|100%|HS|  |TAMS 0x0000000080200000, 0x0000000080200000| Complete 
|   2|0x0000000080200000, 0x0000000080300000, 0x0000000080300000|100%|HC|  |TAMS 0x0000000080300000, 0x0000000080300000| Complete 
|   3|0x0000000080300000, 0x0000000080400000, 0x0000000080400000|100%|HC|  |TAMS 0x0000000080400000, 0x0000000080400000| Complete 
|   4|0x0000000080400000, 0x0000000080500000, 0x0000000080500000|100%|HC|  |TAMS 0x0000000080500000, 0x0000000080500000| Complete 
|   5|0x0000000080500000, 0x0000000080600000, 0x0000000080600000|100%| O|  |TAMS 0x0000000080600000, 0x0000000080600000| Untracked 
|   6|0x0000000080600000, 0x0000000080700000, 0x0000000080700000|100%| O|  |TAMS 0x0000000080700000, 0x0000000080700000| Untracked 
|   7|0x0000000080700000, 0x0000000080800000, 0x0000000080800000|100%| O|  |TAMS 0x0000000080800000, 0x0000000080800000| Untracked 
|   8|0x0000000080800000, 0x0000000080900000, 0x0000000080900000|100%| O|  |TAMS 0x0000000080900000, 0x0000000080900000| Untracked 
|   9|0x0000000080900000, 0x0000000080a00000, 0x0000000080a00000|100%| O|  |TAMS 0x0000000080a00000, 0x0000000080a00000| Untracked 
|  10|0x0000000080a00000, 0x0000000080b00000, 0x0000000080b00000|100%| O|  |TAMS 0x0000000080b00000, 0x0000000080b00000| Untracked 
|  11|0x0000000080b00000, 0x0000000080c00000, 0x0000000080c00000|100%| O|  |TAMS 0x0000000080c00000, 0x0000000080c00000| Untracked 
|  12|0x0000000080c00000, 0x0000000080d00000, 0x0000000080d00000|100%| O|  |TAMS 0x0000000080d00000, 0x0000000080d00000| Untracked 
|  13|0x0000000080d00000, 0x0000000080e00000, 0x0000000080e00000|100%| O|  |TAMS 0x0000000080e00000, 0x0000000080e00000| Untracked 
|  14|0x0000000080e00000, 0x0000000080f00000, 0x0000000080f00000|100%| O|  |TAMS 0x0000000080f00000, 0x0000000080f00000| Untracked 
|  15|0x0000000080f00000, 0x0000000081000000, 0x0000000081000000|100%| O|  |TAMS 0x0000000081000000, 0x0000000081000000| Untracked 
|  16|0x0000000081000000, 0x0000000081100000, 0x0000000081100000|100%| O|  |TAMS 0x0000000081100000, 0x0000000081100000| Untracked 
|  17|0x0000000081100000, 0x0000000081200000, 0x0000000081200000|100%| O|  |TAMS 0x0000000081200000, 0x0000000081200000| Untracked 
|  18|0x0000000081200000, 0x0000000081300000, 0x0000000081300000|100%| O|  |TAMS 0x0000000081300000, 0x0000000081300000| Untracked 
|  19|0x0000000081300000, 0x0000000081400000, 0x0000000081400000|100%| O|  |TAMS 0x0000000081400000, 0x0000000081400000| Untracked 
|  20|0x0000000081400000, 0x0000000081500000, 0x0000000081500000|100%| O|  |TAMS 0x0000000081500000, 0x0000000081500000| Untracked 
|  21|0x0000000081500000, 0x0000000081600000, 0x0000000081600000|100%| O|  |TAMS 0x0000000081600000, 0x0000000081600000| Untracked 
|  22|0x0000000081600000, 0x0000000081700000, 0x0000000081700000|100%|HS|  |TAMS 0x0000000081700000, 0x0000000081700000| Complete 
|  23|0x0000000081700000, 0x0000000081800000, 0x0000000081800000|100%|HC|  |TAMS 0x0000000081800000, 0x0000000081800000| Complete 
|  24|0x0000000081800000, 0x0000000081900000, 0x0000000081900000|100%|HC|  |TAMS 0x0000000081900000, 0x0000000081900000| Complete 
|  25|0x0000000081900000, 0x0000000081a00000, 0x0000000081a00000|100%|HC|  |TAMS 0x0000000081a00000, 0x0000000081a00000| Complete 
|  26|0x0000000081a00000, 0x0000000081b00000, 0x0000000081b00000|100%|HC|  |TAMS 0x0000000081b00000, 0x0000000081b00000| Complete 
|  27|0x0000000081b00000, 0x0000000081c00000, 0x0000000081c00000|100%|HS|  |TAMS 0x0000000081c00000, 0x0000000081c00000| Complete 
|  28|0x0000000081c00000, 0x0000000081d00000, 0x0000000081d00000|100%|HC|  |TAMS 0x0000000081d00000, 0x0000000081d00000| Complete 
|  29|0x0000000081d00000, 0x0000000081e00000, 0x0000000081e00000|100%|HC|  |TAMS 0x0000000081e00000, 0x0000000081e00000| Complete 
|  30|0x0000000081e00000, 0x0000000081f00000, 0x0000000081f00000|100%|HS|  |TAMS 0x0000000081f00000, 0x0000000081f00000| Complete 
|  31|0x0000000081f00000, 0x0000000082000000, 0x0000000082000000|100%|HC|  |TAMS 0x0000000082000000, 0x0000000082000000| Complete 
|  32|0x0000000082000000, 0x0000000082100000, 0x0000000082100000|100%|HC|  |TAMS 0x0000000082100000, 0x0000000082100000| Complete 
|  33|0x0000000082100000, 0x0000000082200000, 0x0000000082200000|100%| O|  |TAMS 0x0000000082200000, 0x0000000082200000| Untracked 
|  34|0x0000000082200000, 0x0000000082300000, 0x0000000082300000|100%| O|  |TAMS 0x0000000082300000, 0x0000000082300000| Untracked 
|  35|0x0000000082300000, 0x0000000082400000, 0x0000000082400000|100%| O|  |TAMS 0x0000000082400000, 0x0000000082400000| Untracked 
|  36|0x0000000082400000, 0x0000000082500000, 0x0000000082500000|100%| O|  |TAMS 0x0000000082500000, 0x0000000082500000| Untracked 
|  37|0x0000000082500000, 0x0000000082600000, 0x0000000082600000|100%|HS|  |TAMS 0x0000000082600000, 0x0000000082600000| Complete 
|  38|0x0000000082600000, 0x0000000082700000, 0x0000000082700000|100%| O|  |TAMS 0x0000000082700000, 0x0000000082700000| Untracked 
|  39|0x0000000082700000, 0x0000000082800000, 0x0000000082800000|100%| O|  |TAMS 0x0000000082800000, 0x0000000082800000| Untracked 
|  40|0x0000000082800000, 0x0000000082900000, 0x0000000082900000|100%| O|  |TAMS 0x00000000828b6e00, 0x0000000082900000| Untracked 
|  41|0x0000000082900000, 0x0000000082a00000, 0x0000000082a00000|100%| O|  |TAMS 0x0000000082900000, 0x0000000082900000| Untracked 
|  42|0x0000000082a00000, 0x0000000082b00000, 0x0000000082b00000|100%| O|  |TAMS 0x0000000082a00000, 0x0000000082a00000| Untracked 
|  43|0x0000000082b00000, 0x0000000082bcb800, 0x0000000082c00000| 79%| O|  |TAMS 0x0000000082b00000, 0x0000000082b00000| Untracked 
|  44|0x0000000082c00000, 0x0000000082d00000, 0x0000000082d00000|100%| O|  |TAMS 0x0000000082c00000, 0x0000000082d00000| Untracked 
|  45|0x0000000082d00000, 0x0000000082e00000, 0x0000000082e00000|100%| O|  |TAMS 0x0000000082d00000, 0x0000000082e00000| Untracked 
|  46|0x0000000082e00000, 0x0000000082f00000, 0x0000000082f00000|100%| O|  |TAMS 0x0000000082e00000, 0x0000000082f00000| Untracked 
|  47|0x0000000082f00000, 0x0000000083000000, 0x0000000083000000|100%| O|  |TAMS 0x0000000082f00000, 0x0000000083000000| Untracked 
|  48|0x0000000083000000, 0x0000000083100000, 0x0000000083100000|100%| O|  |TAMS 0x0000000083000000, 0x00000000830c0800| Untracked 
|  49|0x0000000083100000, 0x0000000083200000, 0x0000000083200000|100%|HS|  |TAMS 0x0000000083100000, 0x0000000083100000| Complete 
|  50|0x0000000083200000, 0x0000000083300000, 0x0000000083300000|100%|HC|  |TAMS 0x0000000083200000, 0x0000000083200000| Complete 
|  51|0x0000000083300000, 0x0000000083400000, 0x0000000083400000|100%|HC|  |TAMS 0x0000000083300000, 0x0000000083300000| Complete 
|  52|0x0000000083400000, 0x0000000083500000, 0x0000000083500000|100%|HS|  |TAMS 0x0000000083400000, 0x0000000083400000| Complete 
|  53|0x0000000083500000, 0x0000000083600000, 0x0000000083600000|100%|HC|  |TAMS 0x0000000083500000, 0x0000000083500000| Complete 
|  54|0x0000000083600000, 0x0000000083700000, 0x0000000083700000|100%|HC|  |TAMS 0x0000000083600000, 0x0000000083600000| Complete 
|  55|0x0000000083700000, 0x0000000083800000, 0x0000000083800000|100%|HC|  |TAMS 0x0000000083700000, 0x0000000083700000| Complete 
|  56|0x0000000083800000, 0x0000000083900000, 0x0000000083900000|100%|HC|  |TAMS 0x0000000083800000, 0x0000000083800000| Complete 
|  57|0x0000000083900000, 0x0000000083900000, 0x0000000083a00000|  0%| F|  |TAMS 0x0000000083900000, 0x0000000083900000| Untracked 
|  58|0x0000000083a00000, 0x0000000083a00000, 0x0000000083b00000|  0%| F|  |TAMS 0x0000000083a00000, 0x0000000083a00000| Untracked 
|  59|0x0000000083b00000, 0x0000000083b00000, 0x0000000083c00000|  0%| F|  |TAMS 0x0000000083b00000, 0x0000000083b00000| Untracked 
|  60|0x0000000083c00000, 0x0000000083c00000, 0x0000000083d00000|  0%| F|  |TAMS 0x0000000083c00000, 0x0000000083c00000| Untracked 
|  61|0x0000000083d00000, 0x0000000083d00000, 0x0000000083e00000|  0%| F|  |TAMS 0x0000000083d00000, 0x0000000083d00000| Untracked 
|  62|0x0000000083e00000, 0x0000000083e00000, 0x0000000083f00000|  0%| F|  |TAMS 0x0000000083e00000, 0x0000000083e00000| Untracked 
|  63|0x0000000083f00000, 0x0000000083f00000, 0x0000000084000000|  0%| F|  |TAMS 0x0000000083f00000, 0x0000000083f00000| Untracked 
|  64|0x0000000084000000, 0x0000000084000000, 0x0000000084100000|  0%| F|  |TAMS 0x0000000084000000, 0x0000000084000000| Untracked 
|  65|0x0000000084100000, 0x0000000084100000, 0x0000000084200000|  0%| F|  |TAMS 0x0000000084100000, 0x0000000084100000| Untracked 
|  66|0x0000000084200000, 0x0000000084200000, 0x0000000084300000|  0%| F|  |TAMS 0x0000000084200000, 0x0000000084200000| Untracked 
|  67|0x0000000084300000, 0x0000000084300000, 0x0000000084400000|  0%| F|  |TAMS 0x0000000084300000, 0x0000000084300000| Untracked 
|  68|0x0000000084400000, 0x0000000084400000, 0x0000000084500000|  0%| F|  |TAMS 0x0000000084400000, 0x0000000084400000| Untracked 
|  69|0x0000000084500000, 0x0000000084500000, 0x0000000084600000|  0%| F|  |TAMS 0x0000000084500000, 0x0000000084500000| Untracked 
|  70|0x0000000084600000, 0x0000000084600000, 0x0000000084700000|  0%| F|  |TAMS 0x0000000084600000, 0x0000000084600000| Untracked 
|  71|0x0000000084700000, 0x0000000084700000, 0x0000000084800000|  0%| F|  |TAMS 0x0000000084700000, 0x0000000084700000| Untracked 
|  72|0x0000000084800000, 0x0000000084800000, 0x0000000084900000|  0%| F|  |TAMS 0x0000000084800000, 0x0000000084800000| Untracked 
|  73|0x0000000084900000, 0x0000000084900000, 0x0000000084a00000|  0%| F|  |TAMS 0x0000000084900000, 0x0000000084900000| Untracked 
|  74|0x0000000084a00000, 0x0000000084a00000, 0x0000000084b00000|  0%| F|  |TAMS 0x0000000084a00000, 0x0000000084a00000| Untracked 
|  75|0x0000000084b00000, 0x0000000084b00000, 0x0000000084c00000|  0%| F|  |TAMS 0x0000000084b00000, 0x0000000084b00000| Untracked 
|  76|0x0000000084c00000, 0x0000000084c00000, 0x0000000084d00000|  0%| F|  |TAMS 0x0000000084c00000, 0x0000000084c00000| Untracked 
|  77|0x0000000084d00000, 0x0000000084d866c0, 0x0000000084e00000| 52%| S|CS|TAMS 0x0000000084d00000, 0x0000000084d00000| Complete 
|  78|0x0000000084e00000, 0x0000000084f00000, 0x0000000084f00000|100%| S|CS|TAMS 0x0000000084e00000, 0x0000000084e00000| Complete 
|  79|0x0000000084f00000, 0x0000000085000000, 0x0000000085000000|100%| S|CS|TAMS 0x0000000084f00000, 0x0000000084f00000| Complete 
|  80|0x0000000085000000, 0x0000000085000000, 0x0000000085100000|  0%| F|  |TAMS 0x0000000085000000, 0x0000000085000000| Untracked 
|  81|0x0000000085100000, 0x0000000085100000, 0x0000000085200000|  0%| F|  |TAMS 0x0000000085100000, 0x0000000085100000| Untracked 
|  82|0x0000000085200000, 0x0000000085200000, 0x0000000085300000|  0%| F|  |TAMS 0x0000000085200000, 0x0000000085200000| Untracked 
|  83|0x0000000085300000, 0x0000000085300000, 0x0000000085400000|  0%| F|  |TAMS 0x0000000085300000, 0x0000000085300000| Untracked 
|  84|0x0000000085400000, 0x0000000085400000, 0x0000000085500000|  0%| F|  |TAMS 0x0000000085400000, 0x0000000085400000| Untracked 
|  85|0x0000000085500000, 0x0000000085500000, 0x0000000085600000|  0%| F|  |TAMS 0x0000000085500000, 0x0000000085500000| Untracked 
|  86|0x0000000085600000, 0x0000000085600000, 0x0000000085700000|  0%| F|  |TAMS 0x0000000085600000, 0x0000000085600000| Untracked 
|  87|0x0000000085700000, 0x0000000085700000, 0x0000000085800000|  0%| F|  |TAMS 0x0000000085700000, 0x0000000085700000| Untracked 
|  88|0x0000000085800000, 0x0000000085800000, 0x0000000085900000|  0%| F|  |TAMS 0x0000000085800000, 0x0000000085800000| Untracked 
|  89|0x0000000085900000, 0x0000000085900000, 0x0000000085a00000|  0%| F|  |TAMS 0x0000000085900000, 0x0000000085900000| Untracked 
|  90|0x0000000085a00000, 0x0000000085a00000, 0x0000000085b00000|  0%| F|  |TAMS 0x0000000085a00000, 0x0000000085a00000| Untracked 
|  91|0x0000000085b00000, 0x0000000085b00000, 0x0000000085c00000|  0%| F|  |TAMS 0x0000000085b00000, 0x0000000085b00000| Untracked 
|  92|0x0000000085c00000, 0x0000000085c00000, 0x0000000085d00000|  0%| F|  |TAMS 0x0000000085c00000, 0x0000000085c00000| Untracked 
|  93|0x0000000085d00000, 0x0000000085d00000, 0x0000000085e00000|  0%| F|  |TAMS 0x0000000085d00000, 0x0000000085d00000| Untracked 
|  94|0x0000000085e00000, 0x0000000085e00000, 0x0000000085f00000|  0%| F|  |TAMS 0x0000000085e00000, 0x0000000085e00000| Untracked 
|  95|0x0000000085f00000, 0x0000000085f00000, 0x0000000086000000|  0%| F|  |TAMS 0x0000000085f00000, 0x0000000085f00000| Untracked 
|  96|0x0000000086000000, 0x0000000086000000, 0x0000000086100000|  0%| F|  |TAMS 0x0000000086000000, 0x0000000086000000| Untracked 
|  97|0x0000000086100000, 0x0000000086100000, 0x0000000086200000|  0%| F|  |TAMS 0x0000000086100000, 0x0000000086100000| Untracked 
|  98|0x0000000086200000, 0x0000000086200000, 0x0000000086300000|  0%| F|  |TAMS 0x0000000086200000, 0x0000000086200000| Untracked 
|  99|0x0000000086300000, 0x0000000086300000, 0x0000000086400000|  0%| F|  |TAMS 0x0000000086300000, 0x0000000086300000| Untracked 
| 100|0x0000000086400000, 0x0000000086400000, 0x0000000086500000|  0%| F|  |TAMS 0x0000000086400000, 0x0000000086400000| Untracked 
| 101|0x0000000086500000, 0x0000000086500000, 0x0000000086600000|  0%| F|  |TAMS 0x0000000086500000, 0x0000000086500000| Untracked 
| 102|0x0000000086600000, 0x0000000086600000, 0x0000000086700000|  0%| F|  |TAMS 0x0000000086600000, 0x0000000086600000| Untracked 
| 103|0x0000000086700000, 0x0000000086700000, 0x0000000086800000|  0%| F|  |TAMS 0x0000000086700000, 0x0000000086700000| Untracked 
| 104|0x0000000086800000, 0x0000000086800000, 0x0000000086900000|  0%| F|  |TAMS 0x0000000086800000, 0x0000000086800000| Untracked 
| 105|0x0000000086900000, 0x0000000086900000, 0x0000000086a00000|  0%| F|  |TAMS 0x0000000086900000, 0x0000000086900000| Untracked 
| 106|0x0000000086a00000, 0x0000000086a00000, 0x0000000086b00000|  0%| F|  |TAMS 0x0000000086a00000, 0x0000000086a00000| Untracked 
| 107|0x0000000086b00000, 0x0000000086b00000, 0x0000000086c00000|  0%| F|  |TAMS 0x0000000086b00000, 0x0000000086b00000| Untracked 
| 108|0x0000000086c00000, 0x0000000086c00000, 0x0000000086d00000|  0%| F|  |TAMS 0x0000000086c00000, 0x0000000086c00000| Untracked 
| 109|0x0000000086d00000, 0x0000000086d00000, 0x0000000086e00000|  0%| F|  |TAMS 0x0000000086d00000, 0x0000000086d00000| Untracked 
| 110|0x0000000086e00000, 0x0000000086e00000, 0x0000000086f00000|  0%| F|  |TAMS 0x0000000086e00000, 0x0000000086e00000| Untracked 
| 111|0x0000000086f00000, 0x0000000086f00000, 0x0000000087000000|  0%| F|  |TAMS 0x0000000086f00000, 0x0000000086f00000| Untracked 
| 112|0x0000000087000000, 0x0000000087000000, 0x0000000087100000|  0%| F|  |TAMS 0x0000000087000000, 0x0000000087000000| Untracked 
| 113|0x0000000087100000, 0x0000000087100000, 0x0000000087200000|  0%| F|  |TAMS 0x0000000087100000, 0x0000000087100000| Untracked 
| 114|0x0000000087200000, 0x0000000087200000, 0x0000000087300000|  0%| F|  |TAMS 0x0000000087200000, 0x0000000087200000| Untracked 
| 115|0x0000000087300000, 0x0000000087300000, 0x0000000087400000|  0%| F|  |TAMS 0x0000000087300000, 0x0000000087300000| Untracked 
| 116|0x0000000087400000, 0x0000000087400000, 0x0000000087500000|  0%| F|  |TAMS 0x0000000087400000, 0x0000000087400000| Untracked 
| 117|0x0000000087500000, 0x0000000087500000, 0x0000000087600000|  0%| F|  |TAMS 0x0000000087500000, 0x0000000087500000| Untracked 
| 118|0x0000000087600000, 0x0000000087600000, 0x0000000087700000|  0%| F|  |TAMS 0x0000000087600000, 0x0000000087600000| Untracked 
| 119|0x0000000087700000, 0x0000000087700000, 0x0000000087800000|  0%| F|  |TAMS 0x0000000087700000, 0x0000000087700000| Untracked 
| 120|0x0000000087800000, 0x0000000087800000, 0x0000000087900000|  0%| F|  |TAMS 0x0000000087800000, 0x0000000087800000| Untracked 
| 121|0x0000000087900000, 0x0000000087900000, 0x0000000087a00000|  0%| F|  |TAMS 0x0000000087900000, 0x0000000087900000| Untracked 
| 122|0x0000000087a00000, 0x0000000087a00000, 0x0000000087b00000|  0%| F|  |TAMS 0x0000000087a00000, 0x0000000087a00000| Untracked 
| 123|0x0000000087b00000, 0x0000000087b00000, 0x0000000087c00000|  0%| F|  |TAMS 0x0000000087b00000, 0x0000000087b00000| Untracked 
| 124|0x0000000087c00000, 0x0000000087c00000, 0x0000000087d00000|  0%| F|  |TAMS 0x0000000087c00000, 0x0000000087c00000| Untracked 
| 125|0x0000000087d00000, 0x0000000087d00000, 0x0000000087e00000|  0%| F|  |TAMS 0x0000000087d00000, 0x0000000087d00000| Untracked 
| 126|0x0000000087e00000, 0x0000000087e00000, 0x0000000087f00000|  0%| F|  |TAMS 0x0000000087e00000, 0x0000000087e00000| Untracked 
| 127|0x0000000087f00000, 0x0000000087f00000, 0x0000000088000000|  0%| F|  |TAMS 0x0000000087f00000, 0x0000000087f00000| Untracked 
| 128|0x0000000088000000, 0x0000000088000000, 0x0000000088100000|  0%| F|  |TAMS 0x0000000088000000, 0x0000000088000000| Untracked 
| 129|0x0000000088100000, 0x0000000088100000, 0x0000000088200000|  0%| F|  |TAMS 0x0000000088100000, 0x0000000088100000| Untracked 
| 130|0x0000000088200000, 0x0000000088200000, 0x0000000088300000|  0%| F|  |TAMS 0x0000000088200000, 0x0000000088200000| Untracked 
| 131|0x0000000088300000, 0x0000000088300000, 0x0000000088400000|  0%| F|  |TAMS 0x0000000088300000, 0x0000000088300000| Untracked 
| 132|0x0000000088400000, 0x0000000088400000, 0x0000000088500000|  0%| F|  |TAMS 0x0000000088400000, 0x0000000088400000| Untracked 
| 133|0x0000000088500000, 0x0000000088500000, 0x0000000088600000|  0%| F|  |TAMS 0x0000000088500000, 0x0000000088500000| Untracked 
| 134|0x0000000088600000, 0x0000000088600000, 0x0000000088700000|  0%| F|  |TAMS 0x0000000088600000, 0x0000000088600000| Untracked 
| 135|0x0000000088700000, 0x0000000088700000, 0x0000000088800000|  0%| F|  |TAMS 0x0000000088700000, 0x0000000088700000| Untracked 
| 136|0x0000000088800000, 0x0000000088800000, 0x0000000088900000|  0%| F|  |TAMS 0x0000000088800000, 0x0000000088800000| Untracked 
| 137|0x0000000088900000, 0x0000000088900000, 0x0000000088a00000|  0%| F|  |TAMS 0x0000000088900000, 0x0000000088900000| Untracked 
| 138|0x0000000088a00000, 0x0000000088a00000, 0x0000000088b00000|  0%| F|  |TAMS 0x0000000088a00000, 0x0000000088a00000| Untracked 
| 139|0x0000000088b00000, 0x0000000088b00000, 0x0000000088c00000|  0%| F|  |TAMS 0x0000000088b00000, 0x0000000088b00000| Untracked 
| 140|0x0000000088c00000, 0x0000000088c00000, 0x0000000088d00000|  0%| F|  |TAMS 0x0000000088c00000, 0x0000000088c00000| Untracked 
| 141|0x0000000088d00000, 0x0000000088d00000, 0x0000000088e00000|  0%| F|  |TAMS 0x0000000088d00000, 0x0000000088d00000| Untracked 
| 142|0x0000000088e00000, 0x0000000088e00000, 0x0000000088f00000|  0%| F|  |TAMS 0x0000000088e00000, 0x0000000088e00000| Untracked 
| 143|0x0000000088f00000, 0x0000000088f00000, 0x0000000089000000|  0%| F|  |TAMS 0x0000000088f00000, 0x0000000088f00000| Untracked 
| 144|0x0000000089000000, 0x0000000089000000, 0x0000000089100000|  0%| F|  |TAMS 0x0000000089000000, 0x0000000089000000| Untracked 
| 145|0x0000000089100000, 0x0000000089100000, 0x0000000089200000|  0%| F|  |TAMS 0x0000000089100000, 0x0000000089100000| Untracked 
| 146|0x0000000089200000, 0x0000000089200000, 0x0000000089300000|  0%| F|  |TAMS 0x0000000089200000, 0x0000000089200000| Untracked 
| 147|0x0000000089300000, 0x0000000089300000, 0x0000000089400000|  0%| F|  |TAMS 0x0000000089300000, 0x0000000089300000| Untracked 
| 148|0x0000000089400000, 0x0000000089400000, 0x0000000089500000|  0%| F|  |TAMS 0x0000000089400000, 0x0000000089400000| Untracked 
| 149|0x0000000089500000, 0x0000000089500000, 0x0000000089600000|  0%| F|  |TAMS 0x0000000089500000, 0x0000000089500000| Untracked 
| 150|0x0000000089600000, 0x0000000089600000, 0x0000000089700000|  0%| F|  |TAMS 0x0000000089600000, 0x0000000089600000| Untracked 
| 151|0x0000000089700000, 0x0000000089700000, 0x0000000089800000|  0%| F|  |TAMS 0x0000000089700000, 0x0000000089700000| Untracked 
| 152|0x0000000089800000, 0x0000000089800000, 0x0000000089900000|  0%| F|  |TAMS 0x0000000089800000, 0x0000000089800000| Untracked 
| 153|0x0000000089900000, 0x0000000089900000, 0x0000000089a00000|  0%| F|  |TAMS 0x0000000089900000, 0x0000000089900000| Untracked 
| 154|0x0000000089a00000, 0x0000000089b00000, 0x0000000089b00000|100%| E|  |TAMS 0x0000000089a00000, 0x0000000089a00000| Complete 
| 155|0x0000000089b00000, 0x0000000089c00000, 0x0000000089c00000|100%| E|CS|TAMS 0x0000000089b00000, 0x0000000089b00000| Complete 
| 156|0x0000000089c00000, 0x0000000089d00000, 0x0000000089d00000|100%| E|  |TAMS 0x0000000089c00000, 0x0000000089c00000| Complete 

Card table byte_map: [0x0000021e31060000,0x0000021e31460000] _byte_map_base: 0x0000021e30c60000

Marking Bits (Prev, Next): (CMBitMap*) 0x0000021e1c989c40, (CMBitMap*) 0x0000021e1c989c00
 Prev Bits: [0x0000021e33860000, 0x0000021e35860000)
 Next Bits: [0x0000021e31860000, 0x0000021e33860000)

Polling page: 0x0000021e1c700000

Metaspace:

Usage:
  Non-class:     42.94 MB used.
      Class:      6.70 MB used.
       Both:     49.64 MB used.

Virtual space:
  Non-class space:       64.00 MB reserved,      43.19 MB ( 67%) committed,  1 nodes.
      Class space:        1.00 GB reserved,       6.88 MB ( <1%) committed,  1 nodes.
             Both:        1.06 GB reserved,      50.06 MB (  5%) committed. 

Chunk freelists:
   Non-Class:  4.84 MB
       Class:  9.06 MB
        Both:  13.91 MB

MaxMetaspaceSize: unlimited
CompressedClassSpaceSize: 1.00 GB
Initial GC threshold: 21.00 MB
Current GC threshold: 75.44 MB
CDS: off
MetaspaceReclaimPolicy: balanced
 - commit_granule_bytes: 65536.
 - commit_granule_words: 8192.
 - virtual_space_node_default_size: 8388608.
 - enlarge_chunks_in_place: 1.
 - new_chunks_are_fully_committed: 0.
 - uncommit_free_chunks: 1.
 - use_allocation_guard: 0.
 - handle_deallocations: 1.


Internal statistics:

num_allocs_failed_limit: 6.
num_arena_births: 480.
num_arena_deaths: 0.
num_vsnodes_births: 2.
num_vsnodes_deaths: 0.
num_space_committed: 801.
num_space_uncommitted: 0.
num_chunks_returned_to_freelist: 6.
num_chunks_taken_from_freelist: 2126.
num_chunk_merges: 6.
num_chunk_splits: 1361.
num_chunks_enlarged: 900.
num_inconsistent_stats: 0.

CodeHeap 'non-profiled nmethods': size=120000Kb used=2733Kb max_used=2733Kb free=117267Kb
 bounds [0x0000021e29110000, 0x0000021e293c0000, 0x0000021e30640000]
CodeHeap 'profiled nmethods': size=120000Kb used=9462Kb max_used=9462Kb free=110537Kb
 bounds [0x0000021e21640000, 0x0000021e21f80000, 0x0000021e28b70000]
CodeHeap 'non-nmethods': size=5760Kb used=2304Kb max_used=2387Kb free=3455Kb
 bounds [0x0000021e28b70000, 0x0000021e28de0000, 0x0000021e29110000]
 total_blobs=5333 nmethods=4516 adapters=728
 compilation: enabled
              stopped_count=0, restarted_count=0
 full_count=0

Compilation events (20 events):
Event: 4.684 Thread 0x0000021e3c041020 4512       3       com.google.common.collect.RegularImmutableSet::size (6 bytes)
Event: 4.684 Thread 0x0000021e3c041020 nmethod 4512 0x0000021e21f70390 code [0x0000021e21f70520, 0x0000021e21f70638]
Event: 4.684 Thread 0x0000021e3c041020 4513       3       com.google.common.base.Equivalence$Equals::doEquivalent (6 bytes)
Event: 4.684 Thread 0x0000021e3c041020 nmethod 4513 0x0000021e21f70710 code [0x0000021e21f708c0, 0x0000021e21f70a88]
Event: 4.685 Thread 0x0000021e3c041020 4514       3       com.google.common.collect.Sets$ImprovedAbstractSet::<init> (5 bytes)
Event: 4.685 Thread 0x0000021e3c041020 nmethod 4514 0x0000021e21f70b90 code [0x0000021e21f70d40, 0x0000021e21f70f78]
Event: 4.685 Thread 0x0000021e3c041020 4516       3       com.google.common.collect.LinkedHashMultimap::access$200 (6 bytes)
Event: 4.685 Thread 0x0000021e3c041020 nmethod 4516 0x0000021e21f71090 code [0x0000021e21f71240, 0x0000021e21f71518]
Event: 4.685 Thread 0x0000021e3c041020 4515       1       com.google.common.collect.LinkedHashMultimap$ValueEntry::setPredecessorInValueSet (6 bytes)
Event: 4.685 Thread 0x0000021e3c041020 nmethod 4515 0x0000021e293bae10 code [0x0000021e293bafa0, 0x0000021e293bb0b8]
Event: 4.685 Thread 0x0000021e3c041020 4517       1       com.google.common.collect.LinkedHashMultimap$ValueSet::setPredecessorInValueSet (6 bytes)
Event: 4.685 Thread 0x0000021e3c041020 nmethod 4517 0x0000021e293bb110 code [0x0000021e293bb2a0, 0x0000021e293bb3b8]
Event: 4.686 Thread 0x0000021e3c041020 4519       3       java.lang.reflect.Type::getTypeName (5 bytes)
Event: 4.686 Thread 0x0000021e3c041020 nmethod 4519 0x0000021e21f71690 code [0x0000021e21f71840, 0x0000021e21f71a08]
Event: 4.686 Thread 0x0000021e3c041020 4520       3       java.util.Comparator$$Lambda$202/0x0000000100257db0::compare (10 bytes)
Event: 4.687 Thread 0x0000021e3c041020 nmethod 4520 0x0000021e21f71a90 code [0x0000021e21f71c60, 0x0000021e21f72128]
Event: 4.687 Thread 0x0000021e3c041020 4522       3       groovy.lang.MetaClassImpl::copyNonPrivateFields (100 bytes)
Event: 4.687 Thread 0x0000021e3c041020 nmethod 4522 0x0000021e21f72290 code [0x0000021e21f72500, 0x0000021e21f732f8]
Event: 4.687 Thread 0x0000021e3c041020 4521       3       java.util.Comparator::lambda$comparing$77a9974f$1 (23 bytes)
Event: 4.687 Thread 0x0000021e3c041020 nmethod 4521 0x0000021e21f73810 code [0x0000021e21f739e0, 0x0000021e21f73e28]

GC Heap History (20 events):
Event: 2.452 GC heap before
{Heap before GC invocations=6 (full 0):
 garbage-first heap   total 68608K, used 22029K [0x0000000080000000, 0x0000000100000000)
  region size 1024K, 3 young (3072K), 2 survivors (2048K)
 Metaspace       used 26673K, committed 26944K, reserved 1114112K
  class space    used 3395K, committed 3520K, reserved 1048576K
}
Event: 2.454 GC heap after
{Heap after GC invocations=7 (full 0):
 garbage-first heap   total 68608K, used 21231K [0x0000000080000000, 0x0000000100000000)
  region size 1024K, 1 young (1024K), 1 survivors (1024K)
 Metaspace       used 26673K, committed 26944K, reserved 1114112K
  class space    used 3395K, committed 3520K, reserved 1048576K
}
Event: 2.845 GC heap before
{Heap before GC invocations=7 (full 0):
 garbage-first heap   total 68608K, used 48879K [0x0000000080000000, 0x0000000100000000)
  region size 1024K, 28 young (28672K), 1 survivors (1024K)
 Metaspace       used 30299K, committed 30656K, reserved 1114112K
  class space    used 4003K, committed 4160K, reserved 1048576K
}
Event: 2.848 GC heap after
{Heap after GC invocations=8 (full 0):
 garbage-first heap   total 68608K, used 22830K [0x0000000080000000, 0x0000000100000000)
  region size 1024K, 2 young (2048K), 2 survivors (2048K)
 Metaspace       used 30299K, committed 30656K, reserved 1114112K
  class space    used 4003K, committed 4160K, reserved 1048576K
}
Event: 3.030 GC heap before
{Heap before GC invocations=8 (full 0):
 garbage-first heap   total 68608K, used 44334K [0x0000000080000000, 0x0000000100000000)
  region size 1024K, 17 young (17408K), 2 survivors (2048K)
 Metaspace       used 32079K, committed 32448K, reserved 1114112K
  class space    used 4330K, committed 4480K, reserved 1048576K
}
Event: 3.033 GC heap after
{Heap after GC invocations=9 (full 0):
 garbage-first heap   total 68608K, used 34308K [0x0000000080000000, 0x0000000100000000)
  region size 1024K, 4 young (4096K), 4 survivors (4096K)
 Metaspace       used 32079K, committed 32448K, reserved 1114112K
  class space    used 4330K, committed 4480K, reserved 1048576K
}
Event: 3.050 GC heap before
{Heap before GC invocations=9 (full 0):
 garbage-first heap   total 68608K, used 38404K [0x0000000080000000, 0x0000000100000000)
  region size 1024K, 6 young (6144K), 4 survivors (4096K)
 Metaspace       used 32146K, committed 32448K, reserved 1114112K
  class space    used 4340K, committed 4480K, reserved 1048576K
}
Event: 3.054 GC heap after
{Heap after GC invocations=10 (full 0):
 garbage-first heap   total 101376K, used 38589K [0x0000000080000000, 0x0000000100000000)
  region size 1024K, 1 young (1024K), 1 survivors (1024K)
 Metaspace       used 32146K, committed 32448K, reserved 1114112K
  class space    used 4340K, committed 4480K, reserved 1048576K
}
Event: 3.383 GC heap before
{Heap before GC invocations=10 (full 0):
 garbage-first heap   total 101376K, used 67261K [0x0000000080000000, 0x0000000100000000)
  region size 1024K, 30 young (30720K), 1 survivors (1024K)
 Metaspace       used 35792K, committed 36096K, reserved 1114112K
  class space    used 4922K, committed 5056K, reserved 1048576K
}
Event: 3.385 GC heap after
{Heap after GC invocations=11 (full 0):
 garbage-first heap   total 101376K, used 41213K [0x0000000080000000, 0x0000000100000000)
  region size 1024K, 3 young (3072K), 3 survivors (3072K)
 Metaspace       used 35792K, committed 36096K, reserved 1114112K
  class space    used 4922K, committed 5056K, reserved 1048576K
}
Event: 3.779 GC heap before
{Heap before GC invocations=12 (full 0):
 garbage-first heap   total 101376K, used 70909K [0x0000000080000000, 0x0000000100000000)
  region size 1024K, 33 young (33792K), 3 survivors (3072K)
 Metaspace       used 40519K, committed 40896K, reserved 1114112K
  class space    used 5598K, committed 5760K, reserved 1048576K
}
Event: 3.784 GC heap after
{Heap after GC invocations=13 (full 0):
 garbage-first heap   total 101376K, used 42963K [0x0000000080000000, 0x0000000100000000)
  region size 1024K, 5 young (5120K), 5 survivors (5120K)
 Metaspace       used 40519K, committed 40896K, reserved 1114112K
  class space    used 5598K, committed 5760K, reserved 1048576K
}
Event: 4.066 GC heap before
{Heap before GC invocations=13 (full 0):
 garbage-first heap   total 101376K, used 72659K [0x0000000080000000, 0x0000000100000000)
  region size 1024K, 35 young (35840K), 5 survivors (5120K)
 Metaspace       used 44586K, committed 44992K, reserved 1114112K
  class space    used 6018K, committed 6208K, reserved 1048576K
}
Event: 4.071 GC heap after
{Heap after GC invocations=14 (full 0):
 garbage-first heap   total 101376K, used 46811K [0x0000000080000000, 0x0000000100000000)
  region size 1024K, 5 young (5120K), 5 survivors (5120K)
 Metaspace       used 44586K, committed 44992K, reserved 1114112K
  class space    used 6018K, committed 6208K, reserved 1048576K
}
Event: 4.134 GC heap before
{Heap before GC invocations=14 (full 0):
 garbage-first heap   total 101376K, used 58075K [0x0000000080000000, 0x0000000100000000)
  region size 1024K, 14 young (14336K), 5 survivors (5120K)
 Metaspace       used 45070K, committed 45440K, reserved 1114112K
  class space    used 6066K, committed 6272K, reserved 1048576K
}
Event: 4.138 GC heap after
{Heap after GC invocations=15 (full 0):
 garbage-first heap   total 101376K, used 50366K [0x0000000080000000, 0x0000000100000000)
  region size 1024K, 2 young (2048K), 2 survivors (2048K)
 Metaspace       used 45070K, committed 45440K, reserved 1114112K
  class space    used 6066K, committed 6272K, reserved 1048576K
}
Event: 4.434 GC heap before
{Heap before GC invocations=16 (full 0):
 garbage-first heap   total 101376K, used 78014K [0x0000000080000000, 0x0000000100000000)
  region size 1024K, 28 young (28672K), 2 survivors (2048K)
 Metaspace       used 49024K, committed 49472K, reserved 1114112K
  class space    used 6569K, committed 6784K, reserved 1048576K
}
Event: 4.436 GC heap after
{Heap after GC invocations=17 (full 0):
 garbage-first heap   total 101376K, used 50014K [0x0000000080000000, 0x0000000100000000)
  region size 1024K, 4 young (4096K), 4 survivors (4096K)
 Metaspace       used 49024K, committed 49472K, reserved 1114112K
  class space    used 6569K, committed 6784K, reserved 1048576K
}
Event: 4.688 GC heap before
{Heap before GC invocations=17 (full 0):
 garbage-first heap   total 101376K, used 67422K [0x0000000080000000, 0x0000000100000000)
  region size 1024K, 23 young (23552K), 4 survivors (4096K)
 Metaspace       used 50711K, committed 51200K, reserved 1114112K
  class space    used 6842K, committed 7040K, reserved 1048576K
}
Event: 4.692 GC heap after
{Heap after GC invocations=18 (full 0):
 garbage-first heap   total 160768K, used 52551K [0x0000000080000000, 0x0000000100000000)
  region size 1024K, 3 young (3072K), 3 survivors (3072K)
 Metaspace       used 50711K, committed 51200K, reserved 1114112K
  class space    used 6842K, committed 7040K, reserved 1048576K
}

Dll operation events (3 events):
Event: 0.015 Loaded shared library C:\Program Files\Android\Android Studio\jbr\bin\java.dll
Event: 0.150 Loaded shared library C:\Program Files\Android\Android Studio\jbr\bin\zip.dll
Event: 0.420 Loaded shared library C:\Program Files\Android\Android Studio\jbr\bin\verify.dll

Deoptimization events (20 events):
Event: 4.564 Thread 0x0000021e3ec19810 Uncommon trap: trap_request=0xffffffde fr.pc=0x0000021e2922f658 relative=0x0000000000001338
Event: 4.564 Thread 0x0000021e3ec19810 Uncommon trap: reason=class_check action=maybe_recompile pc=0x0000021e2922f658 method=java.util.concurrent.ConcurrentHashMap.putVal(Ljava/lang/Object;Ljava/lang/Object;Z)Ljava/lang/Object; @ 242 c2
Event: 4.564 Thread 0x0000021e3ec19810 DEOPT PACKING pc=0x0000021e2922f658 sp=0x000000780cdfd580
Event: 4.564 Thread 0x0000021e3ec19810 DEOPT UNPACKING pc=0x0000021e28bc69a3 sp=0x000000780cdfd4f0 mode 2
Event: 4.564 Thread 0x0000021e3dd5e5f0 Uncommon trap: trap_request=0xffffffde fr.pc=0x0000021e2922f658 relative=0x0000000000001338
Event: 4.564 Thread 0x0000021e3dd5e5f0 Uncommon trap: reason=class_check action=maybe_recompile pc=0x0000021e2922f658 method=java.util.concurrent.ConcurrentHashMap.putVal(Ljava/lang/Object;Ljava/lang/Object;Z)Ljava/lang/Object; @ 242 c2
Event: 4.564 Thread 0x0000021e3dd5e5f0 DEOPT PACKING pc=0x0000021e2922f658 sp=0x000000780baf6af0
Event: 4.564 Thread 0x0000021e3dd5e5f0 DEOPT UNPACKING pc=0x0000021e28bc69a3 sp=0x000000780baf6a60 mode 2
Event: 4.567 Thread 0x0000021e3dd5e5f0 Uncommon trap: trap_request=0xffffffde fr.pc=0x0000021e29287f6c relative=0x00000000000002cc
Event: 4.567 Thread 0x0000021e3dd5e5f0 Uncommon trap: reason=class_check action=maybe_recompile pc=0x0000021e29287f6c method=java.util.Collections$SetFromMap.remove(Ljava/lang/Object;)Z @ 5 c2
Event: 4.567 Thread 0x0000021e3dd5e5f0 DEOPT PACKING pc=0x0000021e29287f6c sp=0x000000780baf88c0
Event: 4.567 Thread 0x0000021e3dd5e5f0 DEOPT UNPACKING pc=0x0000021e28bc69a3 sp=0x000000780baf88a8 mode 2
Event: 4.567 Thread 0x0000021e3dd5e5f0 Uncommon trap: trap_request=0xffffffde fr.pc=0x0000021e29287f6c relative=0x00000000000002cc
Event: 4.567 Thread 0x0000021e3dd5e5f0 Uncommon trap: reason=class_check action=maybe_recompile pc=0x0000021e29287f6c method=java.util.Collections$SetFromMap.remove(Ljava/lang/Object;)Z @ 5 c2
Event: 4.567 Thread 0x0000021e3dd5e5f0 DEOPT PACKING pc=0x0000021e29287f6c sp=0x000000780baf88c0
Event: 4.567 Thread 0x0000021e3dd5e5f0 DEOPT UNPACKING pc=0x0000021e28bc69a3 sp=0x000000780baf88a8 mode 2
Event: 4.629 Thread 0x0000021e3dd5e5f0 DEOPT PACKING pc=0x0000021e217142c3 sp=0x000000780baf7cb0
Event: 4.629 Thread 0x0000021e3dd5e5f0 DEOPT UNPACKING pc=0x0000021e28bc7143 sp=0x000000780baf71d0 mode 0
Event: 4.695 Thread 0x0000021e3dd5e5f0 DEOPT PACKING pc=0x0000021e2189a3e9 sp=0x000000780baf8260
Event: 4.695 Thread 0x0000021e3dd5e5f0 DEOPT UNPACKING pc=0x0000021e28bc7143 sp=0x000000780baf77e0 mode 0

Classes unloaded (0 events):
No events

Classes redefined (0 events):
No events

Internal exceptions (20 events):
Event: 4.372 Thread 0x0000021e3dd5e5f0 Exception <a 'java/lang/ClassNotFoundException'{0x0000000084d71028}: org/gradle/api/internal/artifacts/dsl/dependencies/DefaultDependencyHandlerCustomizer> (0x0000000084d71028) 
thrown [s\src\hotspot\share\classfile\systemDictionary.cpp, line 256]
Event: 4.373 Thread 0x0000021e3dd5e5f0 Exception <a 'java/lang/ClassNotFoundException'{0x0000000084db36d8}: org/gradle/api/internal/artifacts/dsl/dependencies/DefaultDependencyHandler_DecoratedCustomizer> (0x0000000084db36d8) 
thrown [s\src\hotspot\share\classfile\systemDictionary.cpp, line 256]
Event: 4.375 Thread 0x0000021e3dd5e5f0 Exception <a 'java/lang/ClassNotFoundException'{0x0000000084df7d00}: sync_studio_tooling934_6tt5egpfonv7b94kp9o6dvpki$_run_closure1BeanInfo> (0x0000000084df7d00) 
thrown [s\src\hotspot\share\classfile\systemDictionary.cpp, line 256]
Event: 4.376 Thread 0x0000021e3dd5e5f0 Exception <a 'java/lang/ClassNotFoundException'{0x0000000084dfefc8}: sync_studio_tooling934_6tt5egpfonv7b94kp9o6dvpki$_run_closure1Customizer> (0x0000000084dfefc8) 
thrown [s\src\hotspot\share\classfile\systemDictionary.cpp, line 256]
Event: 4.412 Thread 0x0000021e3dd5e5f0 Exception <a 'java/lang/NoSuchMethodError'{0x00000000849e1e00}: 'java.lang.Object java.lang.invoke.DirectMethodHandle$Holder.newInvokeSpecial(java.lang.Object, int, java.lang.Object)'> (0x00000000849e1e00) 
thrown [s\src\hotspot\share\interpreter\linkResolver.cpp, line 771]
Event: 4.438 Thread 0x0000021e3dd5e5f0 Exception <a 'java/lang/NoSuchMethodError'{0x0000000087f1df00}: 'void java.lang.invoke.DirectMethodHandle$Holder.invokeInterface(java.lang.Object, java.lang.Object)'> (0x0000000087f1df00) 
thrown [s\src\hotspot\share\interpreter\linkResolver.cpp, line 771]
Event: 4.538 Thread 0x0000021e3dd5e5f0 Exception <a 'java/lang/NoSuchMethodError'{0x000000008598d3d8}: 'java.lang.Object java.lang.invoke.DirectMethodHandle$Holder.newInvokeSpecial(java.lang.Object, java.lang.Object, java.lang.Object, java.lang.Object, int, java.lang.Object)'> (0x000000008598d3d8) 
thrown [s\src\hotspot\share\interpreter\linkResolver.cpp, line 771]
Event: 4.538 Thread 0x0000021e3dd5e5f0 Exception <a 'java/lang/NoSuchMethodError'{0x0000000085996268}: 'java.lang.Object java.lang.invoke.Invokers$Holder.linkToTargetMethod(java.lang.Object, java.lang.Object, java.lang.Object, int, java.lang.Object, java.lang.Object)'> (0x0000000085996268) 
thrown [s\src\hotspot\share\interpreter\linkResolver.cpp, line 771]
Event: 4.583 Thread 0x0000021e3ec16a80 Exception <a 'sun/nio/fs/WindowsException'{0x00000000856f3700}> (0x00000000856f3700) 
thrown [s\src\hotspot\share\prims\jni.cpp, line 531]
Event: 4.583 Thread 0x0000021e3ec16a80 Exception <a 'sun/nio/fs/WindowsException'{0x00000000856f3ce8}> (0x00000000856f3ce8) 
thrown [s\src\hotspot\share\prims\jni.cpp, line 531]
Event: 4.588 Thread 0x0000021e3ec16a80 Exception <a 'sun/nio/fs/WindowsException'{0x000000008551fe40}> (0x000000008551fe40) 
thrown [s\src\hotspot\share\prims\jni.cpp, line 531]
Event: 4.589 Thread 0x0000021e3ec16a80 Exception <a 'sun/nio/fs/WindowsException'{0x000000008551ffa8}> (0x000000008551ffa8) 
thrown [s\src\hotspot\share\prims\jni.cpp, line 531]
Event: 4.595 Thread 0x0000021e3dd5e5f0 Exception <a 'java/lang/ClassNotFoundException'{0x0000000085583fb8}: sync_studio_tooling934_6tt5egpfonv7b94kp9o6dvpkiBeanInfo> (0x0000000085583fb8) 
thrown [s\src\hotspot\share\classfile\systemDictionary.cpp, line 256]
Event: 4.595 Thread 0x0000021e3dd5e5f0 Exception <a 'java/lang/ClassNotFoundException'{0x000000008558aa88}: sync_studio_tooling934_6tt5egpfonv7b94kp9o6dvpkiCustomizer> (0x000000008558aa88) 
thrown [s\src\hotspot\share\classfile\systemDictionary.cpp, line 256]
Event: 4.616 Thread 0x0000021e3dd5e5f0 Exception <a 'java/lang/ClassNotFoundException'{0x000000008547d730}: ijInit1_7id0x5ejxwkxlzm11nzr7xqqqBeanInfo> (0x000000008547d730) 
thrown [s\src\hotspot\share\classfile\systemDictionary.cpp, line 256]
Event: 4.617 Thread 0x0000021e3dd5e5f0 Exception <a 'java/lang/ClassNotFoundException'{0x0000000085484188}: ijInit1_7id0x5ejxwkxlzm11nzr7xqqqCustomizer> (0x0000000085484188) 
thrown [s\src\hotspot\share\classfile\systemDictionary.cpp, line 256]
Event: 4.622 Thread 0x0000021e3dd5e5f0 Exception <a 'java/lang/ClassNotFoundException'{0x00000000854c9048}: ijInit1_7id0x5ejxwkxlzm11nzr7xqqq$_run_closure1BeanInfo> (0x00000000854c9048) 
thrown [s\src\hotspot\share\classfile\systemDictionary.cpp, line 256]
Event: 4.622 Thread 0x0000021e3dd5e5f0 Exception <a 'java/lang/ClassNotFoundException'{0x00000000854cffd0}: ijInit1_7id0x5ejxwkxlzm11nzr7xqqq$_run_closure1Customizer> (0x00000000854cffd0) 
thrown [s\src\hotspot\share\classfile\systemDictionary.cpp, line 256]
Event: 4.686 Thread 0x0000021e3dd5e5f0 Exception <a 'java/lang/ClassNotFoundException'{0x00000000851f20f8}: ijInit1_7id0x5ejxwkxlzm11nzr7xqqqBeanInfo> (0x00000000851f20f8) 
thrown [s\src\hotspot\share\classfile\systemDictionary.cpp, line 256]
Event: 4.686 Thread 0x0000021e3dd5e5f0 Exception <a 'java/lang/ClassNotFoundException'{0x00000000851f8af0}: ijInit1_7id0x5ejxwkxlzm11nzr7xqqqCustomizer> (0x00000000851f8af0) 
thrown [s\src\hotspot\share\classfile\systemDictionary.cpp, line 256]

VM Operations (20 events):
Event: 4.178 Executing VM operation: G1PauseCleanup
Event: 4.178 Executing VM operation: G1PauseCleanup done
Event: 4.223 Executing VM operation: HandshakeAllThreads
Event: 4.223 Executing VM operation: HandshakeAllThreads done
Event: 4.232 Executing VM operation: HandshakeAllThreads
Event: 4.232 Executing VM operation: HandshakeAllThreads done
Event: 4.304 Executing VM operation: HandshakeAllThreads
Event: 4.304 Executing VM operation: HandshakeAllThreads done
Event: 4.307 Executing VM operation: HandshakeAllThreads
Event: 4.307 Executing VM operation: HandshakeAllThreads done
Event: 4.310 Executing VM operation: HandshakeAllThreads
Event: 4.310 Executing VM operation: HandshakeAllThreads done
Event: 4.351 Executing VM operation: HandshakeAllThreads
Event: 4.351 Executing VM operation: HandshakeAllThreads done
Event: 4.434 Executing VM operation: G1CollectForAllocation
Event: 4.436 Executing VM operation: G1CollectForAllocation done
Event: 4.527 Executing VM operation: HandshakeAllThreads
Event: 4.527 Executing VM operation: HandshakeAllThreads done
Event: 4.688 Executing VM operation: G1TryInitiateConcMark
Event: 4.692 Executing VM operation: G1TryInitiateConcMark done

Events (20 events):
Event: 4.527 loading class java/util/stream/DistinctOps$1$2 done
Event: 4.535 loading class sun/reflect/ReflectionFactory
Event: 4.535 loading class sun/reflect/ReflectionFactory done
Event: 4.535 loading class sun/reflect/ReflectionFactory$1
Event: 4.535 loading class sun/reflect/ReflectionFactory$1 done
Event: 4.552 Thread 0x0000021e3ec19810 Thread added: 0x0000021e3ec19810
Event: 4.553 Thread 0x0000021e3ec15130 Thread added: 0x0000021e3ec15130
Event: 4.561 loading class sun/nio/ch/ChannelInputStream
Event: 4.561 loading class sun/nio/ch/ChannelInputStream done
Event: 4.568 loading class java/util/stream/SortedOps
Event: 4.568 loading class java/util/stream/SortedOps done
Event: 4.568 loading class java/util/stream/SortedOps$OfRef
Event: 4.568 loading class java/util/stream/SortedOps$OfRef done
Event: 4.569 loading class java/util/stream/SortedOps$SizedRefSortingSink
Event: 4.569 loading class java/util/stream/SortedOps$AbstractRefSortingSink
Event: 4.569 loading class java/util/stream/SortedOps$AbstractRefSortingSink done
Event: 4.569 loading class java/util/stream/SortedOps$SizedRefSortingSink done
Event: 4.632 Thread 0x0000021e3ec19d20 Thread added: 0x0000021e3ec19d20
Event: 4.632 Thread 0x0000021e3ec128b0 Thread added: 0x0000021e3ec128b0
Event: 4.633 Thread 0x0000021e3ec12dc0 Thread added: 0x0000021e3ec12dc0


Dynamic libraries:
0x00007ff661230000 - 0x00007ff66123a000 	C:\Program Files\Android\Android Studio\jbr\bin\java.exe
0x00007ff801b50000 - 0x00007ff801d48000 	C:\WINDOWS\SYSTEM32\ntdll.dll
0x00007ff800ce0000 - 0x00007ff800da1000 	C:\WINDOWS\System32\KERNEL32.DLL
0x00007fffff580000 - 0x00007fffff876000 	C:\WINDOWS\System32\KERNELBASE.dll
0x00007ff800010000 - 0x00007ff800110000 	C:\WINDOWS\System32\ucrtbase.dll
0x00007fffe8450000 - 0x00007fffe846b000 	C:\Program Files\Android\Android Studio\jbr\bin\VCRUNTIME140.dll
0x00007fffe8210000 - 0x00007fffe8227000 	C:\Program Files\Android\Android Studio\jbr\bin\jli.dll
0x00007ff800660000 - 0x00007ff8007ff000 	C:\WINDOWS\System32\USER32.dll
0x00007ff800230000 - 0x00007ff800252000 	C:\WINDOWS\System32\win32u.dll
0x00007ff800e60000 - 0x00007ff800e8b000 	C:\WINDOWS\System32\GDI32.dll
0x00007fffff460000 - 0x00007fffff577000 	C:\WINDOWS\System32\gdi32full.dll
0x00007ff800110000 - 0x00007ff8001ad000 	C:\WINDOWS\System32\msvcp_win.dll
0x00007fffe7690000 - 0x00007fffe792a000 	C:\WINDOWS\WinSxS\amd64_microsoft.windows.common-controls_6595b64144ccf1df_6.0.19041.4355_none_60b8b9eb71f62e16\COMCTL32.dll
0x00007ff800be0000 - 0x00007ff800c7e000 	C:\WINDOWS\System32\msvcrt.dll
0x00007ff8004f0000 - 0x00007ff80051f000 	C:\WINDOWS\System32\IMM32.DLL
0x00007ffff9e80000 - 0x00007ffff9e8c000 	C:\Program Files\Android\Android Studio\jbr\bin\vcruntime140_1.dll
0x00007fffd0b40000 - 0x00007fffd0bcd000 	C:\Program Files\Android\Android Studio\jbr\bin\msvcp140.dll
0x00007fff99070000 - 0x00007fff99cf3000 	C:\Program Files\Android\Android Studio\jbr\bin\server\jvm.dll
0x00007ff800440000 - 0x00007ff8004f0000 	C:\WINDOWS\System32\ADVAPI32.dll
0x00007ff800dc0000 - 0x00007ff800e60000 	C:\WINDOWS\System32\sechost.dll
0x00007ff800800000 - 0x00007ff800923000 	C:\WINDOWS\System32\RPCRT4.dll
0x00007ff8001b0000 - 0x00007ff8001d7000 	C:\WINDOWS\System32\bcrypt.dll
0x00007ffff9fb0000 - 0x00007ffff9fb9000 	C:\WINDOWS\SYSTEM32\WSOCK32.dll
0x00007ff8002f0000 - 0x00007ff80035b000 	C:\WINDOWS\System32\WS2_32.dll
0x00007ffff3d40000 - 0x00007ffff3d67000 	C:\WINDOWS\SYSTEM32\WINMM.dll
0x00007ffff7e20000 - 0x00007ffff7e2a000 	C:\WINDOWS\SYSTEM32\VERSION.dll
0x00007ffffebc0000 - 0x00007ffffec0b000 	C:\WINDOWS\SYSTEM32\POWRPROF.dll
0x00007ffffeba0000 - 0x00007ffffebb2000 	C:\WINDOWS\SYSTEM32\UMPDC.dll
0x00007ffffd090000 - 0x00007ffffd0a2000 	C:\WINDOWS\SYSTEM32\kernel.appcore.dll
0x00007ffff9210000 - 0x00007ffff921a000 	C:\Program Files\Android\Android Studio\jbr\bin\jimage.dll
0x00007ffff3150000 - 0x00007ffff3334000 	C:\WINDOWS\SYSTEM32\DBGHELP.DLL
0x00007ffff2260000 - 0x00007ffff2294000 	C:\WINDOWS\SYSTEM32\dbgcore.DLL
0x00007ff800260000 - 0x00007ff8002e2000 	C:\WINDOWS\System32\bcryptPrimitives.dll
0x00007fffea400000 - 0x00007fffea40e000 	C:\Program Files\Android\Android Studio\jbr\bin\instrument.dll
0x00007fffec6f0000 - 0x00007fffec715000 	C:\Program Files\Android\Android Studio\jbr\bin\java.dll
0x00007fffe89d0000 - 0x00007fffe89e8000 	C:\Program Files\Android\Android Studio\jbr\bin\zip.dll
0x00007fffff880000 - 0x00007ffffffec000 	C:\WINDOWS\System32\SHELL32.dll
0x00007ffffd290000 - 0x00007ffffda2e000 	C:\WINDOWS\SYSTEM32\windows.storage.dll
0x00007ff801380000 - 0x00007ff8016d3000 	C:\WINDOWS\System32\combase.dll
0x00007ffffec10000 - 0x00007ffffec3e000 	C:\WINDOWS\SYSTEM32\Wldp.dll
0x00007ff800a50000 - 0x00007ff800b1d000 	C:\WINDOWS\System32\OLEAUT32.dll
0x00007ff801a60000 - 0x00007ff801b0d000 	C:\WINDOWS\System32\SHCORE.dll
0x00007ff8003e0000 - 0x00007ff800435000 	C:\WINDOWS\System32\shlwapi.dll
0x00007fffff120000 - 0x00007fffff144000 	C:\WINDOWS\SYSTEM32\profapi.dll
0x00007fffe8640000 - 0x00007fffe8659000 	C:\Program Files\Android\Android Studio\jbr\bin\net.dll
0x00007ffff8090000 - 0x00007ffff819a000 	C:\WINDOWS\SYSTEM32\WINHTTP.dll
0x00007ffffe8a0000 - 0x00007ffffe90a000 	C:\WINDOWS\system32\mswsock.dll
0x00007fffe8580000 - 0x00007fffe8596000 	C:\Program Files\Android\Android Studio\jbr\bin\nio.dll
0x00007fffec5f0000 - 0x00007fffec600000 	C:\Program Files\Android\Android Studio\jbr\bin\verify.dll
0x00007fffd8500000 - 0x00007fffd8527000 	C:\Users\misha\.gradle\native\c067742578af261105cb4f569cf0c3c89f3d7b1fecec35dd04571415982c5e48\windows-amd64\native-platform.dll
0x00007fffcde90000 - 0x00007fffcdfd4000 	C:\Users\misha\.gradle\native\38dada09dfb8b06ba9b0570ebf7e218e3eb74d4ef43ca46872605cf95ebc2f47\windows-amd64\native-platform-file-events.dll
0x00007fffeb190000 - 0x00007fffeb199000 	C:\Program Files\Android\Android Studio\jbr\bin\management.dll
0x00007fffeadb0000 - 0x00007fffeadbb000 	C:\Program Files\Android\Android Studio\jbr\bin\management_ext.dll
0x00007ff801a50000 - 0x00007ff801a58000 	C:\WINDOWS\System32\PSAPI.DLL
0x00007ffffea90000 - 0x00007ffffeaa8000 	C:\WINDOWS\SYSTEM32\CRYPTSP.dll
0x00007ffffe1c0000 - 0x00007ffffe1f4000 	C:\WINDOWS\system32\rsaenh.dll
0x00007fffff090000 - 0x00007fffff0be000 	C:\WINDOWS\SYSTEM32\USERENV.dll
0x00007ffffeab0000 - 0x00007ffffeabc000 	C:\WINDOWS\SYSTEM32\CRYPTBASE.dll
0x00007ffffe580000 - 0x00007ffffe5bb000 	C:\WINDOWS\SYSTEM32\IPHLPAPI.DLL
0x00007ff800db0000 - 0x00007ff800db8000 	C:\WINDOWS\System32\NSI.dll
0x00007ffff96a0000 - 0x00007ffff96b7000 	C:\WINDOWS\SYSTEM32\dhcpcsvc6.DLL
0x00007ffff9390000 - 0x00007ffff93ad000 	C:\WINDOWS\SYSTEM32\dhcpcsvc.DLL
0x00007ffffe5c0000 - 0x00007ffffe68a000 	C:\WINDOWS\SYSTEM32\DNSAPI.dll
0x00007fffeccf0000 - 0x00007fffeccf9000 	C:\Program Files\Android\Android Studio\jbr\bin\extnet.dll
0x00007ffff66a0000 - 0x00007ffff66a7000 	C:\WINDOWS\system32\wshunix.dll

dbghelp: loaded successfully - version: 4.0.5 - missing functions: none
symbol engine: initialized successfully - sym options: 0x614 - pdb path: .;C:\Program Files\Android\Android Studio\jbr\bin;C:\WINDOWS\SYSTEM32;C:\WINDOWS\WinSxS\amd64_microsoft.windows.common-controls_6595b64144ccf1df_6.0.19041.4355_none_60b8b9eb71f62e16;C:\Program Files\Android\Android Studio\jbr\bin\server;C:\Users\misha\.gradle\native\c067742578af261105cb4f569cf0c3c89f3d7b1fecec35dd04571415982c5e48\windows-amd64;C:\Users\misha\.gradle\native\38dada09dfb8b06ba9b0570ebf7e218e3eb74d4ef43ca46872605cf95ebc2f47\windows-amd64

VM Arguments:
jvm_args: --add-opens=java.base/java.util=ALL-UNNAMED --add-opens=java.base/java.lang=ALL-UNNAMED --add-opens=java.base/java.lang.invoke=ALL-UNNAMED --add-opens=java.prefs/java.util.prefs=ALL-UNNAMED --add-opens=java.base/java.nio.charset=ALL-UNNAMED --add-opens=java.base/java.net=ALL-UNNAMED --add-opens=java.base/java.util.concurrent.atomic=ALL-UNNAMED -Xmx2048m -Dfile.encoding=UTF-8 -Duser.country=RU -Duser.language=ru -Duser.variant -javaagent:C:\Users\misha\.gradle\wrapper\dists\gradle-8.7-bin\bhs2wmbdwecv87pi65oeuq5iu\gradle-8.7\lib\agents\gradle-instrumentation-agent-8.7.jar 
java_command: org.gradle.launcher.daemon.bootstrap.GradleDaemon 8.7
java_class_path (initial): C:\Users\misha\.gradle\wrapper\dists\gradle-8.7-bin\bhs2wmbdwecv87pi65oeuq5iu\gradle-8.7\lib\gradle-launcher-8.7.jar
Launcher Type: SUN_STANDARD

[Global flags]
     intx CICompilerCount                          = 3                                         {product} {ergonomic}
     uint ConcGCThreads                            = 1                                         {product} {ergonomic}
     uint G1ConcRefinementThreads                  = 4                                         {product} {ergonomic}
   size_t G1HeapRegionSize                         = 1048576                                   {product} {ergonomic}
    uintx GCDrainStackTargetSize                   = 64                                        {product} {ergonomic}
   size_t InitialHeapSize                          = 134217728                                 {product} {ergonomic}
   size_t MarkStackSize                            = 4194304                                   {product} {ergonomic}
   size_t MaxHeapSize                              = 2147483648                                {product} {command line}
   size_t MaxNewSize                               = 1287651328                                {product} {ergonomic}
   size_t MinHeapDeltaBytes                        = 1048576                                   {product} {ergonomic}
   size_t MinHeapSize                              = 8388608                                   {product} {ergonomic}
    uintx NonNMethodCodeHeapSize                   = 5832780                                {pd product} {ergonomic}
    uintx NonProfiledCodeHeapSize                  = 122912730                              {pd product} {ergonomic}
    uintx ProfiledCodeHeapSize                     = 122912730                              {pd product} {ergonomic}
    uintx ReservedCodeCacheSize                    = 251658240                              {pd product} {ergonomic}
     bool SegmentedCodeCache                       = true                                      {product} {ergonomic}
   size_t SoftMaxHeapSize                          = 2147483648                             {manageable} {ergonomic}
     bool UseCompressedClassPointers               = true                           {product lp64_product} {ergonomic}
     bool UseCompressedOops                        = true                           {product lp64_product} {ergonomic}
     bool UseG1GC                                  = true                                      {product} {ergonomic}
     bool UseLargePagesIndividualAllocation        = false                                  {pd product} {ergonomic}

Logging:
Log output configuration:
 #0: stdout all=warning uptime,level,tags
 #1: stderr all=off uptime,level,tags

Environment Variables:
JAVA_HOME=C:\Program Files\Android\Android Studio\jbr
PATH=C:\WINDOWS\system32;C:\WINDOWS;C:\WINDOWS\System32\Wbem;C:\WINDOWS\System32\WindowsPowerShell\v1.0\;C:\WINDOWS\System32\OpenSSH\;C:\Program Files\NVIDIA Corporation\NVIDIA NvDLISR;C:\Program Files\Git\cmd;C:\Program Files\nodejs\;C:\Program Files (x86)\NVIDIA Corporation\PhysX\Common;C:\Users\misha\AppData\Local\Microsoft\WindowsApps;C:\Users\misha\AppData\Local\Programs\Microsoft VS Code\bin;C:\flutter\bin;C:\flutter;C:\Users\misha\AppData\Local\Android\Sdk;C:\Users\misha\AppData\Local\Pub\Cache\bin;C:\Program Files\Git\cmd;C:\Program Files\Git\bin;C:\Windows\System32;C:\Users\misha\StudioProjects\chat_app\functions;C:\Users\misha\AppData\Roaming;C:\flutter\bin\cache\dart-sdk\bin;C:\Users\misha\AppData\Roaming\npm
USERNAME=misha
OS=Windows_NT
PROCESSOR_IDENTIFIER=Intel64 Family 6 Model 158 Stepping 11, GenuineIntel
TMP=C:\Users\misha\AppData\Local\Temp
TEMP=C:\Users\misha\AppData\Local\Temp



Periodic native trim disabled

JNI global refs:
JNI global refs: 26, weak refs: 2

JNI global refs memory usage: 843, weak refs: 841

Process memory usage:
Resident Set Size: 279740K (3% of 8321972K total physical memory with 538832K free physical memory)

OOME stack traces (most recent first):
Classloader memory used:
Loader org.gradle.internal.classloader.VisitableURLClassLoader                         : 3025K
Loader bootstrap                                                                       : 2381K
Loader org.gradle.initialization.MixInLegacyTypesClassLoader                           : 745K
Loader org.gradle.internal.classloader.VisitableURLClassLoader                         : 78517B
Loader jdk.internal.loader.ClassLoaders$PlatformClassLoader                            : 67620B
Loader jdk.internal.loader.ClassLoaders$AppClassLoader                                 : 28714B
Loader jdk.internal.reflect.DelegatingClassLoader                                      : 24598B
Loader org.gradle.groovy.scripts.internal.DefaultScriptCompilationHandler$ScriptClassLoader: 10720B
Loader org.codehaus.groovy.runtime.callsite.CallSiteClassLoader                        : 2155B
Loader org.gradle.internal.classloader.VisitableURLClassLoader$InstrumentingVisitableURLClassLoader: 100B

Classes loaded by more than one classloader:
Class org.gradle.api.GradleException                                                  : loaded 3 times (x 80B)
Class org.gradle.util.GradleVersion                                                   : loaded 2 times (x 81B)
Class org.gradle.internal.classpath.ClassPath                                         : loaded 2 times (x 68B)
Class org.gradle.api.internal.classpath.DefaultModuleRegistry                         : loaded 2 times (x 84B)
Class org.gradle.internal.exceptions.NonGradleCauseExceptionsHolder                   : loaded 2 times (x 68B)
Class org.gradle.api.Action                                                           : loaded 2 times (x 68B)
Class org.gradle.api.internal.DefaultClassPathProvider                                : loaded 2 times (x 74B)
Class org.gradle.internal.installation.GradleInstallation$1                           : loaded 2 times (x 73B)
Class org.gradle.internal.exceptions.DefaultMultiCauseException                       : loaded 2 times (x 93B)
Class org.gradle.internal.time.MonotonicClock                                         : loaded 2 times (x 75B)
Class org.gradle.internal.classloader.FilteringClassLoader                            : loaded 2 times (x 103B)
Class org.gradle.internal.classpath.DefaultClassPath$ImmutableUniqueList$Builder      : loaded 2 times (x 73B)
Class org.gradle.internal.classloader.ClassLoaderVisitor                              : loaded 2 times (x 74B)
Class org.gradle.internal.time.DefaultCountdownTimer                                  : loaded 2 times (x 86B)
Class org.gradle.internal.service.DefaultServiceLocator                               : loaded 2 times (x 81B)
Class org.gradle.internal.service.UnknownServiceException                             : loaded 2 times (x 81B)
Class org.gradle.internal.classloader.DefaultClassLoaderFactory                       : loaded 2 times (x 80B)
Class org.gradle.internal.classloader.VisitableURLClassLoader$Spec                    : loaded 2 times (x 72B)
Class org.gradle.tooling.model.ProjectModel                                           : loaded 2 times (x 68B)
Class org.gradle.internal.installation.GradleInstallation                             : loaded 2 times (x 73B)
Class org.gradle.api.internal.classpath.ModuleRegistry                                : loaded 2 times (x 68B)
Class org.gradle.api.internal.ClassPathProvider                                       : loaded 2 times (x 68B)
Class org.gradle.internal.classloader.ClasspathUtil$1                                 : loaded 2 times (x 74B)
Class org.gradle.internal.classloader.ClassLoaderFactory                              : loaded 2 times (x 68B)
Class org.gradle.api.internal.classpath.ManifestUtil                                  : loaded 2 times (x 69B)
Class org.gradle.api.specs.Spec                                                       : loaded 2 times (x 68B)
Class org.gradle.internal.IoActions                                                   : loaded 2 times (x 69B)
Class org.gradle.api.internal.classpath.EffectiveClassPath                            : loaded 2 times (x 88B)
Class org.gradle.internal.exceptions.ResolutionProvider                               : loaded 2 times (x 68B)
Class org.gradle.internal.installation.CurrentGradleInstallation                      : loaded 2 times (x 71B)
Class org.gradle.internal.agents.InstrumentingClassLoader                             : loaded 2 times (x 68B)
Class org.gradle.internal.installation.CurrentGradleInstallationLocator               : loaded 2 times (x 69B)
Class org.gradle.api.internal.classpath.Module                                        : loaded 2 times (x 68B)
Class org.gradle.internal.service.CachingServiceLocator                               : loaded 2 times (x 80B)
Class org.gradle.internal.time.Timer                                                  : loaded 2 times (x 68B)
Class org.gradle.internal.classpath.DefaultClassPath                                  : loaded 2 times (x 88B)
Class sync_studio_tooling934_6tt5egpfonv7b94kp9o6dvpki                                : loaded 2 times (x 177B)
Class org.gradle.internal.time.Time                                                   : loaded 2 times (x 69B)
Class org.gradle.internal.time.TimeSource$1                                           : loaded 2 times (x 75B)
Class org.gradle.internal.classloader.SystemClassLoaderSpec                           : loaded 2 times (x 69B)
Class kotlin.Function                                                                 : loaded 2 times (x 68B)
Class org.gradle.api.UncheckedIOException                                             : loaded 2 times (x 80B)
Class org.gradle.internal.time.CountdownTimer                                         : loaded 2 times (x 68B)
Class org.gradle.internal.time.Clock                                                  : loaded 2 times (x 68B)
Class org.gradle.internal.classloader.ClasspathUtil                                   : loaded 2 times (x 69B)
Class org.gradle.api.internal.DefaultClassPathRegistry                                : loaded 2 times (x 74B)
Class org.gradle.api.internal.classpath.DefaultModuleRegistry$DefaultModule           : loaded 2 times (x 84B)
Class org.gradle.internal.time.TimeSource                                             : loaded 2 times (x 68B)
Class org.gradle.api.internal.classpath.UnknownModuleException                        : loaded 2 times (x 80B)
Class org.gradle.internal.service.ServiceLookupException                              : loaded 2 times (x 80B)
Class org.gradle.cache.GlobalCache                                                    : loaded 2 times (x 68B)
Class ijInit1_7id0x5ejxwkxlzm11nzr7xqqq                                               : loaded 2 times (x 177B)
Class [Lorg.gradle.api.internal.ClassPathProvider;                                    : loaded 2 times (x 67B)
Class org.gradle.internal.operations.MultipleBuildOperationFailures                   : loaded 2 times (x 93B)
Class org.gradle.util.internal.GUtil                                                  : loaded 2 times (x 69B)
Class org.gradle.internal.classloader.ClassLoaderSpec                                 : loaded 2 times (x 69B)
Class org.gradle.internal.classloader.VisitableURLClassLoader                         : loaded 2 times (x 115B)
Class org.gradle.internal.Cast                                                        : loaded 2 times (x 69B)
Class org.gradle.api.internal.ClassPathRegistry                                       : loaded 2 times (x 68B)
Class org.gradle.internal.classloader.VisitableURLClassLoader$InstrumentingVisitableURLClassLoader: loaded 2 times (x 121B)
Class org.gradle.internal.classloader.ClassLoaderHierarchy                            : loaded 2 times (x 68B)
Class org.gradle.internal.exceptions.MultiCauseException                              : loaded 2 times (x 68B)
Class org.gradle.internal.InternalTransformer                                         : loaded 2 times (x 68B)
Class org.gradle.internal.service.ServiceLocator                                      : loaded 2 times (x 68B)
Class org.gradle.internal.classpath.DefaultClassPath$ImmutableUniqueList              : loaded 2 times (x 159B)
Class org.gradle.internal.time.DefaultTimer                                           : loaded 2 times (x 78B)
Class org.gradle.internal.classpath.TransformedClassPath                              : loaded 2 times (x 94B)
Class sync_studio_tooling934_6tt5egpfonv7b94kp9o6dvpki$_run_closure1                  : loaded 2 times (x 137B)


---------------  S Y S T E M  ---------------

OS:
 Windows 10 , 64 bit Build 19041 (10.0.19041.4597)
OS uptime: 4 days 10:29 hours

CPU: total 4 (initial active 4) (4 cores per cpu, 1 threads per core) family 6 model 158 stepping 11 microcode 0xb4, cx8, cmov, fxsr, mmx, 3dnowpref, sse, sse2, sse3, ssse3, sse4.1, sse4.2, popcnt, lzcnt, tsc, tscinvbit, avx, avx2, aes, erms, clmul, bmi1, bmi2, adx, fma, vzeroupper, clflush, clflushopt
Processor Information for all 4 processors :
  Max Mhz: 3600, Current Mhz: 3600, Mhz Limit: 3600

Memory: 4k page, system-wide physical 8126M (524M free)
TotalPageFile size 22359M (AvailPageFile size 6M)
current process WorkingSet (physical memory assigned to process): 273M, peak: 273M
current process commit charge ("private bytes"): 357M, peak: 360M

vm_info: OpenJDK 64-Bit Server VM (17.0.11+0--11852314) for windows-amd64 JRE (17.0.11+0--11852314), built on May 16 2024 21:29:20 by "androidbuild" with MS VC++ 16.10 / 16.11 (VS2019)

END.
