#
# There is insufficient memory for the Java Runtime Environment to continue.
# Native memory allocation (mmap) failed to map 5242880 bytes. Error detail: G1 virtual space
# Possible reasons:
#   The system is out of physical RAM or swap space
#   This process is running with CompressedOops enabled, and the Java Heap may be blocking the growth of the native heap
# Possible solutions:
#   Reduce memory load on the system
#   Increase physical memory or swap space
#   Check if swap backing store is full
#   Decrease Java heap size (-Xmx/-Xms)
#   Decrease number of Java threads
#   Decrease Java thread stack sizes (-Xss)
#   Set larger code cache with -XX:ReservedCodeCacheSize=
#   JVM is running with Unscaled Compressed Oops mode in which the Java heap is
#     placed in the first 4GB address space. The Java Heap base address is the
#     maximum limit for the native heap growth. Please use -XX:HeapBaseMinAddress
#     to set the Java Heap base and to place the Java Heap above 4GB virtual address.
# This output file may be truncated or incomplete.
#
#  Out of Memory Error (os_windows.cpp:3825), pid=11364, tid=3904
#
# JRE version: OpenJDK Runtime Environment (17.0.11) (build 17.0.11+0--11852314)
# Java VM: OpenJDK 64-Bit Server VM (17.0.11+0--11852314, mixed mode, tiered, compressed oops, compressed class ptrs, g1 gc, windows-amd64)
# No core dump will be written. Minidumps are not enabled by default on client versions of Windows
#

---------------  S U M M A R Y ------------

Command Line: --add-opens=java.base/java.util=ALL-UNNAMED --add-opens=java.base/java.lang=ALL-UNNAMED --add-opens=java.base/java.lang.invoke=ALL-UNNAMED --add-opens=java.prefs/java.util.prefs=ALL-UNNAMED --add-opens=java.base/java.nio.charset=ALL-UNNAMED --add-opens=java.base/java.net=ALL-UNNAMED --add-opens=java.base/java.util.concurrent.atomic=ALL-UNNAMED -Xmx2048m -Dfile.encoding=UTF-8 -Duser.country=RU -Duser.language=ru -Duser.variant -javaagent:C:\Users\misha\.gradle\wrapper\dists\gradle-8.7-bin\bhs2wmbdwecv87pi65oeuq5iu\gradle-8.7\lib\agents\gradle-instrumentation-agent-8.7.jar org.gradle.launcher.daemon.bootstrap.GradleDaemon 8.7

Host: Intel(R) Core(TM) i3-8100 CPU @ 3.60GHz, 4 cores, 7G,  Windows 10 , 64 bit Build 19041 (10.0.19041.4597)
Time: Wed Jul 24 17:40:00 2024 RTZ 2 (s 10 , 64 bit Build 19041 (10.0.19041.4597) elapsed time: 8.181561 seconds (0d 0h 0m 8s)

---------------  T H R E A D  ---------------

Current thread (0x0000015d4cc7c2d0):  VMThread "VM Thread" [stack: 0x0000000bd3c00000,0x0000000bd3d00000] [id=3904]

Stack: [0x0000000bd3c00000,0x0000000bd3d00000]
Native frames: (J=compiled Java code, j=interpreted, Vv=VM code, C=native code)
V  [jvm.dll+0x687bb9]
V  [jvm.dll+0x84142a]
V  [jvm.dll+0x8430ae]
V  [jvm.dll+0x843713]
V  [jvm.dll+0x24a35f]
V  [jvm.dll+0x684989]
V  [jvm.dll+0x67923a]
V  [jvm.dll+0x30af0b]
V  [jvm.dll+0x3123b6]
V  [jvm.dll+0x361dfe]
V  [jvm.dll+0x36202f]
V  [jvm.dll+0x2e0d38]
V  [jvm.dll+0x2e3e26]
V  [jvm.dll+0x2ee63a]
V  [jvm.dll+0x323270]
V  [jvm.dll+0x847e0b]
V  [jvm.dll+0x848b42]
V  [jvm.dll+0x84905d]
V  [jvm.dll+0x849434]
V  [jvm.dll+0x849500]
V  [jvm.dll+0x7efa4a]
V  [jvm.dll+0x686a35]
C  [ucrtbase.dll+0x21bb2]
C  [KERNEL32.DLL+0x17374]
C  [ntdll.dll+0x4cc91]

VM_Operation (0x0000000bd38ff610): G1PauseRemark, mode: safepoint, requested by thread 0x0000015d3370aae0


---------------  P R O C E S S  ---------------

Threads class SMR info:
_java_thread_list=0x0000015d52eac460, length=42, elements={
0x0000015d3369d720, 0x0000015d4ccb6250, 0x0000015d4cc81d70, 0x0000015d4cca2530,
0x0000015d4cca2e00, 0x0000015d4cca3e70, 0x0000015d4cca4740, 0x0000015d510188b0,
0x0000015d51036c90, 0x0000015d5103acd0, 0x0000015d51132330, 0x0000015d513075c0,
0x0000015d53d81440, 0x0000015d5363acd0, 0x0000015d535c8680, 0x0000015d52e93d00,
0x0000015d528ef040, 0x0000015d5368a030, 0x0000015d53593d70, 0x0000015d53373a80,
0x0000015d53376300, 0x0000015d533744a0, 0x0000015d53373570, 0x0000015d53373f90,
0x0000015d533749b0, 0x0000015d53375df0, 0x0000015d54a0e650, 0x0000015d54a0c2e0,
0x0000015d54a104b0, 0x0000015d54a0ffa0, 0x0000015d54a109c0, 0x0000015d54a09f70,
0x0000015d54a0d720, 0x0000015d54a113e0, 0x0000015d54a118f0, 0x0000015d54a0c7f0,
0x0000015d54a0f580, 0x0000015d54a0fa90, 0x0000015d54a0cd00, 0x0000015d54a0a990,
0x0000015d54a0aea0, 0x0000015d517df5e0
}

Java Threads: ( => current thread )
  0x0000015d3369d720 JavaThread "main" [_thread_blocked, id=11068, stack(0x0000000bd3600000,0x0000000bd3700000)]
  0x0000015d4ccb6250 JavaThread "Reference Handler" daemon [_thread_blocked, id=14424, stack(0x0000000bd3d00000,0x0000000bd3e00000)]
  0x0000015d4cc81d70 JavaThread "Finalizer" daemon [_thread_blocked, id=5596, stack(0x0000000bd3e00000,0x0000000bd3f00000)]
  0x0000015d4cca2530 JavaThread "Signal Dispatcher" daemon [_thread_blocked, id=3076, stack(0x0000000bd3f00000,0x0000000bd4000000)]
  0x0000015d4cca2e00 JavaThread "Attach Listener" daemon [_thread_blocked, id=8876, stack(0x0000000bd4000000,0x0000000bd4100000)]
  0x0000015d4cca3e70 JavaThread "Service Thread" daemon [_thread_blocked, id=2852, stack(0x0000000bd4100000,0x0000000bd4200000)]
  0x0000015d4cca4740 JavaThread "Monitor Deflation Thread" daemon [_thread_blocked, id=1788, stack(0x0000000bd4200000,0x0000000bd4300000)]
  0x0000015d510188b0 JavaThread "C2 CompilerThread0" daemon [_thread_blocked, id=8436, stack(0x0000000bd4300000,0x0000000bd4400000)]
  0x0000015d51036c90 JavaThread "C1 CompilerThread0" daemon [_thread_blocked, id=13036, stack(0x0000000bd4400000,0x0000000bd4500000)]
  0x0000015d5103acd0 JavaThread "Sweeper thread" daemon [_thread_blocked, id=14108, stack(0x0000000bd4500000,0x0000000bd4600000)]
  0x0000015d51132330 JavaThread "Common-Cleaner" daemon [_thread_blocked, id=13508, stack(0x0000000bd4600000,0x0000000bd4700000)]
  0x0000015d513075c0 JavaThread "Notification Thread" daemon [_thread_blocked, id=8096, stack(0x0000000bd4700000,0x0000000bd4800000)]
  0x0000015d53d81440 JavaThread "Daemon health stats" [_thread_blocked, id=13128, stack(0x0000000bd4d00000,0x0000000bd4e00000)]
  0x0000015d5363acd0 JavaThread "Incoming local TCP Connector on port 56646" [_thread_in_native, id=14776, stack(0x0000000bd4e00000,0x0000000bd4f00000)]
  0x0000015d535c8680 JavaThread "Daemon periodic checks" [_thread_blocked, id=4036, stack(0x0000000bd4f00000,0x0000000bd5000000)]
  0x0000015d52e93d00 JavaThread "Daemon" [_thread_blocked, id=1572, stack(0x0000000bd5000000,0x0000000bd5100000)]
  0x0000015d528ef040 JavaThread "Handler for socket connection from /127.0.0.1:56646 to /127.0.0.1:56647" [_thread_in_native, id=14004, stack(0x0000000bd5100000,0x0000000bd5200000)]
  0x0000015d5368a030 JavaThread "Cancel handler" [_thread_blocked, id=2584, stack(0x0000000bd5200000,0x0000000bd5300000)]
  0x0000015d53593d70 JavaThread "Daemon worker" [_thread_blocked, id=10376, stack(0x0000000bd5300000,0x0000000bd5400000)]
  0x0000015d53373a80 JavaThread "Asynchronous log dispatcher for DefaultDaemonConnection: socket connection from /127.0.0.1:56646 to /127.0.0.1:56647" [_thread_blocked, id=8604, stack(0x0000000bd5400000,0x0000000bd5500000)]
  0x0000015d53376300 JavaThread "Stdin handler" [_thread_blocked, id=14408, stack(0x0000000bd5500000,0x0000000bd5600000)]
  0x0000015d533744a0 JavaThread "Daemon client event forwarder" [_thread_blocked, id=7016, stack(0x0000000bd5600000,0x0000000bd5700000)]
  0x0000015d53373570 JavaThread "Cache worker for journal cache (C:\Users\misha\.gradle\caches\journal-1)" [_thread_blocked, id=13664, stack(0x0000000bd5700000,0x0000000bd5800000)]
  0x0000015d53373f90 JavaThread "File lock request listener" [_thread_in_native, id=14876, stack(0x0000000bd5800000,0x0000000bd5900000)]
  0x0000015d533749b0 JavaThread "Cache worker for file hash cache (C:\Users\misha\.gradle\caches\8.7\fileHashes)" [_thread_blocked, id=11872, stack(0x0000000bd5900000,0x0000000bd5a00000)]
  0x0000015d53375df0 JavaThread "Cache worker for file hash cache (C:\Users\misha\StudioProjects\Playlist_Maker\.gradle\8.7\fileHashes)" [_thread_blocked, id=1992, stack(0x0000000bd5a00000,0x0000000bd5b00000)]
  0x0000015d54a0e650 JavaThread "File watcher server" daemon [_thread_blocked, id=5376, stack(0x0000000bd5b00000,0x0000000bd5c00000)]
  0x0000015d54a0c2e0 JavaThread "File watcher consumer" daemon [_thread_blocked, id=6676, stack(0x0000000bd5c00000,0x0000000bd5d00000)]
  0x0000015d54a104b0 JavaThread "jar transforms" [_thread_blocked, id=13176, stack(0x0000000bd5d00000,0x0000000bd5e00000)]
  0x0000015d54a0ffa0 JavaThread "jar transforms Thread 2" [_thread_blocked, id=1720, stack(0x0000000bd5e00000,0x0000000bd5f00000)]
  0x0000015d54a109c0 JavaThread "jar transforms Thread 3" [_thread_blocked, id=11280, stack(0x0000000bd5f00000,0x0000000bd6000000)]
  0x0000015d54a09f70 JavaThread "jar transforms Thread 4" [_thread_blocked, id=6908, stack(0x0000000bd6000000,0x0000000bd6100000)]
  0x0000015d54a0d720 JavaThread "Cache worker for checksums cache (C:\Users\misha\StudioProjects\Playlist_Maker\.gradle\8.7\checksums)" [_thread_blocked, id=736, stack(0x0000000bd6100000,0x0000000bd6200000)]
  0x0000015d54a113e0 JavaThread "Cache worker for cache directory md-supplier (C:\Users\misha\.gradle\caches\8.7\md-supplier)" [_thread_blocked, id=14640, stack(0x0000000bd6200000,0x0000000bd6300000)]
  0x0000015d54a118f0 JavaThread "Cache worker for cache directory md-rule (C:\Users\misha\.gradle\caches\8.7\md-rule)" [_thread_blocked, id=12544, stack(0x0000000bd6300000,0x0000000bd6400000)]
  0x0000015d54a0c7f0 JavaThread "Cache worker for file content cache (C:\Users\misha\.gradle\caches\8.7\fileContent)" [_thread_blocked, id=13816, stack(0x0000000bd6400000,0x0000000bd6500000)]
  0x0000015d54a0f580 JavaThread "Unconstrained build operations" [_thread_blocked, id=15440, stack(0x0000000bd6500000,0x0000000bd6600000)]
  0x0000015d54a0fa90 JavaThread "Unconstrained build operations Thread 2" [_thread_blocked, id=16204, stack(0x0000000bd6600000,0x0000000bd6700000)]
  0x0000015d54a0cd00 JavaThread "Unconstrained build operations Thread 3" [_thread_blocked, id=5924, stack(0x0000000bd6700000,0x0000000bd6800000)]
  0x0000015d54a0a990 JavaThread "Unconstrained build operations Thread 4" [_thread_blocked, id=4184, stack(0x0000000bd6800000,0x0000000bd6900000)]
  0x0000015d54a0aea0 JavaThread "Unconstrained build operations Thread 5" [_thread_blocked, id=4500, stack(0x0000000bd6900000,0x0000000bd6a00000)]
  0x0000015d517df5e0 JavaThread "C2 CompilerThread1" daemon [_thread_in_native, id=12968, stack(0x0000000bd4900000,0x0000000bd4a00000)]

Other Threads:
=>0x0000015d4cc7c2d0 VMThread "VM Thread" [stack: 0x0000000bd3c00000,0x0000000bd3d00000] [id=3904]
  0x0000015d512b0fd0 WatcherThread [stack: 0x0000000bd4800000,0x0000000bd4900000] [id=5028]
  0x0000015d336f9c80 GCTaskThread "GC Thread#0" [stack: 0x0000000bd3700000,0x0000000bd3800000] [id=15940]
  0x0000015d518da4a0 GCTaskThread "GC Thread#1" [stack: 0x0000000bd4a00000,0x0000000bd4b00000] [id=13152]
  0x0000015d518da760 GCTaskThread "GC Thread#2" [stack: 0x0000000bd4b00000,0x0000000bd4c00000] [id=15772]
  0x0000015d51d1a4a0 GCTaskThread "GC Thread#3" [stack: 0x0000000bd4c00000,0x0000000bd4d00000] [id=7920]
  0x0000015d3370aae0 ConcurrentGCThread "G1 Main Marker" [stack: 0x0000000bd3800000,0x0000000bd3900000] [id=2632]
  0x0000015d3370bbb0 ConcurrentGCThread "G1 Conc#0" [stack: 0x0000000bd3900000,0x0000000bd3a00000] [id=7992]
  0x0000015d3375e7b0 ConcurrentGCThread "G1 Refine#0" [stack: 0x0000000bd3a00000,0x0000000bd3b00000] [id=14156]
  0x0000015d4cae6230 ConcurrentGCThread "G1 Service" [stack: 0x0000000bd3b00000,0x0000000bd3c00000] [id=14288]

Threads with active compile tasks:
C2 CompilerThread0     8234 5461  s!   4       jdk.internal.loader.URLClassPath::getLoader (194 bytes)
C2 CompilerThread1     8234 5466 %     4       jdk.internal.loader.URLClassPath::getResource @ 39 (74 bytes)

VM state: at safepoint (normal execution)

VM Mutex/Monitor currently owned by a thread:  ([mutex/lock_event])
[0x0000015d3369ae30] Threads_lock - owner thread: 0x0000015d4cc7c2d0
[0x0000015d3369ab60] Heap_lock - owner thread: 0x0000015d3370aae0

Heap address: 0x0000000080000000, size: 2048 MB, Compressed Oops mode: 32-bit

CDS archive(s) not mapped
Compressed class space mapped at: 0x0000000100000000-0x0000000140000000, reserved size: 1073741824
Narrow klass base: 0x0000000000000000, Narrow klass shift: 3, Narrow klass range: 0x140000000

GC Precious Log:
 CPUs: 4 total, 4 available
 Memory: 8126M
 Large Page Support: Disabled
 NUMA Support: Disabled
 Compressed Oops: Enabled (32-bit)
 Heap Region Size: 1M
 Heap Min Capacity: 8M
 Heap Initial Capacity: 128M
 Heap Max Capacity: 2G
 Pre-touch: Disabled
 Parallel Workers: 4
 Concurrent Workers: 1
 Concurrent Refinement Workers: 4
 Periodic GC: Disabled

Heap:
 garbage-first heap   total 119808K, used 72746K [0x0000000080000000, 0x0000000100000000)
  region size 1024K, 5 young (5120K), 3 survivors (3072K)
 Metaspace       used 59462K, committed 60032K, reserved 1114112K
  class space    used 8132K, committed 8384K, reserved 1048576K

Heap Regions: E=young(eden), S=young(survivor), O=old, HS=humongous(starts), HC=humongous(continues), CS=collection set, F=free, OA=open archive, CA=closed archive, TAMS=top-at-mark-start (previous, next)
|   0|0x0000000080000000, 0x0000000080100000, 0x0000000080100000|100%| O|  |TAMS 0x0000000080100000, 0x0000000080000000| Untracked 
|   1|0x0000000080100000, 0x0000000080200000, 0x0000000080200000|100%|HS|  |TAMS 0x0000000080200000, 0x0000000080100000| Complete 
|   2|0x0000000080200000, 0x0000000080300000, 0x0000000080300000|100%|HC|  |TAMS 0x0000000080300000, 0x0000000080200000| Complete 
|   3|0x0000000080300000, 0x0000000080400000, 0x0000000080400000|100%|HC|  |TAMS 0x0000000080400000, 0x0000000080300000| Complete 
|   4|0x0000000080400000, 0x0000000080500000, 0x0000000080500000|100%|HC|  |TAMS 0x0000000080500000, 0x0000000080400000| Complete 
|   5|0x0000000080500000, 0x0000000080600000, 0x0000000080600000|100%| O|  |TAMS 0x0000000080600000, 0x0000000080500000| Untracked 
|   6|0x0000000080600000, 0x0000000080700000, 0x0000000080700000|100%| O|  |TAMS 0x0000000080700000, 0x0000000080600000| Untracked 
|   7|0x0000000080700000, 0x0000000080800000, 0x0000000080800000|100%| O|  |TAMS 0x0000000080800000, 0x0000000080700000| Updating 
|   8|0x0000000080800000, 0x0000000080900000, 0x0000000080900000|100%| O|  |TAMS 0x0000000080900000, 0x0000000080800000| Untracked 
|   9|0x0000000080900000, 0x0000000080a00000, 0x0000000080a00000|100%| O|  |TAMS 0x0000000080a00000, 0x0000000080900000| Untracked 
|  10|0x0000000080a00000, 0x0000000080b00000, 0x0000000080b00000|100%| O|  |TAMS 0x0000000080b00000, 0x0000000080a00000| Untracked 
|  11|0x0000000080b00000, 0x0000000080c00000, 0x0000000080c00000|100%| O|  |TAMS 0x0000000080c00000, 0x0000000080b00000| Untracked 
|  12|0x0000000080c00000, 0x0000000080d00000, 0x0000000080d00000|100%| O|  |TAMS 0x0000000080d00000, 0x0000000080c00000| Untracked 
|  13|0x0000000080d00000, 0x0000000080e00000, 0x0000000080e00000|100%| O|  |TAMS 0x0000000080e00000, 0x0000000080d00000| Untracked 
|  14|0x0000000080e00000, 0x0000000080f00000, 0x0000000080f00000|100%| O|  |TAMS 0x0000000080f00000, 0x0000000080e00000| Updating 
|  15|0x0000000080f00000, 0x0000000081000000, 0x0000000081000000|100%| O|  |TAMS 0x0000000081000000, 0x0000000080f00000| Untracked 
|  16|0x0000000081000000, 0x0000000081100000, 0x0000000081100000|100%| O|  |TAMS 0x0000000081100000, 0x0000000081000000| Untracked 
|  17|0x0000000081100000, 0x0000000081200000, 0x0000000081200000|100%| O|  |TAMS 0x0000000081200000, 0x0000000081100000| Untracked 
|  18|0x0000000081200000, 0x0000000081300000, 0x0000000081300000|100%| O|  |TAMS 0x0000000081300000, 0x0000000081200000| Untracked 
|  19|0x0000000081300000, 0x0000000081400000, 0x0000000081400000|100%| O|  |TAMS 0x0000000081400000, 0x0000000081300000| Untracked 
|  20|0x0000000081400000, 0x0000000081500000, 0x0000000081500000|100%| O|  |TAMS 0x0000000081500000, 0x0000000081400000| Updating 
|  21|0x0000000081500000, 0x0000000081600000, 0x0000000081600000|100%| O|  |TAMS 0x0000000081600000, 0x0000000081500000| Untracked 
|  22|0x0000000081600000, 0x0000000081700000, 0x0000000081700000|100%|HS|  |TAMS 0x0000000081700000, 0x0000000081600000| Complete 
|  23|0x0000000081700000, 0x0000000081800000, 0x0000000081800000|100%|HC|  |TAMS 0x0000000081800000, 0x0000000081700000| Complete 
|  24|0x0000000081800000, 0x0000000081900000, 0x0000000081900000|100%|HC|  |TAMS 0x0000000081900000, 0x0000000081800000| Complete 
|  25|0x0000000081900000, 0x0000000081a00000, 0x0000000081a00000|100%|HC|  |TAMS 0x0000000081a00000, 0x0000000081900000| Complete 
|  26|0x0000000081a00000, 0x0000000081b00000, 0x0000000081b00000|100%|HC|  |TAMS 0x0000000081b00000, 0x0000000081a00000| Complete 
|  27|0x0000000081b00000, 0x0000000081c00000, 0x0000000081c00000|100%|HS|  |TAMS 0x0000000081c00000, 0x0000000081b00000| Complete 
|  28|0x0000000081c00000, 0x0000000081d00000, 0x0000000081d00000|100%|HC|  |TAMS 0x0000000081d00000, 0x0000000081c00000| Complete 
|  29|0x0000000081d00000, 0x0000000081e00000, 0x0000000081e00000|100%|HC|  |TAMS 0x0000000081e00000, 0x0000000081d00000| Complete 
|  30|0x0000000081e00000, 0x0000000081f00000, 0x0000000081f00000|100%|HS|  |TAMS 0x0000000081f00000, 0x0000000081e00000| Complete 
|  31|0x0000000081f00000, 0x0000000082000000, 0x0000000082000000|100%|HC|  |TAMS 0x0000000082000000, 0x0000000081f00000| Complete 
|  32|0x0000000082000000, 0x0000000082100000, 0x0000000082100000|100%|HC|  |TAMS 0x0000000082100000, 0x0000000082000000| Complete 
|  33|0x0000000082100000, 0x0000000082200000, 0x0000000082200000|100%| O|  |TAMS 0x0000000082200000, 0x0000000082100000| Untracked 
|  34|0x0000000082200000, 0x0000000082300000, 0x0000000082300000|100%| O|  |TAMS 0x0000000082300000, 0x0000000082200000| Untracked 
|  35|0x0000000082300000, 0x0000000082400000, 0x0000000082400000|100%| O|  |TAMS 0x0000000082400000, 0x0000000082300000| Untracked 
|  36|0x0000000082400000, 0x0000000082500000, 0x0000000082500000|100%|HS|  |TAMS 0x0000000082500000, 0x0000000082400000| Complete 
|  37|0x0000000082500000, 0x0000000082600000, 0x0000000082600000|100%| O|  |TAMS 0x0000000082600000, 0x0000000082500000| Untracked 
|  38|0x0000000082600000, 0x0000000082700000, 0x0000000082700000|100%| O|  |TAMS 0x0000000082700000, 0x0000000082600000| Updating 
|  39|0x0000000082700000, 0x0000000082800000, 0x0000000082800000|100%| O|  |TAMS 0x0000000082800000, 0x0000000082700000| Untracked 
|  40|0x0000000082800000, 0x0000000082900000, 0x0000000082900000|100%| O|  |TAMS 0x0000000082900000, 0x0000000082800000| Untracked 
|  41|0x0000000082900000, 0x0000000082a00000, 0x0000000082a00000|100%| O|  |TAMS 0x0000000082a00000, 0x0000000082900000| Untracked 
|  42|0x0000000082a00000, 0x0000000082b00000, 0x0000000082b00000|100%| O|  |TAMS 0x0000000082b00000, 0x0000000082a00000| Untracked 
|  43|0x0000000082b00000, 0x0000000082c00000, 0x0000000082c00000|100%| O|  |TAMS 0x0000000082c00000, 0x0000000082b00000| Untracked 
|  44|0x0000000082c00000, 0x0000000082d00000, 0x0000000082d00000|100%| O|  |TAMS 0x0000000082d00000, 0x0000000082c00000| Untracked 
|  45|0x0000000082d00000, 0x0000000082e00000, 0x0000000082e00000|100%| O|  |TAMS 0x0000000082e00000, 0x0000000082d00000| Untracked 
|  46|0x0000000082e00000, 0x0000000082f00000, 0x0000000082f00000|100%| O|  |TAMS 0x0000000082f00000, 0x0000000082e00000| Untracked 
|  47|0x0000000082f00000, 0x0000000083000000, 0x0000000083000000|100%|HS|  |TAMS 0x0000000083000000, 0x0000000082f00000| Complete 
|  48|0x0000000083000000, 0x0000000083100000, 0x0000000083100000|100%|HC|  |TAMS 0x0000000083100000, 0x0000000083000000| Complete 
|  49|0x0000000083100000, 0x0000000083200000, 0x0000000083200000|100%|HC|  |TAMS 0x0000000083200000, 0x0000000083100000| Complete 
|  50|0x0000000083200000, 0x0000000083300000, 0x0000000083300000|100%|HS|  |TAMS 0x0000000083300000, 0x0000000083200000| Complete 
|  51|0x0000000083300000, 0x0000000083400000, 0x0000000083400000|100%|HC|  |TAMS 0x0000000083400000, 0x0000000083300000| Complete 
|  52|0x0000000083400000, 0x0000000083500000, 0x0000000083500000|100%|HC|  |TAMS 0x0000000083500000, 0x0000000083400000| Complete 
|  53|0x0000000083500000, 0x0000000083600000, 0x0000000083600000|100%|HC|  |TAMS 0x0000000083600000, 0x0000000083500000| Complete 
|  54|0x0000000083600000, 0x0000000083700000, 0x0000000083700000|100%|HC|  |TAMS 0x0000000083700000, 0x0000000083600000| Complete 
|  55|0x0000000083700000, 0x0000000083800000, 0x0000000083800000|100%| O|  |TAMS 0x0000000083800000, 0x0000000083700000| Untracked 
|  56|0x0000000083800000, 0x0000000083900000, 0x0000000083900000|100%| O|  |TAMS 0x0000000083900000, 0x0000000083800000| Untracked 
|  57|0x0000000083900000, 0x0000000083a00000, 0x0000000083a00000|100%| O|  |TAMS 0x0000000083a00000, 0x0000000083900000| Updating 
|  58|0x0000000083a00000, 0x0000000083b00000, 0x0000000083b00000|100%|HS|  |TAMS 0x0000000083b00000, 0x0000000083a00000| Complete 
|  59|0x0000000083b00000, 0x0000000083c00000, 0x0000000083c00000|100%|HC|  |TAMS 0x0000000083c00000, 0x0000000083b00000| Complete 
|  60|0x0000000083c00000, 0x0000000083d00000, 0x0000000083d00000|100%|HC|  |TAMS 0x0000000083d00000, 0x0000000083c00000| Complete 
|  61|0x0000000083d00000, 0x0000000083e00000, 0x0000000083e00000|100%|HC|  |TAMS 0x0000000083e00000, 0x0000000083d00000| Complete 
|  62|0x0000000083e00000, 0x0000000083f00000, 0x0000000083f00000|100%|HC|  |TAMS 0x0000000083f00000, 0x0000000083e00000| Complete 
|  63|0x0000000083f00000, 0x0000000084000000, 0x0000000084000000|100%| O|  |TAMS 0x0000000084000000, 0x0000000083f00000| Untracked 
|  64|0x0000000084000000, 0x0000000084100000, 0x0000000084100000|100%| O|  |TAMS 0x0000000084100000, 0x0000000084000000| Updating 
|  65|0x0000000084100000, 0x0000000084200000, 0x0000000084200000|100%| O|  |TAMS 0x0000000084200000, 0x0000000084100000| Untracked 
|  66|0x0000000084200000, 0x0000000084300000, 0x0000000084300000|100%| O|  |TAMS 0x0000000084275400, 0x0000000084200000| Untracked 
|  67|0x0000000084300000, 0x0000000084325600, 0x0000000084400000| 14%| O|  |TAMS 0x0000000084300000, 0x0000000084300000| Updating 
|  68|0x0000000084400000, 0x0000000084400000, 0x0000000084500000|  0%| F|  |TAMS 0x0000000084400000, 0x0000000084400000| Untracked 
|  69|0x0000000084500000, 0x0000000084500000, 0x0000000084600000|  0%| F|  |TAMS 0x0000000084500000, 0x0000000084500000| Untracked 
|  70|0x0000000084600000, 0x0000000084600000, 0x0000000084700000|  0%| F|  |TAMS 0x0000000084600000, 0x0000000084600000| Untracked 
|  71|0x0000000084700000, 0x0000000084700000, 0x0000000084800000|  0%| F|  |TAMS 0x0000000084700000, 0x0000000084700000| Untracked 
|  72|0x0000000084800000, 0x0000000084800000, 0x0000000084900000|  0%| F|  |TAMS 0x0000000084800000, 0x0000000084800000| Untracked 
|  73|0x0000000084900000, 0x0000000084900000, 0x0000000084a00000|  0%| F|  |TAMS 0x0000000084900000, 0x0000000084900000| Untracked 
|  74|0x0000000084a00000, 0x0000000084a00000, 0x0000000084b00000|  0%| F|  |TAMS 0x0000000084a00000, 0x0000000084a00000| Untracked 
|  75|0x0000000084b00000, 0x0000000084b00000, 0x0000000084c00000|  0%| F|  |TAMS 0x0000000084b00000, 0x0000000084b00000| Untracked 
|  76|0x0000000084c00000, 0x0000000084c00000, 0x0000000084d00000|  0%| F|  |TAMS 0x0000000084c00000, 0x0000000084c00000| Untracked 
|  77|0x0000000084d00000, 0x0000000084d00000, 0x0000000084e00000|  0%| F|  |TAMS 0x0000000084d00000, 0x0000000084d00000| Untracked 
|  78|0x0000000084e00000, 0x0000000084e00000, 0x0000000084f00000|  0%| F|  |TAMS 0x0000000084e00000, 0x0000000084e00000| Untracked 
|  79|0x0000000084f00000, 0x0000000084f00000, 0x0000000085000000|  0%| F|  |TAMS 0x0000000084f00000, 0x0000000084f00000| Untracked 
|  80|0x0000000085000000, 0x0000000085000000, 0x0000000085100000|  0%| F|  |TAMS 0x0000000085000000, 0x0000000085000000| Untracked 
|  81|0x0000000085100000, 0x0000000085100000, 0x0000000085200000|  0%| F|  |TAMS 0x0000000085100000, 0x0000000085100000| Untracked 
|  82|0x0000000085200000, 0x0000000085200000, 0x0000000085300000|  0%| F|  |TAMS 0x0000000085200000, 0x0000000085200000| Untracked 
|  83|0x0000000085300000, 0x0000000085300000, 0x0000000085400000|  0%| F|  |TAMS 0x0000000085300000, 0x0000000085300000| Untracked 
|  84|0x0000000085400000, 0x0000000085400000, 0x0000000085500000|  0%| F|  |TAMS 0x0000000085400000, 0x0000000085400000| Untracked 
|  85|0x0000000085500000, 0x0000000085500000, 0x0000000085600000|  0%| F|  |TAMS 0x0000000085500000, 0x0000000085500000| Untracked 
|  86|0x0000000085600000, 0x0000000085600000, 0x0000000085700000|  0%| F|  |TAMS 0x0000000085600000, 0x0000000085600000| Untracked 
|  87|0x0000000085700000, 0x0000000085700000, 0x0000000085800000|  0%| F|  |TAMS 0x0000000085700000, 0x0000000085700000| Untracked 
|  88|0x0000000085800000, 0x0000000085800000, 0x0000000085900000|  0%| F|  |TAMS 0x0000000085800000, 0x0000000085800000| Untracked 
|  89|0x0000000085900000, 0x0000000085900000, 0x0000000085a00000|  0%| F|  |TAMS 0x0000000085900000, 0x0000000085900000| Untracked 
|  90|0x0000000085a00000, 0x0000000085ae55e0, 0x0000000085b00000| 89%| S|CS|TAMS 0x0000000085a00000, 0x0000000085a00000| Complete 
|  91|0x0000000085b00000, 0x0000000085c00000, 0x0000000085c00000|100%| S|CS|TAMS 0x0000000085b00000, 0x0000000085b00000| Complete 
|  92|0x0000000085c00000, 0x0000000085c00000, 0x0000000085d00000|  0%| F|  |TAMS 0x0000000085c00000, 0x0000000085c00000| Untracked 
|  93|0x0000000085d00000, 0x0000000085e00000, 0x0000000085e00000|100%| S|CS|TAMS 0x0000000085d00000, 0x0000000085d00000| Complete 
|  94|0x0000000085e00000, 0x0000000085e00000, 0x0000000085f00000|  0%| F|  |TAMS 0x0000000085e00000, 0x0000000085e00000| Untracked 
|  95|0x0000000085f00000, 0x0000000085f00000, 0x0000000086000000|  0%| F|  |TAMS 0x0000000085f00000, 0x0000000085f00000| Untracked 
|  96|0x0000000086000000, 0x0000000086000000, 0x0000000086100000|  0%| F|  |TAMS 0x0000000086000000, 0x0000000086000000| Untracked 
|  97|0x0000000086100000, 0x0000000086100000, 0x0000000086200000|  0%| F|  |TAMS 0x0000000086100000, 0x0000000086100000| Untracked 
|  98|0x0000000086200000, 0x0000000086200000, 0x0000000086300000|  0%| F|  |TAMS 0x0000000086200000, 0x0000000086200000| Untracked 
|  99|0x0000000086300000, 0x0000000086300000, 0x0000000086400000|  0%| F|  |TAMS 0x0000000086300000, 0x0000000086300000| Untracked 
| 100|0x0000000086400000, 0x0000000086400000, 0x0000000086500000|  0%| F|  |TAMS 0x0000000086400000, 0x0000000086400000| Untracked 
| 101|0x0000000086500000, 0x0000000086500000, 0x0000000086600000|  0%| F|  |TAMS 0x0000000086500000, 0x0000000086500000| Untracked 
| 102|0x0000000086600000, 0x0000000086600000, 0x0000000086700000|  0%| F|  |TAMS 0x0000000086600000, 0x0000000086600000| Untracked 
| 103|0x0000000086700000, 0x0000000086700000, 0x0000000086800000|  0%| F|  |TAMS 0x0000000086700000, 0x0000000086700000| Untracked 
| 104|0x0000000086800000, 0x0000000086800000, 0x0000000086900000|  0%| F|  |TAMS 0x0000000086800000, 0x0000000086800000| Untracked 
| 105|0x0000000086900000, 0x0000000086900000, 0x0000000086a00000|  0%| F|  |TAMS 0x0000000086900000, 0x0000000086900000| Untracked 
| 106|0x0000000086a00000, 0x0000000086a00000, 0x0000000086b00000|  0%| F|  |TAMS 0x0000000086a00000, 0x0000000086a00000| Untracked 
| 107|0x0000000086b00000, 0x0000000086b00000, 0x0000000086c00000|  0%| F|  |TAMS 0x0000000086b00000, 0x0000000086b00000| Untracked 
| 108|0x0000000086c00000, 0x0000000086c00000, 0x0000000086d00000|  0%| F|  |TAMS 0x0000000086c00000, 0x0000000086c00000| Untracked 
| 109|0x0000000086d00000, 0x0000000086d00000, 0x0000000086e00000|  0%| F|  |TAMS 0x0000000086d00000, 0x0000000086d00000| Untracked 
| 110|0x0000000086e00000, 0x0000000086e00000, 0x0000000086f00000|  0%| F|  |TAMS 0x0000000086e00000, 0x0000000086e00000| Untracked 
| 111|0x0000000086f00000, 0x0000000086f00000, 0x0000000087000000|  0%| F|  |TAMS 0x0000000086f00000, 0x0000000086f00000| Untracked 
| 112|0x0000000087000000, 0x0000000087000000, 0x0000000087100000|  0%| F|  |TAMS 0x0000000087000000, 0x0000000087000000| Untracked 
| 113|0x0000000087100000, 0x0000000087100000, 0x0000000087200000|  0%| F|  |TAMS 0x0000000087100000, 0x0000000087100000| Untracked 
| 114|0x0000000087200000, 0x0000000087200000, 0x0000000087300000|  0%| F|  |TAMS 0x0000000087200000, 0x0000000087200000| Untracked 
| 115|0x0000000087300000, 0x00000000873d6490, 0x0000000087400000| 83%| E|  |TAMS 0x0000000087300000, 0x0000000087300000| Complete 
| 127|0x0000000087f00000, 0x0000000088000000, 0x0000000088000000|100%| E|CS|TAMS 0x0000000087f00000, 0x0000000087f00000| Complete 

Card table byte_map: [0x0000015d45f80000,0x0000015d46380000] _byte_map_base: 0x0000015d45b80000

Marking Bits (Prev, Next): (CMBitMap*) 0x0000015d336fa1b0, (CMBitMap*) 0x0000015d336fa1f0
 Prev Bits: [0x0000015d46780000, 0x0000015d48780000)
 Next Bits: [0x0000015d48780000, 0x0000015d4a780000)

Polling page: 0x0000015d32e60000

Metaspace:

Usage:
  Non-class:     50.13 MB used.
      Class:      7.94 MB used.
       Both:     58.07 MB used.

Virtual space:
  Non-class space:       64.00 MB reserved,      50.44 MB ( 79%) committed,  1 nodes.
      Class space:        1.00 GB reserved,       8.19 MB ( <1%) committed,  1 nodes.
             Both:        1.06 GB reserved,      58.62 MB (  5%) committed. 

Chunk freelists:
   Non-Class:  12.95 MB
       Class:  7.82 MB
        Both:  20.77 MB

MaxMetaspaceSize: unlimited
CompressedClassSpaceSize: 1.00 GB
Initial GC threshold: 21.00 MB
Current GC threshold: 89.62 MB
CDS: off
MetaspaceReclaimPolicy: balanced
 - commit_granule_bytes: 65536.
 - commit_granule_words: 8192.
 - virtual_space_node_default_size: 8388608.
 - enlarge_chunks_in_place: 1.
 - new_chunks_are_fully_committed: 0.
 - uncommit_free_chunks: 1.
 - use_allocation_guard: 0.
 - handle_deallocations: 1.


Internal statistics:

num_allocs_failed_limit: 3.
num_arena_births: 642.
num_arena_deaths: 0.
num_vsnodes_births: 2.
num_vsnodes_deaths: 0.
num_space_committed: 938.
num_space_uncommitted: 0.
num_chunks_returned_to_freelist: 3.
num_chunks_taken_from_freelist: 2674.
num_chunk_merges: 3.
num_chunk_splits: 1740.
num_chunks_enlarged: 1176.
num_inconsistent_stats: 0.

CodeHeap 'non-profiled nmethods': size=120000Kb used=2677Kb max_used=3017Kb free=117322Kb
 bounds [0x0000015d3e650000, 0x0000015d3e950000, 0x0000015d45b80000]
CodeHeap 'profiled nmethods': size=120000Kb used=9639Kb max_used=9704Kb free=110360Kb
 bounds [0x0000015d36b80000, 0x0000015d37500000, 0x0000015d3e0b0000]
CodeHeap 'non-nmethods': size=5760Kb used=2319Kb max_used=2403Kb free=3440Kb
 bounds [0x0000015d3e0b0000, 0x0000015d3e320000, 0x0000015d3e650000]
 total_blobs=5635 nmethods=4799 adapters=748
 compilation: enabled
              stopped_count=0, restarted_count=0
 full_count=0

Compilation events (20 events):
Event: 8.155 Thread 0x0000015d51036c90 5503       3       com.google.common.util.concurrent.AbstractFuture::releaseWaiters (30 bytes)
Event: 8.155 Thread 0x0000015d51036c90 nmethod 5503 0x0000015d36d92090 code [0x0000015d36d92260, 0x0000015d36d92658]
Event: 8.155 Thread 0x0000015d51036c90 5504       3       com.google.common.util.concurrent.AbstractFuture::afterDone (1 bytes)
Event: 8.155 Thread 0x0000015d51036c90 nmethod 5504 0x0000015d36cbc710 code [0x0000015d36cbc8a0, 0x0000015d36cbc9b8]
Event: 8.156 Thread 0x0000015d51036c90 5505       3       com.google.common.util.concurrent.AbstractFuture::clearListeners (39 bytes)
Event: 8.156 Thread 0x0000015d51036c90 nmethod 5505 0x0000015d36cbc190 code [0x0000015d36cbc340, 0x0000015d36cbc5a8]
Event: 8.156 Thread 0x0000015d51036c90 5506   !   3       com.google.common.cache.LocalCache$Segment::getAndRecordStats (134 bytes)
Event: 8.156 Thread 0x0000015d51036c90 nmethod 5506 0x0000015d36cba010 code [0x0000015d36cba3a0, 0x0000015d36cbb7c8]
Event: 8.157 Thread 0x0000015d51036c90 5507       3       com.google.common.util.concurrent.AbstractFuture$TrustedFuture::get (5 bytes)
Event: 8.157 Thread 0x0000015d51036c90 nmethod 5507 0x0000015d36cb9c90 code [0x0000015d36cb9e20, 0x0000015d36cb9f68]
Event: 8.157 Thread 0x0000015d51036c90 5508       3       com.google.common.util.concurrent.AbstractFuture::getDoneValue (57 bytes)
Event: 8.157 Thread 0x0000015d51036c90 nmethod 5508 0x0000015d36cb8f90 code [0x0000015d36cb91a0, 0x0000015d36cb9a18]
Event: 8.157 Thread 0x0000015d51036c90 5509       3       com.google.common.cache.LocalCache$LoadingValueReference::notifyNewValue (21 bytes)
Event: 8.158 Thread 0x0000015d51036c90 nmethod 5509 0x0000015d36f78810 code [0x0000015d36f789e0, 0x0000015d36f78d88]
Event: 8.158 Thread 0x0000015d51036c90 5510   !   3       com.google.common.cache.LocalCache$LoadingValueReference::loadFuture (123 bytes)
Event: 8.158 Thread 0x0000015d51036c90 nmethod 5510 0x0000015d36f76610 code [0x0000015d36f76980, 0x0000015d36f77d88]
Event: 8.161 Thread 0x0000015d51036c90 5511       3       org.gradle.internal.instantiation.generator.ParamsMatchingConstructorSelector::forParams (481 bytes)
Event: 8.162 Thread 0x0000015d51036c90 nmethod 5511 0x0000015d36f71f90 code [0x0000015d36f72500, 0x0000015d36f755d8]
Event: 8.162 Thread 0x0000015d51036c90 5512       3       org.gradle.internal.instantiation.generator.ParamsMatchingConstructorSelector::vetoParameters (1 bytes)
Event: 8.162 Thread 0x0000015d51036c90 nmethod 5512 0x0000015d36f71c10 code [0x0000015d36f71da0, 0x0000015d36f71eb8]

GC Heap History (20 events):
Event: 5.211 GC heap before
{Heap before GC invocations=17 (full 0):
 garbage-first heap   total 96256K, used 71982K [0x0000000080000000, 0x0000000100000000)
  region size 1024K, 34 young (34816K), 3 survivors (3072K)
 Metaspace       used 44584K, committed 44992K, reserved 1114112K
  class space    used 6017K, committed 6208K, reserved 1048576K
}
Event: 5.216 GC heap after
{Heap after GC invocations=18 (full 0):
 garbage-first heap   total 96256K, used 45032K [0x0000000080000000, 0x0000000100000000)
  region size 1024K, 5 young (5120K), 5 survivors (5120K)
 Metaspace       used 44584K, committed 44992K, reserved 1114112K
  class space    used 6017K, committed 6208K, reserved 1048576K
}
Event: 5.359 GC heap before
{Heap before GC invocations=18 (full 0):
 garbage-first heap   total 96256K, used 61416K [0x0000000080000000, 0x0000000100000000)
  region size 1024K, 20 young (20480K), 5 survivors (5120K)
 Metaspace       used 45071K, committed 45504K, reserved 1114112K
  class space    used 6065K, committed 6272K, reserved 1048576K
}
Event: 5.363 GC heap after
{Heap after GC invocations=19 (full 0):
 garbage-first heap   total 96256K, used 48427K [0x0000000080000000, 0x0000000100000000)
  region size 1024K, 2 young (2048K), 2 survivors (2048K)
 Metaspace       used 45071K, committed 45504K, reserved 1114112K
  class space    used 6065K, committed 6272K, reserved 1048576K
}
Event: 5.797 GC heap before
{Heap before GC invocations=20 (full 0):
 garbage-first heap   total 96256K, used 77099K [0x0000000080000000, 0x0000000100000000)
  region size 1024K, 29 young (29696K), 2 survivors (2048K)
 Metaspace       used 49181K, committed 49600K, reserved 1114112K
  class space    used 6585K, committed 6784K, reserved 1048576K
}
Event: 5.800 GC heap after
{Heap after GC invocations=21 (full 0):
 garbage-first heap   total 96256K, used 48225K [0x0000000080000000, 0x0000000100000000)
  region size 1024K, 4 young (4096K), 4 survivors (4096K)
 Metaspace       used 49181K, committed 49600K, reserved 1114112K
  class space    used 6585K, committed 6784K, reserved 1048576K
}
Event: 6.179 GC heap before
{Heap before GC invocations=21 (full 0):
 garbage-first heap   total 96256K, used 65633K [0x0000000080000000, 0x0000000100000000)
  region size 1024K, 22 young (22528K), 4 survivors (4096K)
 Metaspace       used 50762K, committed 51200K, reserved 1114112K
  class space    used 6838K, committed 7040K, reserved 1048576K
}
Event: 6.184 GC heap after
{Heap after GC invocations=22 (full 0):
 garbage-first heap   total 96256K, used 50541K [0x0000000080000000, 0x0000000100000000)
  region size 1024K, 3 young (3072K), 3 survivors (3072K)
 Metaspace       used 50762K, committed 51200K, reserved 1114112K
  class space    used 6838K, committed 7040K, reserved 1048576K
}
Event: 6.435 GC heap before
{Heap before GC invocations=23 (full 0):
 garbage-first heap   total 101376K, used 63853K [0x0000000080000000, 0x0000000100000000)
  region size 1024K, 10 young (10240K), 3 survivors (3072K)
 Metaspace       used 51010K, committed 51456K, reserved 1114112K
  class space    used 6886K, committed 7104K, reserved 1048576K
}
Event: 6.438 GC heap after
{Heap after GC invocations=24 (full 0):
 garbage-first heap   total 101376K, used 61049K [0x0000000080000000, 0x0000000100000000)
  region size 1024K, 3 young (3072K), 3 survivors (3072K)
 Metaspace       used 51010K, committed 51456K, reserved 1114112K
  class space    used 6886K, committed 7104K, reserved 1048576K
}
Event: 6.567 GC heap before
{Heap before GC invocations=25 (full 0):
 garbage-first heap   total 114688K, used 70265K [0x0000000080000000, 0x0000000100000000)
  region size 1024K, 9 young (9216K), 3 survivors (3072K)
 Metaspace       used 51368K, committed 51840K, reserved 1114112K
  class space    used 6910K, committed 7168K, reserved 1048576K
}
Event: 6.570 GC heap after
{Heap after GC invocations=26 (full 0):
 garbage-first heap   total 114688K, used 67815K [0x0000000080000000, 0x0000000100000000)
  region size 1024K, 2 young (2048K), 2 survivors (2048K)
 Metaspace       used 51368K, committed 51840K, reserved 1114112K
  class space    used 6910K, committed 7168K, reserved 1048576K
}
Event: 7.076 GC heap before
{Heap before GC invocations=27 (full 0):
 garbage-first heap   total 119808K, used 85223K [0x0000000080000000, 0x0000000100000000)
  region size 1024K, 17 young (17408K), 2 survivors (2048K)
 Metaspace       used 53468K, committed 54080K, reserved 1114112K
  class space    used 7126K, committed 7424K, reserved 1048576K
}
Event: 7.079 GC heap after
{Heap after GC invocations=28 (full 0):
 garbage-first heap   total 119808K, used 67882K [0x0000000080000000, 0x0000000100000000)
  region size 1024K, 2 young (2048K), 2 survivors (2048K)
 Metaspace       used 53468K, committed 54080K, reserved 1114112K
  class space    used 7126K, committed 7424K, reserved 1048576K
}
Event: 7.280 GC heap before
{Heap before GC invocations=28 (full 0):
 garbage-first heap   total 119808K, used 88362K [0x0000000080000000, 0x0000000100000000)
  region size 1024K, 22 young (22528K), 2 survivors (2048K)
 Metaspace       used 54380K, committed 54976K, reserved 1114112K
  class space    used 7289K, committed 7616K, reserved 1048576K
}
Event: 7.282 GC heap after
{Heap after GC invocations=29 (full 0):
 garbage-first heap   total 119808K, used 68730K [0x0000000080000000, 0x0000000100000000)
  region size 1024K, 2 young (2048K), 2 survivors (2048K)
 Metaspace       used 54380K, committed 54976K, reserved 1114112K
  class space    used 7289K, committed 7616K, reserved 1048576K
}
Event: 7.770 GC heap before
{Heap before GC invocations=30 (full 0):
 garbage-first heap   total 119808K, used 90234K [0x0000000080000000, 0x0000000100000000)
  region size 1024K, 23 young (23552K), 2 survivors (2048K)
 Metaspace       used 57210K, committed 57856K, reserved 1114112K
  class space    used 7729K, committed 8064K, reserved 1048576K
}
Event: 7.774 GC heap after
{Heap after GC invocations=31 (full 0):
 garbage-first heap   total 119808K, used 69861K [0x0000000080000000, 0x0000000100000000)
  region size 1024K, 2 young (2048K), 2 survivors (2048K)
 Metaspace       used 57210K, committed 57856K, reserved 1114112K
  class space    used 7729K, committed 8064K, reserved 1048576K
}
Event: 8.125 GC heap before
{Heap before GC invocations=31 (full 0):
 garbage-first heap   total 119808K, used 91365K [0x0000000080000000, 0x0000000100000000)
  region size 1024K, 24 young (24576K), 2 survivors (2048K)
 Metaspace       used 59302K, committed 59904K, reserved 1114112K
  class space    used 8113K, committed 8384K, reserved 1048576K
}
Event: 8.129 GC heap after
{Heap after GC invocations=32 (full 0):
 garbage-first heap   total 119808K, used 71722K [0x0000000080000000, 0x0000000100000000)
  region size 1024K, 3 young (3072K), 3 survivors (3072K)
 Metaspace       used 59302K, committed 59904K, reserved 1114112K
  class space    used 8113K, committed 8384K, reserved 1048576K
}

Dll operation events (3 events):
Event: 0.006 Loaded shared library C:\Program Files\Android\Android Studio\jbr\bin\java.dll
Event: 0.110 Loaded shared library C:\Program Files\Android\Android Studio\jbr\bin\zip.dll
Event: 0.380 Loaded shared library C:\Program Files\Android\Android Studio\jbr\bin\verify.dll

Deoptimization events (20 events):
Event: 8.046 Thread 0x0000015d53593d70 Uncommon trap: trap_request=0xffffffde fr.pc=0x0000015d3e8784f4 relative=0x0000000000001bb4
Event: 8.046 Thread 0x0000015d53593d70 Uncommon trap: reason=class_check action=maybe_recompile pc=0x0000015d3e8784f4 method=jdk.internal.loader.Resource.getBytes()[B @ 10 c2
Event: 8.046 Thread 0x0000015d53593d70 DEOPT PACKING pc=0x0000015d3e8784f4 sp=0x0000000bd53f7610
Event: 8.046 Thread 0x0000015d53593d70 DEOPT UNPACKING pc=0x0000015d3e1069a3 sp=0x0000000bd53f7640 mode 2
Event: 8.101 Thread 0x0000015d53593d70 Uncommon trap: trap_request=0xffffff45 fr.pc=0x0000015d3e840a84 relative=0x0000000000000344
Event: 8.101 Thread 0x0000015d53593d70 Uncommon trap: reason=unstable_if action=reinterpret pc=0x0000015d3e840a84 method=org.gradle.internal.reflect.PropertyAccessorType.isGetGetterName(Ljava/lang/String;)Z @ 14 c2
Event: 8.101 Thread 0x0000015d53593d70 DEOPT PACKING pc=0x0000015d3e840a84 sp=0x0000000bd53f8160
Event: 8.101 Thread 0x0000015d53593d70 DEOPT UNPACKING pc=0x0000015d3e1069a3 sp=0x0000000bd53f80b8 mode 2
Event: 8.106 Thread 0x0000015d53593d70 Uncommon trap: trap_request=0xffffffde fr.pc=0x0000015d3e82308c relative=0x0000000000005cec
Event: 8.106 Thread 0x0000015d53593d70 Uncommon trap: reason=class_check action=maybe_recompile pc=0x0000015d3e82308c method=java.lang.Class.createAnnotationData(I)Ljava/lang/Class$AnnotationData; @ 152 c2
Event: 8.106 Thread 0x0000015d53593d70 DEOPT PACKING pc=0x0000015d3e82308c sp=0x0000000bd53f8100
Event: 8.106 Thread 0x0000015d53593d70 DEOPT UNPACKING pc=0x0000015d3e1069a3 sp=0x0000000bd53f7f98 mode 2
Event: 8.114 Thread 0x0000015d53593d70 Uncommon trap: trap_request=0xffffff76 fr.pc=0x0000015d3e89c0e8 relative=0x00000000000001c8
Event: 8.114 Thread 0x0000015d53593d70 Uncommon trap: reason=predicate action=maybe_recompile pc=0x0000015d3e89c0e8 method=java.util.LinkedHashMap.keysToArray([Ljava/lang/Object;)[Ljava/lang/Object; @ 12 c2
Event: 8.114 Thread 0x0000015d53593d70 DEOPT PACKING pc=0x0000015d3e89c0e8 sp=0x0000000bd53f7fe0
Event: 8.114 Thread 0x0000015d53593d70 DEOPT UNPACKING pc=0x0000015d3e1069a3 sp=0x0000000bd53f7f98 mode 2
Event: 8.160 Thread 0x0000015d53593d70 Uncommon trap: trap_request=0xffffff45 fr.pc=0x0000015d3e8826ac relative=0x00000000000017cc
Event: 8.160 Thread 0x0000015d53593d70 Uncommon trap: reason=unstable_if action=reinterpret pc=0x0000015d3e8826ac method=java.util.concurrent.ConcurrentHashMap.computeIfAbsent(Ljava/lang/Object;Ljava/util/function/Function;)Ljava/lang/Object; @ 123 c2
Event: 8.160 Thread 0x0000015d53593d70 DEOPT PACKING pc=0x0000015d3e8826ac sp=0x0000000bd53f9070
Event: 8.160 Thread 0x0000015d53593d70 DEOPT UNPACKING pc=0x0000015d3e1069a3 sp=0x0000000bd53f8ff0 mode 2

Classes unloaded (0 events):
No events

Classes redefined (0 events):
No events

Internal exceptions (20 events):
Event: 7.066 Thread 0x0000015d53593d70 Exception <a 'java/lang/NoSuchMethodError'{0x0000000086443b50}: 'java.lang.Object java.lang.invoke.DirectMethodHandle$Holder.invokeStatic(java.lang.Object, java.lang.Object, java.lang.Object, java.lang.Object, java.lang.Object, java.lang.Object, java.lang.Object, java.lang.Object, java.lang.Object, java.lang.Object, java.lang.Object, java.lang.Object, java.lang.Object, java.lang.Object, java.lang.Object, java.lang.Object, java.lang.Object, java.lang.Object, java.lang.Object, java.lang.Object, java.lang.Obj
Event: 7.069 Thread 0x0000015d53593d70 Exception <a 'java/lang/NoSuchMethodError'{0x0000000086476890}: 'java.lang.Object java.lang.invoke.DirectMethodHandle$Holder.invokeStatic(java.lang.Object, java.lang.Object, java.lang.Object, java.lang.Object, java.lang.Object, java.lang.Object, java.lang.Object, java.lang.Object, java.lang.Object, java.lang.Object, java.lang.Object, java.lang.Object, java.lang.Object, java.lang.Object, java.lang.Object, java.lang.Object, java.lang.Object, java.lang.Object, java.lang.Object, java.lang.Object, java.lang.Obj
Event: 7.071 Thread 0x0000015d53593d70 Exception <a 'java/lang/NoSuchMethodError'{0x00000000864a9218}: 'java.lang.Object java.lang.invoke.DirectMethodHandle$Holder.invokeStatic(java.lang.Object, java.lang.Object, java.lang.Object, java.lang.Object, java.lang.Object, java.lang.Object, java.lang.Object, java.lang.Object, java.lang.Object, java.lang.Object, java.lang.Object, java.lang.Object, java.lang.Object, java.lang.Object, java.lang.Object, java.lang.Object, java.lang.Object, java.lang.Object, java.lang.Object, java.lang.Object, java.lang.Obj
Event: 7.348 Thread 0x0000015d53593d70 Exception <a 'java/lang/IncompatibleClassChangeError'{0x000000008739a630}: Found class java.lang.Object, but interface was expected> (0x000000008739a630) 
thrown [s\src\hotspot\share\interpreter\linkResolver.cpp, line 838]
Event: 7.464 Thread 0x0000015d53593d70 Exception <a 'java/lang/ClassNotFoundException'{0x0000000086e027d0}: org/jetbrains/plugins/gradle/model/web/WebConfigurationBeanInfo> (0x0000000086e027d0) 
thrown [s\src\hotspot\share\classfile\systemDictionary.cpp, line 256]
Event: 7.465 Thread 0x0000015d53593d70 Exception <a 'java/lang/ClassNotFoundException'{0x0000000086e0ad70}: org/jetbrains/plugins/gradle/model/web/WebConfigurationCustomizer> (0x0000000086e0ad70) 
thrown [s\src\hotspot\share\classfile\systemDictionary.cpp, line 256]
Event: 7.471 Thread 0x0000015d53593d70 Exception <a 'java/lang/ClassNotFoundException'{0x0000000086d28098}: java/lang/StringBeanInfo> (0x0000000086d28098) 
thrown [s\src\hotspot\share\classfile\systemDictionary.cpp, line 256]
Event: 7.472 Thread 0x0000015d53593d70 Exception <a 'java/lang/ClassNotFoundException'{0x0000000086d2c728}: java/lang/StringCustomizer> (0x0000000086d2c728) 
thrown [s\src\hotspot\share\classfile\systemDictionary.cpp, line 256]
Event: 7.601 Thread 0x0000015d53593d70 Exception <a 'sun/nio/fs/WindowsException'{0x00000000868e3f90}> (0x00000000868e3f90) 
thrown [s\src\hotspot\share\prims\jni.cpp, line 531]
Event: 7.601 Thread 0x0000015d53593d70 Exception <a 'sun/nio/fs/WindowsException'{0x00000000868e4260}> (0x00000000868e4260) 
thrown [s\src\hotspot\share\prims\jni.cpp, line 531]
Event: 7.601 Thread 0x0000015d53593d70 Exception <a 'sun/nio/fs/WindowsException'{0x00000000868e6cf0}> (0x00000000868e6cf0) 
thrown [s\src\hotspot\share\prims\jni.cpp, line 531]
Event: 7.601 Thread 0x0000015d53593d70 Exception <a 'sun/nio/fs/WindowsException'{0x00000000868e70b0}> (0x00000000868e70b0) 
thrown [s\src\hotspot\share\prims\jni.cpp, line 531]
Event: 7.603 Thread 0x0000015d53593d70 Exception <a 'sun/nio/fs/WindowsException'{0x00000000868f74a8}> (0x00000000868f74a8) 
thrown [s\src\hotspot\share\prims\jni.cpp, line 531]
Event: 7.603 Thread 0x0000015d53593d70 Exception <a 'sun/nio/fs/WindowsException'{0x00000000868f7868}> (0x00000000868f7868) 
thrown [s\src\hotspot\share\prims\jni.cpp, line 531]
Event: 7.769 Thread 0x0000015d53593d70 Exception <a 'java/lang/NoSuchMethodError'{0x00000000860f1c98}: 'void java.lang.invoke.DirectMethodHandle$Holder.invokeStatic(java.lang.Object, java.lang.Object, java.lang.Object, java.lang.Object, java.lang.Object, java.lang.Object, java.lang.Object)'> (0x00000000860f1c98) 
thrown [s\src\hotspot\share\interpreter\linkResolver.cpp, line 771]
Event: 7.967 Thread 0x0000015d53593d70 Exception <a 'java/lang/ClassNotFoundException'{0x0000000086b5dd28}: org/gradle/api/internal/project/DefaultProject_DecoratedBeanInfo> (0x0000000086b5dd28) 
thrown [s\src\hotspot\share\classfile\systemDictionary.cpp, line 256]
Event: 7.967 Thread 0x0000015d53593d70 Exception <a 'java/lang/ClassNotFoundException'{0x0000000086b6c158}: org/gradle/api/internal/project/DefaultProjectBeanInfo> (0x0000000086b6c158) 
thrown [s\src\hotspot\share\classfile\systemDictionary.cpp, line 256]
Event: 7.967 Thread 0x0000015d53593d70 Exception <a 'java/lang/ClassNotFoundException'{0x0000000086b7a2f0}: org/gradle/api/internal/project/DefaultProjectCustomizer> (0x0000000086b7a2f0) 
thrown [s\src\hotspot\share\classfile\systemDictionary.cpp, line 256]
Event: 7.971 Thread 0x0000015d53593d70 Exception <a 'java/lang/ClassNotFoundException'{0x0000000086a25cc0}: org/gradle/api/internal/project/DefaultProject_DecoratedCustomizer> (0x0000000086a25cc0) 
thrown [s\src\hotspot\share\classfile\systemDictionary.cpp, line 256]
Event: 8.098 Thread 0x0000015d53593d70 Exception <a 'java/lang/NoSuchMethodError'{0x0000000086073040}: 'long java.lang.invoke.DirectMethodHandle$Holder.invokeStatic(java.lang.Object, long)'> (0x0000000086073040) 
thrown [s\src\hotspot\share\interpreter\linkResolver.cpp, line 771]

VM Operations (20 events):
Event: 6.639 Executing VM operation: G1PauseCleanup done
Event: 7.076 Executing VM operation: G1CollectForAllocation
Event: 7.079 Executing VM operation: G1CollectForAllocation done
Event: 7.279 Executing VM operation: G1CollectForAllocation
Event: 7.282 Executing VM operation: G1CollectForAllocation done
Event: 7.322 Executing VM operation: G1PauseRemark
Event: 7.326 Executing VM operation: G1PauseRemark done
Event: 7.344 Executing VM operation: G1PauseCleanup
Event: 7.347 Executing VM operation: G1PauseCleanup done
Event: 7.770 Executing VM operation: G1CollectForAllocation
Event: 7.774 Executing VM operation: G1CollectForAllocation done
Event: 7.819 Executing VM operation: HandshakeAllThreads
Event: 7.819 Executing VM operation: HandshakeAllThreads done
Event: 7.919 Executing VM operation: HandshakeAllThreads
Event: 7.919 Executing VM operation: HandshakeAllThreads done
Event: 8.106 Executing VM operation: ICBufferFull
Event: 8.106 Executing VM operation: ICBufferFull done
Event: 8.125 Executing VM operation: G1CollectForAllocation
Event: 8.129 Executing VM operation: G1CollectForAllocation done
Event: 8.173 Executing VM operation: G1PauseRemark

Events (20 events):
Event: 7.779 loading class java/util/Comparators$NaturalOrderComparator
Event: 7.779 loading class java/util/Comparators$NaturalOrderComparator done
Event: 7.906 loading class java/nio/file/AtomicMoveNotSupportedException
Event: 7.906 loading class java/nio/file/AtomicMoveNotSupportedException done
Event: 7.919 loading class java/io/FileWriter
Event: 7.919 loading class java/io/FileWriter done
Event: 7.974 loading class org/xml/sax/Locator
Event: 7.974 loading class org/xml/sax/Locator done
Event: 7.975 loading class org/xml/sax/SAXParseException
Event: 7.975 loading class org/xml/sax/SAXParseException done
Event: 7.975 loading class org/xml/sax/Attributes
Event: 7.976 loading class org/xml/sax/Attributes done
Event: 8.021 loading class java/util/DualPivotQuicksort
Event: 8.022 loading class java/util/DualPivotQuicksort done
Event: 8.039 loading class jdk/internal/loader/URLClassPath$FileLoader
Event: 8.039 loading class jdk/internal/loader/URLClassPath$FileLoader done
Event: 8.041 loading class jdk/internal/loader/URLClassPath$FileLoader$1
Event: 8.041 loading class jdk/internal/loader/URLClassPath$FileLoader$1 done
Event: 8.098 loading class java/util/function/LongUnaryOperator
Event: 8.098 loading class java/util/function/LongUnaryOperator done


Dynamic libraries:
0x00007ff661230000 - 0x00007ff66123a000 	C:\Program Files\Android\Android Studio\jbr\bin\java.exe
0x00007ff801b50000 - 0x00007ff801d48000 	C:\WINDOWS\SYSTEM32\ntdll.dll
0x00007ff800ce0000 - 0x00007ff800da1000 	C:\WINDOWS\System32\KERNEL32.DLL
0x00007fffff580000 - 0x00007fffff876000 	C:\WINDOWS\System32\KERNELBASE.dll
0x00007ff800010000 - 0x00007ff800110000 	C:\WINDOWS\System32\ucrtbase.dll
0x00007fffe8450000 - 0x00007fffe846b000 	C:\Program Files\Android\Android Studio\jbr\bin\VCRUNTIME140.dll
0x00007fffe8210000 - 0x00007fffe8227000 	C:\Program Files\Android\Android Studio\jbr\bin\jli.dll
0x00007ff800660000 - 0x00007ff8007ff000 	C:\WINDOWS\System32\USER32.dll
0x00007ff800230000 - 0x00007ff800252000 	C:\WINDOWS\System32\win32u.dll
0x00007fffe7690000 - 0x00007fffe792a000 	C:\WINDOWS\WinSxS\amd64_microsoft.windows.common-controls_6595b64144ccf1df_6.0.19041.4355_none_60b8b9eb71f62e16\COMCTL32.dll
0x00007ff800be0000 - 0x00007ff800c7e000 	C:\WINDOWS\System32\msvcrt.dll
0x00007ff800e60000 - 0x00007ff800e8b000 	C:\WINDOWS\System32\GDI32.dll
0x00007fffff460000 - 0x00007fffff577000 	C:\WINDOWS\System32\gdi32full.dll
0x00007ff800110000 - 0x00007ff8001ad000 	C:\WINDOWS\System32\msvcp_win.dll
0x00007ff8004f0000 - 0x00007ff80051f000 	C:\WINDOWS\System32\IMM32.DLL
0x00007ffff9e80000 - 0x00007ffff9e8c000 	C:\Program Files\Android\Android Studio\jbr\bin\vcruntime140_1.dll
0x00007fffd0b40000 - 0x00007fffd0bcd000 	C:\Program Files\Android\Android Studio\jbr\bin\msvcp140.dll
0x00007fff99070000 - 0x00007fff99cf3000 	C:\Program Files\Android\Android Studio\jbr\bin\server\jvm.dll
0x00007ff800440000 - 0x00007ff8004f0000 	C:\WINDOWS\System32\ADVAPI32.dll
0x00007ff800dc0000 - 0x00007ff800e60000 	C:\WINDOWS\System32\sechost.dll
0x00007ff800800000 - 0x00007ff800923000 	C:\WINDOWS\System32\RPCRT4.dll
0x00007ff8001b0000 - 0x00007ff8001d7000 	C:\WINDOWS\System32\bcrypt.dll
0x00007ffffebc0000 - 0x00007ffffec0b000 	C:\WINDOWS\SYSTEM32\POWRPROF.dll
0x00007ffff9fb0000 - 0x00007ffff9fb9000 	C:\WINDOWS\SYSTEM32\WSOCK32.dll
0x00007ff8002f0000 - 0x00007ff80035b000 	C:\WINDOWS\System32\WS2_32.dll
0x00007ffff3d40000 - 0x00007ffff3d67000 	C:\WINDOWS\SYSTEM32\WINMM.dll
0x00007ffff7e20000 - 0x00007ffff7e2a000 	C:\WINDOWS\SYSTEM32\VERSION.dll
0x00007ffffeba0000 - 0x00007ffffebb2000 	C:\WINDOWS\SYSTEM32\UMPDC.dll
0x00007ffffd090000 - 0x00007ffffd0a2000 	C:\WINDOWS\SYSTEM32\kernel.appcore.dll
0x00007ffff9210000 - 0x00007ffff921a000 	C:\Program Files\Android\Android Studio\jbr\bin\jimage.dll
0x00007ffff3150000 - 0x00007ffff3334000 	C:\WINDOWS\SYSTEM32\DBGHELP.DLL
0x00007ffff2260000 - 0x00007ffff2294000 	C:\WINDOWS\SYSTEM32\dbgcore.DLL
0x00007ff800260000 - 0x00007ff8002e2000 	C:\WINDOWS\System32\bcryptPrimitives.dll
0x00007fffea400000 - 0x00007fffea40e000 	C:\Program Files\Android\Android Studio\jbr\bin\instrument.dll
0x00007fffec6f0000 - 0x00007fffec715000 	C:\Program Files\Android\Android Studio\jbr\bin\java.dll
0x00007fffe89d0000 - 0x00007fffe89e8000 	C:\Program Files\Android\Android Studio\jbr\bin\zip.dll
0x00007fffff880000 - 0x00007ffffffec000 	C:\WINDOWS\System32\SHELL32.dll
0x00007ffffd290000 - 0x00007ffffda2e000 	C:\WINDOWS\SYSTEM32\windows.storage.dll
0x00007ff801380000 - 0x00007ff8016d3000 	C:\WINDOWS\System32\combase.dll
0x00007ffffec10000 - 0x00007ffffec3e000 	C:\WINDOWS\SYSTEM32\Wldp.dll
0x00007ff800a50000 - 0x00007ff800b1d000 	C:\WINDOWS\System32\OLEAUT32.dll
0x00007ff801a60000 - 0x00007ff801b0d000 	C:\WINDOWS\System32\SHCORE.dll
0x00007ff8003e0000 - 0x00007ff800435000 	C:\WINDOWS\System32\shlwapi.dll
0x00007fffff120000 - 0x00007fffff144000 	C:\WINDOWS\SYSTEM32\profapi.dll
0x00007fffe8640000 - 0x00007fffe8659000 	C:\Program Files\Android\Android Studio\jbr\bin\net.dll
0x00007ffff8090000 - 0x00007ffff819a000 	C:\WINDOWS\SYSTEM32\WINHTTP.dll
0x00007ffffe8a0000 - 0x00007ffffe90a000 	C:\WINDOWS\system32\mswsock.dll
0x00007fffe8580000 - 0x00007fffe8596000 	C:\Program Files\Android\Android Studio\jbr\bin\nio.dll
0x00007fffec5f0000 - 0x00007fffec600000 	C:\Program Files\Android\Android Studio\jbr\bin\verify.dll
0x00007fffd8500000 - 0x00007fffd8527000 	C:\Users\misha\.gradle\native\c067742578af261105cb4f569cf0c3c89f3d7b1fecec35dd04571415982c5e48\windows-amd64\native-platform.dll
0x00007fffd1be0000 - 0x00007fffd1d24000 	C:\Users\misha\.gradle\native\38dada09dfb8b06ba9b0570ebf7e218e3eb74d4ef43ca46872605cf95ebc2f47\windows-amd64\native-platform-file-events.dll
0x00007fffeb190000 - 0x00007fffeb199000 	C:\Program Files\Android\Android Studio\jbr\bin\management.dll
0x00007fffeadb0000 - 0x00007fffeadbb000 	C:\Program Files\Android\Android Studio\jbr\bin\management_ext.dll
0x00007ff801a50000 - 0x00007ff801a58000 	C:\WINDOWS\System32\PSAPI.DLL
0x00007ffffea90000 - 0x00007ffffeaa8000 	C:\WINDOWS\SYSTEM32\CRYPTSP.dll
0x00007ffffe1c0000 - 0x00007ffffe1f4000 	C:\WINDOWS\system32\rsaenh.dll
0x00007fffff090000 - 0x00007fffff0be000 	C:\WINDOWS\SYSTEM32\USERENV.dll
0x00007ffffeab0000 - 0x00007ffffeabc000 	C:\WINDOWS\SYSTEM32\CRYPTBASE.dll
0x00007ffffe580000 - 0x00007ffffe5bb000 	C:\WINDOWS\SYSTEM32\IPHLPAPI.DLL
0x00007ff800db0000 - 0x00007ff800db8000 	C:\WINDOWS\System32\NSI.dll
0x00007ffff96a0000 - 0x00007ffff96b7000 	C:\WINDOWS\SYSTEM32\dhcpcsvc6.DLL
0x00007ffff9390000 - 0x00007ffff93ad000 	C:\WINDOWS\SYSTEM32\dhcpcsvc.DLL
0x00007ffffe5c0000 - 0x00007ffffe68a000 	C:\WINDOWS\SYSTEM32\DNSAPI.dll
0x00007fffeccf0000 - 0x00007fffeccf9000 	C:\Program Files\Android\Android Studio\jbr\bin\extnet.dll
0x00007ffff66a0000 - 0x00007ffff66a7000 	C:\WINDOWS\system32\wshunix.dll

dbghelp: loaded successfully - version: 4.0.5 - missing functions: none
symbol engine: initialized successfully - sym options: 0x614 - pdb path: .;C:\Program Files\Android\Android Studio\jbr\bin;C:\WINDOWS\SYSTEM32;C:\WINDOWS\WinSxS\amd64_microsoft.windows.common-controls_6595b64144ccf1df_6.0.19041.4355_none_60b8b9eb71f62e16;C:\Program Files\Android\Android Studio\jbr\bin\server;C:\Users\misha\.gradle\native\c067742578af261105cb4f569cf0c3c89f3d7b1fecec35dd04571415982c5e48\windows-amd64;C:\Users\misha\.gradle\native\38dada09dfb8b06ba9b0570ebf7e218e3eb74d4ef43ca46872605cf95ebc2f47\windows-amd64

VM Arguments:
jvm_args: --add-opens=java.base/java.util=ALL-UNNAMED --add-opens=java.base/java.lang=ALL-UNNAMED --add-opens=java.base/java.lang.invoke=ALL-UNNAMED --add-opens=java.prefs/java.util.prefs=ALL-UNNAMED --add-opens=java.base/java.nio.charset=ALL-UNNAMED --add-opens=java.base/java.net=ALL-UNNAMED --add-opens=java.base/java.util.concurrent.atomic=ALL-UNNAMED -Xmx2048m -Dfile.encoding=UTF-8 -Duser.country=RU -Duser.language=ru -Duser.variant -javaagent:C:\Users\misha\.gradle\wrapper\dists\gradle-8.7-bin\bhs2wmbdwecv87pi65oeuq5iu\gradle-8.7\lib\agents\gradle-instrumentation-agent-8.7.jar 
java_command: org.gradle.launcher.daemon.bootstrap.GradleDaemon 8.7
java_class_path (initial): C:\Users\misha\.gradle\wrapper\dists\gradle-8.7-bin\bhs2wmbdwecv87pi65oeuq5iu\gradle-8.7\lib\gradle-launcher-8.7.jar
Launcher Type: SUN_STANDARD

[Global flags]
     intx CICompilerCount                          = 3                                         {product} {ergonomic}
     uint ConcGCThreads                            = 1                                         {product} {ergonomic}
     uint G1ConcRefinementThreads                  = 4                                         {product} {ergonomic}
   size_t G1HeapRegionSize                         = 1048576                                   {product} {ergonomic}
    uintx GCDrainStackTargetSize                   = 64                                        {product} {ergonomic}
   size_t InitialHeapSize                          = 134217728                                 {product} {ergonomic}
   size_t MarkStackSize                            = 4194304                                   {product} {ergonomic}
   size_t MaxHeapSize                              = 2147483648                                {product} {command line}
   size_t MaxNewSize                               = 1287651328                                {product} {ergonomic}
   size_t MinHeapDeltaBytes                        = 1048576                                   {product} {ergonomic}
   size_t MinHeapSize                              = 8388608                                   {product} {ergonomic}
    uintx NonNMethodCodeHeapSize                   = 5832780                                {pd product} {ergonomic}
    uintx NonProfiledCodeHeapSize                  = 122912730                              {pd product} {ergonomic}
    uintx ProfiledCodeHeapSize                     = 122912730                              {pd product} {ergonomic}
    uintx ReservedCodeCacheSize                    = 251658240                              {pd product} {ergonomic}
     bool SegmentedCodeCache                       = true                                      {product} {ergonomic}
   size_t SoftMaxHeapSize                          = 2147483648                             {manageable} {ergonomic}
     bool UseCompressedClassPointers               = true                           {product lp64_product} {ergonomic}
     bool UseCompressedOops                        = true                           {product lp64_product} {ergonomic}
     bool UseG1GC                                  = true                                      {product} {ergonomic}
     bool UseLargePagesIndividualAllocation        = false                                  {pd product} {ergonomic}

Logging:
Log output configuration:
 #0: stdout all=warning uptime,level,tags
 #1: stderr all=off uptime,level,tags

Environment Variables:
JAVA_HOME=C:\Program Files\Android\Android Studio\jbr
PATH=C:\WINDOWS\system32;C:\WINDOWS;C:\WINDOWS\System32\Wbem;C:\WINDOWS\System32\WindowsPowerShell\v1.0\;C:\WINDOWS\System32\OpenSSH\;C:\Program Files\NVIDIA Corporation\NVIDIA NvDLISR;C:\Program Files\Git\cmd;C:\Program Files\nodejs\;C:\Program Files (x86)\NVIDIA Corporation\PhysX\Common;C:\Users\misha\AppData\Local\Microsoft\WindowsApps;C:\Users\misha\AppData\Local\Programs\Microsoft VS Code\bin;C:\flutter\bin;C:\flutter;C:\Users\misha\AppData\Local\Android\Sdk;C:\Users\misha\AppData\Local\Pub\Cache\bin;C:\Program Files\Git\cmd;C:\Program Files\Git\bin;C:\Windows\System32;C:\Users\misha\StudioProjects\chat_app\functions;C:\Users\misha\AppData\Roaming;C:\flutter\bin\cache\dart-sdk\bin;C:\Users\misha\AppData\Roaming\npm
USERNAME=misha
OS=Windows_NT
PROCESSOR_IDENTIFIER=Intel64 Family 6 Model 158 Stepping 11, GenuineIntel
TMP=C:\Users\misha\AppData\Local\Temp
TEMP=C:\Users\misha\AppData\Local\Temp



Periodic native trim disabled

JNI global refs:
JNI global refs: 26, weak refs: 1

JNI global refs memory usage: 843, weak refs: 841

Process memory usage:
Resident Set Size: 305052K (3% of 8321972K total physical memory with 471576K free physical memory)

OOME stack traces (most recent first):
Classloader memory used:
Loader org.gradle.internal.classloader.VisitableURLClassLoader                         : 3696K
Loader bootstrap                                                                       : 2458K
Loader org.gradle.initialization.MixInLegacyTypesClassLoader                           : 943K
Loader org.gradle.internal.classloader.VisitableURLClassLoader                         : 108K
Loader org.gradle.internal.classloader.VisitableURLClassLoader$InstrumentingVisitableURLClassLoader: 90397B
Loader jdk.internal.loader.ClassLoaders$PlatformClassLoader                            : 68607B
Loader jdk.internal.loader.ClassLoaders$AppClassLoader                                 : 28714B
Loader jdk.internal.reflect.DelegatingClassLoader                                      : 26292B
Loader org.gradle.groovy.scripts.internal.DefaultScriptCompilationHandler$ScriptClassLoader: 10772B
Loader org.codehaus.groovy.runtime.callsite.CallSiteClassLoader                        : 6077B

Classes loaded by more than one classloader:
Class org.gradle.internal.Cast                                                        : loaded 3 times (x 69B)
Class org.gradle.api.GradleException                                                  : loaded 3 times (x 80B)
Class org.jetbrains.plugins.gradle.model.MavenRepositoryModel                         : loaded 2 times (x 68B)
Class org.gradle.internal.classpath.ClassPath                                         : loaded 2 times (x 68B)
Class org.gradle.api.internal.classpath.DefaultModuleRegistry                         : loaded 2 times (x 84B)
Class org.gradle.internal.exceptions.NonGradleCauseExceptionsHolder                   : loaded 2 times (x 68B)
Class Settings_gradle$1$1                                                             : loaded 2 times (x 72B)
Class org.gradle.api.Action                                                           : loaded 2 times (x 68B)
Class org.jetbrains.kotlin.idea.gradleTooling.model.samWithReceiver.SamWithReceiverModel: loaded 2 times (x 68B)
Class sync_studio_tooling627_aw21822fk48rdndxuypba749e$_run_closure1                  : loaded 2 times (x 137B)
Class org.jetbrains.plugins.gradle.model.ExternalProject                              : loaded 2 times (x 68B)
Class org.jetbrains.plugins.gradle.model.IntelliJSettings                             : loaded 2 times (x 68B)
Class org.jetbrains.kotlin.idea.gradleTooling.KotlinMPPGradleModel                    : loaded 2 times (x 68B)
Class org.gradle.api.internal.DefaultClassPathProvider                                : loaded 2 times (x 74B)
Class org.gradle.internal.installation.GradleInstallation$1                           : loaded 2 times (x 73B)
Class org.gradle.internal.exceptions.DefaultMultiCauseException                       : loaded 2 times (x 93B)
Class org.gradle.tooling.model.UnsupportedMethodException                             : loaded 2 times (x 80B)
Class org.gradle.util.GradleVersion                                                   : loaded 2 times (x 81B)
Class org.gradle.internal.classloader.FilteringClassLoader                            : loaded 2 times (x 103B)
Class org.gradle.tooling.model.Model                                                  : loaded 2 times (x 68B)
Class org.gradle.internal.classpath.DefaultClassPath$ImmutableUniqueList$Builder      : loaded 2 times (x 73B)
Class org.jetbrains.kotlin.idea.gradleTooling.KotlinSourceSetContainer                : loaded 2 times (x 68B)
Class org.gradle.internal.classloader.ClassLoaderVisitor                              : loaded 2 times (x 74B)
Class org.gradle.internal.time.DefaultCountdownTimer                                  : loaded 2 times (x 86B)
Class org.gradle.internal.service.DefaultServiceLocator                               : loaded 2 times (x 81B)
Class org.jetbrains.plugins.gradle.model.jar.JarTaskManifestConfiguration             : loaded 2 times (x 68B)
Class org.gradle.internal.service.UnknownServiceException                             : loaded 2 times (x 81B)
Class org.jetbrains.plugins.gradle.model.DependencyAccessorsModel                     : loaded 2 times (x 68B)
Class org.gradle.internal.classloader.DefaultClassLoaderFactory                       : loaded 2 times (x 80B)
Class org.jetbrains.plugins.gradle.model.GradleExtensions                             : loaded 2 times (x 68B)
Class org.jetbrains.plugins.gradle.model.VersionCatalogsModel                         : loaded 2 times (x 68B)
Class org.gradle.internal.classloader.VisitableURLClassLoader$Spec                    : loaded 2 times (x 72B)
Class org.gradle.tooling.model.ProjectModel                                           : loaded 2 times (x 68B)
Class org.gradle.internal.time.MonotonicClock                                         : loaded 2 times (x 75B)
Class org.gradle.tooling.internal.gradle.DefaultProjectIdentifier                     : loaded 2 times (x 84B)
Class org.gradle.api.internal.classpath.ModuleRegistry                                : loaded 2 times (x 68B)
Class org.jetbrains.plugins.gradle.model.RepositoriesModel                            : loaded 2 times (x 68B)
Class kotlin.jvm.internal.markers.KMappedMarker                                       : loaded 2 times (x 68B)
Class org.gradle.api.internal.ClassPathProvider                                       : loaded 2 times (x 68B)
Class org.gradle.internal.classloader.ClasspathUtil$1                                 : loaded 2 times (x 74B)
Class org.gradle.internal.classloader.ClassLoaderFactory                              : loaded 2 times (x 68B)
Class org.gradle.api.internal.classpath.ManifestUtil                                  : loaded 2 times (x 69B)
Class org.gradle.api.specs.Spec                                                       : loaded 2 times (x 68B)
Class org.gradle.tooling.internal.gradle.GradleBuildIdentity                          : loaded 2 times (x 68B)
Class org.gradle.internal.IoActions                                                   : loaded 2 times (x 69B)
Class org.gradle.api.internal.classpath.EffectiveClassPath                            : loaded 2 times (x 88B)
Class kotlin.jvm.internal.DefaultConstructorMarker                                    : loaded 2 times (x 69B)
Class org.gradle.internal.exceptions.ResolutionProvider                               : loaded 2 times (x 68B)
Class org.jetbrains.kotlin.idea.gradleTooling.model.annotation.AnnotationBasedPluginModel: loaded 2 times (x 68B)
Class org.jetbrains.kotlin.idea.gradleTooling.model.assignment.AssignmentModel        : loaded 2 times (x 68B)
Class org.gradle.internal.installation.CurrentGradleInstallation                      : loaded 2 times (x 71B)
Class org.gradle.internal.agents.InstrumentingClassLoader                             : loaded 2 times (x 68B)
Class org.gradle.internal.installation.CurrentGradleInstallationLocator               : loaded 2 times (x 69B)
Class org.gradle.api.internal.classpath.Module                                        : loaded 2 times (x 68B)
Class org.gradle.internal.service.CachingServiceLocator                               : loaded 2 times (x 80B)
Class org.gradle.internal.time.Timer                                                  : loaded 2 times (x 68B)
Class org.jetbrains.plugins.gradle.model.tests.ExternalTestsModel                     : loaded 2 times (x 68B)
Class org.jetbrains.kotlin.idea.gradleTooling.KotlinDslScriptAdditionalTask           : loaded 2 times (x 68B)
Class org.gradle.internal.classpath.DefaultClassPath                                  : loaded 2 times (x 88B)
Class com.intellij.openapi.externalSystem.model.project.dependencies.ProjectDependencies: loaded 2 times (x 68B)
Class org.jetbrains.kotlin.idea.gradleTooling.PrepareKotlinIdeImportTaskModel         : loaded 2 times (x 68B)
Class org.gradle.internal.impldep.com.google.common.base.Preconditions                : loaded 2 times (x 69B)
Class kotlin.jvm.functions.Function1                                                  : loaded 2 times (x 68B)
Class org.gradle.internal.time.Time                                                   : loaded 2 times (x 69B)
Class org.gradle.internal.time.TimeSource$1                                           : loaded 2 times (x 75B)
Class org.gradle.internal.classloader.SystemClassLoaderSpec                           : loaded 2 times (x 69B)
Class kotlin.Function                                                                 : loaded 2 times (x 68B)
Class org.gradle.api.UncheckedIOException                                             : loaded 2 times (x 80B)
Class Program                                                                         : loaded 2 times (x 70B)
Class org.gradle.tooling.internal.gradle.GradleProjectIdentity                        : loaded 2 times (x 68B)
Class org.gradle.internal.time.CountdownTimer                                         : loaded 2 times (x 68B)
Class org.gradle.internal.time.Clock                                                  : loaded 2 times (x 68B)
Class org.gradle.internal.classloader.ClasspathUtil                                   : loaded 2 times (x 69B)
Class org.gradle.tooling.model.BuildIdentifier                                        : loaded 2 times (x 68B)
Class org.gradle.api.internal.DefaultClassPathRegistry                                : loaded 2 times (x 74B)
Class org.gradle.api.internal.classpath.DefaultModuleRegistry$DefaultModule           : loaded 2 times (x 84B)
Class org.gradle.internal.time.TimeSource                                             : loaded 2 times (x 68B)
Class org.jetbrains.kotlin.android.synthetic.idea.AndroidExtensionsGradleModel        : loaded 2 times (x 68B)
Class org.gradle.api.internal.classpath.UnknownModuleException                        : loaded 2 times (x 80B)
Class org.jetbrains.plugins.gradle.model.IntelliJProjectSettings                      : loaded 2 times (x 68B)
Class org.gradle.internal.service.ServiceLookupException                              : loaded 2 times (x 80B)
Class org.gradle.cache.GlobalCache                                                    : loaded 2 times (x 68B)
Class org.jetbrains.kotlin.idea.gradleTooling.model.lombok.LombokModel                : loaded 2 times (x 68B)
Class org.gradle.tooling.model.ProjectIdentifier                                      : loaded 2 times (x 68B)
Class ijInit1_7id0x5ejxwkxlzm11nzr7xqqq                                               : loaded 2 times (x 177B)
Class [Lorg.gradle.api.internal.ClassPathProvider;                                    : loaded 2 times (x 67B)
Class org.gradle.internal.operations.MultipleBuildOperationFailures                   : loaded 2 times (x 93B)
Class org.gradle.util.internal.GUtil                                                  : loaded 2 times (x 69B)
Class org.jetbrains.plugins.gradle.model.AnnotationProcessingModel                    : loaded 2 times (x 68B)
Class org.gradle.internal.classloader.ClassLoaderSpec                                 : loaded 2 times (x 69B)
Class org.gradle.internal.classloader.VisitableURLClassLoader                         : loaded 2 times (x 115B)
Class org.gradle.internal.installation.GradleInstallation                             : loaded 2 times (x 73B)
Class org.gradle.api.internal.ClassPathRegistry                                       : loaded 2 times (x 68B)
Class org.gradle.internal.classloader.VisitableURLClassLoader$InstrumentingVisitableURLClassLoader: loaded 2 times (x 121B)
Class org.gradle.internal.classloader.ClassLoaderHierarchy                            : loaded 2 times (x 68B)
Class org.gradle.internal.exceptions.MultiCauseException                              : loaded 2 times (x 68B)
Class org.jetbrains.kotlin.idea.gradleTooling.model.parcelize.ParcelizeGradleModel    : loaded 2 times (x 68B)
Class org.gradle.internal.InternalTransformer                                         : loaded 2 times (x 68B)
Class org.jetbrains.kotlin.idea.gradleTooling.model.noarg.NoArgModel                  : loaded 2 times (x 68B)
Class org.jetbrains.kotlin.idea.gradleTooling.KotlinGradleModel                       : loaded 2 times (x 68B)
Class org.gradle.tooling.internal.gradle.DefaultBuildIdentifier                       : loaded 2 times (x 77B)
Class org.gradle.internal.service.ServiceLocator                                      : loaded 2 times (x 68B)
Class Settings_gradle$1                                                               : loaded 2 times (x 72B)
Class org.jetbrains.kotlin.idea.gradleTooling.model.allopen.AllOpenModel              : loaded 2 times (x 68B)
Class sync_studio_tooling627_aw21822fk48rdndxuypba749e                                : loaded 2 times (x 177B)
Class org.gradle.internal.classpath.DefaultClassPath$ImmutableUniqueList              : loaded 2 times (x 159B)
Class org.gradle.internal.time.DefaultTimer                                           : loaded 2 times (x 78B)
Class org.gradle.internal.classpath.TransformedClassPath                              : loaded 2 times (x 94B)
Class Settings_gradle                                                                 : loaded 2 times (x 126B)


---------------  S Y S T E M  ---------------

OS:
 Windows 10 , 64 bit Build 19041 (10.0.19041.4597)
OS uptime: 4 days 10:22 hours

CPU: total 4 (initial active 4) (4 cores per cpu, 1 threads per core) family 6 model 158 stepping 11 microcode 0xb4, cx8, cmov, fxsr, mmx, 3dnowpref, sse, sse2, sse3, ssse3, sse4.1, sse4.2, popcnt, lzcnt, tsc, tscinvbit, avx, avx2, aes, erms, clmul, bmi1, bmi2, adx, fma, vzeroupper, clflush, clflushopt
Processor Information for all 4 processors :
  Max Mhz: 3600, Current Mhz: 3600, Mhz Limit: 3600

Memory: 4k page, system-wide physical 8126M (460M free)
TotalPageFile size 22359M (AvailPageFile size 9M)
current process WorkingSet (physical memory assigned to process): 297M, peak: 300M
current process commit charge ("private bytes"): 324M, peak: 331M

vm_info: OpenJDK 64-Bit Server VM (17.0.11+0--11852314) for windows-amd64 JRE (17.0.11+0--11852314), built on May 16 2024 21:29:20 by "androidbuild" with MS VC++ 16.10 / 16.11 (VS2019)

END.
