#
# There is insufficient memory for the Java Runtime Environment to continue.
# Native memory allocation (mmap) failed to map 22020096 bytes. Error detail: G1 virtual space
# Possible reasons:
#   The system is out of physical RAM or swap space
#   This process is running with CompressedOops enabled, and the Java Heap may be blocking the growth of the native heap
# Possible solutions:
#   Reduce memory load on the system
#   Increase physical memory or swap space
#   Check if swap backing store is full
#   Decrease Java heap size (-Xmx/-Xms)
#   Decrease number of Java threads
#   Decrease Java thread stack sizes (-Xss)
#   Set larger code cache with -XX:ReservedCodeCacheSize=
#   JVM is running with Unscaled Compressed Oops mode in which the Java heap is
#     placed in the first 4GB address space. The Java Heap base address is the
#     maximum limit for the native heap growth. Please use -XX:HeapBaseMinAddress
#     to set the Java Heap base and to place the Java Heap above 4GB virtual address.
# This output file may be truncated or incomplete.
#
#  Out of Memory Error (os_windows.cpp:3825), pid=11392, tid=12924
#
# JRE version: OpenJDK Runtime Environment (17.0.11) (build 17.0.11+0--11852314)
# Java VM: OpenJDK 64-Bit Server VM (17.0.11+0--11852314, mixed mode, tiered, compressed oops, compressed class ptrs, g1 gc, windows-amd64)
# No core dump will be written. Minidumps are not enabled by default on client versions of Windows
#

---------------  S U M M A R Y ------------

Command Line: --add-opens=java.base/java.util=ALL-UNNAMED --add-opens=java.base/java.lang=ALL-UNNAMED --add-opens=java.base/java.lang.invoke=ALL-UNNAMED --add-opens=java.prefs/java.util.prefs=ALL-UNNAMED --add-opens=java.base/java.nio.charset=ALL-UNNAMED --add-opens=java.base/java.net=ALL-UNNAMED --add-opens=java.base/java.util.concurrent.atomic=ALL-UNNAMED -Xmx2048m -Dfile.encoding=UTF-8 -Duser.country=RU -Duser.language=ru -Duser.variant -javaagent:C:\Users\misha\.gradle\wrapper\dists\gradle-8.7-bin\bhs2wmbdwecv87pi65oeuq5iu\gradle-8.7\lib\agents\gradle-instrumentation-agent-8.7.jar org.gradle.launcher.daemon.bootstrap.GradleDaemon 8.7

Host: Intel(R) Core(TM) i3-8100 CPU @ 3.60GHz, 4 cores, 7G,  Windows 10 , 64 bit Build 19041 (10.0.19041.4597)
Time: Wed Jul 24 17:47:48 2024 RTZ 2 (s 10 , 64 bit Build 19041 (10.0.19041.4597) elapsed time: 7.961161 seconds (0d 0h 0m 7s)

---------------  T H R E A D  ---------------

Current thread (0x000002a655cca2c0):  VMThread "VM Thread" [stack: 0x000000d481500000,0x000000d481600000] [id=12924]

Stack: [0x000000d481500000,0x000000d481600000]
Native frames: (J=compiled Java code, j=interpreted, Vv=VM code, C=native code)
V  [jvm.dll+0x687bb9]
V  [jvm.dll+0x84142a]
V  [jvm.dll+0x8430ae]
V  [jvm.dll+0x843713]
V  [jvm.dll+0x24a35f]
V  [jvm.dll+0x684989]
V  [jvm.dll+0x67923a]
V  [jvm.dll+0x30af0b]
V  [jvm.dll+0x3123b6]
V  [jvm.dll+0x361dfe]
V  [jvm.dll+0x36202f]
V  [jvm.dll+0x2e0d38]
V  [jvm.dll+0x2df144]
V  [jvm.dll+0x2de74c]
V  [jvm.dll+0x32305b]
V  [jvm.dll+0x847e0b]
V  [jvm.dll+0x848b42]
V  [jvm.dll+0x84905d]
V  [jvm.dll+0x849434]
V  [jvm.dll+0x849500]
V  [jvm.dll+0x7efa4a]
V  [jvm.dll+0x686a35]
C  [ucrtbase.dll+0x21bb2]
C  [KERNEL32.DLL+0x17374]
C  [ntdll.dll+0x4cc91]

VM_Operation (0x000000d4822fde40): G1CollectForAllocation, mode: safepoint, requested by thread 0x000002a65c245f80


---------------  P R O C E S S  ---------------

Threads class SMR info:
_java_thread_list=0x000002a65ebcc700, length=49, elements={
0x000002a63c6edb30, 0x000002a655ce3020, 0x000002a655ce3dd0, 0x000002a655d0e2e0,
0x000002a65a00b090, 0x000002a65a00b960, 0x000002a65a00c9d0, 0x000002a65a00d5d0,
0x000002a65a00dee0, 0x000002a65a0a1f10, 0x000002a655c642d0, 0x000002a65a34db90,
0x000002a65bf7ef70, 0x000002a65bfd3200, 0x000002a65b496340, 0x000002a65bee5660,
0x000002a65b2b1960, 0x000002a65b0594f0, 0x000002a65ba5f460, 0x000002a65c245a70,
0x000002a65c248800, 0x000002a65c247de0, 0x000002a65c245560, 0x000002a65c2469a0,
0x000002a65c245f80, 0x000002a65c715980, 0x000002a65c246490, 0x000002a65c246eb0,
0x000002a65c2473c0, 0x000002a65c2478d0, 0x000002a65c2482f0, 0x000002a65de2bcb0,
0x000002a65de2f970, 0x000002a65de2d600, 0x000002a65de2fe80, 0x000002a65de2b290,
0x000002a65de2b7a0, 0x000002a65de28f20, 0x000002a65de2d0f0, 0x000002a65de2e020,
0x000002a65de2db10, 0x000002a65de2e530, 0x000002a65de2ea40, 0x000002a65de2c6d0,
0x000002a65de2cbe0, 0x000002a65de2f460, 0x000002a65de2a870, 0x000002a65de29940,
0x000002a65de2ad80
}

Java Threads: ( => current thread )
  0x000002a63c6edb30 JavaThread "main" [_thread_blocked, id=6264, stack(0x000000d480f00000,0x000000d481000000)]
  0x000002a655ce3020 JavaThread "Reference Handler" daemon [_thread_blocked, id=12164, stack(0x000000d481600000,0x000000d481700000)]
  0x000002a655ce3dd0 JavaThread "Finalizer" daemon [_thread_blocked, id=8060, stack(0x000000d481700000,0x000000d481800000)]
  0x000002a655d0e2e0 JavaThread "Signal Dispatcher" daemon [_thread_blocked, id=7608, stack(0x000000d481800000,0x000000d481900000)]
  0x000002a65a00b090 JavaThread "Attach Listener" daemon [_thread_blocked, id=2512, stack(0x000000d481900000,0x000000d481a00000)]
  0x000002a65a00b960 JavaThread "Service Thread" daemon [_thread_blocked, id=13096, stack(0x000000d481a00000,0x000000d481b00000)]
  0x000002a65a00c9d0 JavaThread "Monitor Deflation Thread" daemon [_thread_blocked, id=16204, stack(0x000000d481b00000,0x000000d481c00000)]
  0x000002a65a00d5d0 JavaThread "C2 CompilerThread0" daemon [_thread_blocked, id=3128, stack(0x000000d481c00000,0x000000d481d00000)]
  0x000002a65a00dee0 JavaThread "C1 CompilerThread0" daemon [_thread_blocked, id=16032, stack(0x000000d481d00000,0x000000d481e00000)]
  0x000002a65a0a1f10 JavaThread "Sweeper thread" daemon [_thread_blocked, id=6092, stack(0x000000d481e00000,0x000000d481f00000)]
  0x000002a655c642d0 JavaThread "Common-Cleaner" daemon [_thread_blocked, id=10596, stack(0x000000d481f00000,0x000000d482000000)]
  0x000002a65a34db90 JavaThread "Notification Thread" daemon [_thread_blocked, id=15828, stack(0x000000d482000000,0x000000d482100000)]
  0x000002a65bf7ef70 JavaThread "Daemon health stats" [_thread_blocked, id=13548, stack(0x000000d482600000,0x000000d482700000)]
  0x000002a65bfd3200 JavaThread "Incoming local TCP Connector on port 56844" [_thread_in_native, id=15792, stack(0x000000d482700000,0x000000d482800000)]
  0x000002a65b496340 JavaThread "Daemon periodic checks" [_thread_blocked, id=1396, stack(0x000000d482800000,0x000000d482900000)]
  0x000002a65bee5660 JavaThread "Daemon" [_thread_blocked, id=12768, stack(0x000000d482900000,0x000000d482a00000)]
  0x000002a65b2b1960 JavaThread "Handler for socket connection from /127.0.0.1:56844 to /127.0.0.1:56845" [_thread_in_native, id=2928, stack(0x000000d482a00000,0x000000d482b00000)]
  0x000002a65b0594f0 JavaThread "Cancel handler" [_thread_blocked, id=2620, stack(0x000000d482b00000,0x000000d482c00000)]
  0x000002a65ba5f460 JavaThread "Daemon worker" [_thread_blocked, id=8892, stack(0x000000d482c00000,0x000000d482d00000)]
  0x000002a65c245a70 JavaThread "Asynchronous log dispatcher for DefaultDaemonConnection: socket connection from /127.0.0.1:56844 to /127.0.0.1:56845" [_thread_blocked, id=8108, stack(0x000000d482d00000,0x000000d482e00000)]
  0x000002a65c248800 JavaThread "Stdin handler" [_thread_blocked, id=4400, stack(0x000000d482e00000,0x000000d482f00000)]
  0x000002a65c247de0 JavaThread "Daemon client event forwarder" [_thread_blocked, id=16164, stack(0x000000d482f00000,0x000000d483000000)]
  0x000002a65c245560 JavaThread "Cache worker for journal cache (C:\Users\misha\.gradle\caches\journal-1)" [_thread_blocked, id=11252, stack(0x000000d483000000,0x000000d483100000)]
  0x000002a65c2469a0 JavaThread "File lock request listener" [_thread_in_native, id=14744, stack(0x000000d483100000,0x000000d483200000)]
  0x000002a65c245f80 JavaThread "Cache worker for file hash cache (C:\Users\misha\.gradle\caches\8.7\fileHashes)" [_thread_blocked, id=13844, stack(0x000000d482200000,0x000000d482300000)]
  0x000002a65c715980 JavaThread "C2 CompilerThread1" daemon [_thread_blocked, id=13824, stack(0x000000d483200000,0x000000d483300000)]
  0x000002a65c246490 JavaThread "Cache worker for file hash cache (C:\Users\misha\StudioProjects\Playlist_Maker\.gradle\8.7\fileHashes)" [_thread_blocked, id=820, stack(0x000000d483300000,0x000000d483400000)]
  0x000002a65c246eb0 JavaThread "File watcher server" daemon [_thread_blocked, id=6564, stack(0x000000d483400000,0x000000d483500000)]
  0x000002a65c2473c0 JavaThread "File watcher consumer" daemon [_thread_blocked, id=2408, stack(0x000000d483500000,0x000000d483600000)]
  0x000002a65c2478d0 JavaThread "jar transforms" [_thread_blocked, id=16208, stack(0x000000d483600000,0x000000d483700000)]
  0x000002a65c2482f0 JavaThread "jar transforms Thread 2" [_thread_blocked, id=2632, stack(0x000000d483700000,0x000000d483800000)]
  0x000002a65de2bcb0 JavaThread "jar transforms Thread 3" [_thread_blocked, id=15780, stack(0x000000d483800000,0x000000d483900000)]
  0x000002a65de2f970 JavaThread "jar transforms Thread 4" [_thread_blocked, id=6660, stack(0x000000d483900000,0x000000d483a00000)]
  0x000002a65de2d600 JavaThread "Cache worker for checksums cache (C:\Users\misha\StudioProjects\Playlist_Maker\.gradle\8.7\checksums)" [_thread_blocked, id=10144, stack(0x000000d483a00000,0x000000d483b00000)]
  0x000002a65de2fe80 JavaThread "Cache worker for cache directory md-supplier (C:\Users\misha\.gradle\caches\8.7\md-supplier)" [_thread_blocked, id=7948, stack(0x000000d483b00000,0x000000d483c00000)]
  0x000002a65de2b290 JavaThread "Cache worker for cache directory md-rule (C:\Users\misha\.gradle\caches\8.7\md-rule)" [_thread_blocked, id=6808, stack(0x000000d483c00000,0x000000d483d00000)]
  0x000002a65de2b7a0 JavaThread "Cache worker for file content cache (C:\Users\misha\.gradle\caches\8.7\fileContent)" [_thread_blocked, id=8888, stack(0x000000d483d00000,0x000000d483e00000)]
  0x000002a65de28f20 JavaThread "Unconstrained build operations" [_thread_blocked, id=14072, stack(0x000000d483e00000,0x000000d483f00000)]
  0x000002a65de2d0f0 JavaThread "Unconstrained build operations Thread 2" [_thread_blocked, id=7156, stack(0x000000d483f00000,0x000000d484000000)]
  0x000002a65de2e020 JavaThread "Unconstrained build operations Thread 3" [_thread_blocked, id=13348, stack(0x000000d484000000,0x000000d484100000)]
  0x000002a65de2db10 JavaThread "Unconstrained build operations Thread 4" [_thread_blocked, id=944, stack(0x000000d484100000,0x000000d484200000)]
  0x000002a65de2e530 JavaThread "Unconstrained build operations Thread 5" [_thread_blocked, id=8068, stack(0x000000d484200000,0x000000d484300000)]
  0x000002a65de2ea40 JavaThread "Cache worker for Build Output Cleanup Cache (C:\Users\misha\StudioProjects\Playlist_Maker\.gradle\buildOutputCleanup)" [_thread_blocked, id=10380, stack(0x000000d484300000,0x000000d484400000)]
  0x000002a65de2c6d0 JavaThread "Unconstrained build operations Thread 6" [_thread_blocked, id=15956, stack(0x000000d484400000,0x000000d484500000)]
  0x000002a65de2cbe0 JavaThread "Unconstrained build operations Thread 7" [_thread_blocked, id=11152, stack(0x000000d484500000,0x000000d484600000)]
  0x000002a65de2f460 JavaThread "Unconstrained build operations Thread 8" [_thread_blocked, id=16192, stack(0x000000d484600000,0x000000d484700000)]
  0x000002a65de2a870 JavaThread "Unconstrained build operations Thread 9" [_thread_blocked, id=16212, stack(0x000000d484700000,0x000000d484800000)]
  0x000002a65de29940 JavaThread "Unconstrained build operations Thread 10" [_thread_blocked, id=8092, stack(0x000000d484800000,0x000000d484900000)]
  0x000002a65de2ad80 JavaThread "Unconstrained build operations Thread 11" [_thread_blocked, id=9176, stack(0x000000d484900000,0x000000d484a00000)]

Other Threads:
=>0x000002a655cca2c0 VMThread "VM Thread" [stack: 0x000000d481500000,0x000000d481600000] [id=12924]
  0x000002a63c6ee900 WatcherThread [stack: 0x000000d482100000,0x000000d482200000] [id=4620]
  0x000002a63c74a040 GCTaskThread "GC Thread#0" [stack: 0x000000d481000000,0x000000d481100000] [id=10060]
  0x000002a65a3bfc30 GCTaskThread "GC Thread#1" [stack: 0x000000d482300000,0x000000d482400000] [id=11320]
  0x000002a65a3bfef0 GCTaskThread "GC Thread#2" [stack: 0x000000d482400000,0x000000d482500000] [id=5340]
  0x000002a65ac1fdf0 GCTaskThread "GC Thread#3" [stack: 0x000000d482500000,0x000000d482600000] [id=15116]
  0x000002a63c75aea0 ConcurrentGCThread "G1 Main Marker" [stack: 0x000000d481100000,0x000000d481200000] [id=10448]
  0x000002a63c75b7d0 ConcurrentGCThread "G1 Conc#0" [stack: 0x000000d481200000,0x000000d481300000] [id=1280]
  0x000002a63c7ad810 ConcurrentGCThread "G1 Refine#0" [stack: 0x000000d481300000,0x000000d481400000] [id=4884]
  0x000002a63c7ae150 ConcurrentGCThread "G1 Service" [stack: 0x000000d481400000,0x000000d481500000] [id=13628]

Threads with active compile tasks:
C2 CompilerThread0     7983 6839       4       java.util.concurrent.ConcurrentLinkedQueue::poll (84 bytes)
C1 CompilerThread0     7983 6837       3       com.google.common.collect.ImmutableMap$Builder::build (170 bytes)

VM state: at safepoint (normal execution)

VM Mutex/Monitor currently owned by a thread:  ([mutex/lock_event])
[0x000002a63c6e9d70] Threads_lock - owner thread: 0x000002a655cca2c0
[0x000002a63c6ea790] Heap_lock - owner thread: 0x000002a65c245f80

Heap address: 0x0000000080000000, size: 2048 MB, Compressed Oops mode: 32-bit

CDS archive(s) not mapped
Compressed class space mapped at: 0x0000000100000000-0x0000000140000000, reserved size: 1073741824
Narrow klass base: 0x0000000000000000, Narrow klass shift: 3, Narrow klass range: 0x140000000

GC Precious Log:
 CPUs: 4 total, 4 available
 Memory: 8126M
 Large Page Support: Disabled
 NUMA Support: Disabled
 Compressed Oops: Enabled (32-bit)
 Heap Region Size: 1M
 Heap Min Capacity: 8M
 Heap Initial Capacity: 128M
 Heap Max Capacity: 2G
 Pre-touch: Disabled
 Parallel Workers: 4
 Concurrent Workers: 1
 Concurrent Refinement Workers: 4
 Periodic GC: Disabled

Heap:
 garbage-first heap   total 131072K, used 76496K [0x0000000080000000, 0x0000000100000000)
  region size 1024K, 4 young (4096K), 4 survivors (4096K)
 Metaspace       used 62098K, committed 62720K, reserved 1114112K
  class space    used 8483K, committed 8768K, reserved 1048576K

Heap Regions: E=young(eden), S=young(survivor), O=old, HS=humongous(starts), HC=humongous(continues), CS=collection set, F=free, OA=open archive, CA=closed archive, TAMS=top-at-mark-start (previous, next)
|   0|0x0000000080000000, 0x0000000080100000, 0x0000000080100000|100%| O|  |TAMS 0x0000000080100000, 0x0000000080100000| Untracked 
|   1|0x0000000080100000, 0x0000000080200000, 0x0000000080200000|100%|HS|  |TAMS 0x0000000080200000, 0x0000000080200000| Complete 
|   2|0x0000000080200000, 0x0000000080300000, 0x0000000080300000|100%|HC|  |TAMS 0x0000000080300000, 0x0000000080300000| Complete 
|   3|0x0000000080300000, 0x0000000080400000, 0x0000000080400000|100%|HC|  |TAMS 0x0000000080400000, 0x0000000080400000| Complete 
|   4|0x0000000080400000, 0x0000000080500000, 0x0000000080500000|100%|HC|  |TAMS 0x0000000080500000, 0x0000000080500000| Complete 
|   5|0x0000000080500000, 0x0000000080600000, 0x0000000080600000|100%| O|  |TAMS 0x0000000080600000, 0x0000000080600000| Untracked 
|   6|0x0000000080600000, 0x0000000080700000, 0x0000000080700000|100%| O|  |TAMS 0x0000000080700000, 0x0000000080700000| Untracked 
|   7|0x0000000080700000, 0x0000000080800000, 0x0000000080800000|100%| O|  |TAMS 0x0000000080800000, 0x0000000080800000| Untracked 
|   8|0x0000000080800000, 0x0000000080900000, 0x0000000080900000|100%| O|  |TAMS 0x0000000080900000, 0x0000000080900000| Untracked 
|   9|0x0000000080900000, 0x0000000080a00000, 0x0000000080a00000|100%| O|  |TAMS 0x0000000080a00000, 0x0000000080a00000| Untracked 
|  10|0x0000000080a00000, 0x0000000080a93a00, 0x0000000080b00000| 57%| O|  |TAMS 0x0000000080a93a00, 0x0000000080a93a00| Untracked 
|  11|0x0000000080b00000, 0x0000000080c00000, 0x0000000080c00000|100%| O|  |TAMS 0x0000000080c00000, 0x0000000080c00000| Untracked 
|  12|0x0000000080c00000, 0x0000000080d00000, 0x0000000080d00000|100%| O|  |TAMS 0x0000000080d00000, 0x0000000080d00000| Untracked 
|  13|0x0000000080d00000, 0x0000000080e00000, 0x0000000080e00000|100%| O|  |TAMS 0x0000000080e00000, 0x0000000080e00000| Untracked 
|  14|0x0000000080e00000, 0x0000000080f00000, 0x0000000080f00000|100%| O|  |TAMS 0x0000000080f00000, 0x0000000080f00000| Untracked 
|  15|0x0000000080f00000, 0x0000000081000000, 0x0000000081000000|100%| O|  |TAMS 0x0000000081000000, 0x0000000081000000| Untracked 
|  16|0x0000000081000000, 0x0000000081100000, 0x0000000081100000|100%| O|  |TAMS 0x0000000081100000, 0x0000000081100000| Untracked 
|  17|0x0000000081100000, 0x0000000081200000, 0x0000000081200000|100%| O|  |TAMS 0x0000000081200000, 0x0000000081200000| Untracked 
|  18|0x0000000081200000, 0x0000000081300000, 0x0000000081300000|100%| O|  |TAMS 0x0000000081300000, 0x0000000081300000| Untracked 
|  19|0x0000000081300000, 0x0000000081400000, 0x0000000081400000|100%|HS|  |TAMS 0x0000000081400000, 0x0000000081400000| Complete 
|  20|0x0000000081400000, 0x0000000081500000, 0x0000000081500000|100%|HC|  |TAMS 0x0000000081500000, 0x0000000081500000| Complete 
|  21|0x0000000081500000, 0x0000000081600000, 0x0000000081600000|100%|HC|  |TAMS 0x0000000081600000, 0x0000000081600000| Complete 
|  22|0x0000000081600000, 0x0000000081700000, 0x0000000081700000|100%|HC|  |TAMS 0x0000000081700000, 0x0000000081700000| Complete 
|  23|0x0000000081700000, 0x0000000081800000, 0x0000000081800000|100%|HC|  |TAMS 0x0000000081800000, 0x0000000081800000| Complete 
|  24|0x0000000081800000, 0x0000000081900000, 0x0000000081900000|100%|HS|  |TAMS 0x0000000081900000, 0x0000000081900000| Complete 
|  25|0x0000000081900000, 0x0000000081a00000, 0x0000000081a00000|100%|HC|  |TAMS 0x0000000081a00000, 0x0000000081a00000| Complete 
|  26|0x0000000081a00000, 0x0000000081b00000, 0x0000000081b00000|100%|HC|  |TAMS 0x0000000081b00000, 0x0000000081b00000| Complete 
|  27|0x0000000081b00000, 0x0000000081c00000, 0x0000000081c00000|100%|HS|  |TAMS 0x0000000081c00000, 0x0000000081c00000| Complete 
|  28|0x0000000081c00000, 0x0000000081d00000, 0x0000000081d00000|100%|HC|  |TAMS 0x0000000081d00000, 0x0000000081d00000| Complete 
|  29|0x0000000081d00000, 0x0000000081e00000, 0x0000000081e00000|100%|HC|  |TAMS 0x0000000081e00000, 0x0000000081e00000| Complete 
|  30|0x0000000081e00000, 0x0000000081f00000, 0x0000000081f00000|100%| O|  |TAMS 0x0000000081f00000, 0x0000000081f00000| Untracked 
|  31|0x0000000081f00000, 0x0000000082000000, 0x0000000082000000|100%| O|  |TAMS 0x0000000082000000, 0x0000000082000000| Untracked 
|  32|0x0000000082000000, 0x0000000082100000, 0x0000000082100000|100%| O|  |TAMS 0x0000000082100000, 0x0000000082100000| Untracked 
|  33|0x0000000082100000, 0x0000000082200000, 0x0000000082200000|100%|HS|  |TAMS 0x0000000082200000, 0x0000000082200000| Complete 
|  34|0x0000000082200000, 0x0000000082300000, 0x0000000082300000|100%| O|  |TAMS 0x0000000082300000, 0x0000000082300000| Untracked 
|  35|0x0000000082300000, 0x0000000082400000, 0x0000000082400000|100%| O|  |TAMS 0x0000000082400000, 0x0000000082400000| Untracked 
|  36|0x0000000082400000, 0x0000000082500000, 0x0000000082500000|100%| O|  |TAMS 0x0000000082500000, 0x0000000082500000| Untracked 
|  37|0x0000000082500000, 0x0000000082600000, 0x0000000082600000|100%| O|  |TAMS 0x0000000082600000, 0x0000000082600000| Untracked 
|  38|0x0000000082600000, 0x0000000082700000, 0x0000000082700000|100%| O|  |TAMS 0x0000000082700000, 0x0000000082700000| Untracked 
|  39|0x0000000082700000, 0x0000000082800000, 0x0000000082800000|100%| O|  |TAMS 0x0000000082800000, 0x0000000082800000| Untracked 
|  40|0x0000000082800000, 0x0000000082900000, 0x0000000082900000|100%| O|  |TAMS 0x0000000082900000, 0x0000000082900000| Untracked 
|  41|0x0000000082900000, 0x0000000082a00000, 0x0000000082a00000|100%| O|  |TAMS 0x0000000082a00000, 0x0000000082a00000| Untracked 
|  42|0x0000000082a00000, 0x0000000082b00000, 0x0000000082b00000|100%| O|  |TAMS 0x0000000082b00000, 0x0000000082b00000| Untracked 
|  43|0x0000000082b00000, 0x0000000082c00000, 0x0000000082c00000|100%| O|  |TAMS 0x0000000082c00000, 0x0000000082c00000| Untracked 
|  44|0x0000000082c00000, 0x0000000082d00000, 0x0000000082d00000|100%| O|  |TAMS 0x0000000082d00000, 0x0000000082d00000| Untracked 
|  45|0x0000000082d00000, 0x0000000082e00000, 0x0000000082e00000|100%|HS|  |TAMS 0x0000000082e00000, 0x0000000082e00000| Complete 
|  46|0x0000000082e00000, 0x0000000082f00000, 0x0000000082f00000|100%|HC|  |TAMS 0x0000000082f00000, 0x0000000082f00000| Complete 
|  47|0x0000000082f00000, 0x0000000083000000, 0x0000000083000000|100%|HC|  |TAMS 0x0000000083000000, 0x0000000083000000| Complete 
|  48|0x0000000083000000, 0x0000000083100000, 0x0000000083100000|100%| O|  |TAMS 0x0000000083100000, 0x0000000083100000| Untracked 
|  49|0x0000000083100000, 0x0000000083200000, 0x0000000083200000|100%| O|  |TAMS 0x0000000083200000, 0x0000000083200000| Untracked 
|  50|0x0000000083200000, 0x0000000083300000, 0x0000000083300000|100%|HS|  |TAMS 0x0000000083300000, 0x0000000083300000| Complete 
|  51|0x0000000083300000, 0x0000000083400000, 0x0000000083400000|100%|HC|  |TAMS 0x0000000083400000, 0x0000000083400000| Complete 
|  52|0x0000000083400000, 0x0000000083500000, 0x0000000083500000|100%|HC|  |TAMS 0x0000000083500000, 0x0000000083500000| Complete 
|  53|0x0000000083500000, 0x0000000083600000, 0x0000000083600000|100%|HC|  |TAMS 0x0000000083600000, 0x0000000083600000| Complete 
|  54|0x0000000083600000, 0x0000000083700000, 0x0000000083700000|100%|HC|  |TAMS 0x0000000083700000, 0x0000000083700000| Complete 
|  55|0x0000000083700000, 0x0000000083800000, 0x0000000083800000|100%| O|  |TAMS 0x0000000083800000, 0x0000000083800000| Untracked 
|  56|0x0000000083800000, 0x0000000083900000, 0x0000000083900000|100%| O|  |TAMS 0x0000000083900000, 0x0000000083900000| Untracked 
|  57|0x0000000083900000, 0x0000000083a00000, 0x0000000083a00000|100%| O|  |TAMS 0x0000000083a00000, 0x0000000083a00000| Untracked 
|  58|0x0000000083a00000, 0x0000000083b00000, 0x0000000083b00000|100%|HS|  |TAMS 0x0000000083b00000, 0x0000000083b00000| Complete 
|  59|0x0000000083b00000, 0x0000000083c00000, 0x0000000083c00000|100%|HC|  |TAMS 0x0000000083c00000, 0x0000000083c00000| Complete 
|  60|0x0000000083c00000, 0x0000000083d00000, 0x0000000083d00000|100%|HC|  |TAMS 0x0000000083d00000, 0x0000000083d00000| Complete 
|  61|0x0000000083d00000, 0x0000000083e00000, 0x0000000083e00000|100%|HC|  |TAMS 0x0000000083e00000, 0x0000000083e00000| Complete 
|  62|0x0000000083e00000, 0x0000000083f00000, 0x0000000083f00000|100%|HC|  |TAMS 0x0000000083f00000, 0x0000000083f00000| Complete 
|  63|0x0000000083f00000, 0x0000000084000000, 0x0000000084000000|100%| O|  |TAMS 0x0000000084000000, 0x0000000084000000| Untracked 
|  64|0x0000000084000000, 0x0000000084100000, 0x0000000084100000|100%| O|  |TAMS 0x00000000840a1e00, 0x0000000084100000| Untracked 
|  65|0x0000000084100000, 0x0000000084200000, 0x0000000084200000|100%| O|  |TAMS 0x0000000084200000, 0x0000000084200000| Untracked 
|  66|0x0000000084200000, 0x0000000084300000, 0x0000000084300000|100%| O|  |TAMS 0x0000000084300000, 0x0000000084300000| Untracked 
|  67|0x0000000084300000, 0x0000000084400000, 0x0000000084400000|100%| O|  |TAMS 0x0000000084300000, 0x0000000084400000| Untracked 
|  68|0x0000000084400000, 0x0000000084500000, 0x0000000084500000|100%| O|  |TAMS 0x0000000084400000, 0x0000000084455a00| Untracked 
|  69|0x0000000084500000, 0x0000000084600000, 0x0000000084600000|100%| O|  |TAMS 0x0000000084500000, 0x0000000084500000| Untracked 
|  70|0x0000000084600000, 0x0000000084700000, 0x0000000084700000|100%| O|  |TAMS 0x0000000084600000, 0x0000000084600000| Untracked 
|  71|0x0000000084700000, 0x0000000084720800, 0x0000000084800000| 12%| O|  |TAMS 0x0000000084700000, 0x0000000084700000| Untracked 
|  72|0x0000000084800000, 0x0000000084800000, 0x0000000084900000|  0%| F|  |TAMS 0x0000000084800000, 0x0000000084800000| Untracked 
|  73|0x0000000084900000, 0x0000000084900000, 0x0000000084a00000|  0%| F|  |TAMS 0x0000000084900000, 0x0000000084900000| Untracked 
|  74|0x0000000084a00000, 0x0000000084a00000, 0x0000000084b00000|  0%| F|  |TAMS 0x0000000084a00000, 0x0000000084a00000| Untracked 
|  75|0x0000000084b00000, 0x0000000084b00000, 0x0000000084c00000|  0%| F|  |TAMS 0x0000000084b00000, 0x0000000084b00000| Untracked 
|  76|0x0000000084c00000, 0x0000000084c00000, 0x0000000084d00000|  0%| F|  |TAMS 0x0000000084c00000, 0x0000000084c00000| Untracked 
|  77|0x0000000084d00000, 0x0000000084d00000, 0x0000000084e00000|  0%| F|  |TAMS 0x0000000084d00000, 0x0000000084d00000| Untracked 
|  78|0x0000000084e00000, 0x0000000084e00000, 0x0000000084f00000|  0%| F|  |TAMS 0x0000000084e00000, 0x0000000084e00000| Untracked 
|  79|0x0000000084f00000, 0x0000000084f00000, 0x0000000085000000|  0%| F|  |TAMS 0x0000000084f00000, 0x0000000084f00000| Untracked 
|  80|0x0000000085000000, 0x0000000085000000, 0x0000000085100000|  0%| F|  |TAMS 0x0000000085000000, 0x0000000085000000| Untracked 
|  81|0x0000000085100000, 0x0000000085100000, 0x0000000085200000|  0%| F|  |TAMS 0x0000000085100000, 0x0000000085100000| Untracked 
|  82|0x0000000085200000, 0x0000000085200000, 0x0000000085300000|  0%| F|  |TAMS 0x0000000085200000, 0x0000000085200000| Untracked 
|  83|0x0000000085300000, 0x0000000085300000, 0x0000000085400000|  0%| F|  |TAMS 0x0000000085300000, 0x0000000085300000| Untracked 
|  84|0x0000000085400000, 0x0000000085400000, 0x0000000085500000|  0%| F|  |TAMS 0x0000000085400000, 0x0000000085400000| Untracked 
|  85|0x0000000085500000, 0x0000000085500000, 0x0000000085600000|  0%| F|  |TAMS 0x0000000085500000, 0x0000000085500000| Untracked 
|  86|0x0000000085600000, 0x0000000085600000, 0x0000000085700000|  0%| F|  |TAMS 0x0000000085600000, 0x0000000085600000| Untracked 
|  87|0x0000000085700000, 0x0000000085700000, 0x0000000085800000|  0%| F|  |TAMS 0x0000000085700000, 0x0000000085700000| Untracked 
|  88|0x0000000085800000, 0x0000000085800000, 0x0000000085900000|  0%| F|  |TAMS 0x0000000085800000, 0x0000000085800000| Untracked 
|  89|0x0000000085900000, 0x0000000085900000, 0x0000000085a00000|  0%| F|  |TAMS 0x0000000085900000, 0x0000000085900000| Untracked 
|  90|0x0000000085a00000, 0x0000000085a00000, 0x0000000085b00000|  0%| F|  |TAMS 0x0000000085a00000, 0x0000000085a00000| Untracked 
|  91|0x0000000085b00000, 0x0000000085c00000, 0x0000000085c00000|100%| S|CS|TAMS 0x0000000085b00000, 0x0000000085b00000| Complete 
|  92|0x0000000085c00000, 0x0000000085d00000, 0x0000000085d00000|100%| S|CS|TAMS 0x0000000085c00000, 0x0000000085c00000| Complete 
|  93|0x0000000085d00000, 0x0000000085e00000, 0x0000000085e00000|100%| S|CS|TAMS 0x0000000085d00000, 0x0000000085d00000| Complete 
|  94|0x0000000085e00000, 0x0000000085f00000, 0x0000000085f00000|100%| S|CS|TAMS 0x0000000085e00000, 0x0000000085e00000| Complete 
|  95|0x0000000085f00000, 0x0000000085f00000, 0x0000000086000000|  0%| F|  |TAMS 0x0000000085f00000, 0x0000000085f00000| Untracked 
|  96|0x0000000086000000, 0x0000000086000000, 0x0000000086100000|  0%| F|  |TAMS 0x0000000086000000, 0x0000000086000000| Untracked 
|  97|0x0000000086100000, 0x0000000086100000, 0x0000000086200000|  0%| F|  |TAMS 0x0000000086100000, 0x0000000086100000| Untracked 
|  98|0x0000000086200000, 0x0000000086200000, 0x0000000086300000|  0%| F|  |TAMS 0x0000000086200000, 0x0000000086200000| Untracked 
|  99|0x0000000086300000, 0x0000000086300000, 0x0000000086400000|  0%| F|  |TAMS 0x0000000086300000, 0x0000000086300000| Untracked 
| 100|0x0000000086400000, 0x0000000086400000, 0x0000000086500000|  0%| F|  |TAMS 0x0000000086400000, 0x0000000086400000| Untracked 
| 101|0x0000000086500000, 0x0000000086500000, 0x0000000086600000|  0%| F|  |TAMS 0x0000000086500000, 0x0000000086500000| Untracked 
| 102|0x0000000086600000, 0x0000000086600000, 0x0000000086700000|  0%| F|  |TAMS 0x0000000086600000, 0x0000000086600000| Untracked 
| 103|0x0000000086700000, 0x0000000086700000, 0x0000000086800000|  0%| F|  |TAMS 0x0000000086700000, 0x0000000086700000| Untracked 
| 104|0x0000000086800000, 0x0000000086800000, 0x0000000086900000|  0%| F|  |TAMS 0x0000000086800000, 0x0000000086800000| Untracked 
| 105|0x0000000086900000, 0x0000000086900000, 0x0000000086a00000|  0%| F|  |TAMS 0x0000000086900000, 0x0000000086900000| Untracked 
| 106|0x0000000086a00000, 0x0000000086a00000, 0x0000000086b00000|  0%| F|  |TAMS 0x0000000086a00000, 0x0000000086a00000| Untracked 
| 107|0x0000000086b00000, 0x0000000086b00000, 0x0000000086c00000|  0%| F|  |TAMS 0x0000000086b00000, 0x0000000086b00000| Untracked 
| 108|0x0000000086c00000, 0x0000000086c00000, 0x0000000086d00000|  0%| F|  |TAMS 0x0000000086c00000, 0x0000000086c00000| Untracked 
| 109|0x0000000086d00000, 0x0000000086d00000, 0x0000000086e00000|  0%| F|  |TAMS 0x0000000086d00000, 0x0000000086d00000| Untracked 
| 110|0x0000000086e00000, 0x0000000086e00000, 0x0000000086f00000|  0%| F|  |TAMS 0x0000000086e00000, 0x0000000086e00000| Untracked 
| 111|0x0000000086f00000, 0x0000000086f00000, 0x0000000087000000|  0%| F|  |TAMS 0x0000000086f00000, 0x0000000086f00000| Untracked 
| 112|0x0000000087000000, 0x0000000087000000, 0x0000000087100000|  0%| F|  |TAMS 0x0000000087000000, 0x0000000087000000| Untracked 
| 113|0x0000000087100000, 0x0000000087100000, 0x0000000087200000|  0%| F|  |TAMS 0x0000000087100000, 0x0000000087100000| Untracked 
| 114|0x0000000087200000, 0x0000000087200000, 0x0000000087300000|  0%| F|  |TAMS 0x0000000087200000, 0x0000000087200000| Untracked 
| 115|0x0000000087300000, 0x0000000087300000, 0x0000000087400000|  0%| F|  |TAMS 0x0000000087300000, 0x0000000087300000| Untracked 
| 116|0x0000000087400000, 0x0000000087400000, 0x0000000087500000|  0%| F|  |TAMS 0x0000000087400000, 0x0000000087400000| Untracked 
| 117|0x0000000087500000, 0x0000000087500000, 0x0000000087600000|  0%| F|  |TAMS 0x0000000087500000, 0x0000000087500000| Untracked 
| 118|0x0000000087600000, 0x0000000087600000, 0x0000000087700000|  0%| F|  |TAMS 0x0000000087600000, 0x0000000087600000| Untracked 
| 119|0x0000000087700000, 0x0000000087700000, 0x0000000087800000|  0%| F|  |TAMS 0x0000000087700000, 0x0000000087700000| Untracked 
| 120|0x0000000087800000, 0x0000000087800000, 0x0000000087900000|  0%| F|  |TAMS 0x0000000087800000, 0x0000000087800000| Untracked 
| 121|0x0000000087900000, 0x0000000087900000, 0x0000000087a00000|  0%| F|  |TAMS 0x0000000087900000, 0x0000000087900000| Untracked 
| 122|0x0000000087a00000, 0x0000000087a00000, 0x0000000087b00000|  0%| F|  |TAMS 0x0000000087a00000, 0x0000000087a00000| Untracked 
| 123|0x0000000087b00000, 0x0000000087b00000, 0x0000000087c00000|  0%| F|  |TAMS 0x0000000087b00000, 0x0000000087b00000| Untracked 
| 124|0x0000000087c00000, 0x0000000087c00000, 0x0000000087d00000|  0%| F|  |TAMS 0x0000000087c00000, 0x0000000087c00000| Untracked 
| 125|0x0000000087d00000, 0x0000000087d00000, 0x0000000087e00000|  0%| F|  |TAMS 0x0000000087d00000, 0x0000000087d00000| Untracked 
| 126|0x0000000087e00000, 0x0000000087e00000, 0x0000000087f00000|  0%| F|  |TAMS 0x0000000087e00000, 0x0000000087e00000| Untracked 
| 127|0x0000000087f00000, 0x0000000087f00000, 0x0000000088000000|  0%| F|  |TAMS 0x0000000087f00000, 0x0000000087f00000| Untracked 

Card table byte_map: [0x000002a64efd0000,0x000002a64f3d0000] _byte_map_base: 0x000002a64ebd0000

Marking Bits (Prev, Next): (CMBitMap*) 0x000002a63c74a570, (CMBitMap*) 0x000002a63c74a5b0
 Prev Bits: [0x000002a64f7d0000, 0x000002a6517d0000)
 Next Bits: [0x000002a6517d0000, 0x000002a6537d0000)

Polling page: 0x000002a63a5b0000

Metaspace:

Usage:
  Non-class:     52.36 MB used.
      Class:      8.28 MB used.
       Both:     60.64 MB used.

Virtual space:
  Non-class space:       64.00 MB reserved,      52.69 MB ( 82%) committed,  1 nodes.
      Class space:        1.00 GB reserved,       8.56 MB ( <1%) committed,  1 nodes.
             Both:        1.06 GB reserved,      61.25 MB (  6%) committed. 

Chunk freelists:
   Non-Class:  10.41 MB
       Class:  7.45 MB
        Both:  17.86 MB

MaxMetaspaceSize: unlimited
CompressedClassSpaceSize: 1.00 GB
Initial GC threshold: 21.00 MB
Current GC threshold: 96.56 MB
CDS: off
MetaspaceReclaimPolicy: balanced
 - commit_granule_bytes: 65536.
 - commit_granule_words: 8192.
 - virtual_space_node_default_size: 8388608.
 - enlarge_chunks_in_place: 1.
 - new_chunks_are_fully_committed: 0.
 - uncommit_free_chunks: 1.
 - use_allocation_guard: 0.
 - handle_deallocations: 1.


Internal statistics:

num_allocs_failed_limit: 3.
num_arena_births: 766.
num_arena_deaths: 0.
num_vsnodes_births: 2.
num_vsnodes_deaths: 0.
num_space_committed: 980.
num_space_uncommitted: 0.
num_chunks_returned_to_freelist: 3.
num_chunks_taken_from_freelist: 2983.
num_chunk_merges: 3.
num_chunk_splits: 1914.
num_chunks_enlarged: 1249.
num_inconsistent_stats: 0.

CodeHeap 'non-profiled nmethods': size=120000Kb used=3238Kb max_used=3355Kb free=116761Kb
 bounds [0x000002a6476a0000, 0x000002a6479f0000, 0x000002a64ebd0000]
CodeHeap 'profiled nmethods': size=120000Kb used=11662Kb max_used=11662Kb free=108337Kb
 bounds [0x000002a63fbd0000, 0x000002a640740000, 0x000002a647100000]
CodeHeap 'non-nmethods': size=5760Kb used=2330Kb max_used=2403Kb free=3429Kb
 bounds [0x000002a647100000, 0x000002a647370000, 0x000002a6476a0000]
 total_blobs=6902 nmethods=6051 adapters=762
 compilation: enabled
              stopped_count=0, restarted_count=0
 full_count=0

Compilation events (20 events):
Event: 7.946 Thread 0x000002a65a00dee0 6825       3       java.util.ArrayList::sort (45 bytes)
Event: 7.946 Thread 0x000002a65a00dee0 nmethod 6825 0x000002a640727110 code [0x000002a6407272c0, 0x000002a640727538]
Event: 7.946 Thread 0x000002a65a00dee0 6826   !   3       java.util.concurrent.FutureTask::run (123 bytes)
Event: 7.948 Thread 0x000002a65a00dee0 nmethod 6826 0x000002a640727690 code [0x000002a640727c40, 0x000002a64072af28]
Event: 7.948 Thread 0x000002a65a00dee0 6827       3       java.util.concurrent.FutureTask::set (30 bytes)
Event: 7.948 Thread 0x000002a65c715980 6833       4       org.gradle.internal.snapshot.PathUtil::compareCharsIgnoringCase (46 bytes)
Event: 7.948 Thread 0x000002a65a00dee0 nmethod 6827 0x000002a64072be90 code [0x000002a64072c160, 0x000002a64072d118]
Event: 7.948 Thread 0x000002a65a00dee0 6828       3       java.lang.invoke.VarHandleGuards::guard_LI_V (125 bytes)
Event: 7.950 Thread 0x000002a65a00dee0 nmethod 6828 0x000002a64072d610 code [0x000002a64072da40, 0x000002a6407303b8]
Event: 7.950 Thread 0x000002a65a00dee0 6829       3       java.lang.invoke.VarHandleInts$FieldInstanceReadWrite::setRelease (28 bytes)
Event: 7.951 Thread 0x000002a65a00dee0 nmethod 6829 0x000002a640731010 code [0x000002a640731220, 0x000002a640731818]
Event: 7.951 Thread 0x000002a65a00dee0 6830       3       jdk.internal.misc.Unsafe::putIntRelease (9 bytes)
Event: 7.951 Thread 0x000002a65a00dee0 nmethod 6830 0x000002a640731a90 code [0x000002a640731c20, 0x000002a640731d38]
Event: 7.951 Thread 0x000002a65a00dee0 6831       3       java.util.concurrent.FutureTask::finishCompletion (71 bytes)
Event: 7.951 Thread 0x000002a65a00dee0 nmethod 6831 0x000002a640731e10 code [0x000002a6407320e0, 0x000002a640733018]
Event: 7.951 Thread 0x000002a65a00dee0 6836   !   3       java.nio.charset.CharsetDecoder::decode (275 bytes)
Event: 7.951 Thread 0x000002a65c715980 nmethod 6833 0x000002a6477e4990 code [0x000002a6477e4b40, 0x000002a6477e5018]
Event: 7.952 Thread 0x000002a65a00dee0 nmethod 6836 0x000002a640733590 code [0x000002a6407338c0, 0x000002a640734da8]
Event: 7.952 Thread 0x000002a65a00dee0 6837       3       com.google.common.collect.ImmutableMap$Builder::build (170 bytes)
Event: 7.952 Thread 0x000002a65a00d5d0 6839       4       java.util.concurrent.ConcurrentLinkedQueue::poll (84 bytes)

GC Heap History (20 events):
Event: 5.226 GC heap after
{Heap after GC invocations=17 (full 0):
 garbage-first heap   total 91136K, used 45114K [0x0000000080000000, 0x0000000100000000)
  region size 1024K, 2 young (2048K), 2 survivors (2048K)
 Metaspace       used 44651K, committed 45056K, reserved 1114112K
  class space    used 6027K, committed 6208K, reserved 1048576K
}
Event: 5.346 GC heap before
{Heap before GC invocations=18 (full 0):
 garbage-first heap   total 91136K, used 51258K [0x0000000080000000, 0x0000000100000000)
  region size 1024K, 10 young (10240K), 2 survivors (2048K)
 Metaspace       used 45109K, committed 45568K, reserved 1114112K
  class space    used 6073K, committed 6272K, reserved 1048576K
}
Event: 5.347 GC heap after
{Heap after GC invocations=19 (full 0):
 garbage-first heap   total 91136K, used 46263K [0x0000000080000000, 0x0000000100000000)
  region size 1024K, 3 young (3072K), 3 survivors (3072K)
 Metaspace       used 45109K, committed 45568K, reserved 1114112K
  class space    used 6073K, committed 6272K, reserved 1048576K
}
Event: 5.721 GC heap before
{Heap before GC invocations=20 (full 0):
 garbage-first heap   total 92160K, used 75959K [0x0000000080000000, 0x0000000100000000)
  region size 1024K, 28 young (28672K), 3 survivors (3072K)
 Metaspace       used 49027K, committed 49536K, reserved 1114112K
  class space    used 6560K, committed 6784K, reserved 1048576K
}
Event: 5.724 GC heap after
{Heap after GC invocations=21 (full 0):
 garbage-first heap   total 92160K, used 47905K [0x0000000080000000, 0x0000000100000000)
  region size 1024K, 3 young (3072K), 3 survivors (3072K)
 Metaspace       used 49027K, committed 49536K, reserved 1114112K
  class space    used 6560K, committed 6784K, reserved 1048576K
}
Event: 6.228 GC heap before
{Heap before GC invocations=21 (full 0):
 garbage-first heap   total 92160K, used 67361K [0x0000000080000000, 0x0000000100000000)
  region size 1024K, 23 young (23552K), 3 survivors (3072K)
 Metaspace       used 50808K, committed 51264K, reserved 1114112K
  class space    used 6846K, committed 7040K, reserved 1048576K
}
Event: 6.232 GC heap after
{Heap after GC invocations=22 (full 0):
 garbage-first heap   total 92160K, used 50041K [0x0000000080000000, 0x0000000100000000)
  region size 1024K, 4 young (4096K), 4 survivors (4096K)
 Metaspace       used 50808K, committed 51264K, reserved 1114112K
  class space    used 6846K, committed 7040K, reserved 1048576K
}
Event: 6.334 GC heap before
{Heap before GC invocations=23 (full 0):
 garbage-first heap   total 102400K, used 63353K [0x0000000080000000, 0x0000000100000000)
  region size 1024K, 11 young (11264K), 4 survivors (4096K)
 Metaspace       used 51058K, committed 51520K, reserved 1114112K
  class space    used 6894K, committed 7104K, reserved 1048576K
}
Event: 6.339 GC heap after
{Heap after GC invocations=24 (full 0):
 garbage-first heap   total 102400K, used 60927K [0x0000000080000000, 0x0000000100000000)
  region size 1024K, 3 young (3072K), 3 survivors (3072K)
 Metaspace       used 51058K, committed 51520K, reserved 1114112K
  class space    used 6894K, committed 7104K, reserved 1048576K
}
Event: 6.472 GC heap before
{Heap before GC invocations=25 (full 0):
 garbage-first heap   total 119808K, used 81407K [0x0000000080000000, 0x0000000100000000)
  region size 1024K, 17 young (17408K), 3 survivors (3072K)
 Metaspace       used 52866K, committed 53312K, reserved 1114112K
  class space    used 7028K, committed 7232K, reserved 1048576K
}
Event: 6.474 GC heap after
{Heap after GC invocations=26 (full 0):
 garbage-first heap   total 119808K, used 68054K [0x0000000080000000, 0x0000000100000000)
  region size 1024K, 2 young (2048K), 2 survivors (2048K)
 Metaspace       used 52866K, committed 53312K, reserved 1114112K
  class space    used 7028K, committed 7232K, reserved 1048576K
}
Event: 6.622 GC heap before
{Heap before GC invocations=26 (full 0):
 garbage-first heap   total 119808K, used 87510K [0x0000000080000000, 0x0000000100000000)
  region size 1024K, 21 young (21504K), 2 survivors (2048K)
 Metaspace       used 53706K, committed 54272K, reserved 1114112K
  class space    used 7163K, committed 7424K, reserved 1048576K
}
Event: 6.624 GC heap after
{Heap after GC invocations=27 (full 0):
 garbage-first heap   total 119808K, used 68222K [0x0000000080000000, 0x0000000100000000)
  region size 1024K, 3 young (3072K), 3 survivors (3072K)
 Metaspace       used 53706K, committed 54272K, reserved 1114112K
  class space    used 7163K, committed 7424K, reserved 1048576K
}
Event: 6.895 GC heap before
{Heap before GC invocations=28 (full 0):
 garbage-first heap   total 122880K, used 88702K [0x0000000080000000, 0x0000000100000000)
  region size 1024K, 23 young (23552K), 3 survivors (3072K)
 Metaspace       used 55811K, committed 56384K, reserved 1114112K
  class space    used 7526K, committed 7808K, reserved 1048576K
}
Event: 6.899 GC heap after
{Heap after GC invocations=29 (full 0):
 garbage-first heap   total 122880K, used 69605K [0x0000000080000000, 0x0000000100000000)
  region size 1024K, 2 young (2048K), 2 survivors (2048K)
 Metaspace       used 55811K, committed 56384K, reserved 1114112K
  class space    used 7526K, committed 7808K, reserved 1048576K
}
Event: 7.161 GC heap before
{Heap before GC invocations=29 (full 0):
 garbage-first heap   total 122880K, used 93157K [0x0000000080000000, 0x0000000100000000)
  region size 1024K, 25 young (25600K), 2 survivors (2048K)
 Metaspace       used 58499K, committed 59136K, reserved 1114112K
  class space    used 7958K, committed 8256K, reserved 1048576K
}
Event: 7.164 GC heap after
{Heap after GC invocations=30 (full 0):
 garbage-first heap   total 122880K, used 71633K [0x0000000080000000, 0x0000000100000000)
  region size 1024K, 4 young (4096K), 4 survivors (4096K)
 Metaspace       used 58499K, committed 59136K, reserved 1114112K
  class space    used 7958K, committed 8256K, reserved 1048576K
}
Event: 7.457 GC heap before
{Heap before GC invocations=31 (full 0):
 garbage-first heap   total 126976K, used 95185K [0x0000000080000000, 0x0000000100000000)
  region size 1024K, 27 young (27648K), 4 survivors (4096K)
 Metaspace       used 60974K, committed 61568K, reserved 1114112K
  class space    used 8366K, committed 8640K, reserved 1048576K
}
Event: 7.461 GC heap after
{Heap after GC invocations=32 (full 0):
 garbage-first heap   total 126976K, used 72923K [0x0000000080000000, 0x0000000100000000)
  region size 1024K, 4 young (4096K), 4 survivors (4096K)
 Metaspace       used 60974K, committed 61568K, reserved 1114112K
  class space    used 8366K, committed 8640K, reserved 1048576K
}
Event: 7.953 GC heap before
{Heap before GC invocations=32 (full 0):
 garbage-first heap   total 126976K, used 97499K [0x0000000080000000, 0x0000000100000000)
  region size 1024K, 29 young (29696K), 4 survivors (4096K)
 Metaspace       used 62098K, committed 62720K, reserved 1114112K
  class space    used 8483K, committed 8768K, reserved 1048576K
}

Dll operation events (3 events):
Event: 0.016 Loaded shared library C:\Program Files\Android\Android Studio\jbr\bin\java.dll
Event: 0.279 Loaded shared library C:\Program Files\Android\Android Studio\jbr\bin\zip.dll
Event: 0.607 Loaded shared library C:\Program Files\Android\Android Studio\jbr\bin\verify.dll

Deoptimization events (20 events):
Event: 7.830 Thread 0x000002a65de2f460 Uncommon trap: trap_request=0xffffff45 fr.pc=0x000002a64796ae40 relative=0x0000000000000fa0
Event: 7.830 Thread 0x000002a65de2f460 Uncommon trap: reason=unstable_if action=reinterpret pc=0x000002a64796ae40 method=java.util.concurrent.ConcurrentHashMap.addCount(JI)V @ 7 c2
Event: 7.830 Thread 0x000002a65de2f460 DEOPT PACKING pc=0x000002a64796ae40 sp=0x000000d4846fe3a0
Event: 7.830 Thread 0x000002a65de2f460 DEOPT UNPACKING pc=0x000002a6471569a3 sp=0x000000d4846fe270 mode 2
Event: 7.836 Thread 0x000002a65de2cbe0 DEOPT PACKING pc=0x000002a640058754 sp=0x000000d4845fdd50
Event: 7.836 Thread 0x000002a65de2cbe0 DEOPT UNPACKING pc=0x000002a647157143 sp=0x000000d4845fd2a8 mode 0
Event: 7.844 Thread 0x000002a65de2cbe0 DEOPT PACKING pc=0x000002a640058754 sp=0x000000d4845fd520
Event: 7.844 Thread 0x000002a65de2cbe0 DEOPT UNPACKING pc=0x000002a647157143 sp=0x000000d4845fca78 mode 0
Event: 7.859 Thread 0x000002a65de2cbe0 DEOPT PACKING pc=0x000002a640058754 sp=0x000000d4845fd3f0
Event: 7.859 Thread 0x000002a65de2cbe0 DEOPT UNPACKING pc=0x000002a647157143 sp=0x000000d4845fc948 mode 0
Event: 7.866 Thread 0x000002a65ba5f460 DEOPT PACKING pc=0x000002a640058754 sp=0x000000d482cf65d0
Event: 7.866 Thread 0x000002a65ba5f460 DEOPT UNPACKING pc=0x000002a647157143 sp=0x000000d482cf5b28 mode 0
Event: 7.889 Thread 0x000002a65ba5f460 Uncommon trap: trap_request=0xffffff45 fr.pc=0x000002a64795ddc4 relative=0x0000000000000304
Event: 7.889 Thread 0x000002a65ba5f460 Uncommon trap: reason=unstable_if action=reinterpret pc=0x000002a64795ddc4 method=org.gradle.internal.snapshot.PathUtil.equalChars(CCLorg/gradle/internal/snapshot/CaseSensitivity;)Z @ 11 c2
Event: 7.889 Thread 0x000002a65ba5f460 DEOPT PACKING pc=0x000002a64795ddc4 sp=0x000000d482cf4da0
Event: 7.889 Thread 0x000002a65ba5f460 DEOPT UNPACKING pc=0x000002a6471569a3 sp=0x000000d482cf4d38 mode 2
Event: 7.889 Thread 0x000002a65ba5f460 Uncommon trap: trap_request=0xffffff45 fr.pc=0x000002a6479de6b8 relative=0x00000000000002f8
Event: 7.889 Thread 0x000002a65ba5f460 Uncommon trap: reason=unstable_if action=reinterpret pc=0x000002a6479de6b8 method=org.gradle.internal.snapshot.PathUtil.compareCharsIgnoringCase(CC)I @ 11 c2
Event: 7.889 Thread 0x000002a65ba5f460 DEOPT PACKING pc=0x000002a6479de6b8 sp=0x000000d482cf4ba0
Event: 7.889 Thread 0x000002a65ba5f460 DEOPT UNPACKING pc=0x000002a6471569a3 sp=0x000000d482cf4b40 mode 2

Classes unloaded (0 events):
No events

Classes redefined (0 events):
No events

Internal exceptions (20 events):
Event: 7.250 Thread 0x000002a65ba5f460 Exception <a 'java/lang/NoSuchMethodError'{0x0000000087870110}: 'long java.lang.invoke.DirectMethodHandle$Holder.invokeStatic(java.lang.Object, long)'> (0x0000000087870110) 
thrown [s\src\hotspot\share\interpreter\linkResolver.cpp, line 771]
Event: 7.300 Thread 0x000002a65ba5f460 Exception <a 'java/lang/NoSuchMethodError'{0x0000000087281a70}: 'void java.lang.invoke.DirectMethodHandle$Holder.invokeStatic(java.lang.Object, java.lang.Object, java.lang.Object, java.lang.Object, java.lang.Object, java.lang.Object)'> (0x0000000087281a70) 
thrown [s\src\hotspot\share\interpreter\linkResolver.cpp, line 771]
Event: 7.312 Thread 0x000002a65ba5f460 Exception <a 'java/lang/NoSuchMethodError'{0x0000000087114218}: 'java.lang.Object java.lang.invoke.DirectMethodHandle$Holder.invokeSpecial(java.lang.Object, java.lang.Object, java.lang.Object, java.lang.Object, java.lang.Object, java.lang.Object, java.lang.Object, java.lang.Object, java.lang.Object, java.lang.Object, java.lang.Object, java.lang.Object, java.lang.Object, java.lang.Object, java.lang.Object, java.lang.Object, java.lang.Object, java.lang.Object, java.lang.Object, java.lang.Object, java.lang.Ob
Event: 7.313 Thread 0x000002a65ba5f460 Exception <a 'java/lang/NoSuchMethodError'{0x000000008711a728}: 'java.lang.Object java.lang.invoke.DelegatingMethodHandle$Holder.reinvoke_L(java.lang.Object, java.lang.Object, java.lang.Object, java.lang.Object, java.lang.Object, java.lang.Object, java.lang.Object, java.lang.Object, java.lang.Object, java.lang.Object, java.lang.Object, java.lang.Object, java.lang.Object, java.lang.Object, java.lang.Object, java.lang.Object, java.lang.Object, java.lang.Object, java.lang.Object, java.lang.Object, java.lang.O
Event: 7.313 Thread 0x000002a65ba5f460 Exception <a 'java/lang/NoSuchMethodError'{0x0000000087126170}: 'java.lang.Object java.lang.invoke.Invokers$Holder.invoker(java.lang.Object, java.lang.Object, java.lang.Object, java.lang.Object, java.lang.Object, java.lang.Object, java.lang.Object, java.lang.Object, java.lang.Object, java.lang.Object, java.lang.Object, java.lang.Object, java.lang.Object, java.lang.Object, java.lang.Object, java.lang.Object, java.lang.Object, java.lang.Object, java.lang.Object, java.lang.Object, java.lang.Object, java.lang.
Event: 7.313 Thread 0x000002a65ba5f460 Exception <a 'java/lang/NoSuchMethodError'{0x000000008712cd70}: 'java.lang.Object java.lang.invoke.DelegatingMethodHandle$Holder.delegate(java.lang.Object, java.lang.Object, java.lang.Object, java.lang.Object, java.lang.Object, java.lang.Object, java.lang.Object, java.lang.Object, java.lang.Object, java.lang.Object, java.lang.Object, java.lang.Object, java.lang.Object, java.lang.Object, java.lang.Object, java.lang.Object, java.lang.Object, java.lang.Object, java.lang.Object, java.lang.Object, java.lang.Obj
Event: 7.319 Thread 0x000002a65ba5f460 Exception <a 'java/lang/NoSuchMethodError'{0x00000000871f8df8}: 'java.lang.Object java.lang.invoke.DirectMethodHandle$Holder.invokeStatic(java.lang.Object, java.lang.Object, java.lang.Object, java.lang.Object, java.lang.Object, java.lang.Object, java.lang.Object, java.lang.Object, java.lang.Object, java.lang.Object, java.lang.Object, java.lang.Object, java.lang.Object, java.lang.Object, java.lang.Object, java.lang.Object, java.lang.Object, java.lang.Object, java.lang.Object, java.lang.Object, java.lang.Obj
Event: 7.382 Thread 0x000002a65ba5f460 Exception <a 'java/lang/NoSuchMethodError'{0x0000000086cbd108}: static Lorg/gradle/api/internal/catalog/DefaultVersionCatalog;.<clinit>()V> (0x0000000086cbd108) 
thrown [s\src\hotspot\share\prims\jni.cpp, line 1127]
Event: 7.386 Thread 0x000002a65ba5f460 Exception <a 'java/lang/NoSuchMethodError'{0x0000000086b11028}: static [Ljava/lang/Object;.<clinit>()V> (0x0000000086b11028) 
thrown [s\src\hotspot\share\prims\jni.cpp, line 1127]
Event: 7.388 Thread 0x000002a65ba5f460 Exception <a 'java/lang/NoSuchMethodError'{0x0000000086b46938}: static Lorg/gradle/api/internal/catalog/DependencyModel;.<clinit>()V> (0x0000000086b46938) 
thrown [s\src\hotspot\share\prims\jni.cpp, line 1127]
Event: 7.388 Thread 0x000002a65ba5f460 Exception <a 'java/lang/NoSuchMethodError'{0x0000000086b4a330}: static Lorg/gradle/api/internal/catalog/AbstractContextAwareModel;.<clinit>()V> (0x0000000086b4a330) 
thrown [s\src\hotspot\share\prims\jni.cpp, line 1127]
Event: 7.389 Thread 0x000002a65ba5f460 Exception <a 'java/lang/NoSuchMethodError'{0x0000000086b63c80}: static Lorg/gradle/api/internal/artifacts/dependencies/AbstractVersionConstraint;.<clinit>()V> (0x0000000086b63c80) 
thrown [s\src\hotspot\share\prims\jni.cpp, line 1127]
Event: 7.393 Thread 0x000002a65ba5f460 Exception <a 'java/lang/NoSuchMethodError'{0x0000000086bc3fd8}: static Lorg/gradle/api/internal/catalog/PluginModel;.<clinit>()V> (0x0000000086bc3fd8) 
thrown [s\src\hotspot\share\prims\jni.cpp, line 1127]
Event: 7.393 Thread 0x000002a65ba5f460 Exception <a 'java/lang/NoSuchMethodError'{0x0000000086bdb390}: static Lorg/gradle/api/internal/catalog/VersionModel;.<clinit>()V> (0x0000000086bdb390) 
thrown [s\src\hotspot\share\prims\jni.cpp, line 1127]
Event: 7.434 Thread 0x000002a65ba5f460 Exception <a 'java/lang/NoSuchMethodError'{0x000000008677b8f8}: 'int java.lang.invoke.DirectMethodHandle$Holder.invokeSpecialIFC(java.lang.Object, java.lang.Object, java.lang.Object)'> (0x000000008677b8f8) 
thrown [s\src\hotspot\share\interpreter\linkResolver.cpp, line 771]
Event: 7.474 Thread 0x000002a65ba5f460 Exception <a 'java/lang/NoSuchMethodError'{0x0000000087a3dfc0}: 'java.lang.Object java.lang.invoke.DirectMethodHandle$Holder.newInvokeSpecial(java.lang.Object, java.lang.Object, java.lang.Object, java.lang.Object, java.lang.Object, int)'> (0x0000000087a3dfc0) 
thrown [s\src\hotspot\share\interpreter\linkResolver.cpp, line 771]
Event: 7.475 Thread 0x000002a65ba5f460 Exception <a 'java/lang/NoSuchMethodError'{0x0000000087a436c0}: 'java.lang.Object java.lang.invoke.DirectMethodHandle$Holder.invokeSpecial(java.lang.Object, java.lang.Object, java.lang.Object, java.lang.Object, java.lang.Object, java.lang.Object, int)'> (0x0000000087a436c0) 
thrown [s\src\hotspot\share\interpreter\linkResolver.cpp, line 771]
Event: 7.475 Thread 0x000002a65ba5f460 Exception <a 'java/lang/NoSuchMethodError'{0x0000000087a48748}: 'java.lang.Object java.lang.invoke.Invokers$Holder.linkToTargetMethod(java.lang.Object, java.lang.Object, java.lang.Object, java.lang.Object, int, java.lang.Object)'> (0x0000000087a48748) 
thrown [s\src\hotspot\share\interpreter\linkResolver.cpp, line 771]
Event: 7.477 Thread 0x000002a65ba5f460 Exception <a 'java/lang/NoSuchMethodError'{0x0000000087a7c320}: 'java.lang.Object java.lang.invoke.DirectMethodHandle$Holder.invokeSpecial(java.lang.Object, java.lang.Object, java.lang.Object, java.lang.Object, java.lang.Object, long)'> (0x0000000087a7c320) 
thrown [s\src\hotspot\share\interpreter\linkResolver.cpp, line 771]
Event: 7.479 Thread 0x000002a65ba5f460 Exception <a 'java/lang/NoSuchMethodError'{0x0000000087a9fcf0}: 'void java.lang.invoke.DirectMethodHandle$Holder.invokeStatic(java.lang.Object, java.lang.Object, java.lang.Object, int, java.lang.Object)'> (0x0000000087a9fcf0) 
thrown [s\src\hotspot\share\interpreter\linkResolver.cpp, line 771]

VM Operations (20 events):
Event: 7.164 Executing VM operation: G1CollectForAllocation done
Event: 7.208 Executing VM operation: G1PauseRemark
Event: 7.210 Executing VM operation: G1PauseRemark done
Event: 7.230 Executing VM operation: G1PauseCleanup
Event: 7.230 Executing VM operation: G1PauseCleanup done
Event: 7.309 Executing VM operation: HandshakeAllThreads
Event: 7.309 Executing VM operation: HandshakeAllThreads done
Event: 7.383 Executing VM operation: HandshakeAllThreads
Event: 7.384 Executing VM operation: HandshakeAllThreads done
Event: 7.436 Executing VM operation: HandshakeAllThreads
Event: 7.436 Executing VM operation: HandshakeAllThreads done
Event: 7.457 Executing VM operation: G1CollectForAllocation
Event: 7.461 Executing VM operation: G1CollectForAllocation done
Event: 7.629 Executing VM operation: ICBufferFull
Event: 7.629 Executing VM operation: ICBufferFull done
Event: 7.691 Executing VM operation: HandshakeAllThreads
Event: 7.691 Executing VM operation: HandshakeAllThreads done
Event: 7.863 Executing VM operation: ICBufferFull
Event: 7.864 Executing VM operation: ICBufferFull done
Event: 7.952 Executing VM operation: G1CollectForAllocation

Events (20 events):
Event: 7.318 loading class java/lang/invoke/BoundMethodHandle$Species_LLLLLLLLLLLLLLLLLLLLLLLL
Event: 7.318 loading class java/lang/invoke/BoundMethodHandle$Species_LLLLLLLLLLLLLLLLLLLLLLLL done
Event: 7.380 loading class java/io/ObjectOutputStream$BlockDataOutputStream
Event: 7.380 loading class java/io/ObjectOutputStream$BlockDataOutputStream done
Event: 7.380 loading class java/io/ObjectOutputStream$HandleTable
Event: 7.381 loading class java/io/ObjectOutputStream$HandleTable done
Event: 7.381 loading class java/io/ObjectOutputStream$ReplaceTable
Event: 7.381 loading class java/io/ObjectOutputStream$ReplaceTable done
Event: 7.664 loading class java/util/Collections$ReverseComparator
Event: 7.664 loading class java/util/Collections$ReverseComparator done
Event: 7.664 loading class java/util/Collections$ReverseComparator2
Event: 7.664 loading class java/util/Collections$ReverseComparator2 done
Event: 7.772 loading class java/util/LinkedList$LLSpliterator
Event: 7.773 loading class java/util/LinkedList$LLSpliterator done
Event: 7.821 Thread 0x000002a65de2c6d0 Thread added: 0x000002a65de2c6d0
Event: 7.821 Thread 0x000002a65de2cbe0 Thread added: 0x000002a65de2cbe0
Event: 7.821 Thread 0x000002a65de2f460 Thread added: 0x000002a65de2f460
Event: 7.888 Thread 0x000002a65de2a870 Thread added: 0x000002a65de2a870
Event: 7.889 Thread 0x000002a65de29940 Thread added: 0x000002a65de29940
Event: 7.892 Thread 0x000002a65de2ad80 Thread added: 0x000002a65de2ad80


Dynamic libraries:
0x00007ff661230000 - 0x00007ff66123a000 	C:\Program Files\Android\Android Studio\jbr\bin\java.exe
0x00007ff801b50000 - 0x00007ff801d48000 	C:\WINDOWS\SYSTEM32\ntdll.dll
0x00007ff800ce0000 - 0x00007ff800da1000 	C:\WINDOWS\System32\KERNEL32.DLL
0x00007fffff580000 - 0x00007fffff876000 	C:\WINDOWS\System32\KERNELBASE.dll
0x00007ff800010000 - 0x00007ff800110000 	C:\WINDOWS\System32\ucrtbase.dll
0x00007fffe8210000 - 0x00007fffe8227000 	C:\Program Files\Android\Android Studio\jbr\bin\jli.dll
0x00007fffe8450000 - 0x00007fffe846b000 	C:\Program Files\Android\Android Studio\jbr\bin\VCRUNTIME140.dll
0x00007ff800660000 - 0x00007ff8007ff000 	C:\WINDOWS\System32\USER32.dll
0x00007ff800230000 - 0x00007ff800252000 	C:\WINDOWS\System32\win32u.dll
0x00007ff800e60000 - 0x00007ff800e8b000 	C:\WINDOWS\System32\GDI32.dll
0x00007fffff460000 - 0x00007fffff577000 	C:\WINDOWS\System32\gdi32full.dll
0x00007ff800110000 - 0x00007ff8001ad000 	C:\WINDOWS\System32\msvcp_win.dll
0x00007fffe7690000 - 0x00007fffe792a000 	C:\WINDOWS\WinSxS\amd64_microsoft.windows.common-controls_6595b64144ccf1df_6.0.19041.4355_none_60b8b9eb71f62e16\COMCTL32.dll
0x00007ff800be0000 - 0x00007ff800c7e000 	C:\WINDOWS\System32\msvcrt.dll
0x00007ff8004f0000 - 0x00007ff80051f000 	C:\WINDOWS\System32\IMM32.DLL
0x00007ffff9e80000 - 0x00007ffff9e8c000 	C:\Program Files\Android\Android Studio\jbr\bin\vcruntime140_1.dll
0x00007fffd0b40000 - 0x00007fffd0bcd000 	C:\Program Files\Android\Android Studio\jbr\bin\msvcp140.dll
0x00007fff99070000 - 0x00007fff99cf3000 	C:\Program Files\Android\Android Studio\jbr\bin\server\jvm.dll
0x00007ff800440000 - 0x00007ff8004f0000 	C:\WINDOWS\System32\ADVAPI32.dll
0x00007ff800dc0000 - 0x00007ff800e60000 	C:\WINDOWS\System32\sechost.dll
0x00007ff800800000 - 0x00007ff800923000 	C:\WINDOWS\System32\RPCRT4.dll
0x00007ff8001b0000 - 0x00007ff8001d7000 	C:\WINDOWS\System32\bcrypt.dll
0x00007ffffebc0000 - 0x00007ffffec0b000 	C:\WINDOWS\SYSTEM32\POWRPROF.dll
0x00007ffff9fb0000 - 0x00007ffff9fb9000 	C:\WINDOWS\SYSTEM32\WSOCK32.dll
0x00007ff8002f0000 - 0x00007ff80035b000 	C:\WINDOWS\System32\WS2_32.dll
0x00007ffff3d40000 - 0x00007ffff3d67000 	C:\WINDOWS\SYSTEM32\WINMM.dll
0x00007ffff7e20000 - 0x00007ffff7e2a000 	C:\WINDOWS\SYSTEM32\VERSION.dll
0x00007ffffeba0000 - 0x00007ffffebb2000 	C:\WINDOWS\SYSTEM32\UMPDC.dll
0x00007ffffd090000 - 0x00007ffffd0a2000 	C:\WINDOWS\SYSTEM32\kernel.appcore.dll
0x00007ffff9210000 - 0x00007ffff921a000 	C:\Program Files\Android\Android Studio\jbr\bin\jimage.dll
0x00007ffff3150000 - 0x00007ffff3334000 	C:\WINDOWS\SYSTEM32\DBGHELP.DLL
0x00007ffff2260000 - 0x00007ffff2294000 	C:\WINDOWS\SYSTEM32\dbgcore.DLL
0x00007ff800260000 - 0x00007ff8002e2000 	C:\WINDOWS\System32\bcryptPrimitives.dll
0x00007fffea400000 - 0x00007fffea40e000 	C:\Program Files\Android\Android Studio\jbr\bin\instrument.dll
0x00007fffec6f0000 - 0x00007fffec715000 	C:\Program Files\Android\Android Studio\jbr\bin\java.dll
0x00007fffe89d0000 - 0x00007fffe89e8000 	C:\Program Files\Android\Android Studio\jbr\bin\zip.dll
0x00007fffff880000 - 0x00007ffffffec000 	C:\WINDOWS\System32\SHELL32.dll
0x00007ffffd290000 - 0x00007ffffda2e000 	C:\WINDOWS\SYSTEM32\windows.storage.dll
0x00007ff801380000 - 0x00007ff8016d3000 	C:\WINDOWS\System32\combase.dll
0x00007ffffec10000 - 0x00007ffffec3e000 	C:\WINDOWS\SYSTEM32\Wldp.dll
0x00007ff800a50000 - 0x00007ff800b1d000 	C:\WINDOWS\System32\OLEAUT32.dll
0x00007ff801a60000 - 0x00007ff801b0d000 	C:\WINDOWS\System32\SHCORE.dll
0x00007ff8003e0000 - 0x00007ff800435000 	C:\WINDOWS\System32\shlwapi.dll
0x00007fffff120000 - 0x00007fffff144000 	C:\WINDOWS\SYSTEM32\profapi.dll
0x00007fffe8640000 - 0x00007fffe8659000 	C:\Program Files\Android\Android Studio\jbr\bin\net.dll
0x00007ffff8090000 - 0x00007ffff819a000 	C:\WINDOWS\SYSTEM32\WINHTTP.dll
0x00007ffffe8a0000 - 0x00007ffffe90a000 	C:\WINDOWS\system32\mswsock.dll
0x00007fffe8580000 - 0x00007fffe8596000 	C:\Program Files\Android\Android Studio\jbr\bin\nio.dll
0x00007fffec5f0000 - 0x00007fffec600000 	C:\Program Files\Android\Android Studio\jbr\bin\verify.dll
0x00007fffd8500000 - 0x00007fffd8527000 	C:\Users\misha\.gradle\native\c067742578af261105cb4f569cf0c3c89f3d7b1fecec35dd04571415982c5e48\windows-amd64\native-platform.dll
0x00007fffd1be0000 - 0x00007fffd1d24000 	C:\Users\misha\.gradle\native\38dada09dfb8b06ba9b0570ebf7e218e3eb74d4ef43ca46872605cf95ebc2f47\windows-amd64\native-platform-file-events.dll
0x00007fffeb190000 - 0x00007fffeb199000 	C:\Program Files\Android\Android Studio\jbr\bin\management.dll
0x00007fffeadb0000 - 0x00007fffeadbb000 	C:\Program Files\Android\Android Studio\jbr\bin\management_ext.dll
0x00007ff801a50000 - 0x00007ff801a58000 	C:\WINDOWS\System32\PSAPI.DLL
0x00007ffffea90000 - 0x00007ffffeaa8000 	C:\WINDOWS\SYSTEM32\CRYPTSP.dll
0x00007ffffe1c0000 - 0x00007ffffe1f4000 	C:\WINDOWS\system32\rsaenh.dll
0x00007fffff090000 - 0x00007fffff0be000 	C:\WINDOWS\SYSTEM32\USERENV.dll
0x00007ffffeab0000 - 0x00007ffffeabc000 	C:\WINDOWS\SYSTEM32\CRYPTBASE.dll
0x00007ffffe580000 - 0x00007ffffe5bb000 	C:\WINDOWS\SYSTEM32\IPHLPAPI.DLL
0x00007ff800db0000 - 0x00007ff800db8000 	C:\WINDOWS\System32\NSI.dll
0x00007ffff96a0000 - 0x00007ffff96b7000 	C:\WINDOWS\SYSTEM32\dhcpcsvc6.DLL
0x00007ffff9390000 - 0x00007ffff93ad000 	C:\WINDOWS\SYSTEM32\dhcpcsvc.DLL
0x00007ffffe5c0000 - 0x00007ffffe68a000 	C:\WINDOWS\SYSTEM32\DNSAPI.dll
0x00007fffeccf0000 - 0x00007fffeccf9000 	C:\Program Files\Android\Android Studio\jbr\bin\extnet.dll
0x00007ffff66a0000 - 0x00007ffff66a7000 	C:\WINDOWS\system32\wshunix.dll

dbghelp: loaded successfully - version: 4.0.5 - missing functions: none
symbol engine: initialized successfully - sym options: 0x614 - pdb path: .;C:\Program Files\Android\Android Studio\jbr\bin;C:\WINDOWS\SYSTEM32;C:\WINDOWS\WinSxS\amd64_microsoft.windows.common-controls_6595b64144ccf1df_6.0.19041.4355_none_60b8b9eb71f62e16;C:\Program Files\Android\Android Studio\jbr\bin\server;C:\Users\misha\.gradle\native\c067742578af261105cb4f569cf0c3c89f3d7b1fecec35dd04571415982c5e48\windows-amd64;C:\Users\misha\.gradle\native\38dada09dfb8b06ba9b0570ebf7e218e3eb74d4ef43ca46872605cf95ebc2f47\windows-amd64

VM Arguments:
jvm_args: --add-opens=java.base/java.util=ALL-UNNAMED --add-opens=java.base/java.lang=ALL-UNNAMED --add-opens=java.base/java.lang.invoke=ALL-UNNAMED --add-opens=java.prefs/java.util.prefs=ALL-UNNAMED --add-opens=java.base/java.nio.charset=ALL-UNNAMED --add-opens=java.base/java.net=ALL-UNNAMED --add-opens=java.base/java.util.concurrent.atomic=ALL-UNNAMED -Xmx2048m -Dfile.encoding=UTF-8 -Duser.country=RU -Duser.language=ru -Duser.variant -javaagent:C:\Users\misha\.gradle\wrapper\dists\gradle-8.7-bin\bhs2wmbdwecv87pi65oeuq5iu\gradle-8.7\lib\agents\gradle-instrumentation-agent-8.7.jar 
java_command: org.gradle.launcher.daemon.bootstrap.GradleDaemon 8.7
java_class_path (initial): C:\Users\misha\.gradle\wrapper\dists\gradle-8.7-bin\bhs2wmbdwecv87pi65oeuq5iu\gradle-8.7\lib\gradle-launcher-8.7.jar
Launcher Type: SUN_STANDARD

[Global flags]
     intx CICompilerCount                          = 3                                         {product} {ergonomic}
     uint ConcGCThreads                            = 1                                         {product} {ergonomic}
     uint G1ConcRefinementThreads                  = 4                                         {product} {ergonomic}
   size_t G1HeapRegionSize                         = 1048576                                   {product} {ergonomic}
    uintx GCDrainStackTargetSize                   = 64                                        {product} {ergonomic}
   size_t InitialHeapSize                          = 134217728                                 {product} {ergonomic}
   size_t MarkStackSize                            = 4194304                                   {product} {ergonomic}
   size_t MaxHeapSize                              = 2147483648                                {product} {command line}
   size_t MaxNewSize                               = 1287651328                                {product} {ergonomic}
   size_t MinHeapDeltaBytes                        = 1048576                                   {product} {ergonomic}
   size_t MinHeapSize                              = 8388608                                   {product} {ergonomic}
    uintx NonNMethodCodeHeapSize                   = 5832780                                {pd product} {ergonomic}
    uintx NonProfiledCodeHeapSize                  = 122912730                              {pd product} {ergonomic}
    uintx ProfiledCodeHeapSize                     = 122912730                              {pd product} {ergonomic}
    uintx ReservedCodeCacheSize                    = 251658240                              {pd product} {ergonomic}
     bool SegmentedCodeCache                       = true                                      {product} {ergonomic}
   size_t SoftMaxHeapSize                          = 2147483648                             {manageable} {ergonomic}
     bool UseCompressedClassPointers               = true                           {product lp64_product} {ergonomic}
     bool UseCompressedOops                        = true                           {product lp64_product} {ergonomic}
     bool UseG1GC                                  = true                                      {product} {ergonomic}
     bool UseLargePagesIndividualAllocation        = false                                  {pd product} {ergonomic}

Logging:
Log output configuration:
 #0: stdout all=warning uptime,level,tags
 #1: stderr all=off uptime,level,tags

Environment Variables:
JAVA_HOME=C:\Program Files\Android\Android Studio\jbr
PATH=C:\WINDOWS\system32;C:\WINDOWS;C:\WINDOWS\System32\Wbem;C:\WINDOWS\System32\WindowsPowerShell\v1.0\;C:\WINDOWS\System32\OpenSSH\;C:\Program Files\NVIDIA Corporation\NVIDIA NvDLISR;C:\Program Files\Git\cmd;C:\Program Files\nodejs\;C:\Program Files (x86)\NVIDIA Corporation\PhysX\Common;C:\Users\misha\AppData\Local\Microsoft\WindowsApps;C:\Users\misha\AppData\Local\Programs\Microsoft VS Code\bin;C:\flutter\bin;C:\flutter;C:\Users\misha\AppData\Local\Android\Sdk;C:\Users\misha\AppData\Local\Pub\Cache\bin;C:\Program Files\Git\cmd;C:\Program Files\Git\bin;C:\Windows\System32;C:\Users\misha\StudioProjects\chat_app\functions;C:\Users\misha\AppData\Roaming;C:\flutter\bin\cache\dart-sdk\bin;C:\Users\misha\AppData\Roaming\npm
USERNAME=misha
OS=Windows_NT
PROCESSOR_IDENTIFIER=Intel64 Family 6 Model 158 Stepping 11, GenuineIntel
TMP=C:\Users\misha\AppData\Local\Temp
TEMP=C:\Users\misha\AppData\Local\Temp



Periodic native trim disabled

JNI global refs:
JNI global refs: 27, weak refs: 3

JNI global refs memory usage: 843, weak refs: 841

Process memory usage:
Resident Set Size: 306820K (3% of 8321972K total physical memory with 474212K free physical memory)

OOME stack traces (most recent first):
Classloader memory used:
Loader org.gradle.internal.classloader.VisitableURLClassLoader                         : 3787K
Loader bootstrap                                                                       : 2495K
Loader org.gradle.initialization.MixInLegacyTypesClassLoader                           : 1129K
Loader org.gradle.internal.classloader.VisitableURLClassLoader                         : 117K
Loader org.gradle.internal.classloader.VisitableURLClassLoader$InstrumentingVisitableURLClassLoader: 90798B
Loader jdk.internal.loader.ClassLoaders$PlatformClassLoader                            : 68040B
Loader jdk.internal.reflect.DelegatingClassLoader                                      : 34770B
Loader jdk.internal.loader.ClassLoaders$AppClassLoader                                 : 28714B
Loader org.gradle.groovy.scripts.internal.DefaultScriptCompilationHandler$ScriptClassLoader: 10741B
Loader org.codehaus.groovy.runtime.callsite.CallSiteClassLoader                        : 5853B

Classes loaded by more than one classloader:
Class org.gradle.internal.Cast                                                        : loaded 3 times (x 69B)
Class Program                                                                         : loaded 3 times (x 70B)
Class org.gradle.api.GradleException                                                  : loaded 3 times (x 80B)
Class org.gradle.internal.classpath.ClassPath                                         : loaded 2 times (x 68B)
Class org.gradle.api.internal.classpath.DefaultModuleRegistry                         : loaded 2 times (x 84B)
Class org.gradle.internal.exceptions.NonGradleCauseExceptionsHolder                   : loaded 2 times (x 68B)
Class Settings_gradle$1$1                                                             : loaded 2 times (x 72B)
Class org.gradle.api.Action                                                           : loaded 2 times (x 68B)
Class org.jetbrains.kotlin.idea.gradleTooling.model.samWithReceiver.SamWithReceiverModel: loaded 2 times (x 68B)
Class org.jetbrains.plugins.gradle.model.ExternalProject                              : loaded 2 times (x 68B)
Class org.jetbrains.plugins.gradle.model.IntelliJSettings                             : loaded 2 times (x 68B)
Class org.jetbrains.kotlin.idea.gradleTooling.KotlinMPPGradleModel                    : loaded 2 times (x 68B)
Class org.gradle.api.internal.DefaultClassPathProvider                                : loaded 2 times (x 74B)
Class org.gradle.internal.installation.GradleInstallation$1                           : loaded 2 times (x 73B)
Class org.gradle.internal.exceptions.DefaultMultiCauseException                       : loaded 2 times (x 93B)
Class org.gradle.tooling.model.UnsupportedMethodException                             : loaded 2 times (x 80B)
Class org.gradle.internal.time.MonotonicClock                                         : loaded 2 times (x 75B)
Class org.gradle.internal.classloader.FilteringClassLoader                            : loaded 2 times (x 103B)
Class org.gradle.tooling.model.Model                                                  : loaded 2 times (x 68B)
Class org.gradle.internal.classpath.DefaultClassPath$ImmutableUniqueList$Builder      : loaded 2 times (x 73B)
Class org.jetbrains.kotlin.idea.gradleTooling.KotlinSourceSetContainer                : loaded 2 times (x 68B)
Class org.gradle.internal.classloader.ClassLoaderVisitor                              : loaded 2 times (x 74B)
Class org.gradle.internal.time.DefaultCountdownTimer                                  : loaded 2 times (x 86B)
Class org.gradle.internal.service.DefaultServiceLocator                               : loaded 2 times (x 81B)
Class org.jetbrains.plugins.gradle.model.jar.JarTaskManifestConfiguration             : loaded 2 times (x 68B)
Class org.gradle.internal.service.UnknownServiceException                             : loaded 2 times (x 81B)
Class org.jetbrains.plugins.gradle.model.DependencyAccessorsModel                     : loaded 2 times (x 68B)
Class org.gradle.internal.classloader.DefaultClassLoaderFactory                       : loaded 2 times (x 80B)
Class org.jetbrains.plugins.gradle.model.GradleExtensions                             : loaded 2 times (x 68B)
Class org.jetbrains.plugins.gradle.model.VersionCatalogsModel                         : loaded 2 times (x 68B)
Class org.gradle.internal.classloader.VisitableURLClassLoader$Spec                    : loaded 2 times (x 72B)
Class org.gradle.tooling.model.ProjectModel                                           : loaded 2 times (x 68B)
Class org.jetbrains.plugins.gradle.model.MavenRepositoryModel                         : loaded 2 times (x 68B)
Class org.gradle.tooling.internal.gradle.DefaultProjectIdentifier                     : loaded 2 times (x 84B)
Class org.gradle.util.GradleVersion                                                   : loaded 2 times (x 81B)
Class org.jetbrains.plugins.gradle.model.RepositoriesModel                            : loaded 2 times (x 68B)
Class kotlin.jvm.internal.markers.KMappedMarker                                       : loaded 2 times (x 68B)
Class org.gradle.api.internal.ClassPathProvider                                       : loaded 2 times (x 68B)
Class org.gradle.internal.classloader.ClasspathUtil$1                                 : loaded 2 times (x 74B)
Class org.gradle.internal.classloader.ClassLoaderFactory                              : loaded 2 times (x 68B)
Class org.gradle.api.internal.classpath.ManifestUtil                                  : loaded 2 times (x 69B)
Class org.gradle.api.specs.Spec                                                       : loaded 2 times (x 68B)
Class org.gradle.tooling.internal.gradle.GradleBuildIdentity                          : loaded 2 times (x 68B)
Class org.gradle.internal.IoActions                                                   : loaded 2 times (x 69B)
Class org.gradle.api.internal.classpath.EffectiveClassPath                            : loaded 2 times (x 88B)
Class kotlin.jvm.internal.DefaultConstructorMarker                                    : loaded 2 times (x 69B)
Class org.gradle.internal.exceptions.ResolutionProvider                               : loaded 2 times (x 68B)
Class org.jetbrains.kotlin.idea.gradleTooling.model.annotation.AnnotationBasedPluginModel: loaded 2 times (x 68B)
Class org.jetbrains.kotlin.idea.gradleTooling.model.assignment.AssignmentModel        : loaded 2 times (x 68B)
Class org.gradle.internal.installation.CurrentGradleInstallation                      : loaded 2 times (x 71B)
Class org.gradle.internal.agents.InstrumentingClassLoader                             : loaded 2 times (x 68B)
Class org.gradle.internal.installation.CurrentGradleInstallationLocator               : loaded 2 times (x 69B)
Class org.gradle.api.internal.classpath.Module                                        : loaded 2 times (x 68B)
Class org.gradle.internal.service.CachingServiceLocator                               : loaded 2 times (x 80B)
Class org.gradle.internal.time.Timer                                                  : loaded 2 times (x 68B)
Class org.jetbrains.plugins.gradle.model.tests.ExternalTestsModel                     : loaded 2 times (x 68B)
Class org.jetbrains.kotlin.idea.gradleTooling.KotlinDslScriptAdditionalTask           : loaded 2 times (x 68B)
Class org.gradle.internal.classpath.DefaultClassPath                                  : loaded 2 times (x 88B)
Class com.intellij.openapi.externalSystem.model.project.dependencies.ProjectDependencies: loaded 2 times (x 68B)
Class org.jetbrains.kotlin.idea.gradleTooling.PrepareKotlinIdeImportTaskModel         : loaded 2 times (x 68B)
Class org.gradle.internal.impldep.com.google.common.base.Preconditions                : loaded 2 times (x 69B)
Class kotlin.jvm.functions.Function1                                                  : loaded 2 times (x 68B)
Class org.gradle.internal.time.Time                                                   : loaded 2 times (x 69B)
Class org.gradle.internal.time.TimeSource$1                                           : loaded 2 times (x 75B)
Class org.gradle.internal.classloader.SystemClassLoaderSpec                           : loaded 2 times (x 69B)
Class kotlin.Function                                                                 : loaded 2 times (x 68B)
Class org.gradle.api.UncheckedIOException                                             : loaded 2 times (x 80B)
Class org.gradle.api.internal.classpath.ModuleRegistry                                : loaded 2 times (x 68B)
Class sync_studio_tooling1110_efy6ps877u7rk5fm6mlv8qnyz                               : loaded 2 times (x 177B)
Class org.gradle.tooling.internal.gradle.GradleProjectIdentity                        : loaded 2 times (x 68B)
Class org.gradle.internal.time.CountdownTimer                                         : loaded 2 times (x 68B)
Class org.gradle.internal.time.Clock                                                  : loaded 2 times (x 68B)
Class org.gradle.internal.classloader.ClasspathUtil                                   : loaded 2 times (x 69B)
Class org.gradle.tooling.model.BuildIdentifier                                        : loaded 2 times (x 68B)
Class org.gradle.api.internal.DefaultClassPathRegistry                                : loaded 2 times (x 74B)
Class org.gradle.api.internal.classpath.DefaultModuleRegistry$DefaultModule           : loaded 2 times (x 84B)
Class org.gradle.internal.time.TimeSource                                             : loaded 2 times (x 68B)
Class org.jetbrains.kotlin.android.synthetic.idea.AndroidExtensionsGradleModel        : loaded 2 times (x 68B)
Class org.gradle.api.internal.classpath.UnknownModuleException                        : loaded 2 times (x 80B)
Class org.jetbrains.plugins.gradle.model.IntelliJProjectSettings                      : loaded 2 times (x 68B)
Class org.gradle.internal.service.ServiceLookupException                              : loaded 2 times (x 80B)
Class org.gradle.cache.GlobalCache                                                    : loaded 2 times (x 68B)
Class org.jetbrains.kotlin.idea.gradleTooling.model.lombok.LombokModel                : loaded 2 times (x 68B)
Class org.gradle.tooling.model.ProjectIdentifier                                      : loaded 2 times (x 68B)
Class ijInit1_7id0x5ejxwkxlzm11nzr7xqqq                                               : loaded 2 times (x 177B)
Class [Lorg.gradle.api.internal.ClassPathProvider;                                    : loaded 2 times (x 67B)
Class org.gradle.internal.operations.MultipleBuildOperationFailures                   : loaded 2 times (x 93B)
Class org.gradle.util.internal.GUtil                                                  : loaded 2 times (x 69B)
Class org.jetbrains.plugins.gradle.model.AnnotationProcessingModel                    : loaded 2 times (x 68B)
Class org.gradle.internal.classloader.ClassLoaderSpec                                 : loaded 2 times (x 69B)
Class sync_studio_tooling1110_efy6ps877u7rk5fm6mlv8qnyz$_run_closure1                 : loaded 2 times (x 137B)
Class org.gradle.internal.classloader.VisitableURLClassLoader                         : loaded 2 times (x 115B)
Class org.gradle.internal.installation.GradleInstallation                             : loaded 2 times (x 73B)
Class org.gradle.api.internal.ClassPathRegistry                                       : loaded 2 times (x 68B)
Class org.gradle.internal.classloader.VisitableURLClassLoader$InstrumentingVisitableURLClassLoader: loaded 2 times (x 121B)
Class org.gradle.internal.classloader.ClassLoaderHierarchy                            : loaded 2 times (x 68B)
Class org.gradle.internal.exceptions.MultiCauseException                              : loaded 2 times (x 68B)
Class org.jetbrains.kotlin.idea.gradleTooling.model.parcelize.ParcelizeGradleModel    : loaded 2 times (x 68B)
Class org.gradle.internal.InternalTransformer                                         : loaded 2 times (x 68B)
Class org.jetbrains.kotlin.idea.gradleTooling.model.noarg.NoArgModel                  : loaded 2 times (x 68B)
Class org.jetbrains.kotlin.idea.gradleTooling.KotlinGradleModel                       : loaded 2 times (x 68B)
Class org.gradle.tooling.internal.gradle.DefaultBuildIdentifier                       : loaded 2 times (x 77B)
Class org.gradle.internal.service.ServiceLocator                                      : loaded 2 times (x 68B)
Class Settings_gradle$1                                                               : loaded 2 times (x 72B)
Class org.jetbrains.kotlin.idea.gradleTooling.model.allopen.AllOpenModel              : loaded 2 times (x 68B)
Class org.gradle.internal.classpath.DefaultClassPath$ImmutableUniqueList              : loaded 2 times (x 159B)
Class org.gradle.internal.time.DefaultTimer                                           : loaded 2 times (x 78B)
Class org.gradle.internal.classpath.TransformedClassPath                              : loaded 2 times (x 94B)
Class Settings_gradle                                                                 : loaded 2 times (x 126B)


---------------  S Y S T E M  ---------------

OS:
 Windows 10 , 64 bit Build 19041 (10.0.19041.4597)
OS uptime: 4 days 10:30 hours

CPU: total 4 (initial active 4) (4 cores per cpu, 1 threads per core) family 6 model 158 stepping 11 microcode 0xb4, cx8, cmov, fxsr, mmx, 3dnowpref, sse, sse2, sse3, ssse3, sse4.1, sse4.2, popcnt, lzcnt, tsc, tscinvbit, avx, avx2, aes, erms, clmul, bmi1, bmi2, adx, fma, vzeroupper, clflush, clflushopt
Processor Information for all 4 processors :
  Max Mhz: 3600, Current Mhz: 3600, Mhz Limit: 3600

Memory: 4k page, system-wide physical 8126M (463M free)
TotalPageFile size 22359M (AvailPageFile size 61M)
current process WorkingSet (physical memory assigned to process): 299M, peak: 302M
current process commit charge ("private bytes"): 331M, peak: 353M

vm_info: OpenJDK 64-Bit Server VM (17.0.11+0--11852314) for windows-amd64 JRE (17.0.11+0--11852314), built on May 16 2024 21:29:20 by "androidbuild" with MS VC++ 16.10 / 16.11 (VS2019)

END.
