#
# There is insufficient memory for the Java Runtime Environment to continue.
# Native memory allocation (mmap) failed to map 56623104 bytes. Error detail: G1 virtual space
# Possible reasons:
#   The system is out of physical RAM or swap space
#   This process is running with CompressedOops enabled, and the Java Heap may be blocking the growth of the native heap
# Possible solutions:
#   Reduce memory load on the system
#   Increase physical memory or swap space
#   Check if swap backing store is full
#   Decrease Java heap size (-Xmx/-Xms)
#   Decrease number of Java threads
#   Decrease Java thread stack sizes (-Xss)
#   Set larger code cache with -XX:ReservedCodeCacheSize=
#   JVM is running with Unscaled Compressed Oops mode in which the Java heap is
#     placed in the first 4GB address space. The Java Heap base address is the
#     maximum limit for the native heap growth. Please use -XX:HeapBaseMinAddress
#     to set the Java Heap base and to place the Java Heap above 4GB virtual address.
# This output file may be truncated or incomplete.
#
#  Out of Memory Error (os_windows.cpp:3825), pid=8580, tid=14656
#
# JRE version: OpenJDK Runtime Environment (17.0.11) (build 17.0.11+0--11852314)
# Java VM: OpenJDK 64-Bit Server VM (17.0.11+0--11852314, mixed mode, tiered, compressed oops, compressed class ptrs, g1 gc, windows-amd64)
# No core dump will be written. Minidumps are not enabled by default on client versions of Windows
#

---------------  S U M M A R Y ------------

Command Line: --add-opens=java.base/java.util=ALL-UNNAMED --add-opens=java.base/java.lang=ALL-UNNAMED --add-opens=java.base/java.lang.invoke=ALL-UNNAMED --add-opens=java.prefs/java.util.prefs=ALL-UNNAMED --add-opens=java.base/java.nio.charset=ALL-UNNAMED --add-opens=java.base/java.net=ALL-UNNAMED --add-opens=java.base/java.util.concurrent.atomic=ALL-UNNAMED -Xmx2048m -Dfile.encoding=UTF-8 -Duser.country=RU -Duser.language=ru -Duser.variant -javaagent:C:\Users\misha\.gradle\wrapper\dists\gradle-8.7-bin\bhs2wmbdwecv87pi65oeuq5iu\gradle-8.7\lib\agents\gradle-instrumentation-agent-8.7.jar org.gradle.launcher.daemon.bootstrap.GradleDaemon 8.7

Host: Intel(R) Core(TM) i3-8100 CPU @ 3.60GHz, 4 cores, 7G,  Windows 10 , 64 bit Build 19041 (10.0.19041.4597)
Time: Wed Jul 24 17:45:33 2024 RTZ 2 (s 10 , 64 bit Build 19041 (10.0.19041.4597) elapsed time: 6.659746 seconds (0d 0h 0m 6s)

---------------  T H R E A D  ---------------

Current thread (0x0000027121861650):  VMThread "VM Thread" [stack: 0x0000009b30600000,0x0000009b30700000] [id=14656]

Stack: [0x0000009b30600000,0x0000009b30700000]
Native frames: (J=compiled Java code, j=interpreted, Vv=VM code, C=native code)
V  [jvm.dll+0x687bb9]
V  [jvm.dll+0x84142a]
V  [jvm.dll+0x8430ae]
V  [jvm.dll+0x843713]
V  [jvm.dll+0x24a35f]
V  [jvm.dll+0x684989]
V  [jvm.dll+0x67923a]
V  [jvm.dll+0x30af0b]
V  [jvm.dll+0x3123b6]
V  [jvm.dll+0x361dfe]
V  [jvm.dll+0x36202f]
V  [jvm.dll+0x2e0d38]
V  [jvm.dll+0x2df144]
V  [jvm.dll+0x2de74c]
V  [jvm.dll+0x32305b]
V  [jvm.dll+0x847e0b]
V  [jvm.dll+0x848b42]
V  [jvm.dll+0x84905d]
V  [jvm.dll+0x849434]
V  [jvm.dll+0x849500]
V  [jvm.dll+0x7efa4a]
V  [jvm.dll+0x686a35]
C  [ucrtbase.dll+0x21bb2]
C  [KERNEL32.DLL+0x17374]
C  [ntdll.dll+0x4cc91]

VM_Operation (0x0000009b321fdc30): G1CollectForAllocation, mode: safepoint, requested by thread 0x0000027127f2a310


---------------  P R O C E S S  ---------------

Threads class SMR info:
_java_thread_list=0x0000027126131450, length=49, elements={
0x000002710827db60, 0x00000271219d3620, 0x0000027121865900, 0x00000271219ddc20,
0x00000271219e0600, 0x00000271219e0ed0, 0x00000271219e17a0, 0x000002712187cc80,
0x000002712187fc60, 0x0000027121882580, 0x0000027121b6b340, 0x0000027121c9d2e0,
0x0000027126054980, 0x0000027127a687c0, 0x0000027127f2d1f0, 0x0000027126e79310,
0x00000271270f6200, 0x000002712837b9a0, 0x0000027126b03150, 0x0000027126b03630,
0x0000027127747580, 0x0000027127f29e00, 0x0000027127f28ed0, 0x0000027127f2a310,
0x0000027127f2a820, 0x0000027127f289c0, 0x0000027127f293e0, 0x0000027127f27fa0,
0x0000027127f27070, 0x0000027127f27a90, 0x0000027127f284b0, 0x0000027127f298f0,
0x00000271291e6ef0, 0x00000271291eabb0, 0x00000271291eb0c0, 0x00000271291e7400,
0x00000271291e9260, 0x00000271291e8840, 0x00000271291e7910, 0x00000271291e7e20,
0x00000271291eb5d0, 0x00000271291e4670, 0x00000271291ebae0, 0x00000271291e55a0,
0x00000271291e8330, 0x00000271291e8d50, 0x00000271291e9770, 0x00000271291e5ab0,
0x00000271262357c0
}

Java Threads: ( => current thread )
  0x000002710827db60 JavaThread "main" [_thread_blocked, id=5812, stack(0x0000009b30000000,0x0000009b30100000)]
  0x00000271219d3620 JavaThread "Reference Handler" daemon [_thread_blocked, id=12168, stack(0x0000009b30700000,0x0000009b30800000)]
  0x0000027121865900 JavaThread "Finalizer" daemon [_thread_blocked, id=14708, stack(0x0000009b30800000,0x0000009b30900000)]
  0x00000271219ddc20 JavaThread "Signal Dispatcher" daemon [_thread_blocked, id=3616, stack(0x0000009b30900000,0x0000009b30a00000)]
  0x00000271219e0600 JavaThread "Attach Listener" daemon [_thread_blocked, id=7024, stack(0x0000009b30a00000,0x0000009b30b00000)]
  0x00000271219e0ed0 JavaThread "Service Thread" daemon [_thread_blocked, id=3232, stack(0x0000009b30b00000,0x0000009b30c00000)]
  0x00000271219e17a0 JavaThread "Monitor Deflation Thread" daemon [_thread_blocked, id=14080, stack(0x0000009b30c00000,0x0000009b30d00000)]
  0x000002712187cc80 JavaThread "C2 CompilerThread0" daemon [_thread_blocked, id=8492, stack(0x0000009b30d00000,0x0000009b30e00000)]
  0x000002712187fc60 JavaThread "C1 CompilerThread0" daemon [_thread_blocked, id=15852, stack(0x0000009b30e00000,0x0000009b30f00000)]
  0x0000027121882580 JavaThread "Sweeper thread" daemon [_thread_blocked, id=4804, stack(0x0000009b30f00000,0x0000009b31000000)]
  0x0000027121b6b340 JavaThread "Common-Cleaner" daemon [_thread_blocked, id=940, stack(0x0000009b31000000,0x0000009b31100000)]
  0x0000027121c9d2e0 JavaThread "Notification Thread" daemon [_thread_blocked, id=6836, stack(0x0000009b31100000,0x0000009b31200000)]
  0x0000027126054980 JavaThread "C2 CompilerThread1" daemon [_thread_blocked, id=11012, stack(0x0000009b31300000,0x0000009b31400000)]
  0x0000027127a687c0 JavaThread "Daemon health stats" [_thread_blocked, id=14848, stack(0x0000009b31700000,0x0000009b31800000)]
  0x0000027127f2d1f0 JavaThread "Incoming local TCP Connector on port 56767" [_thread_in_native, id=16104, stack(0x0000009b31800000,0x0000009b31900000)]
  0x0000027126e79310 JavaThread "Daemon periodic checks" [_thread_blocked, id=3608, stack(0x0000009b31900000,0x0000009b31a00000)]
  0x00000271270f6200 JavaThread "Daemon" [_thread_blocked, id=672, stack(0x0000009b31a00000,0x0000009b31b00000)]
  0x000002712837b9a0 JavaThread "Handler for socket connection from /127.0.0.1:56767 to /127.0.0.1:56768" [_thread_in_native, id=13688, stack(0x0000009b31b00000,0x0000009b31c00000)]
  0x0000027126b03150 JavaThread "Cancel handler" [_thread_blocked, id=5724, stack(0x0000009b31c00000,0x0000009b31d00000)]
  0x0000027126b03630 JavaThread "Daemon worker" [_thread_blocked, id=12440, stack(0x0000009b31d00000,0x0000009b31e00000)]
  0x0000027127747580 JavaThread "Asynchronous log dispatcher for DefaultDaemonConnection: socket connection from /127.0.0.1:56767 to /127.0.0.1:56768" [_thread_blocked, id=12356, stack(0x0000009b31e00000,0x0000009b31f00000)]
  0x0000027127f29e00 JavaThread "Stdin handler" [_thread_blocked, id=9612, stack(0x0000009b31f00000,0x0000009b32000000)]
  0x0000027127f28ed0 JavaThread "Daemon client event forwarder" [_thread_blocked, id=3328, stack(0x0000009b32000000,0x0000009b32100000)]
  0x0000027127f2a310 JavaThread "Cache worker for journal cache (C:\Users\misha\.gradle\caches\journal-1)" [_thread_blocked, id=14864, stack(0x0000009b32100000,0x0000009b32200000)]
  0x0000027127f2a820 JavaThread "File lock request listener" [_thread_in_native, id=3572, stack(0x0000009b32200000,0x0000009b32300000)]
  0x0000027127f289c0 JavaThread "Cache worker for file hash cache (C:\Users\misha\.gradle\caches\8.7\fileHashes)" [_thread_blocked, id=12036, stack(0x0000009b32300000,0x0000009b32400000)]
  0x0000027127f293e0 JavaThread "Cache worker for file hash cache (C:\Users\misha\StudioProjects\Playlist_Maker\.gradle\8.7\fileHashes)" [_thread_blocked, id=10272, stack(0x0000009b32400000,0x0000009b32500000)]
  0x0000027127f27fa0 JavaThread "File watcher server" daemon [_thread_blocked, id=8524, stack(0x0000009b32500000,0x0000009b32600000)]
  0x0000027127f27070 JavaThread "File watcher consumer" daemon [_thread_blocked, id=7432, stack(0x0000009b32600000,0x0000009b32700000)]
  0x0000027127f27a90 JavaThread "jar transforms" [_thread_blocked, id=128, stack(0x0000009b32700000,0x0000009b32800000)]
  0x0000027127f284b0 JavaThread "jar transforms Thread 2" [_thread_blocked, id=2396, stack(0x0000009b32800000,0x0000009b32900000)]
  0x0000027127f298f0 JavaThread "jar transforms Thread 3" [_thread_blocked, id=3836, stack(0x0000009b32900000,0x0000009b32a00000)]
  0x00000271291e6ef0 JavaThread "jar transforms Thread 4" [_thread_blocked, id=1764, stack(0x0000009b32a00000,0x0000009b32b00000)]
  0x00000271291eabb0 JavaThread "Cache worker for checksums cache (C:\Users\misha\StudioProjects\Playlist_Maker\.gradle\8.7\checksums)" [_thread_blocked, id=3532, stack(0x0000009b32b00000,0x0000009b32c00000)]
  0x00000271291eb0c0 JavaThread "Cache worker for cache directory md-supplier (C:\Users\misha\.gradle\caches\8.7\md-supplier)" [_thread_blocked, id=6120, stack(0x0000009b32c00000,0x0000009b32d00000)]
  0x00000271291e7400 JavaThread "Cache worker for cache directory md-rule (C:\Users\misha\.gradle\caches\8.7\md-rule)" [_thread_blocked, id=3916, stack(0x0000009b32d00000,0x0000009b32e00000)]
  0x00000271291e9260 JavaThread "Cache worker for file content cache (C:\Users\misha\.gradle\caches\8.7\fileContent)" [_thread_blocked, id=6256, stack(0x0000009b32e00000,0x0000009b32f00000)]
  0x00000271291e8840 JavaThread "Unconstrained build operations" [_thread_blocked, id=2252, stack(0x0000009b32f00000,0x0000009b33000000)]
  0x00000271291e7910 JavaThread "Unconstrained build operations Thread 2" [_thread_blocked, id=10968, stack(0x0000009b33000000,0x0000009b33100000)]
  0x00000271291e7e20 JavaThread "Unconstrained build operations Thread 3" [_thread_blocked, id=4928, stack(0x0000009b33100000,0x0000009b33200000)]
  0x00000271291eb5d0 JavaThread "Unconstrained build operations Thread 4" [_thread_blocked, id=14956, stack(0x0000009b33200000,0x0000009b33300000)]
  0x00000271291e4670 JavaThread "Unconstrained build operations Thread 5" [_thread_blocked, id=14028, stack(0x0000009b33300000,0x0000009b33400000)]
  0x00000271291ebae0 JavaThread "Cache worker for Build Output Cleanup Cache (C:\Users\misha\StudioProjects\Playlist_Maker\.gradle\buildOutputCleanup)" [_thread_blocked, id=720, stack(0x0000009b33400000,0x0000009b33500000)]
  0x00000271291e55a0 JavaThread "Unconstrained build operations Thread 6" [_thread_blocked, id=9804, stack(0x0000009b33500000,0x0000009b33600000)]
  0x00000271291e8330 JavaThread "Unconstrained build operations Thread 7" [_thread_blocked, id=2384, stack(0x0000009b33600000,0x0000009b33700000)]
  0x00000271291e8d50 JavaThread "Unconstrained build operations Thread 8" [_thread_blocked, id=12660, stack(0x0000009b33700000,0x0000009b33800000)]
  0x00000271291e9770 JavaThread "Unconstrained build operations Thread 9" [_thread_blocked, id=13912, stack(0x0000009b33800000,0x0000009b33900000)]
  0x00000271291e5ab0 JavaThread "Unconstrained build operations Thread 10" [_thread_blocked, id=16360, stack(0x0000009b33900000,0x0000009b33a00000)]
  0x00000271262357c0 JavaThread "Unconstrained build operations Thread 11" [_thread_blocked, id=11244, stack(0x0000009b33a00000,0x0000009b33b00000)]

Other Threads:
=>0x0000027121861650 VMThread "VM Thread" [stack: 0x0000009b30600000,0x0000009b30700000] [id=14656]
  0x0000027121d53e20 WatcherThread [stack: 0x0000009b31200000,0x0000009b31300000] [id=14120]
  0x00000271082da170 GCTaskThread "GC Thread#0" [stack: 0x0000009b30100000,0x0000009b30200000] [id=7848]
  0x00000271260d9ef0 GCTaskThread "GC Thread#1" [stack: 0x0000009b31400000,0x0000009b31500000] [id=3472]
  0x000002712626d680 GCTaskThread "GC Thread#2" [stack: 0x0000009b31500000,0x0000009b31600000] [id=14392]
  0x00000271260329a0 GCTaskThread "GC Thread#3" [stack: 0x0000009b31600000,0x0000009b31700000] [id=14616]
  0x00000271082eafd0 ConcurrentGCThread "G1 Main Marker" [stack: 0x0000009b30200000,0x0000009b30300000] [id=1900]
  0x00000271082eb900 ConcurrentGCThread "G1 Conc#0" [stack: 0x0000009b30300000,0x0000009b30400000] [id=9224]
  0x000002710833cfd0 ConcurrentGCThread "G1 Refine#0" [stack: 0x0000009b30400000,0x0000009b30500000] [id=3236]
  0x000002710833d910 ConcurrentGCThread "G1 Service" [stack: 0x0000009b30500000,0x0000009b30600000] [id=14832]

Threads with active compile tasks:
C2 CompilerThread0     6680 7009   !   4       java.util.concurrent.ConcurrentHashMap::replaceNode (437 bytes)
C1 CompilerThread0     6680 7011       3       org.gradle.internal.logging.progress.DefaultProgressLoggerFactory$ProgressLoggerImpl::started (191 bytes)
C2 CompilerThread1     6680 7006       4       java.util.stream.AbstractPipeline::<init> (91 bytes)

VM state: at safepoint (normal execution)

VM Mutex/Monitor currently owned by a thread:  ([mutex/lock_event])
[0x000002710827a340] Threads_lock - owner thread: 0x0000027121861650
[0x000002710827a730] Heap_lock - owner thread: 0x0000027127f2a310

Heap address: 0x0000000080000000, size: 2048 MB, Compressed Oops mode: 32-bit

CDS archive(s) not mapped
Compressed class space mapped at: 0x0000000100000000-0x0000000140000000, reserved size: 1073741824
Narrow klass base: 0x0000000000000000, Narrow klass shift: 3, Narrow klass range: 0x140000000

GC Precious Log:
 CPUs: 4 total, 4 available
 Memory: 8126M
 Large Page Support: Disabled
 NUMA Support: Disabled
 Compressed Oops: Enabled (32-bit)
 Heap Region Size: 1M
 Heap Min Capacity: 8M
 Heap Initial Capacity: 128M
 Heap Max Capacity: 2G
 Pre-touch: Disabled
 Parallel Workers: 4
 Concurrent Workers: 1
 Concurrent Refinement Workers: 4
 Periodic GC: Disabled

Heap:
 garbage-first heap   total 131072K, used 79306K [0x0000000080000000, 0x0000000100000000)
  region size 1024K, 4 young (4096K), 4 survivors (4096K)
 Metaspace       used 62062K, committed 62720K, reserved 1114112K
  class space    used 8477K, committed 8768K, reserved 1048576K

Heap Regions: E=young(eden), S=young(survivor), O=old, HS=humongous(starts), HC=humongous(continues), CS=collection set, F=free, OA=open archive, CA=closed archive, TAMS=top-at-mark-start (previous, next)
|   0|0x0000000080000000, 0x0000000080100000, 0x0000000080100000|100%| O|  |TAMS 0x0000000080100000, 0x0000000080100000| Untracked 
|   1|0x0000000080100000, 0x0000000080200000, 0x0000000080200000|100%|HS|  |TAMS 0x0000000080200000, 0x0000000080200000| Complete 
|   2|0x0000000080200000, 0x0000000080300000, 0x0000000080300000|100%|HC|  |TAMS 0x0000000080300000, 0x0000000080300000| Complete 
|   3|0x0000000080300000, 0x0000000080400000, 0x0000000080400000|100%|HC|  |TAMS 0x0000000080400000, 0x0000000080400000| Complete 
|   4|0x0000000080400000, 0x0000000080500000, 0x0000000080500000|100%|HC|  |TAMS 0x0000000080500000, 0x0000000080500000| Complete 
|   5|0x0000000080500000, 0x0000000080600000, 0x0000000080600000|100%| O|  |TAMS 0x0000000080600000, 0x0000000080600000| Untracked 
|   6|0x0000000080600000, 0x0000000080700000, 0x0000000080700000|100%| O|  |TAMS 0x0000000080700000, 0x0000000080700000| Untracked 
|   7|0x0000000080700000, 0x0000000080800000, 0x0000000080800000|100%| O|  |TAMS 0x0000000080800000, 0x0000000080800000| Untracked 
|   8|0x0000000080800000, 0x0000000080900000, 0x0000000080900000|100%| O|  |TAMS 0x0000000080900000, 0x0000000080900000| Untracked 
|   9|0x0000000080900000, 0x0000000080a00000, 0x0000000080a00000|100%| O|  |TAMS 0x0000000080a00000, 0x0000000080a00000| Untracked 
|  10|0x0000000080a00000, 0x0000000080a72808, 0x0000000080b00000| 44%| O|  |TAMS 0x0000000080a00000, 0x0000000080a00000| Untracked 
|  11|0x0000000080b00000, 0x0000000080c00000, 0x0000000080c00000|100%| O|  |TAMS 0x0000000080c00000, 0x0000000080c00000| Untracked 
|  12|0x0000000080c00000, 0x0000000080d00000, 0x0000000080d00000|100%| O|  |TAMS 0x0000000080d00000, 0x0000000080d00000| Untracked 
|  13|0x0000000080d00000, 0x0000000080e00000, 0x0000000080e00000|100%| O|  |TAMS 0x0000000080e00000, 0x0000000080e00000| Untracked 
|  14|0x0000000080e00000, 0x0000000080f00000, 0x0000000080f00000|100%| O|  |TAMS 0x0000000080f00000, 0x0000000080f00000| Untracked 
|  15|0x0000000080f00000, 0x0000000081000000, 0x0000000081000000|100%| O|  |TAMS 0x0000000081000000, 0x0000000081000000| Untracked 
|  16|0x0000000081000000, 0x0000000081100000, 0x0000000081100000|100%| O|  |TAMS 0x0000000081100000, 0x0000000081100000| Untracked 
|  17|0x0000000081100000, 0x0000000081200000, 0x0000000081200000|100%| O|  |TAMS 0x0000000081200000, 0x0000000081200000| Untracked 
|  18|0x0000000081200000, 0x0000000081300000, 0x0000000081300000|100%| O|  |TAMS 0x0000000081300000, 0x0000000081300000| Untracked 
|  19|0x0000000081300000, 0x0000000081400000, 0x0000000081400000|100%| O|  |TAMS 0x0000000081400000, 0x0000000081400000| Untracked 
|  20|0x0000000081400000, 0x0000000081500000, 0x0000000081500000|100%| O|  |TAMS 0x0000000081500000, 0x0000000081500000| Untracked 
|  21|0x0000000081500000, 0x0000000081600000, 0x0000000081600000|100%| O|  |TAMS 0x0000000081600000, 0x0000000081600000| Untracked 
|  22|0x0000000081600000, 0x0000000081700000, 0x0000000081700000|100%|HS|  |TAMS 0x0000000081700000, 0x0000000081700000| Complete 
|  23|0x0000000081700000, 0x0000000081800000, 0x0000000081800000|100%|HC|  |TAMS 0x0000000081800000, 0x0000000081800000| Complete 
|  24|0x0000000081800000, 0x0000000081900000, 0x0000000081900000|100%|HC|  |TAMS 0x0000000081900000, 0x0000000081900000| Complete 
|  25|0x0000000081900000, 0x0000000081a00000, 0x0000000081a00000|100%|HC|  |TAMS 0x0000000081a00000, 0x0000000081a00000| Complete 
|  26|0x0000000081a00000, 0x0000000081b00000, 0x0000000081b00000|100%|HC|  |TAMS 0x0000000081b00000, 0x0000000081b00000| Complete 
|  27|0x0000000081b00000, 0x0000000081c00000, 0x0000000081c00000|100%|HS|  |TAMS 0x0000000081c00000, 0x0000000081c00000| Complete 
|  28|0x0000000081c00000, 0x0000000081d00000, 0x0000000081d00000|100%|HC|  |TAMS 0x0000000081d00000, 0x0000000081d00000| Complete 
|  29|0x0000000081d00000, 0x0000000081e00000, 0x0000000081e00000|100%|HC|  |TAMS 0x0000000081e00000, 0x0000000081e00000| Complete 
|  30|0x0000000081e00000, 0x0000000081f00000, 0x0000000081f00000|100%|HS|  |TAMS 0x0000000081f00000, 0x0000000081f00000| Complete 
|  31|0x0000000081f00000, 0x0000000082000000, 0x0000000082000000|100%|HC|  |TAMS 0x0000000082000000, 0x0000000082000000| Complete 
|  32|0x0000000082000000, 0x0000000082100000, 0x0000000082100000|100%|HC|  |TAMS 0x0000000082100000, 0x0000000082100000| Complete 
|  33|0x0000000082100000, 0x0000000082200000, 0x0000000082200000|100%| O|  |TAMS 0x0000000082200000, 0x0000000082200000| Untracked 
|  34|0x0000000082200000, 0x0000000082300000, 0x0000000082300000|100%| O|  |TAMS 0x0000000082300000, 0x0000000082300000| Untracked 
|  35|0x0000000082300000, 0x0000000082400000, 0x0000000082400000|100%| O|  |TAMS 0x0000000082400000, 0x0000000082400000| Untracked 
|  36|0x0000000082400000, 0x0000000082500000, 0x0000000082500000|100%| O|  |TAMS 0x0000000082500000, 0x0000000082500000| Untracked 
|  37|0x0000000082500000, 0x0000000082600000, 0x0000000082600000|100%| O|  |TAMS 0x0000000082600000, 0x0000000082600000| Untracked 
|  38|0x0000000082600000, 0x0000000082700000, 0x0000000082700000|100%|HS|  |TAMS 0x0000000082700000, 0x0000000082700000| Complete 
|  39|0x0000000082700000, 0x0000000082800000, 0x0000000082800000|100%| O|  |TAMS 0x0000000082800000, 0x0000000082800000| Untracked 
|  40|0x0000000082800000, 0x0000000082900000, 0x0000000082900000|100%| O|  |TAMS 0x0000000082900000, 0x0000000082900000| Untracked 
|  41|0x0000000082900000, 0x0000000082a00000, 0x0000000082a00000|100%| O|  |TAMS 0x0000000082a00000, 0x0000000082a00000| Untracked 
|  42|0x0000000082a00000, 0x0000000082b00000, 0x0000000082b00000|100%| O|  |TAMS 0x0000000082b00000, 0x0000000082b00000| Untracked 
|  43|0x0000000082b00000, 0x0000000082c00000, 0x0000000082c00000|100%| O|  |TAMS 0x0000000082c00000, 0x0000000082c00000| Untracked 
|  44|0x0000000082c00000, 0x0000000082d00000, 0x0000000082d00000|100%| O|  |TAMS 0x0000000082d00000, 0x0000000082d00000| Untracked 
|  45|0x0000000082d00000, 0x0000000082e00000, 0x0000000082e00000|100%|HS|  |TAMS 0x0000000082e00000, 0x0000000082e00000| Complete 
|  46|0x0000000082e00000, 0x0000000082f00000, 0x0000000082f00000|100%|HC|  |TAMS 0x0000000082f00000, 0x0000000082f00000| Complete 
|  47|0x0000000082f00000, 0x0000000083000000, 0x0000000083000000|100%|HC|  |TAMS 0x0000000083000000, 0x0000000083000000| Complete 
|  48|0x0000000083000000, 0x0000000083100000, 0x0000000083100000|100%| O|  |TAMS 0x0000000083100000, 0x0000000083100000| Untracked 
|  49|0x0000000083100000, 0x0000000083200000, 0x0000000083200000|100%| O|  |TAMS 0x0000000083200000, 0x0000000083200000| Untracked 
|  50|0x0000000083200000, 0x0000000083300000, 0x0000000083300000|100%| O|  |TAMS 0x0000000083300000, 0x0000000083300000| Untracked 
|  51|0x0000000083300000, 0x0000000083400000, 0x0000000083400000|100%| O|  |TAMS 0x0000000083300000, 0x0000000083400000| Untracked 
|  52|0x0000000083400000, 0x0000000083500000, 0x0000000083500000|100%|HS|  |TAMS 0x0000000083500000, 0x0000000083500000| Complete 
|  53|0x0000000083500000, 0x0000000083600000, 0x0000000083600000|100%|HC|  |TAMS 0x0000000083600000, 0x0000000083600000| Complete 
|  54|0x0000000083600000, 0x0000000083700000, 0x0000000083700000|100%|HC|  |TAMS 0x0000000083700000, 0x0000000083700000| Complete 
|  55|0x0000000083700000, 0x0000000083800000, 0x0000000083800000|100%|HC|  |TAMS 0x0000000083800000, 0x0000000083800000| Complete 
|  56|0x0000000083800000, 0x0000000083900000, 0x0000000083900000|100%|HC|  |TAMS 0x0000000083900000, 0x0000000083900000| Complete 
|  57|0x0000000083900000, 0x0000000083a00000, 0x0000000083a00000|100%|HS|  |TAMS 0x0000000083a00000, 0x0000000083a00000| Complete 
|  58|0x0000000083a00000, 0x0000000083b00000, 0x0000000083b00000|100%|HC|  |TAMS 0x0000000083b00000, 0x0000000083b00000| Complete 
|  59|0x0000000083b00000, 0x0000000083c00000, 0x0000000083c00000|100%|HC|  |TAMS 0x0000000083c00000, 0x0000000083c00000| Complete 
|  60|0x0000000083c00000, 0x0000000083d00000, 0x0000000083d00000|100%|HC|  |TAMS 0x0000000083d00000, 0x0000000083d00000| Complete 
|  61|0x0000000083d00000, 0x0000000083e00000, 0x0000000083e00000|100%|HC|  |TAMS 0x0000000083e00000, 0x0000000083e00000| Complete 
|  62|0x0000000083e00000, 0x0000000083f00000, 0x0000000083f00000|100%| O|  |TAMS 0x0000000083f00000, 0x0000000083f00000| Untracked 
|  63|0x0000000083f00000, 0x0000000084000000, 0x0000000084000000|100%| O|  |TAMS 0x0000000084000000, 0x0000000084000000| Untracked 
|  64|0x0000000084000000, 0x0000000084100000, 0x0000000084100000|100%| O|  |TAMS 0x0000000084100000, 0x0000000084100000| Untracked 
|  65|0x0000000084100000, 0x0000000084200000, 0x0000000084200000|100%| O|  |TAMS 0x0000000084200000, 0x0000000084200000| Untracked 
|  66|0x0000000084200000, 0x0000000084300000, 0x0000000084300000|100%| O|  |TAMS 0x0000000084300000, 0x0000000084300000| Untracked 
|  67|0x0000000084300000, 0x0000000084400000, 0x0000000084400000|100%| O|  |TAMS 0x0000000084400000, 0x0000000084400000| Untracked 
|  68|0x0000000084400000, 0x0000000084500000, 0x0000000084500000|100%| O|  |TAMS 0x0000000084500000, 0x0000000084500000| Untracked 
|  69|0x0000000084500000, 0x0000000084600000, 0x0000000084600000|100%| O|  |TAMS 0x0000000084600000, 0x0000000084600000| Untracked 
|  70|0x0000000084600000, 0x0000000084700000, 0x0000000084700000|100%| O|  |TAMS 0x0000000084685600, 0x0000000084700000| Untracked 
|  71|0x0000000084700000, 0x0000000084800000, 0x0000000084800000|100%| O|  |TAMS 0x0000000084700000, 0x0000000084800000| Untracked 
|  72|0x0000000084800000, 0x0000000084900000, 0x0000000084900000|100%| O|  |TAMS 0x0000000084800000, 0x0000000084900000| Untracked 
|  73|0x0000000084900000, 0x0000000084a00000, 0x0000000084a00000|100%| O|  |TAMS 0x0000000084900000, 0x00000000849e1800| Untracked 
|  74|0x0000000084a00000, 0x0000000084a00000, 0x0000000084b00000|  0%| F|  |TAMS 0x0000000084a00000, 0x0000000084a00000| Untracked 
|  75|0x0000000084b00000, 0x0000000084b00000, 0x0000000084c00000|  0%| F|  |TAMS 0x0000000084b00000, 0x0000000084b00000| Untracked 
|  76|0x0000000084c00000, 0x0000000084c00000, 0x0000000084d00000|  0%| F|  |TAMS 0x0000000084c00000, 0x0000000084c00000| Untracked 
|  77|0x0000000084d00000, 0x0000000084d00000, 0x0000000084e00000|  0%| F|  |TAMS 0x0000000084d00000, 0x0000000084d00000| Untracked 
|  78|0x0000000084e00000, 0x0000000084e00000, 0x0000000084f00000|  0%| F|  |TAMS 0x0000000084e00000, 0x0000000084e00000| Untracked 
|  79|0x0000000084f00000, 0x0000000084f00000, 0x0000000085000000|  0%| F|  |TAMS 0x0000000084f00000, 0x0000000084f00000| Untracked 
|  80|0x0000000085000000, 0x0000000085000000, 0x0000000085100000|  0%| F|  |TAMS 0x0000000085000000, 0x0000000085000000| Untracked 
|  81|0x0000000085100000, 0x0000000085100000, 0x0000000085200000|  0%| F|  |TAMS 0x0000000085100000, 0x0000000085100000| Untracked 
|  82|0x0000000085200000, 0x0000000085200000, 0x0000000085300000|  0%| F|  |TAMS 0x0000000085200000, 0x0000000085200000| Untracked 
|  83|0x0000000085300000, 0x0000000085300000, 0x0000000085400000|  0%| F|  |TAMS 0x0000000085300000, 0x0000000085300000| Untracked 
|  84|0x0000000085400000, 0x0000000085400000, 0x0000000085500000|  0%| F|  |TAMS 0x0000000085400000, 0x0000000085400000| Untracked 
|  85|0x0000000085500000, 0x0000000085500000, 0x0000000085600000|  0%| F|  |TAMS 0x0000000085500000, 0x0000000085500000| Untracked 
|  86|0x0000000085600000, 0x0000000085600000, 0x0000000085700000|  0%| F|  |TAMS 0x0000000085600000, 0x0000000085600000| Untracked 
|  87|0x0000000085700000, 0x0000000085700000, 0x0000000085800000|  0%| F|  |TAMS 0x0000000085700000, 0x0000000085700000| Untracked 
|  88|0x0000000085800000, 0x0000000085800000, 0x0000000085900000|  0%| F|  |TAMS 0x0000000085800000, 0x0000000085800000| Untracked 
|  89|0x0000000085900000, 0x0000000085900000, 0x0000000085a00000|  0%| F|  |TAMS 0x0000000085900000, 0x0000000085900000| Untracked 
|  90|0x0000000085a00000, 0x0000000085a00000, 0x0000000085b00000|  0%| F|  |TAMS 0x0000000085a00000, 0x0000000085a00000| Untracked 
|  91|0x0000000085b00000, 0x0000000085b00000, 0x0000000085c00000|  0%| F|  |TAMS 0x0000000085b00000, 0x0000000085b00000| Untracked 
|  92|0x0000000085c00000, 0x0000000085c00000, 0x0000000085d00000|  0%| F|  |TAMS 0x0000000085c00000, 0x0000000085c00000| Untracked 
|  93|0x0000000085d00000, 0x0000000085d00000, 0x0000000085e00000|  0%| F|  |TAMS 0x0000000085d00000, 0x0000000085d00000| Untracked 
|  94|0x0000000085e00000, 0x0000000085e00000, 0x0000000085f00000|  0%| F|  |TAMS 0x0000000085e00000, 0x0000000085e00000| Untracked 
|  95|0x0000000085f00000, 0x0000000086000000, 0x0000000086000000|100%| S|CS|TAMS 0x0000000085f00000, 0x0000000085f00000| Complete 
|  96|0x0000000086000000, 0x0000000086100000, 0x0000000086100000|100%| S|CS|TAMS 0x0000000086000000, 0x0000000086000000| Complete 
|  97|0x0000000086100000, 0x0000000086200000, 0x0000000086200000|100%| S|CS|TAMS 0x0000000086100000, 0x0000000086100000| Complete 
|  98|0x0000000086200000, 0x0000000086300000, 0x0000000086300000|100%| S|CS|TAMS 0x0000000086200000, 0x0000000086200000| Complete 
|  99|0x0000000086300000, 0x0000000086300000, 0x0000000086400000|  0%| F|  |TAMS 0x0000000086300000, 0x0000000086300000| Untracked 
| 100|0x0000000086400000, 0x0000000086400000, 0x0000000086500000|  0%| F|  |TAMS 0x0000000086400000, 0x0000000086400000| Untracked 
| 101|0x0000000086500000, 0x0000000086500000, 0x0000000086600000|  0%| F|  |TAMS 0x0000000086500000, 0x0000000086500000| Untracked 
| 102|0x0000000086600000, 0x0000000086600000, 0x0000000086700000|  0%| F|  |TAMS 0x0000000086600000, 0x0000000086600000| Untracked 
| 103|0x0000000086700000, 0x0000000086700000, 0x0000000086800000|  0%| F|  |TAMS 0x0000000086700000, 0x0000000086700000| Untracked 
| 104|0x0000000086800000, 0x0000000086800000, 0x0000000086900000|  0%| F|  |TAMS 0x0000000086800000, 0x0000000086800000| Untracked 
| 105|0x0000000086900000, 0x0000000086900000, 0x0000000086a00000|  0%| F|  |TAMS 0x0000000086900000, 0x0000000086900000| Untracked 
| 106|0x0000000086a00000, 0x0000000086a00000, 0x0000000086b00000|  0%| F|  |TAMS 0x0000000086a00000, 0x0000000086a00000| Untracked 
| 107|0x0000000086b00000, 0x0000000086b00000, 0x0000000086c00000|  0%| F|  |TAMS 0x0000000086b00000, 0x0000000086b00000| Untracked 
| 108|0x0000000086c00000, 0x0000000086c00000, 0x0000000086d00000|  0%| F|  |TAMS 0x0000000086c00000, 0x0000000086c00000| Untracked 
| 109|0x0000000086d00000, 0x0000000086d00000, 0x0000000086e00000|  0%| F|  |TAMS 0x0000000086d00000, 0x0000000086d00000| Untracked 
| 110|0x0000000086e00000, 0x0000000086e00000, 0x0000000086f00000|  0%| F|  |TAMS 0x0000000086e00000, 0x0000000086e00000| Untracked 
| 111|0x0000000086f00000, 0x0000000086f00000, 0x0000000087000000|  0%| F|  |TAMS 0x0000000086f00000, 0x0000000086f00000| Untracked 
| 112|0x0000000087000000, 0x0000000087000000, 0x0000000087100000|  0%| F|  |TAMS 0x0000000087000000, 0x0000000087000000| Untracked 
| 113|0x0000000087100000, 0x0000000087100000, 0x0000000087200000|  0%| F|  |TAMS 0x0000000087100000, 0x0000000087100000| Untracked 
| 114|0x0000000087200000, 0x0000000087200000, 0x0000000087300000|  0%| F|  |TAMS 0x0000000087200000, 0x0000000087200000| Untracked 
| 115|0x0000000087300000, 0x0000000087300000, 0x0000000087400000|  0%| F|  |TAMS 0x0000000087300000, 0x0000000087300000| Untracked 
| 116|0x0000000087400000, 0x0000000087400000, 0x0000000087500000|  0%| F|  |TAMS 0x0000000087400000, 0x0000000087400000| Untracked 
| 117|0x0000000087500000, 0x0000000087500000, 0x0000000087600000|  0%| F|  |TAMS 0x0000000087500000, 0x0000000087500000| Untracked 
| 118|0x0000000087600000, 0x0000000087600000, 0x0000000087700000|  0%| F|  |TAMS 0x0000000087600000, 0x0000000087600000| Untracked 
| 119|0x0000000087700000, 0x0000000087700000, 0x0000000087800000|  0%| F|  |TAMS 0x0000000087700000, 0x0000000087700000| Untracked 
| 120|0x0000000087800000, 0x0000000087800000, 0x0000000087900000|  0%| F|  |TAMS 0x0000000087800000, 0x0000000087800000| Untracked 
| 121|0x0000000087900000, 0x0000000087900000, 0x0000000087a00000|  0%| F|  |TAMS 0x0000000087900000, 0x0000000087900000| Untracked 
| 122|0x0000000087a00000, 0x0000000087a00000, 0x0000000087b00000|  0%| F|  |TAMS 0x0000000087a00000, 0x0000000087a00000| Untracked 
| 123|0x0000000087b00000, 0x0000000087b00000, 0x0000000087c00000|  0%| F|  |TAMS 0x0000000087b00000, 0x0000000087b00000| Untracked 
| 124|0x0000000087c00000, 0x0000000087c00000, 0x0000000087d00000|  0%| F|  |TAMS 0x0000000087c00000, 0x0000000087c00000| Untracked 
| 125|0x0000000087d00000, 0x0000000087d00000, 0x0000000087e00000|  0%| F|  |TAMS 0x0000000087d00000, 0x0000000087d00000| Untracked 
| 126|0x0000000087e00000, 0x0000000087e00000, 0x0000000087f00000|  0%| F|  |TAMS 0x0000000087e00000, 0x0000000087e00000| Untracked 
| 127|0x0000000087f00000, 0x0000000087f00000, 0x0000000088000000|  0%| F|  |TAMS 0x0000000087f00000, 0x0000000087f00000| Untracked 

Card table byte_map: [0x000002711ab60000,0x000002711af60000] _byte_map_base: 0x000002711a760000

Marking Bits (Prev, Next): (CMBitMap*) 0x00000271082da6e0, (CMBitMap*) 0x00000271082da6a0
 Prev Bits: [0x000002711d360000, 0x000002711f360000)
 Next Bits: [0x000002711b360000, 0x000002711d360000)

Polling page: 0x00000271061e0000

Metaspace:

Usage:
  Non-class:     52.33 MB used.
      Class:      8.28 MB used.
       Both:     60.61 MB used.

Virtual space:
  Non-class space:       64.00 MB reserved,      52.69 MB ( 82%) committed,  1 nodes.
      Class space:        1.00 GB reserved,       8.56 MB ( <1%) committed,  1 nodes.
             Both:        1.06 GB reserved,      61.25 MB (  6%) committed. 

Chunk freelists:
   Non-Class:  10.92 MB
       Class:  7.45 MB
        Both:  18.38 MB

MaxMetaspaceSize: unlimited
CompressedClassSpaceSize: 1.00 GB
Initial GC threshold: 21.00 MB
Current GC threshold: 97.62 MB
CDS: off
MetaspaceReclaimPolicy: balanced
 - commit_granule_bytes: 65536.
 - commit_granule_words: 8192.
 - virtual_space_node_default_size: 8388608.
 - enlarge_chunks_in_place: 1.
 - new_chunks_are_fully_committed: 0.
 - uncommit_free_chunks: 1.
 - use_allocation_guard: 0.
 - handle_deallocations: 1.


Internal statistics:

num_allocs_failed_limit: 6.
num_arena_births: 754.
num_arena_deaths: 0.
num_vsnodes_births: 2.
num_vsnodes_deaths: 0.
num_space_committed: 980.
num_space_uncommitted: 0.
num_chunks_returned_to_freelist: 6.
num_chunks_taken_from_freelist: 2957.
num_chunk_merges: 6.
num_chunk_splits: 1908.
num_chunks_enlarged: 1251.
num_inconsistent_stats: 0.

CodeHeap 'non-profiled nmethods': size=120000Kb used=3223Kb max_used=3223Kb free=116776Kb
 bounds [0x0000027113230000, 0x0000027113560000, 0x000002711a760000]
CodeHeap 'profiled nmethods': size=120000Kb used=12018Kb max_used=12018Kb free=107981Kb
 bounds [0x000002710b760000, 0x000002710c320000, 0x0000027112c90000]
CodeHeap 'non-nmethods': size=5760Kb used=2333Kb max_used=2446Kb free=3427Kb
 bounds [0x0000027112c90000, 0x0000027112f00000, 0x0000027113230000]
 total_blobs=7123 nmethods=6273 adapters=762
 compilation: enabled
              stopped_count=0, restarted_count=0
 full_count=0

Compilation events (20 events):
Event: 6.652 Thread 0x000002712187fc60 7003       3       org.gradle.internal.snapshot.impl.DirectorySnapshotter$DefaultExcludes$$Lambda$193/0x0000000100329780::test (8 bytes)
Event: 6.652 Thread 0x000002712187fc60 nmethod 7003 0x000002710c31c290 code [0x000002710c31c440, 0x000002710c31c698]
Event: 6.652 Thread 0x000002712187fc60 7004       3       org.gradle.internal.operations.BuildOperationCategory::toCategory (18 bytes)
Event: 6.653 Thread 0x000002712187cc80 nmethod 6932% 0x0000027113554590 code [0x00000271135547a0, 0x0000027113555f58]
Event: 6.653 Thread 0x000002712187fc60 nmethod 7004 0x000002710c31c790 code [0x000002710c31c940, 0x000002710c31cc78]
Event: 6.653 Thread 0x000002712187fc60 6998       1       net.rubygrapefruit.platform.internal.WindowsFileStat::getSize (5 bytes)
Event: 6.653 Thread 0x000002712187fc60 nmethod 6998 0x000002711336a690 code [0x000002711336a820, 0x000002711336a8f8]
Event: 6.653 Thread 0x000002712187fc60 6999       1       org.gradle.internal.operations.DefaultBuildOperationRunner$CallableBuildOperationWorker::getReturnValue (5 bytes)
Event: 6.653 Thread 0x000002712187fc60 nmethod 6999 0x000002711336a390 code [0x000002711336a520, 0x000002711336a5f8]
Event: 6.653 Thread 0x000002712187fc60 7005       3       java.util.ArrayList::sort (45 bytes)
Event: 6.653 Thread 0x0000027126054980 7006       4       java.util.stream.AbstractPipeline::<init> (91 bytes)
Event: 6.653 Thread 0x000002712187fc60 nmethod 7005 0x000002710c31cd10 code [0x000002710c31cec0, 0x000002710c31d138]
Event: 6.653 Thread 0x000002712187fc60 7007       1       com.google.common.cache.RemovalCause$5::wasEvicted (2 bytes)
Event: 6.653 Thread 0x000002712187fc60 nmethod 7007 0x000002711336a090 code [0x000002711336a220, 0x000002711336a2f8]
Event: 6.653 Thread 0x000002712187fc60 7008       1       com.google.common.cache.LocalCache$StrongValueReference::isLoading (2 bytes)
Event: 6.654 Thread 0x000002712187fc60 nmethod 7008 0x0000027113369d90 code [0x0000027113369f20, 0x0000027113369ff8]
Event: 6.654 Thread 0x000002712187cc80 7009   !   4       java.util.concurrent.ConcurrentHashMap::replaceNode (437 bytes)
Event: 6.654 Thread 0x000002712187fc60 7010       3       org.gradle.internal.logging.progress.DefaultProgressLoggerFactory$ProgressLoggerImpl::assertCanConfigure (32 bytes)
Event: 6.654 Thread 0x000002712187fc60 nmethod 7010 0x000002710c31d290 code [0x000002710c31d500, 0x000002710c31e038]
Event: 6.654 Thread 0x000002712187fc60 7011       3       org.gradle.internal.logging.progress.DefaultProgressLoggerFactory$ProgressLoggerImpl::started (191 bytes)

GC Heap History (20 events):
Event: 4.658 GC heap after
{Heap after GC invocations=19 (full 0):
 garbage-first heap   total 114688K, used 52175K [0x0000000080000000, 0x0000000100000000)
  region size 1024K, 4 young (4096K), 4 survivors (4096K)
 Metaspace       used 50705K, committed 51136K, reserved 1114112K
  class space    used 6841K, committed 7040K, reserved 1048576K
}
Event: 4.663 GC heap before
{Heap before GC invocations=19 (full 0):
 garbage-first heap   total 114688K, used 55247K [0x0000000080000000, 0x0000000100000000)
  region size 1024K, 5 young (5120K), 4 survivors (4096K)
 Metaspace       used 50705K, committed 51136K, reserved 1114112K
  class space    used 6841K, committed 7040K, reserved 1048576K
}
Event: 4.666 GC heap after
{Heap after GC invocations=20 (full 0):
 garbage-first heap   total 114688K, used 55887K [0x0000000080000000, 0x0000000100000000)
  region size 1024K, 3 young (3072K), 3 survivors (3072K)
 Metaspace       used 50705K, committed 51136K, reserved 1114112K
  class space    used 6841K, committed 7040K, reserved 1048576K
}
Event: 4.755 GC heap before
{Heap before GC invocations=21 (full 0):
 garbage-first heap   total 114688K, used 67151K [0x0000000080000000, 0x0000000100000000)
  region size 1024K, 10 young (10240K), 3 survivors (3072K)
 Metaspace       used 50953K, committed 51392K, reserved 1114112K
  class space    used 6889K, committed 7104K, reserved 1048576K
}
Event: 4.759 GC heap after
{Heap after GC invocations=22 (full 0):
 garbage-first heap   total 114688K, used 62861K [0x0000000080000000, 0x0000000100000000)
  region size 1024K, 5 young (5120K), 5 survivors (5120K)
 Metaspace       used 50953K, committed 51392K, reserved 1114112K
  class space    used 6889K, committed 7104K, reserved 1048576K
}
Event: 5.051 GC heap before
{Heap before GC invocations=23 (full 0):
 garbage-first heap   total 121856K, used 88461K [0x0000000080000000, 0x0000000100000000)
  region size 1024K, 23 young (23552K), 5 survivors (5120K)
 Metaspace       used 53216K, committed 53760K, reserved 1114112K
  class space    used 7104K, committed 7360K, reserved 1048576K
}
Event: 5.055 GC heap after
{Heap after GC invocations=24 (full 0):
 garbage-first heap   total 121856K, used 69822K [0x0000000080000000, 0x0000000100000000)
  region size 1024K, 2 young (2048K), 2 survivors (2048K)
 Metaspace       used 53216K, committed 53760K, reserved 1114112K
  class space    used 7104K, committed 7360K, reserved 1048576K
}
Event: 5.234 GC heap before
{Heap before GC invocations=24 (full 0):
 garbage-first heap   total 121856K, used 88254K [0x0000000080000000, 0x0000000100000000)
  region size 1024K, 21 young (21504K), 2 survivors (2048K)
 Metaspace       used 53964K, committed 54528K, reserved 1114112K
  class space    used 7218K, committed 7488K, reserved 1048576K
}
Event: 5.236 GC heap after
{Heap after GC invocations=25 (full 0):
 garbage-first heap   total 121856K, used 70857K [0x0000000080000000, 0x0000000100000000)
  region size 1024K, 1 young (1024K), 1 survivors (1024K)
 Metaspace       used 53964K, committed 54528K, reserved 1114112K
  class space    used 7218K, committed 7488K, reserved 1048576K
}
Event: 5.544 GC heap before
{Heap before GC invocations=26 (full 0):
 garbage-first heap   total 124928K, used 91337K [0x0000000080000000, 0x0000000100000000)
  region size 1024K, 21 young (21504K), 1 survivors (1024K)
 Metaspace       used 56452K, committed 57088K, reserved 1114112K
  class space    used 7617K, committed 7936K, reserved 1048576K
}
Event: 5.547 GC heap after
{Heap after GC invocations=27 (full 0):
 garbage-first heap   total 124928K, used 71877K [0x0000000080000000, 0x0000000100000000)
  region size 1024K, 2 young (2048K), 2 survivors (2048K)
 Metaspace       used 56452K, committed 57088K, reserved 1114112K
  class space    used 7617K, committed 7936K, reserved 1048576K
}
Event: 5.603 GC heap before
{Heap before GC invocations=27 (full 0):
 garbage-first heap   total 124928K, used 75973K [0x0000000080000000, 0x0000000100000000)
  region size 1024K, 6 young (6144K), 2 survivors (2048K)
 Metaspace       used 57105K, committed 57664K, reserved 1114112K
  class space    used 7728K, committed 8000K, reserved 1048576K
}
Event: 5.606 GC heap after
{Heap after GC invocations=28 (full 0):
 garbage-first heap   total 124928K, used 71555K [0x0000000080000000, 0x0000000100000000)
  region size 1024K, 1 young (1024K), 1 survivors (1024K)
 Metaspace       used 57105K, committed 57664K, reserved 1114112K
  class space    used 7728K, committed 8000K, reserved 1048576K
}
Event: 5.873 GC heap before
{Heap before GC invocations=28 (full 0):
 garbage-first heap   total 124928K, used 94083K [0x0000000080000000, 0x0000000100000000)
  region size 1024K, 23 young (23552K), 1 survivors (1024K)
 Metaspace       used 59226K, committed 59840K, reserved 1114112K
  class space    used 8112K, committed 8384K, reserved 1048576K
}
Event: 5.875 GC heap after
{Heap after GC invocations=29 (full 0):
 garbage-first heap   total 124928K, used 73124K [0x0000000080000000, 0x0000000100000000)
  region size 1024K, 2 young (2048K), 2 survivors (2048K)
 Metaspace       used 59226K, committed 59840K, reserved 1114112K
  class space    used 8112K, committed 8384K, reserved 1048576K
}
Event: 6.278 GC heap before
{Heap before GC invocations=30 (full 0):
 garbage-first heap   total 126976K, used 96676K [0x0000000080000000, 0x0000000100000000)
  region size 1024K, 25 young (25600K), 2 survivors (2048K)
 Metaspace       used 61401K, committed 62080K, reserved 1114112K
  class space    used 8436K, committed 8768K, reserved 1048576K
}
Event: 6.282 GC heap after
{Heap after GC invocations=31 (full 0):
 garbage-first heap   total 126976K, used 75272K [0x0000000080000000, 0x0000000100000000)
  region size 1024K, 4 young (4096K), 4 survivors (4096K)
 Metaspace       used 61401K, committed 62080K, reserved 1114112K
  class space    used 8436K, committed 8768K, reserved 1048576K
}
Event: 6.330 GC heap before
{Heap before GC invocations=31 (full 0):
 garbage-first heap   total 126976K, used 77320K [0x0000000080000000, 0x0000000100000000)
  region size 1024K, 6 young (6144K), 4 survivors (4096K)
 Metaspace       used 61482K, committed 62144K, reserved 1114112K
  class space    used 8440K, committed 8768K, reserved 1048576K
}
Event: 6.337 GC heap after
{Heap after GC invocations=32 (full 0):
 garbage-first heap   total 126976K, used 75443K [0x0000000080000000, 0x0000000100000000)
  region size 1024K, 1 young (1024K), 1 survivors (1024K)
 Metaspace       used 61482K, committed 62144K, reserved 1114112K
  class space    used 8440K, committed 8768K, reserved 1048576K
}
Event: 6.654 GC heap before
{Heap before GC invocations=32 (full 0):
 garbage-first heap   total 126976K, used 98995K [0x0000000080000000, 0x0000000100000000)
  region size 1024K, 25 young (25600K), 1 survivors (1024K)
 Metaspace       used 62062K, committed 62720K, reserved 1114112K
  class space    used 8477K, committed 8768K, reserved 1048576K
}

Dll operation events (3 events):
Event: 0.006 Loaded shared library C:\Program Files\Android\Android Studio\jbr\bin\java.dll
Event: 0.101 Loaded shared library C:\Program Files\Android\Android Studio\jbr\bin\zip.dll
Event: 0.387 Loaded shared library C:\Program Files\Android\Android Studio\jbr\bin\verify.dll

Deoptimization events (20 events):
Event: 6.514 Thread 0x0000027126b03630 DEOPT PACKING pc=0x000002710bbd19d4 sp=0x0000009b31df5fa0
Event: 6.514 Thread 0x0000027126b03630 DEOPT UNPACKING pc=0x0000027112ce7143 sp=0x0000009b31df54f8 mode 0
Event: 6.518 Thread 0x00000271291e55a0 Uncommon trap: trap_request=0xffffffcc fr.pc=0x000002711335e748 relative=0x0000000000001428
Event: 6.518 Thread 0x00000271291e55a0 Uncommon trap: reason=intrinsic_or_type_checked_inlining action=make_not_entrant pc=0x000002711335e748 method=java.util.ArrayList.toArray([Ljava/lang/Object;)[Ljava/lang/Object; @ 36 c2
Event: 6.518 Thread 0x00000271291e55a0 DEOPT PACKING pc=0x000002711335e748 sp=0x0000009b335fddb0
Event: 6.518 Thread 0x00000271291e55a0 DEOPT UNPACKING pc=0x0000027112ce69a3 sp=0x0000009b335fdcf8 mode 2
Event: 6.524 Thread 0x00000271291e55a0 DEOPT PACKING pc=0x000002710bbd19d4 sp=0x0000009b335fda40
Event: 6.524 Thread 0x00000271291e55a0 DEOPT UNPACKING pc=0x0000027112ce7143 sp=0x0000009b335fcf98 mode 0
Event: 6.538 Thread 0x0000027126b03630 Uncommon trap: trap_request=0xffffff45 fr.pc=0x00000271134d3b34 relative=0x00000000000002f4
Event: 6.538 Thread 0x0000027126b03630 Uncommon trap: reason=unstable_if action=reinterpret pc=0x00000271134d3b34 method=org.gradle.internal.snapshot.PathUtil.equalChars(CCLorg/gradle/internal/snapshot/CaseSensitivity;)Z @ 11 c2
Event: 6.538 Thread 0x0000027126b03630 DEOPT PACKING pc=0x00000271134d3b34 sp=0x0000009b31df4a10
Event: 6.538 Thread 0x0000027126b03630 DEOPT UNPACKING pc=0x0000027112ce69a3 sp=0x0000009b31df49a8 mode 2
Event: 6.546 Thread 0x0000027126b03630 Uncommon trap: trap_request=0xffffff45 fr.pc=0x000002711346caf4 relative=0x0000000000000174
Event: 6.546 Thread 0x0000027126b03630 Uncommon trap: reason=unstable_if action=reinterpret pc=0x000002711346caf4 method=org.gradle.internal.snapshot.VfsRelativePath.isPrefix(Ljava/lang/String;ILjava/lang/String;ILorg/gradle/internal/snapshot/CaseSensitivity;)Z @ 101 c2
Event: 6.546 Thread 0x0000027126b03630 DEOPT PACKING pc=0x000002711346caf4 sp=0x0000009b31df5500
Event: 6.546 Thread 0x0000027126b03630 DEOPT UNPACKING pc=0x0000027112ce69a3 sp=0x0000009b31df5488 mode 2
Event: 6.555 Thread 0x0000027126b03630 Uncommon trap: trap_request=0xffffff45 fr.pc=0x00000271133975e8 relative=0x0000000000000328
Event: 6.555 Thread 0x0000027126b03630 Uncommon trap: reason=unstable_if action=reinterpret pc=0x00000271133975e8 method=org.gradle.internal.snapshot.PathUtil.compareCharsIgnoringCase(CC)I @ 33 c2
Event: 6.555 Thread 0x0000027126b03630 DEOPT PACKING pc=0x00000271133975e8 sp=0x0000009b31df45d0
Event: 6.555 Thread 0x0000027126b03630 DEOPT UNPACKING pc=0x0000027112ce69a3 sp=0x0000009b31df4560 mode 2

Classes unloaded (0 events):
No events

Classes redefined (0 events):
No events

Internal exceptions (20 events):
Event: 5.852 Thread 0x0000027126b03630 Exception <a 'java/lang/NoSuchMethodError'{0x0000000086470b10}: 'long java.lang.invoke.DirectMethodHandle$Holder.invokeStatic(java.lang.Object, long)'> (0x0000000086470b10) 
thrown [s\src\hotspot\share\interpreter\linkResolver.cpp, line 771]
Event: 5.952 Thread 0x0000027126b03630 Exception <a 'java/lang/NoSuchMethodError'{0x0000000087a7d640}: 'void java.lang.invoke.DirectMethodHandle$Holder.invokeStatic(java.lang.Object, java.lang.Object, java.lang.Object, java.lang.Object, java.lang.Object, java.lang.Object)'> (0x0000000087a7d640) 
thrown [s\src\hotspot\share\interpreter\linkResolver.cpp, line 771]
Event: 5.964 Thread 0x0000027126b03630 Exception <a 'java/lang/NoSuchMethodError'{0x0000000087affaf8}: 'java.lang.Object java.lang.invoke.DirectMethodHandle$Holder.invokeSpecial(java.lang.Object, java.lang.Object, java.lang.Object, java.lang.Object, java.lang.Object, java.lang.Object, java.lang.Object, java.lang.Object, java.lang.Object, java.lang.Object, java.lang.Object, java.lang.Object, java.lang.Object, java.lang.Object, java.lang.Object, java.lang.Object, java.lang.Object, java.lang.Object, java.lang.Object, java.lang.Object, java.lang.Ob
Event: 5.964 Thread 0x0000027126b03630 Exception <a 'java/lang/NoSuchMethodError'{0x0000000087916870}: 'java.lang.Object java.lang.invoke.DelegatingMethodHandle$Holder.reinvoke_L(java.lang.Object, java.lang.Object, java.lang.Object, java.lang.Object, java.lang.Object, java.lang.Object, java.lang.Object, java.lang.Object, java.lang.Object, java.lang.Object, java.lang.Object, java.lang.Object, java.lang.Object, java.lang.Object, java.lang.Object, java.lang.Object, java.lang.Object, java.lang.Object, java.lang.Object, java.lang.Object, java.lang.O
Event: 5.965 Thread 0x0000027126b03630 Exception <a 'java/lang/NoSuchMethodError'{0x00000000879222b8}: 'java.lang.Object java.lang.invoke.Invokers$Holder.invoker(java.lang.Object, java.lang.Object, java.lang.Object, java.lang.Object, java.lang.Object, java.lang.Object, java.lang.Object, java.lang.Object, java.lang.Object, java.lang.Object, java.lang.Object, java.lang.Object, java.lang.Object, java.lang.Object, java.lang.Object, java.lang.Object, java.lang.Object, java.lang.Object, java.lang.Object, java.lang.Object, java.lang.Object, java.lang.
Event: 5.965 Thread 0x0000027126b03630 Exception <a 'java/lang/NoSuchMethodError'{0x0000000087928eb8}: 'java.lang.Object java.lang.invoke.DelegatingMethodHandle$Holder.delegate(java.lang.Object, java.lang.Object, java.lang.Object, java.lang.Object, java.lang.Object, java.lang.Object, java.lang.Object, java.lang.Object, java.lang.Object, java.lang.Object, java.lang.Object, java.lang.Object, java.lang.Object, java.lang.Object, java.lang.Object, java.lang.Object, java.lang.Object, java.lang.Object, java.lang.Object, java.lang.Object, java.lang.Obj
Event: 5.971 Thread 0x0000027126b03630 Exception <a 'java/lang/NoSuchMethodError'{0x00000000879f5a58}: 'java.lang.Object java.lang.invoke.DirectMethodHandle$Holder.invokeStatic(java.lang.Object, java.lang.Object, java.lang.Object, java.lang.Object, java.lang.Object, java.lang.Object, java.lang.Object, java.lang.Object, java.lang.Object, java.lang.Object, java.lang.Object, java.lang.Object, java.lang.Object, java.lang.Object, java.lang.Object, java.lang.Object, java.lang.Object, java.lang.Object, java.lang.Object, java.lang.Object, java.lang.Obj
Event: 6.046 Thread 0x0000027126b03630 Exception <a 'java/lang/NoSuchMethodError'{0x00000000873bb000}: static Lorg/gradle/api/internal/catalog/DefaultVersionCatalog;.<clinit>()V> (0x00000000873bb000) 
thrown [s\src\hotspot\share\prims\jni.cpp, line 1127]
Event: 6.049 Thread 0x0000027126b03630 Exception <a 'java/lang/NoSuchMethodError'{0x000000008720e630}: static [Ljava/lang/Object;.<clinit>()V> (0x000000008720e630) 
thrown [s\src\hotspot\share\prims\jni.cpp, line 1127]
Event: 6.051 Thread 0x0000027126b03630 Exception <a 'java/lang/NoSuchMethodError'{0x0000000087243f40}: static Lorg/gradle/api/internal/catalog/DependencyModel;.<clinit>()V> (0x0000000087243f40) 
thrown [s\src\hotspot\share\prims\jni.cpp, line 1127]
Event: 6.051 Thread 0x0000027126b03630 Exception <a 'java/lang/NoSuchMethodError'{0x0000000087247938}: static Lorg/gradle/api/internal/catalog/AbstractContextAwareModel;.<clinit>()V> (0x0000000087247938) 
thrown [s\src\hotspot\share\prims\jni.cpp, line 1127]
Event: 6.052 Thread 0x0000027126b03630 Exception <a 'java/lang/NoSuchMethodError'{0x0000000087261288}: static Lorg/gradle/api/internal/artifacts/dependencies/AbstractVersionConstraint;.<clinit>()V> (0x0000000087261288) 
thrown [s\src\hotspot\share\prims\jni.cpp, line 1127]
Event: 6.056 Thread 0x0000027126b03630 Exception <a 'java/lang/NoSuchMethodError'{0x00000000872c1608}: static Lorg/gradle/api/internal/catalog/PluginModel;.<clinit>()V> (0x00000000872c1608) 
thrown [s\src\hotspot\share\prims\jni.cpp, line 1127]
Event: 6.057 Thread 0x0000027126b03630 Exception <a 'java/lang/NoSuchMethodError'{0x00000000872d89c0}: static Lorg/gradle/api/internal/catalog/VersionModel;.<clinit>()V> (0x00000000872d89c0) 
thrown [s\src\hotspot\share\prims\jni.cpp, line 1127]
Event: 6.108 Thread 0x0000027126b03630 Exception <a 'java/lang/NoSuchMethodError'{0x0000000086e7ba28}: 'int java.lang.invoke.DirectMethodHandle$Holder.invokeSpecialIFC(java.lang.Object, java.lang.Object, java.lang.Object)'> (0x0000000086e7ba28) 
thrown [s\src\hotspot\share\interpreter\linkResolver.cpp, line 771]
Event: 6.148 Thread 0x0000027126b03630 Exception <a 'java/lang/NoSuchMethodError'{0x0000000086a405c8}: 'java.lang.Object java.lang.invoke.DirectMethodHandle$Holder.newInvokeSpecial(java.lang.Object, java.lang.Object, java.lang.Object, java.lang.Object, java.lang.Object, int)'> (0x0000000086a405c8) 
thrown [s\src\hotspot\share\interpreter\linkResolver.cpp, line 771]
Event: 6.149 Thread 0x0000027126b03630 Exception <a 'java/lang/NoSuchMethodError'{0x0000000086a45cc8}: 'java.lang.Object java.lang.invoke.DirectMethodHandle$Holder.invokeSpecial(java.lang.Object, java.lang.Object, java.lang.Object, java.lang.Object, java.lang.Object, java.lang.Object, int)'> (0x0000000086a45cc8) 
thrown [s\src\hotspot\share\interpreter\linkResolver.cpp, line 771]
Event: 6.149 Thread 0x0000027126b03630 Exception <a 'java/lang/NoSuchMethodError'{0x0000000086a4ad50}: 'java.lang.Object java.lang.invoke.Invokers$Holder.linkToTargetMethod(java.lang.Object, java.lang.Object, java.lang.Object, java.lang.Object, int, java.lang.Object)'> (0x0000000086a4ad50) 
thrown [s\src\hotspot\share\interpreter\linkResolver.cpp, line 771]
Event: 6.152 Thread 0x0000027126b03630 Exception <a 'java/lang/NoSuchMethodError'{0x0000000086a7e470}: 'java.lang.Object java.lang.invoke.DirectMethodHandle$Holder.invokeSpecial(java.lang.Object, java.lang.Object, java.lang.Object, java.lang.Object, java.lang.Object, long)'> (0x0000000086a7e470) 
thrown [s\src\hotspot\share\interpreter\linkResolver.cpp, line 771]
Event: 6.153 Thread 0x0000027126b03630 Exception <a 'java/lang/NoSuchMethodError'{0x0000000086aa1da8}: 'void java.lang.invoke.DirectMethodHandle$Holder.invokeStatic(java.lang.Object, java.lang.Object, java.lang.Object, int, java.lang.Object)'> (0x0000000086aa1da8) 
thrown [s\src\hotspot\share\interpreter\linkResolver.cpp, line 771]

VM Operations (20 events):
Event: 5.876 Executing VM operation: G1CollectForAllocation done
Event: 5.920 Executing VM operation: G1PauseRemark
Event: 5.925 Executing VM operation: G1PauseRemark done
Event: 5.945 Executing VM operation: G1PauseCleanup
Event: 5.945 Executing VM operation: G1PauseCleanup done
Event: 6.110 Executing VM operation: HandshakeAllThreads
Event: 6.110 Executing VM operation: HandshakeAllThreads done
Event: 6.267 Executing VM operation: ICBufferFull
Event: 6.267 Executing VM operation: ICBufferFull done
Event: 6.278 Executing VM operation: G1CollectForAllocation
Event: 6.282 Executing VM operation: G1CollectForAllocation done
Event: 6.330 Executing VM operation: G1CollectForAllocation
Event: 6.337 Executing VM operation: G1CollectForAllocation done
Event: 6.421 Executing VM operation: HandshakeAllThreads
Event: 6.421 Executing VM operation: HandshakeAllThreads done
Event: 6.479 Executing VM operation: ICBufferFull
Event: 6.479 Executing VM operation: ICBufferFull done
Event: 6.571 Executing VM operation: ICBufferFull
Event: 6.572 Executing VM operation: ICBufferFull done
Event: 6.654 Executing VM operation: G1CollectForAllocation

Events (20 events):
Event: 5.970 loading class java/lang/invoke/BoundMethodHandle$Species_LLLLLLLLLLLLLLLLLLLLLLLL
Event: 5.970 loading class java/lang/invoke/BoundMethodHandle$Species_LLLLLLLLLLLLLLLLLLLLLLLL done
Event: 6.044 loading class java/io/ObjectOutputStream$BlockDataOutputStream
Event: 6.045 loading class java/io/ObjectOutputStream$BlockDataOutputStream done
Event: 6.045 loading class java/io/ObjectOutputStream$HandleTable
Event: 6.045 loading class java/io/ObjectOutputStream$HandleTable done
Event: 6.045 loading class java/io/ObjectOutputStream$ReplaceTable
Event: 6.045 loading class java/io/ObjectOutputStream$ReplaceTable done
Event: 6.390 loading class java/util/Collections$ReverseComparator
Event: 6.390 loading class java/util/Collections$ReverseComparator done
Event: 6.390 loading class java/util/Collections$ReverseComparator2
Event: 6.390 loading class java/util/Collections$ReverseComparator2 done
Event: 6.468 loading class java/util/LinkedList$LLSpliterator
Event: 6.468 loading class java/util/LinkedList$LLSpliterator done
Event: 6.486 Thread 0x00000271291e55a0 Thread added: 0x00000271291e55a0
Event: 6.486 Thread 0x00000271291e8330 Thread added: 0x00000271291e8330
Event: 6.486 Thread 0x00000271291e8d50 Thread added: 0x00000271291e8d50
Event: 6.538 Thread 0x00000271291e9770 Thread added: 0x00000271291e9770
Event: 6.539 Thread 0x00000271291e5ab0 Thread added: 0x00000271291e5ab0
Event: 6.540 Thread 0x00000271262357c0 Thread added: 0x00000271262357c0


Dynamic libraries:
0x00007ff661230000 - 0x00007ff66123a000 	C:\Program Files\Android\Android Studio\jbr\bin\java.exe
0x00007ff801b50000 - 0x00007ff801d48000 	C:\WINDOWS\SYSTEM32\ntdll.dll
0x00007ff800ce0000 - 0x00007ff800da1000 	C:\WINDOWS\System32\KERNEL32.DLL
0x00007fffff580000 - 0x00007fffff876000 	C:\WINDOWS\System32\KERNELBASE.dll
0x00007ff800010000 - 0x00007ff800110000 	C:\WINDOWS\System32\ucrtbase.dll
0x00007fffe8210000 - 0x00007fffe8227000 	C:\Program Files\Android\Android Studio\jbr\bin\jli.dll
0x00007fffe8450000 - 0x00007fffe846b000 	C:\Program Files\Android\Android Studio\jbr\bin\VCRUNTIME140.dll
0x00007ff800660000 - 0x00007ff8007ff000 	C:\WINDOWS\System32\USER32.dll
0x00007ff800230000 - 0x00007ff800252000 	C:\WINDOWS\System32\win32u.dll
0x00007fffe7690000 - 0x00007fffe792a000 	C:\WINDOWS\WinSxS\amd64_microsoft.windows.common-controls_6595b64144ccf1df_6.0.19041.4355_none_60b8b9eb71f62e16\COMCTL32.dll
0x00007ff800e60000 - 0x00007ff800e8b000 	C:\WINDOWS\System32\GDI32.dll
0x00007ff800be0000 - 0x00007ff800c7e000 	C:\WINDOWS\System32\msvcrt.dll
0x00007fffff460000 - 0x00007fffff577000 	C:\WINDOWS\System32\gdi32full.dll
0x00007ff800110000 - 0x00007ff8001ad000 	C:\WINDOWS\System32\msvcp_win.dll
0x00007ff8004f0000 - 0x00007ff80051f000 	C:\WINDOWS\System32\IMM32.DLL
0x00007ffff9e80000 - 0x00007ffff9e8c000 	C:\Program Files\Android\Android Studio\jbr\bin\vcruntime140_1.dll
0x00007fffd0b40000 - 0x00007fffd0bcd000 	C:\Program Files\Android\Android Studio\jbr\bin\msvcp140.dll
0x00007fff99070000 - 0x00007fff99cf3000 	C:\Program Files\Android\Android Studio\jbr\bin\server\jvm.dll
0x00007ff800440000 - 0x00007ff8004f0000 	C:\WINDOWS\System32\ADVAPI32.dll
0x00007ff800dc0000 - 0x00007ff800e60000 	C:\WINDOWS\System32\sechost.dll
0x00007ff800800000 - 0x00007ff800923000 	C:\WINDOWS\System32\RPCRT4.dll
0x00007ff8001b0000 - 0x00007ff8001d7000 	C:\WINDOWS\System32\bcrypt.dll
0x00007ffffebc0000 - 0x00007ffffec0b000 	C:\WINDOWS\SYSTEM32\POWRPROF.dll
0x00007ffff9fb0000 - 0x00007ffff9fb9000 	C:\WINDOWS\SYSTEM32\WSOCK32.dll
0x00007ff8002f0000 - 0x00007ff80035b000 	C:\WINDOWS\System32\WS2_32.dll
0x00007ffff3d40000 - 0x00007ffff3d67000 	C:\WINDOWS\SYSTEM32\WINMM.dll
0x00007ffff7e20000 - 0x00007ffff7e2a000 	C:\WINDOWS\SYSTEM32\VERSION.dll
0x00007ffffeba0000 - 0x00007ffffebb2000 	C:\WINDOWS\SYSTEM32\UMPDC.dll
0x00007ffffd090000 - 0x00007ffffd0a2000 	C:\WINDOWS\SYSTEM32\kernel.appcore.dll
0x00007ffff9210000 - 0x00007ffff921a000 	C:\Program Files\Android\Android Studio\jbr\bin\jimage.dll
0x00007ffff3150000 - 0x00007ffff3334000 	C:\WINDOWS\SYSTEM32\DBGHELP.DLL
0x00007ffff2260000 - 0x00007ffff2294000 	C:\WINDOWS\SYSTEM32\dbgcore.DLL
0x00007ff800260000 - 0x00007ff8002e2000 	C:\WINDOWS\System32\bcryptPrimitives.dll
0x00007fffea400000 - 0x00007fffea40e000 	C:\Program Files\Android\Android Studio\jbr\bin\instrument.dll
0x00007fffec6f0000 - 0x00007fffec715000 	C:\Program Files\Android\Android Studio\jbr\bin\java.dll
0x00007fffe89d0000 - 0x00007fffe89e8000 	C:\Program Files\Android\Android Studio\jbr\bin\zip.dll
0x00007fffff880000 - 0x00007ffffffec000 	C:\WINDOWS\System32\SHELL32.dll
0x00007ffffd290000 - 0x00007ffffda2e000 	C:\WINDOWS\SYSTEM32\windows.storage.dll
0x00007ff801380000 - 0x00007ff8016d3000 	C:\WINDOWS\System32\combase.dll
0x00007ffffec10000 - 0x00007ffffec3e000 	C:\WINDOWS\SYSTEM32\Wldp.dll
0x00007ff800a50000 - 0x00007ff800b1d000 	C:\WINDOWS\System32\OLEAUT32.dll
0x00007ff801a60000 - 0x00007ff801b0d000 	C:\WINDOWS\System32\SHCORE.dll
0x00007ff8003e0000 - 0x00007ff800435000 	C:\WINDOWS\System32\shlwapi.dll
0x00007fffff120000 - 0x00007fffff144000 	C:\WINDOWS\SYSTEM32\profapi.dll
0x00007fffe8640000 - 0x00007fffe8659000 	C:\Program Files\Android\Android Studio\jbr\bin\net.dll
0x00007ffff8090000 - 0x00007ffff819a000 	C:\WINDOWS\SYSTEM32\WINHTTP.dll
0x00007ffffe8a0000 - 0x00007ffffe90a000 	C:\WINDOWS\system32\mswsock.dll
0x00007fffe8580000 - 0x00007fffe8596000 	C:\Program Files\Android\Android Studio\jbr\bin\nio.dll
0x00007fffec5f0000 - 0x00007fffec600000 	C:\Program Files\Android\Android Studio\jbr\bin\verify.dll
0x00007fffd8500000 - 0x00007fffd8527000 	C:\Users\misha\.gradle\native\c067742578af261105cb4f569cf0c3c89f3d7b1fecec35dd04571415982c5e48\windows-amd64\native-platform.dll
0x00007fffd1be0000 - 0x00007fffd1d24000 	C:\Users\misha\.gradle\native\38dada09dfb8b06ba9b0570ebf7e218e3eb74d4ef43ca46872605cf95ebc2f47\windows-amd64\native-platform-file-events.dll
0x00007fffeb190000 - 0x00007fffeb199000 	C:\Program Files\Android\Android Studio\jbr\bin\management.dll
0x00007fffeadb0000 - 0x00007fffeadbb000 	C:\Program Files\Android\Android Studio\jbr\bin\management_ext.dll
0x00007ff801a50000 - 0x00007ff801a58000 	C:\WINDOWS\System32\PSAPI.DLL
0x00007ffffea90000 - 0x00007ffffeaa8000 	C:\WINDOWS\SYSTEM32\CRYPTSP.dll
0x00007ffffe1c0000 - 0x00007ffffe1f4000 	C:\WINDOWS\system32\rsaenh.dll
0x00007fffff090000 - 0x00007fffff0be000 	C:\WINDOWS\SYSTEM32\USERENV.dll
0x00007ffffeab0000 - 0x00007ffffeabc000 	C:\WINDOWS\SYSTEM32\CRYPTBASE.dll
0x00007ffffe580000 - 0x00007ffffe5bb000 	C:\WINDOWS\SYSTEM32\IPHLPAPI.DLL
0x00007ff800db0000 - 0x00007ff800db8000 	C:\WINDOWS\System32\NSI.dll
0x00007ffff96a0000 - 0x00007ffff96b7000 	C:\WINDOWS\SYSTEM32\dhcpcsvc6.DLL
0x00007ffff9390000 - 0x00007ffff93ad000 	C:\WINDOWS\SYSTEM32\dhcpcsvc.DLL
0x00007ffffe5c0000 - 0x00007ffffe68a000 	C:\WINDOWS\SYSTEM32\DNSAPI.dll
0x00007fffeccf0000 - 0x00007fffeccf9000 	C:\Program Files\Android\Android Studio\jbr\bin\extnet.dll
0x00007ffff66a0000 - 0x00007ffff66a7000 	C:\WINDOWS\system32\wshunix.dll

dbghelp: loaded successfully - version: 4.0.5 - missing functions: none
symbol engine: initialized successfully - sym options: 0x614 - pdb path: .;C:\Program Files\Android\Android Studio\jbr\bin;C:\WINDOWS\SYSTEM32;C:\WINDOWS\WinSxS\amd64_microsoft.windows.common-controls_6595b64144ccf1df_6.0.19041.4355_none_60b8b9eb71f62e16;C:\Program Files\Android\Android Studio\jbr\bin\server;C:\Users\misha\.gradle\native\c067742578af261105cb4f569cf0c3c89f3d7b1fecec35dd04571415982c5e48\windows-amd64;C:\Users\misha\.gradle\native\38dada09dfb8b06ba9b0570ebf7e218e3eb74d4ef43ca46872605cf95ebc2f47\windows-amd64

VM Arguments:
jvm_args: --add-opens=java.base/java.util=ALL-UNNAMED --add-opens=java.base/java.lang=ALL-UNNAMED --add-opens=java.base/java.lang.invoke=ALL-UNNAMED --add-opens=java.prefs/java.util.prefs=ALL-UNNAMED --add-opens=java.base/java.nio.charset=ALL-UNNAMED --add-opens=java.base/java.net=ALL-UNNAMED --add-opens=java.base/java.util.concurrent.atomic=ALL-UNNAMED -Xmx2048m -Dfile.encoding=UTF-8 -Duser.country=RU -Duser.language=ru -Duser.variant -javaagent:C:\Users\misha\.gradle\wrapper\dists\gradle-8.7-bin\bhs2wmbdwecv87pi65oeuq5iu\gradle-8.7\lib\agents\gradle-instrumentation-agent-8.7.jar 
java_command: org.gradle.launcher.daemon.bootstrap.GradleDaemon 8.7
java_class_path (initial): C:\Users\misha\.gradle\wrapper\dists\gradle-8.7-bin\bhs2wmbdwecv87pi65oeuq5iu\gradle-8.7\lib\gradle-launcher-8.7.jar
Launcher Type: SUN_STANDARD

[Global flags]
     intx CICompilerCount                          = 3                                         {product} {ergonomic}
     uint ConcGCThreads                            = 1                                         {product} {ergonomic}
     uint G1ConcRefinementThreads                  = 4                                         {product} {ergonomic}
   size_t G1HeapRegionSize                         = 1048576                                   {product} {ergonomic}
    uintx GCDrainStackTargetSize                   = 64                                        {product} {ergonomic}
   size_t InitialHeapSize                          = 134217728                                 {product} {ergonomic}
   size_t MarkStackSize                            = 4194304                                   {product} {ergonomic}
   size_t MaxHeapSize                              = 2147483648                                {product} {command line}
   size_t MaxNewSize                               = 1287651328                                {product} {ergonomic}
   size_t MinHeapDeltaBytes                        = 1048576                                   {product} {ergonomic}
   size_t MinHeapSize                              = 8388608                                   {product} {ergonomic}
    uintx NonNMethodCodeHeapSize                   = 5832780                                {pd product} {ergonomic}
    uintx NonProfiledCodeHeapSize                  = 122912730                              {pd product} {ergonomic}
    uintx ProfiledCodeHeapSize                     = 122912730                              {pd product} {ergonomic}
    uintx ReservedCodeCacheSize                    = 251658240                              {pd product} {ergonomic}
     bool SegmentedCodeCache                       = true                                      {product} {ergonomic}
   size_t SoftMaxHeapSize                          = 2147483648                             {manageable} {ergonomic}
     bool UseCompressedClassPointers               = true                           {product lp64_product} {ergonomic}
     bool UseCompressedOops                        = true                           {product lp64_product} {ergonomic}
     bool UseG1GC                                  = true                                      {product} {ergonomic}
     bool UseLargePagesIndividualAllocation        = false                                  {pd product} {ergonomic}

Logging:
Log output configuration:
 #0: stdout all=warning uptime,level,tags
 #1: stderr all=off uptime,level,tags

Environment Variables:
JAVA_HOME=C:\Program Files\Android\Android Studio\jbr
PATH=C:\WINDOWS\system32;C:\WINDOWS;C:\WINDOWS\System32\Wbem;C:\WINDOWS\System32\WindowsPowerShell\v1.0\;C:\WINDOWS\System32\OpenSSH\;C:\Program Files\NVIDIA Corporation\NVIDIA NvDLISR;C:\Program Files\Git\cmd;C:\Program Files\nodejs\;C:\Program Files (x86)\NVIDIA Corporation\PhysX\Common;C:\Users\misha\AppData\Local\Microsoft\WindowsApps;C:\Users\misha\AppData\Local\Programs\Microsoft VS Code\bin;C:\flutter\bin;C:\flutter;C:\Users\misha\AppData\Local\Android\Sdk;C:\Users\misha\AppData\Local\Pub\Cache\bin;C:\Program Files\Git\cmd;C:\Program Files\Git\bin;C:\Windows\System32;C:\Users\misha\StudioProjects\chat_app\functions;C:\Users\misha\AppData\Roaming;C:\flutter\bin\cache\dart-sdk\bin;C:\Users\misha\AppData\Roaming\npm
USERNAME=misha
OS=Windows_NT
PROCESSOR_IDENTIFIER=Intel64 Family 6 Model 158 Stepping 11, GenuineIntel
TMP=C:\Users\misha\AppData\Local\Temp
TEMP=C:\Users\misha\AppData\Local\Temp



Periodic native trim disabled

JNI global refs:
JNI global refs: 27, weak refs: 0

JNI global refs memory usage: 843, weak refs: 841

Process memory usage:
Resident Set Size: 322036K (3% of 8321972K total physical memory with 449380K free physical memory)

OOME stack traces (most recent first):
Classloader memory used:
Loader org.gradle.internal.classloader.VisitableURLClassLoader                         : 3793K
Loader bootstrap                                                                       : 2491K
Loader org.gradle.initialization.MixInLegacyTypesClassLoader                           : 1126K
Loader org.gradle.internal.classloader.VisitableURLClassLoader                         : 114K
Loader org.gradle.internal.classloader.VisitableURLClassLoader$InstrumentingVisitableURLClassLoader: 90772B
Loader jdk.internal.loader.ClassLoaders$PlatformClassLoader                            : 67836B
Loader jdk.internal.reflect.DelegatingClassLoader                                      : 33049B
Loader jdk.internal.loader.ClassLoaders$AppClassLoader                                 : 28747B
Loader org.gradle.groovy.scripts.internal.DefaultScriptCompilationHandler$ScriptClassLoader: 10733B
Loader org.codehaus.groovy.runtime.callsite.CallSiteClassLoader                        : 5965B

Classes loaded by more than one classloader:
Class org.gradle.internal.Cast                                                        : loaded 3 times (x 69B)
Class Program                                                                         : loaded 3 times (x 70B)
Class org.gradle.api.GradleException                                                  : loaded 3 times (x 80B)
Class org.gradle.internal.classpath.ClassPath                                         : loaded 2 times (x 68B)
Class org.gradle.api.internal.classpath.DefaultModuleRegistry                         : loaded 2 times (x 84B)
Class org.gradle.internal.exceptions.NonGradleCauseExceptionsHolder                   : loaded 2 times (x 68B)
Class Settings_gradle$1$1                                                             : loaded 2 times (x 72B)
Class org.gradle.api.Action                                                           : loaded 2 times (x 68B)
Class org.jetbrains.kotlin.idea.gradleTooling.model.samWithReceiver.SamWithReceiverModel: loaded 2 times (x 68B)
Class org.jetbrains.plugins.gradle.model.ExternalProject                              : loaded 2 times (x 68B)
Class org.jetbrains.plugins.gradle.model.IntelliJSettings                             : loaded 2 times (x 68B)
Class org.jetbrains.kotlin.idea.gradleTooling.KotlinMPPGradleModel                    : loaded 2 times (x 68B)
Class org.gradle.api.internal.DefaultClassPathProvider                                : loaded 2 times (x 74B)
Class org.gradle.internal.installation.GradleInstallation$1                           : loaded 2 times (x 73B)
Class org.gradle.internal.exceptions.DefaultMultiCauseException                       : loaded 2 times (x 93B)
Class org.gradle.tooling.model.UnsupportedMethodException                             : loaded 2 times (x 80B)
Class org.gradle.internal.time.MonotonicClock                                         : loaded 2 times (x 75B)
Class org.gradle.internal.classloader.FilteringClassLoader                            : loaded 2 times (x 103B)
Class org.gradle.tooling.model.Model                                                  : loaded 2 times (x 68B)
Class org.gradle.internal.classpath.DefaultClassPath$ImmutableUniqueList$Builder      : loaded 2 times (x 73B)
Class org.jetbrains.kotlin.idea.gradleTooling.KotlinSourceSetContainer                : loaded 2 times (x 68B)
Class org.gradle.internal.classloader.ClassLoaderVisitor                              : loaded 2 times (x 74B)
Class org.gradle.internal.time.DefaultCountdownTimer                                  : loaded 2 times (x 86B)
Class org.gradle.internal.service.DefaultServiceLocator                               : loaded 2 times (x 81B)
Class org.jetbrains.plugins.gradle.model.jar.JarTaskManifestConfiguration             : loaded 2 times (x 68B)
Class org.gradle.internal.service.UnknownServiceException                             : loaded 2 times (x 81B)
Class org.jetbrains.plugins.gradle.model.DependencyAccessorsModel                     : loaded 2 times (x 68B)
Class org.gradle.internal.classloader.DefaultClassLoaderFactory                       : loaded 2 times (x 80B)
Class org.jetbrains.plugins.gradle.model.GradleExtensions                             : loaded 2 times (x 68B)
Class org.jetbrains.plugins.gradle.model.VersionCatalogsModel                         : loaded 2 times (x 68B)
Class org.gradle.internal.classloader.VisitableURLClassLoader$Spec                    : loaded 2 times (x 72B)
Class org.gradle.tooling.model.ProjectModel                                           : loaded 2 times (x 68B)
Class org.jetbrains.plugins.gradle.model.MavenRepositoryModel                         : loaded 2 times (x 68B)
Class org.gradle.tooling.internal.gradle.DefaultProjectIdentifier                     : loaded 2 times (x 84B)
Class org.gradle.util.GradleVersion                                                   : loaded 2 times (x 81B)
Class org.jetbrains.plugins.gradle.model.RepositoriesModel                            : loaded 2 times (x 68B)
Class kotlin.jvm.internal.markers.KMappedMarker                                       : loaded 2 times (x 68B)
Class org.gradle.api.internal.ClassPathProvider                                       : loaded 2 times (x 68B)
Class org.gradle.internal.classloader.ClasspathUtil$1                                 : loaded 2 times (x 74B)
Class org.gradle.internal.classloader.ClassLoaderFactory                              : loaded 2 times (x 68B)
Class org.gradle.api.internal.classpath.ManifestUtil                                  : loaded 2 times (x 69B)
Class org.gradle.api.specs.Spec                                                       : loaded 2 times (x 68B)
Class org.gradle.tooling.internal.gradle.GradleBuildIdentity                          : loaded 2 times (x 68B)
Class org.gradle.internal.IoActions                                                   : loaded 2 times (x 69B)
Class sync_studio_tooling58_434nl67wk5ubsx31r462xymi8                                 : loaded 2 times (x 177B)
Class org.gradle.api.internal.classpath.EffectiveClassPath                            : loaded 2 times (x 88B)
Class kotlin.jvm.internal.DefaultConstructorMarker                                    : loaded 2 times (x 69B)
Class org.gradle.internal.exceptions.ResolutionProvider                               : loaded 2 times (x 68B)
Class org.jetbrains.kotlin.idea.gradleTooling.model.annotation.AnnotationBasedPluginModel: loaded 2 times (x 68B)
Class org.jetbrains.kotlin.idea.gradleTooling.model.assignment.AssignmentModel        : loaded 2 times (x 68B)
Class org.gradle.internal.installation.CurrentGradleInstallation                      : loaded 2 times (x 71B)
Class org.gradle.internal.agents.InstrumentingClassLoader                             : loaded 2 times (x 68B)
Class org.gradle.internal.installation.CurrentGradleInstallationLocator               : loaded 2 times (x 69B)
Class org.gradle.api.internal.classpath.Module                                        : loaded 2 times (x 68B)
Class org.gradle.internal.service.CachingServiceLocator                               : loaded 2 times (x 80B)
Class org.gradle.internal.time.Timer                                                  : loaded 2 times (x 68B)
Class org.jetbrains.plugins.gradle.model.tests.ExternalTestsModel                     : loaded 2 times (x 68B)
Class org.jetbrains.kotlin.idea.gradleTooling.KotlinDslScriptAdditionalTask           : loaded 2 times (x 68B)
Class org.gradle.internal.classpath.DefaultClassPath                                  : loaded 2 times (x 88B)
Class com.intellij.openapi.externalSystem.model.project.dependencies.ProjectDependencies: loaded 2 times (x 68B)
Class org.jetbrains.kotlin.idea.gradleTooling.PrepareKotlinIdeImportTaskModel         : loaded 2 times (x 68B)
Class org.gradle.internal.impldep.com.google.common.base.Preconditions                : loaded 2 times (x 69B)
Class kotlin.jvm.functions.Function1                                                  : loaded 2 times (x 68B)
Class org.gradle.internal.time.Time                                                   : loaded 2 times (x 69B)
Class org.gradle.internal.time.TimeSource$1                                           : loaded 2 times (x 75B)
Class org.gradle.internal.classloader.SystemClassLoaderSpec                           : loaded 2 times (x 69B)
Class kotlin.Function                                                                 : loaded 2 times (x 68B)
Class org.gradle.api.UncheckedIOException                                             : loaded 2 times (x 80B)
Class org.gradle.api.internal.classpath.ModuleRegistry                                : loaded 2 times (x 68B)
Class sync_studio_tooling58_434nl67wk5ubsx31r462xymi8$_run_closure1                   : loaded 2 times (x 137B)
Class org.gradle.tooling.internal.gradle.GradleProjectIdentity                        : loaded 2 times (x 68B)
Class org.gradle.internal.time.CountdownTimer                                         : loaded 2 times (x 68B)
Class org.gradle.internal.time.Clock                                                  : loaded 2 times (x 68B)
Class org.gradle.internal.classloader.ClasspathUtil                                   : loaded 2 times (x 69B)
Class org.gradle.tooling.model.BuildIdentifier                                        : loaded 2 times (x 68B)
Class org.gradle.api.internal.DefaultClassPathRegistry                                : loaded 2 times (x 74B)
Class org.gradle.api.internal.classpath.DefaultModuleRegistry$DefaultModule           : loaded 2 times (x 84B)
Class org.gradle.internal.time.TimeSource                                             : loaded 2 times (x 68B)
Class org.jetbrains.kotlin.android.synthetic.idea.AndroidExtensionsGradleModel        : loaded 2 times (x 68B)
Class org.gradle.api.internal.classpath.UnknownModuleException                        : loaded 2 times (x 80B)
Class org.jetbrains.plugins.gradle.model.IntelliJProjectSettings                      : loaded 2 times (x 68B)
Class org.gradle.internal.service.ServiceLookupException                              : loaded 2 times (x 80B)
Class org.gradle.cache.GlobalCache                                                    : loaded 2 times (x 68B)
Class org.jetbrains.kotlin.idea.gradleTooling.model.lombok.LombokModel                : loaded 2 times (x 68B)
Class org.gradle.tooling.model.ProjectIdentifier                                      : loaded 2 times (x 68B)
Class ijInit1_7id0x5ejxwkxlzm11nzr7xqqq                                               : loaded 2 times (x 177B)
Class [Lorg.gradle.api.internal.ClassPathProvider;                                    : loaded 2 times (x 67B)
Class org.gradle.internal.operations.MultipleBuildOperationFailures                   : loaded 2 times (x 93B)
Class org.gradle.util.internal.GUtil                                                  : loaded 2 times (x 69B)
Class org.jetbrains.plugins.gradle.model.AnnotationProcessingModel                    : loaded 2 times (x 68B)
Class org.gradle.internal.classloader.ClassLoaderSpec                                 : loaded 2 times (x 69B)
Class org.gradle.internal.classloader.VisitableURLClassLoader                         : loaded 2 times (x 115B)
Class org.gradle.internal.installation.GradleInstallation                             : loaded 2 times (x 73B)
Class org.gradle.api.internal.ClassPathRegistry                                       : loaded 2 times (x 68B)
Class org.gradle.internal.classloader.VisitableURLClassLoader$InstrumentingVisitableURLClassLoader: loaded 2 times (x 121B)
Class org.gradle.internal.classloader.ClassLoaderHierarchy                            : loaded 2 times (x 68B)
Class org.gradle.internal.exceptions.MultiCauseException                              : loaded 2 times (x 68B)
Class org.jetbrains.kotlin.idea.gradleTooling.model.parcelize.ParcelizeGradleModel    : loaded 2 times (x 68B)
Class org.gradle.internal.InternalTransformer                                         : loaded 2 times (x 68B)
Class org.jetbrains.kotlin.idea.gradleTooling.model.noarg.NoArgModel                  : loaded 2 times (x 68B)
Class org.jetbrains.kotlin.idea.gradleTooling.KotlinGradleModel                       : loaded 2 times (x 68B)
Class org.gradle.tooling.internal.gradle.DefaultBuildIdentifier                       : loaded 2 times (x 77B)
Class org.gradle.internal.service.ServiceLocator                                      : loaded 2 times (x 68B)
Class Settings_gradle$1                                                               : loaded 2 times (x 72B)
Class org.jetbrains.kotlin.idea.gradleTooling.model.allopen.AllOpenModel              : loaded 2 times (x 68B)
Class org.gradle.internal.classpath.DefaultClassPath$ImmutableUniqueList              : loaded 2 times (x 159B)
Class org.gradle.internal.time.DefaultTimer                                           : loaded 2 times (x 78B)
Class org.gradle.internal.classpath.TransformedClassPath                              : loaded 2 times (x 94B)
Class Settings_gradle                                                                 : loaded 2 times (x 126B)


---------------  S Y S T E M  ---------------

OS:
 Windows 10 , 64 bit Build 19041 (10.0.19041.4597)
OS uptime: 4 days 10:28 hours

CPU: total 4 (initial active 4) (4 cores per cpu, 1 threads per core) family 6 model 158 stepping 11 microcode 0xb4, cx8, cmov, fxsr, mmx, 3dnowpref, sse, sse2, sse3, ssse3, sse4.1, sse4.2, popcnt, lzcnt, tsc, tscinvbit, avx, avx2, aes, erms, clmul, bmi1, bmi2, adx, fma, vzeroupper, clflush, clflushopt
Processor Information for all 4 processors :
  Max Mhz: 3600, Current Mhz: 3600, Mhz Limit: 3600

Memory: 4k page, system-wide physical 8126M (438M free)
TotalPageFile size 22359M (AvailPageFile size 20M)
current process WorkingSet (physical memory assigned to process): 314M, peak: 323M
current process commit charge ("private bytes"): 349M, peak: 404M

vm_info: OpenJDK 64-Bit Server VM (17.0.11+0--11852314) for windows-amd64 JRE (17.0.11+0--11852314), built on May 16 2024 21:29:20 by "androidbuild" with MS VC++ 16.10 / 16.11 (VS2019)

END.
