#
# There is insufficient memory for the Java Runtime Environment to continue.
# Native memory allocation (mmap) failed to map 15728640 bytes. Error detail: G1 virtual space
# Possible reasons:
#   The system is out of physical RAM or swap space
#   This process is running with CompressedOops enabled, and the Java Heap may be blocking the growth of the native heap
# Possible solutions:
#   Reduce memory load on the system
#   Increase physical memory or swap space
#   Check if swap backing store is full
#   Decrease Java heap size (-Xmx/-Xms)
#   Decrease number of Java threads
#   Decrease Java thread stack sizes (-Xss)
#   Set larger code cache with -XX:ReservedCodeCacheSize=
#   JVM is running with Unscaled Compressed Oops mode in which the Java heap is
#     placed in the first 4GB address space. The Java Heap base address is the
#     maximum limit for the native heap growth. Please use -XX:HeapBaseMinAddress
#     to set the Java Heap base and to place the Java Heap above 4GB virtual address.
# This output file may be truncated or incomplete.
#
#  Out of Memory Error (os_windows.cpp:3825), pid=16180, tid=15384
#
# JRE version: OpenJDK Runtime Environment (17.0.11) (build 17.0.11+0--11852314)
# Java VM: OpenJDK 64-Bit Server VM (17.0.11+0--11852314, mixed mode, tiered, compressed oops, compressed class ptrs, g1 gc, windows-amd64)
# No core dump will be written. Minidumps are not enabled by default on client versions of Windows
#

---------------  S U M M A R Y ------------

Command Line: --add-opens=java.base/java.util=ALL-UNNAMED --add-opens=java.base/java.lang=ALL-UNNAMED --add-opens=java.base/java.lang.invoke=ALL-UNNAMED --add-opens=java.prefs/java.util.prefs=ALL-UNNAMED --add-opens=java.base/java.nio.charset=ALL-UNNAMED --add-opens=java.base/java.net=ALL-UNNAMED --add-opens=java.base/java.util.concurrent.atomic=ALL-UNNAMED -Xmx2048m -Dfile.encoding=UTF-8 -Duser.country=RU -Duser.language=ru -Duser.variant -javaagent:C:\Users\misha\.gradle\wrapper\dists\gradle-8.7-bin\bhs2wmbdwecv87pi65oeuq5iu\gradle-8.7\lib\agents\gradle-instrumentation-agent-8.7.jar org.gradle.launcher.daemon.bootstrap.GradleDaemon 8.7

Host: Intel(R) Core(TM) i3-8100 CPU @ 3.60GHz, 4 cores, 7G,  Windows 10 , 64 bit Build 19041 (10.0.19041.4597)
Time: Wed Jul 24 17:44:21 2024 RTZ 2 (s 10 , 64 bit Build 19041 (10.0.19041.4597) elapsed time: 6.685442 seconds (0d 0h 0m 6s)

---------------  T H R E A D  ---------------

Current thread (0x000002f141e1d6d0):  VMThread "VM Thread" [stack: 0x000000f89a000000,0x000000f89a100000] [id=15384]

Stack: [0x000000f89a000000,0x000000f89a100000]
Native frames: (J=compiled Java code, j=interpreted, Vv=VM code, C=native code)
V  [jvm.dll+0x687bb9]
V  [jvm.dll+0x84142a]
V  [jvm.dll+0x8430ae]
V  [jvm.dll+0x843713]
V  [jvm.dll+0x24a35f]
V  [jvm.dll+0x684989]
V  [jvm.dll+0x67923a]
V  [jvm.dll+0x30af0b]
V  [jvm.dll+0x3123b6]
V  [jvm.dll+0x361dfe]
V  [jvm.dll+0x36202f]
V  [jvm.dll+0x2e0d38]
V  [jvm.dll+0x2df144]
V  [jvm.dll+0x2de74c]
V  [jvm.dll+0x32305b]
V  [jvm.dll+0x847e0b]
V  [jvm.dll+0x848b42]
V  [jvm.dll+0x84905d]
V  [jvm.dll+0x849434]
V  [jvm.dll+0x849500]
V  [jvm.dll+0x7efa4a]
V  [jvm.dll+0x686a35]
C  [ucrtbase.dll+0x21bb2]
C  [KERNEL32.DLL+0x17374]
C  [ntdll.dll+0x4cc91]

VM_Operation (0x000000f89b7f7160): G1CollectForAllocation, mode: safepoint, requested by thread 0x000002f147900000


---------------  P R O C E S S  ---------------

Threads class SMR info:
_java_thread_list=0x000002f14afab3b0, length=42, elements={
0x000002f12884db50, 0x000002f141e57260, 0x000002f141e21220, 0x000002f146038640,
0x000002f146039010, 0x000002f14602da80, 0x000002f14602e350, 0x000002f14602ef50,
0x000002f1460332f0, 0x000002f146052260, 0x000002f141dbb570, 0x000002f146301c50,
0x000002f14832a9c0, 0x000002f148060b80, 0x000002f148dd4750, 0x000002f147cde8a0,
0x000002f14737e050, 0x000002f1478ffaf0, 0x000002f147900000, 0x000002f147901950,
0x000002f147900510, 0x000002f147901e60, 0x000002f147900a20, 0x000002f1478ff0d0,
0x000002f147900f30, 0x000002f148ecb380, 0x000002f148ec9a30, 0x000002f148ecb890,
0x000002f148ec85f0, 0x000002f148ec9f40, 0x000002f148ec7bd0, 0x000002f148ecae70,
0x000002f148ec8b00, 0x000002f148ec9010, 0x000002f148ec5860, 0x000002f148ec6790,
0x000002f148ec4e40, 0x000002f148eca450, 0x000002f148ec9520, 0x000002f148ecc2b0,
0x000002f148ecc7c0, 0x000002f147dae9e0
}

Java Threads: ( => current thread )
  0x000002f12884db50 JavaThread "main" [_thread_blocked, id=10564, stack(0x000000f899a00000,0x000000f899b00000)]
  0x000002f141e57260 JavaThread "Reference Handler" daemon [_thread_blocked, id=3016, stack(0x000000f89a100000,0x000000f89a200000)]
  0x000002f141e21220 JavaThread "Finalizer" daemon [_thread_blocked, id=5796, stack(0x000000f89a200000,0x000000f89a300000)]
  0x000002f146038640 JavaThread "Signal Dispatcher" daemon [_thread_blocked, id=4756, stack(0x000000f89a300000,0x000000f89a400000)]
  0x000002f146039010 JavaThread "Attach Listener" daemon [_thread_blocked, id=4880, stack(0x000000f89a400000,0x000000f89a500000)]
  0x000002f14602da80 JavaThread "Service Thread" daemon [_thread_blocked, id=4180, stack(0x000000f89a500000,0x000000f89a600000)]
  0x000002f14602e350 JavaThread "Monitor Deflation Thread" daemon [_thread_blocked, id=8376, stack(0x000000f89a600000,0x000000f89a700000)]
  0x000002f14602ef50 JavaThread "C2 CompilerThread0" daemon [_thread_blocked, id=13480, stack(0x000000f89a700000,0x000000f89a800000)]
  0x000002f1460332f0 JavaThread "C1 CompilerThread0" daemon [_thread_blocked, id=8044, stack(0x000000f89a800000,0x000000f89a900000)]
  0x000002f146052260 JavaThread "Sweeper thread" daemon [_thread_blocked, id=9856, stack(0x000000f89a900000,0x000000f89aa00000)]
  0x000002f141dbb570 JavaThread "Common-Cleaner" daemon [_thread_blocked, id=13776, stack(0x000000f89aa00000,0x000000f89ab00000)]
  0x000002f146301c50 JavaThread "Notification Thread" daemon [_thread_blocked, id=10324, stack(0x000000f89ab00000,0x000000f89ac00000)]
  0x000002f14832a9c0 JavaThread "Daemon health stats" [_thread_blocked, id=6924, stack(0x000000f89b100000,0x000000f89b200000)]
  0x000002f148060b80 JavaThread "Incoming local TCP Connector on port 56747" [_thread_in_native, id=12884, stack(0x000000f89b200000,0x000000f89b300000)]
  0x000002f148dd4750 JavaThread "Daemon periodic checks" [_thread_blocked, id=14440, stack(0x000000f89b300000,0x000000f89b400000)]
  0x000002f147cde8a0 JavaThread "Daemon" [_thread_blocked, id=3632, stack(0x000000f89b400000,0x000000f89b500000)]
  0x000002f14737e050 JavaThread "Handler for socket connection from /127.0.0.1:56747 to /127.0.0.1:56748" [_thread_in_native, id=13880, stack(0x000000f89b500000,0x000000f89b600000)]
  0x000002f1478ffaf0 JavaThread "Cancel handler" [_thread_blocked, id=11464, stack(0x000000f89b600000,0x000000f89b700000)]
  0x000002f147900000 JavaThread "Daemon worker" [_thread_blocked, id=13984, stack(0x000000f89b700000,0x000000f89b800000)]
  0x000002f147901950 JavaThread "Asynchronous log dispatcher for DefaultDaemonConnection: socket connection from /127.0.0.1:56747 to /127.0.0.1:56748" [_thread_blocked, id=9580, stack(0x000000f89b800000,0x000000f89b900000)]
  0x000002f147900510 JavaThread "Stdin handler" [_thread_blocked, id=2592, stack(0x000000f89b900000,0x000000f89ba00000)]
  0x000002f147901e60 JavaThread "Daemon client event forwarder" [_thread_blocked, id=6856, stack(0x000000f89ba00000,0x000000f89bb00000)]
  0x000002f147900a20 JavaThread "Cache worker for journal cache (C:\Users\misha\.gradle\caches\journal-1)" [_thread_blocked, id=10884, stack(0x000000f89bb00000,0x000000f89bc00000)]
  0x000002f1478ff0d0 JavaThread "File lock request listener" [_thread_in_native, id=8396, stack(0x000000f89bc00000,0x000000f89bd00000)]
  0x000002f147900f30 JavaThread "Cache worker for file hash cache (C:\Users\misha\.gradle\caches\8.7\fileHashes)" [_thread_blocked, id=5916, stack(0x000000f89bd00000,0x000000f89be00000)]
  0x000002f148ecb380 JavaThread "Cache worker for file hash cache (C:\Users\misha\StudioProjects\Playlist_Maker\.gradle\8.7\fileHashes)" [_thread_blocked, id=10436, stack(0x000000f89be00000,0x000000f89bf00000)]
  0x000002f148ec9a30 JavaThread "File watcher server" daemon [_thread_blocked, id=4688, stack(0x000000f89bf00000,0x000000f89c000000)]
  0x000002f148ecb890 JavaThread "File watcher consumer" daemon [_thread_blocked, id=9692, stack(0x000000f89c000000,0x000000f89c100000)]
  0x000002f148ec85f0 JavaThread "jar transforms" [_thread_blocked, id=5052, stack(0x000000f89c100000,0x000000f89c200000)]
  0x000002f148ec9f40 JavaThread "jar transforms Thread 2" [_thread_blocked, id=11136, stack(0x000000f89c200000,0x000000f89c300000)]
  0x000002f148ec7bd0 JavaThread "jar transforms Thread 3" [_thread_blocked, id=14884, stack(0x000000f89c300000,0x000000f89c400000)]
  0x000002f148ecae70 JavaThread "jar transforms Thread 4" [_thread_blocked, id=2740, stack(0x000000f89c400000,0x000000f89c500000)]
  0x000002f148ec8b00 JavaThread "Cache worker for checksums cache (C:\Users\misha\StudioProjects\Playlist_Maker\.gradle\8.7\checksums)" [_thread_blocked, id=8988, stack(0x000000f89c500000,0x000000f89c600000)]
  0x000002f148ec9010 JavaThread "Cache worker for cache directory md-supplier (C:\Users\misha\.gradle\caches\8.7\md-supplier)" [_thread_blocked, id=3840, stack(0x000000f89c600000,0x000000f89c700000)]
  0x000002f148ec5860 JavaThread "Cache worker for cache directory md-rule (C:\Users\misha\.gradle\caches\8.7\md-rule)" [_thread_blocked, id=10360, stack(0x000000f89c700000,0x000000f89c800000)]
  0x000002f148ec6790 JavaThread "Cache worker for file content cache (C:\Users\misha\.gradle\caches\8.7\fileContent)" [_thread_blocked, id=7072, stack(0x000000f89c900000,0x000000f89ca00000)]
  0x000002f148ec4e40 JavaThread "Unconstrained build operations" [_thread_blocked, id=15612, stack(0x000000f89ca00000,0x000000f89cb00000)]
  0x000002f148eca450 JavaThread "Unconstrained build operations Thread 2" [_thread_blocked, id=2848, stack(0x000000f89cb00000,0x000000f89cc00000)]
  0x000002f148ec9520 JavaThread "Unconstrained build operations Thread 3" [_thread_blocked, id=16228, stack(0x000000f89cc00000,0x000000f89cd00000)]
  0x000002f148ecc2b0 JavaThread "Unconstrained build operations Thread 4" [_thread_blocked, id=14556, stack(0x000000f89cd00000,0x000000f89ce00000)]
  0x000002f148ecc7c0 JavaThread "Unconstrained build operations Thread 5" [_thread_blocked, id=7040, stack(0x000000f89ce00000,0x000000f89cf00000)]
  0x000002f147dae9e0 JavaThread "C2 CompilerThread1" daemon [_thread_blocked, id=9244, stack(0x000000f89ad00000,0x000000f89ae00000)]

Other Threads:
=>0x000002f141e1d6d0 VMThread "VM Thread" [stack: 0x000000f89a000000,0x000000f89a100000] [id=15384]
  0x000002f12884ea20 WatcherThread [stack: 0x000000f89ac00000,0x000000f89ad00000] [id=7120]
  0x000002f1288aa160 GCTaskThread "GC Thread#0" [stack: 0x000000f899b00000,0x000000f899c00000] [id=9160]
  0x000002f146647270 GCTaskThread "GC Thread#1" [stack: 0x000000f89ae00000,0x000000f89af00000] [id=8020]
  0x000002f146647530 GCTaskThread "GC Thread#2" [stack: 0x000000f89af00000,0x000000f89b000000] [id=10480]
  0x000002f146552600 GCTaskThread "GC Thread#3" [stack: 0x000000f89b000000,0x000000f89b100000] [id=1336]
  0x000002f1288bafc0 ConcurrentGCThread "G1 Main Marker" [stack: 0x000000f899c00000,0x000000f899d00000] [id=10320]
  0x000002f1288bb8f0 ConcurrentGCThread "G1 Conc#0" [stack: 0x000000f899d00000,0x000000f899e00000] [id=15944]
  0x000002f141c924c0 ConcurrentGCThread "G1 Refine#0" [stack: 0x000000f899e00000,0x000000f899f00000] [id=15272]
  0x000002f147044700 ConcurrentGCThread "G1 Refine#1" [stack: 0x000000f89c800000,0x000000f89c900000] [id=8732]
  0x000002f141c92e00 ConcurrentGCThread "G1 Service" [stack: 0x000000f899f00000,0x000000f89a000000] [id=4392]

Threads with active compile tasks:
C2 CompilerThread1     6723 5411   !   4       java.net.URLClassLoader::findClass (47 bytes)

VM state: at safepoint (normal execution)

VM Mutex/Monitor currently owned by a thread:  ([mutex/lock_event])
[0x000002f128849400] Threads_lock - owner thread: 0x000002f141e1d6d0
[0x000002f12884b020] Heap_lock - owner thread: 0x000002f147900000

Heap address: 0x0000000080000000, size: 2048 MB, Compressed Oops mode: 32-bit

CDS archive(s) not mapped
Compressed class space mapped at: 0x0000000100000000-0x0000000140000000, reserved size: 1073741824
Narrow klass base: 0x0000000000000000, Narrow klass shift: 3, Narrow klass range: 0x140000000

GC Precious Log:
 CPUs: 4 total, 4 available
 Memory: 8126M
 Large Page Support: Disabled
 NUMA Support: Disabled
 Compressed Oops: Enabled (32-bit)
 Heap Region Size: 1M
 Heap Min Capacity: 8M
 Heap Initial Capacity: 128M
 Heap Max Capacity: 2G
 Pre-touch: Disabled
 Parallel Workers: 4
 Concurrent Workers: 1
 Concurrent Refinement Workers: 4
 Periodic GC: Disabled

Heap:
 garbage-first heap   total 131072K, used 71620K [0x0000000080000000, 0x0000000100000000)
  region size 1024K, 4 young (4096K), 4 survivors (4096K)
 Metaspace       used 59415K, committed 60032K, reserved 1114112K
  class space    used 8138K, committed 8384K, reserved 1048576K

Heap Regions: E=young(eden), S=young(survivor), O=old, HS=humongous(starts), HC=humongous(continues), CS=collection set, F=free, OA=open archive, CA=closed archive, TAMS=top-at-mark-start (previous, next)
|   0|0x0000000080000000, 0x0000000080100000, 0x0000000080100000|100%| O|  |TAMS 0x0000000080100000, 0x0000000080100000| Untracked 
|   1|0x0000000080100000, 0x0000000080200000, 0x0000000080200000|100%| O|  |TAMS 0x0000000080200000, 0x0000000080200000| Untracked 
|   2|0x0000000080200000, 0x0000000080300000, 0x0000000080300000|100%|HS|  |TAMS 0x0000000080300000, 0x0000000080300000| Complete 
|   3|0x0000000080300000, 0x0000000080400000, 0x0000000080400000|100%|HC|  |TAMS 0x0000000080400000, 0x0000000080400000| Complete 
|   4|0x0000000080400000, 0x0000000080500000, 0x0000000080500000|100%|HC|  |TAMS 0x0000000080500000, 0x0000000080500000| Complete 
|   5|0x0000000080500000, 0x0000000080600000, 0x0000000080600000|100%|HC|  |TAMS 0x0000000080600000, 0x0000000080600000| Complete 
|   6|0x0000000080600000, 0x0000000080700000, 0x0000000080700000|100%| O|  |TAMS 0x0000000080700000, 0x0000000080700000| Untracked 
|   7|0x0000000080700000, 0x0000000080800000, 0x0000000080800000|100%| O|  |TAMS 0x0000000080800000, 0x0000000080800000| Untracked 
|   8|0x0000000080800000, 0x0000000080900000, 0x0000000080900000|100%| O|  |TAMS 0x0000000080900000, 0x0000000080900000| Untracked 
|   9|0x0000000080900000, 0x0000000080a00000, 0x0000000080a00000|100%| O|  |TAMS 0x0000000080a00000, 0x0000000080a00000| Untracked 
|  10|0x0000000080a00000, 0x0000000080b00000, 0x0000000080b00000|100%|HS|  |TAMS 0x0000000080b00000, 0x0000000080b00000| Complete 
|  11|0x0000000080b00000, 0x0000000080c00000, 0x0000000080c00000|100%| O|  |TAMS 0x0000000080c00000, 0x0000000080c00000| Untracked 
|  12|0x0000000080c00000, 0x0000000080d00000, 0x0000000080d00000|100%| O|  |TAMS 0x0000000080d00000, 0x0000000080d00000| Untracked 
|  13|0x0000000080d00000, 0x0000000080e00000, 0x0000000080e00000|100%| O|  |TAMS 0x0000000080e00000, 0x0000000080e00000| Untracked 
|  14|0x0000000080e00000, 0x0000000080f00000, 0x0000000080f00000|100%| O|  |TAMS 0x0000000080f00000, 0x0000000080f00000| Untracked 
|  15|0x0000000080f00000, 0x0000000081000000, 0x0000000081000000|100%| O|  |TAMS 0x0000000081000000, 0x0000000081000000| Untracked 
|  16|0x0000000081000000, 0x0000000081100000, 0x0000000081100000|100%| O|  |TAMS 0x0000000081100000, 0x0000000081100000| Untracked 
|  17|0x0000000081100000, 0x0000000081200000, 0x0000000081200000|100%| O|  |TAMS 0x0000000081200000, 0x0000000081200000| Untracked 
|  18|0x0000000081200000, 0x0000000081300000, 0x0000000081300000|100%| O|  |TAMS 0x0000000081300000, 0x0000000081300000| Untracked 
|  19|0x0000000081300000, 0x0000000081400000, 0x0000000081400000|100%| O|  |TAMS 0x0000000081400000, 0x0000000081400000| Untracked 
|  20|0x0000000081400000, 0x0000000081500000, 0x0000000081500000|100%| O|  |TAMS 0x0000000081500000, 0x0000000081500000| Untracked 
|  21|0x0000000081500000, 0x0000000081600000, 0x0000000081600000|100%|HS|  |TAMS 0x0000000081600000, 0x0000000081600000| Complete 
|  22|0x0000000081600000, 0x0000000081700000, 0x0000000081700000|100%|HC|  |TAMS 0x0000000081700000, 0x0000000081700000| Complete 
|  23|0x0000000081700000, 0x0000000081800000, 0x0000000081800000|100%|HC|  |TAMS 0x0000000081800000, 0x0000000081800000| Complete 
|  24|0x0000000081800000, 0x0000000081900000, 0x0000000081900000|100%|HC|  |TAMS 0x0000000081900000, 0x0000000081900000| Complete 
|  25|0x0000000081900000, 0x0000000081a00000, 0x0000000081a00000|100%|HC|  |TAMS 0x0000000081a00000, 0x0000000081a00000| Complete 
|  26|0x0000000081a00000, 0x0000000081b00000, 0x0000000081b00000|100%|HS|  |TAMS 0x0000000081b00000, 0x0000000081b00000| Complete 
|  27|0x0000000081b00000, 0x0000000081c00000, 0x0000000081c00000|100%|HC|  |TAMS 0x0000000081c00000, 0x0000000081c00000| Complete 
|  28|0x0000000081c00000, 0x0000000081d00000, 0x0000000081d00000|100%|HC|  |TAMS 0x0000000081d00000, 0x0000000081d00000| Complete 
|  29|0x0000000081d00000, 0x0000000081e00000, 0x0000000081e00000|100%|HS|  |TAMS 0x0000000081e00000, 0x0000000081e00000| Complete 
|  30|0x0000000081e00000, 0x0000000081f00000, 0x0000000081f00000|100%|HC|  |TAMS 0x0000000081f00000, 0x0000000081f00000| Complete 
|  31|0x0000000081f00000, 0x0000000082000000, 0x0000000082000000|100%|HC|  |TAMS 0x0000000082000000, 0x0000000082000000| Complete 
|  32|0x0000000082000000, 0x0000000082100000, 0x0000000082100000|100%| O|  |TAMS 0x0000000082100000, 0x0000000082100000| Untracked 
|  33|0x0000000082100000, 0x0000000082200000, 0x0000000082200000|100%| O|  |TAMS 0x0000000082200000, 0x0000000082200000| Untracked 
|  34|0x0000000082200000, 0x0000000082300000, 0x0000000082300000|100%| O|  |TAMS 0x0000000082300000, 0x0000000082300000| Untracked 
|  35|0x0000000082300000, 0x0000000082400000, 0x0000000082400000|100%| O|  |TAMS 0x0000000082400000, 0x0000000082400000| Untracked 
|  36|0x0000000082400000, 0x0000000082500000, 0x0000000082500000|100%| O|  |TAMS 0x0000000082500000, 0x0000000082500000| Untracked 
|  37|0x0000000082500000, 0x0000000082600000, 0x0000000082600000|100%| O|  |TAMS 0x0000000082600000, 0x0000000082600000| Untracked 
|  38|0x0000000082600000, 0x0000000082700000, 0x0000000082700000|100%| O|  |TAMS 0x0000000082700000, 0x0000000082700000| Untracked 
|  39|0x0000000082700000, 0x0000000082800000, 0x0000000082800000|100%| O|  |TAMS 0x0000000082800000, 0x0000000082800000| Untracked 
|  40|0x0000000082800000, 0x0000000082900000, 0x0000000082900000|100%| O|  |TAMS 0x0000000082900000, 0x0000000082900000| Untracked 
|  41|0x0000000082900000, 0x0000000082a00000, 0x0000000082a00000|100%| O|  |TAMS 0x0000000082a00000, 0x0000000082a00000| Untracked 
|  42|0x0000000082a00000, 0x0000000082b00000, 0x0000000082b00000|100%| O|  |TAMS 0x0000000082b00000, 0x0000000082b00000| Untracked 
|  43|0x0000000082b00000, 0x0000000082c00000, 0x0000000082c00000|100%| O|  |TAMS 0x0000000082c00000, 0x0000000082c00000| Untracked 
|  44|0x0000000082c00000, 0x0000000082d00000, 0x0000000082d00000|100%| O|  |TAMS 0x0000000082d00000, 0x0000000082d00000| Untracked 
|  45|0x0000000082d00000, 0x0000000082e00000, 0x0000000082e00000|100%| O|  |TAMS 0x0000000082e00000, 0x0000000082e00000| Untracked 
|  46|0x0000000082e00000, 0x0000000082f00000, 0x0000000082f00000|100%|HS|  |TAMS 0x0000000082f00000, 0x0000000082f00000| Complete 
|  47|0x0000000082f00000, 0x0000000083000000, 0x0000000083000000|100%|HC|  |TAMS 0x0000000083000000, 0x0000000083000000| Complete 
|  48|0x0000000083000000, 0x0000000083100000, 0x0000000083100000|100%|HC|  |TAMS 0x0000000083100000, 0x0000000083100000| Complete 
|  49|0x0000000083100000, 0x0000000083200000, 0x0000000083200000|100%|HS|  |TAMS 0x0000000083200000, 0x0000000083200000| Complete 
|  50|0x0000000083200000, 0x0000000083300000, 0x0000000083300000|100%|HC|  |TAMS 0x0000000083300000, 0x0000000083300000| Complete 
|  51|0x0000000083300000, 0x0000000083400000, 0x0000000083400000|100%|HC|  |TAMS 0x0000000083400000, 0x0000000083400000| Complete 
|  52|0x0000000083400000, 0x0000000083500000, 0x0000000083500000|100%|HC|  |TAMS 0x0000000083500000, 0x0000000083500000| Complete 
|  53|0x0000000083500000, 0x0000000083600000, 0x0000000083600000|100%|HC|  |TAMS 0x0000000083600000, 0x0000000083600000| Complete 
|  54|0x0000000083600000, 0x0000000083700000, 0x0000000083700000|100%| O|  |TAMS 0x0000000083700000, 0x0000000083700000| Untracked 
|  55|0x0000000083700000, 0x0000000083800000, 0x0000000083800000|100%|HS|  |TAMS 0x0000000083800000, 0x0000000083800000| Complete 
|  56|0x0000000083800000, 0x0000000083900000, 0x0000000083900000|100%|HC|  |TAMS 0x0000000083900000, 0x0000000083900000| Complete 
|  57|0x0000000083900000, 0x0000000083a00000, 0x0000000083a00000|100%|HC|  |TAMS 0x0000000083a00000, 0x0000000083a00000| Complete 
|  58|0x0000000083a00000, 0x0000000083b00000, 0x0000000083b00000|100%|HC|  |TAMS 0x0000000083b00000, 0x0000000083b00000| Complete 
|  59|0x0000000083b00000, 0x0000000083c00000, 0x0000000083c00000|100%|HC|  |TAMS 0x0000000083c00000, 0x0000000083c00000| Complete 
|  60|0x0000000083c00000, 0x0000000083d00000, 0x0000000083d00000|100%| O|  |TAMS 0x0000000083d00000, 0x0000000083d00000| Untracked 
|  61|0x0000000083d00000, 0x0000000083e00000, 0x0000000083e00000|100%| O|  |TAMS 0x0000000083e00000, 0x0000000083e00000| Untracked 
|  62|0x0000000083e00000, 0x0000000083f00000, 0x0000000083f00000|100%| O|  |TAMS 0x0000000083f00000, 0x0000000083f00000| Untracked 
|  63|0x0000000083f00000, 0x0000000084000000, 0x0000000084000000|100%| O|  |TAMS 0x0000000084000000, 0x0000000084000000| Untracked 
|  64|0x0000000084000000, 0x0000000084100000, 0x0000000084100000|100%| O|  |TAMS 0x000000008403a800, 0x0000000084100000| Untracked 
|  65|0x0000000084100000, 0x0000000084200000, 0x0000000084200000|100%| O|  |TAMS 0x0000000084100000, 0x0000000084200000| Untracked 
|  66|0x0000000084200000, 0x000000008426e800, 0x0000000084300000| 43%| O|  |TAMS 0x0000000084200000, 0x000000008426e800| Untracked 
|  67|0x0000000084300000, 0x0000000084300000, 0x0000000084400000|  0%| F|  |TAMS 0x0000000084300000, 0x0000000084300000| Untracked 
|  68|0x0000000084400000, 0x0000000084400000, 0x0000000084500000|  0%| F|  |TAMS 0x0000000084400000, 0x0000000084400000| Untracked 
|  69|0x0000000084500000, 0x0000000084500000, 0x0000000084600000|  0%| F|  |TAMS 0x0000000084500000, 0x0000000084500000| Untracked 
|  70|0x0000000084600000, 0x0000000084600000, 0x0000000084700000|  0%| F|  |TAMS 0x0000000084600000, 0x0000000084600000| Untracked 
|  71|0x0000000084700000, 0x0000000084700000, 0x0000000084800000|  0%| F|  |TAMS 0x0000000084700000, 0x0000000084700000| Untracked 
|  72|0x0000000084800000, 0x0000000084800000, 0x0000000084900000|  0%| F|  |TAMS 0x0000000084800000, 0x0000000084800000| Untracked 
|  73|0x0000000084900000, 0x0000000084900000, 0x0000000084a00000|  0%| F|  |TAMS 0x0000000084900000, 0x0000000084900000| Untracked 
|  74|0x0000000084a00000, 0x0000000084a00000, 0x0000000084b00000|  0%| F|  |TAMS 0x0000000084a00000, 0x0000000084a00000| Untracked 
|  75|0x0000000084b00000, 0x0000000084b00000, 0x0000000084c00000|  0%| F|  |TAMS 0x0000000084b00000, 0x0000000084b00000| Untracked 
|  76|0x0000000084c00000, 0x0000000084c00000, 0x0000000084d00000|  0%| F|  |TAMS 0x0000000084c00000, 0x0000000084c00000| Untracked 
|  77|0x0000000084d00000, 0x0000000084d00000, 0x0000000084e00000|  0%| F|  |TAMS 0x0000000084d00000, 0x0000000084d00000| Untracked 
|  78|0x0000000084e00000, 0x0000000084e00000, 0x0000000084f00000|  0%| F|  |TAMS 0x0000000084e00000, 0x0000000084e00000| Untracked 
|  79|0x0000000084f00000, 0x0000000084f00000, 0x0000000085000000|  0%| F|  |TAMS 0x0000000084f00000, 0x0000000084f00000| Untracked 
|  80|0x0000000085000000, 0x0000000085000000, 0x0000000085100000|  0%| F|  |TAMS 0x0000000085000000, 0x0000000085000000| Untracked 
|  81|0x0000000085100000, 0x0000000085100000, 0x0000000085200000|  0%| F|  |TAMS 0x0000000085100000, 0x0000000085100000| Untracked 
|  82|0x0000000085200000, 0x0000000085200000, 0x0000000085300000|  0%| F|  |TAMS 0x0000000085200000, 0x0000000085200000| Untracked 
|  83|0x0000000085300000, 0x0000000085300000, 0x0000000085400000|  0%| F|  |TAMS 0x0000000085300000, 0x0000000085300000| Untracked 
|  84|0x0000000085400000, 0x0000000085400000, 0x0000000085500000|  0%| F|  |TAMS 0x0000000085400000, 0x0000000085400000| Untracked 
|  85|0x0000000085500000, 0x0000000085500000, 0x0000000085600000|  0%| F|  |TAMS 0x0000000085500000, 0x0000000085500000| Untracked 
|  86|0x0000000085600000, 0x0000000085600000, 0x0000000085700000|  0%| F|  |TAMS 0x0000000085600000, 0x0000000085600000| Untracked 
|  87|0x0000000085700000, 0x0000000085700000, 0x0000000085800000|  0%| F|  |TAMS 0x0000000085700000, 0x0000000085700000| Untracked 
|  88|0x0000000085800000, 0x0000000085800000, 0x0000000085900000|  0%| F|  |TAMS 0x0000000085800000, 0x0000000085800000| Untracked 
|  89|0x0000000085900000, 0x0000000085900000, 0x0000000085a00000|  0%| F|  |TAMS 0x0000000085900000, 0x0000000085900000| Untracked 
|  90|0x0000000085a00000, 0x0000000085a828f0, 0x0000000085b00000| 50%| S|CS|TAMS 0x0000000085a00000, 0x0000000085a00000| Complete 
|  91|0x0000000085b00000, 0x0000000085c00000, 0x0000000085c00000|100%| S|CS|TAMS 0x0000000085b00000, 0x0000000085b00000| Complete 
|  92|0x0000000085c00000, 0x0000000085d00000, 0x0000000085d00000|100%| S|CS|TAMS 0x0000000085c00000, 0x0000000085c00000| Complete 
|  93|0x0000000085d00000, 0x0000000085d00000, 0x0000000085e00000|  0%| F|  |TAMS 0x0000000085d00000, 0x0000000085d00000| Untracked 
|  94|0x0000000085e00000, 0x0000000085f00000, 0x0000000085f00000|100%| S|CS|TAMS 0x0000000085e00000, 0x0000000085e00000| Complete 
|  95|0x0000000085f00000, 0x0000000085f00000, 0x0000000086000000|  0%| F|  |TAMS 0x0000000085f00000, 0x0000000085f00000| Untracked 
|  96|0x0000000086000000, 0x0000000086000000, 0x0000000086100000|  0%| F|  |TAMS 0x0000000086000000, 0x0000000086000000| Untracked 
|  97|0x0000000086100000, 0x0000000086100000, 0x0000000086200000|  0%| F|  |TAMS 0x0000000086100000, 0x0000000086100000| Untracked 
|  98|0x0000000086200000, 0x0000000086200000, 0x0000000086300000|  0%| F|  |TAMS 0x0000000086200000, 0x0000000086200000| Untracked 
|  99|0x0000000086300000, 0x0000000086300000, 0x0000000086400000|  0%| F|  |TAMS 0x0000000086300000, 0x0000000086300000| Untracked 
| 100|0x0000000086400000, 0x0000000086400000, 0x0000000086500000|  0%| F|  |TAMS 0x0000000086400000, 0x0000000086400000| Untracked 
| 101|0x0000000086500000, 0x0000000086500000, 0x0000000086600000|  0%| F|  |TAMS 0x0000000086500000, 0x0000000086500000| Untracked 
| 102|0x0000000086600000, 0x0000000086600000, 0x0000000086700000|  0%| F|  |TAMS 0x0000000086600000, 0x0000000086600000| Untracked 
| 103|0x0000000086700000, 0x0000000086700000, 0x0000000086800000|  0%| F|  |TAMS 0x0000000086700000, 0x0000000086700000| Untracked 
| 104|0x0000000086800000, 0x0000000086800000, 0x0000000086900000|  0%| F|  |TAMS 0x0000000086800000, 0x0000000086800000| Untracked 
| 105|0x0000000086900000, 0x0000000086900000, 0x0000000086a00000|  0%| F|  |TAMS 0x0000000086900000, 0x0000000086900000| Untracked 
| 106|0x0000000086a00000, 0x0000000086a00000, 0x0000000086b00000|  0%| F|  |TAMS 0x0000000086a00000, 0x0000000086a00000| Untracked 
| 107|0x0000000086b00000, 0x0000000086b00000, 0x0000000086c00000|  0%| F|  |TAMS 0x0000000086b00000, 0x0000000086b00000| Untracked 
| 108|0x0000000086c00000, 0x0000000086c00000, 0x0000000086d00000|  0%| F|  |TAMS 0x0000000086c00000, 0x0000000086c00000| Untracked 
| 109|0x0000000086d00000, 0x0000000086d00000, 0x0000000086e00000|  0%| F|  |TAMS 0x0000000086d00000, 0x0000000086d00000| Untracked 
| 110|0x0000000086e00000, 0x0000000086e00000, 0x0000000086f00000|  0%| F|  |TAMS 0x0000000086e00000, 0x0000000086e00000| Untracked 
| 111|0x0000000086f00000, 0x0000000086f00000, 0x0000000087000000|  0%| F|  |TAMS 0x0000000086f00000, 0x0000000086f00000| Untracked 
| 112|0x0000000087000000, 0x0000000087000000, 0x0000000087100000|  0%| F|  |TAMS 0x0000000087000000, 0x0000000087000000| Untracked 
| 113|0x0000000087100000, 0x0000000087100000, 0x0000000087200000|  0%| F|  |TAMS 0x0000000087100000, 0x0000000087100000| Untracked 
| 114|0x0000000087200000, 0x0000000087200000, 0x0000000087300000|  0%| F|  |TAMS 0x0000000087200000, 0x0000000087200000| Untracked 
| 115|0x0000000087300000, 0x0000000087300000, 0x0000000087400000|  0%| F|  |TAMS 0x0000000087300000, 0x0000000087300000| Untracked 
| 116|0x0000000087400000, 0x0000000087400000, 0x0000000087500000|  0%| F|  |TAMS 0x0000000087400000, 0x0000000087400000| Untracked 
| 117|0x0000000087500000, 0x0000000087500000, 0x0000000087600000|  0%| F|  |TAMS 0x0000000087500000, 0x0000000087500000| Untracked 
| 118|0x0000000087600000, 0x0000000087600000, 0x0000000087700000|  0%| F|  |TAMS 0x0000000087600000, 0x0000000087600000| Untracked 
| 119|0x0000000087700000, 0x0000000087700000, 0x0000000087800000|  0%| F|  |TAMS 0x0000000087700000, 0x0000000087700000| Untracked 
| 120|0x0000000087800000, 0x0000000087800000, 0x0000000087900000|  0%| F|  |TAMS 0x0000000087800000, 0x0000000087800000| Untracked 
| 121|0x0000000087900000, 0x0000000087900000, 0x0000000087a00000|  0%| F|  |TAMS 0x0000000087900000, 0x0000000087900000| Untracked 
| 122|0x0000000087a00000, 0x0000000087a00000, 0x0000000087b00000|  0%| F|  |TAMS 0x0000000087a00000, 0x0000000087a00000| Untracked 
| 123|0x0000000087b00000, 0x0000000087b00000, 0x0000000087c00000|  0%| F|  |TAMS 0x0000000087b00000, 0x0000000087b00000| Untracked 
| 124|0x0000000087c00000, 0x0000000087c00000, 0x0000000087d00000|  0%| F|  |TAMS 0x0000000087c00000, 0x0000000087c00000| Untracked 
| 125|0x0000000087d00000, 0x0000000087d00000, 0x0000000087e00000|  0%| F|  |TAMS 0x0000000087d00000, 0x0000000087d00000| Untracked 
| 126|0x0000000087e00000, 0x0000000087e00000, 0x0000000087f00000|  0%| F|  |TAMS 0x0000000087e00000, 0x0000000087e00000| Untracked 
| 127|0x0000000087f00000, 0x0000000087f00000, 0x0000000088000000|  0%| F|  |TAMS 0x0000000087f00000, 0x0000000087f00000| Untracked 

Card table byte_map: [0x000002f13b130000,0x000002f13b530000] _byte_map_base: 0x000002f13ad30000

Marking Bits (Prev, Next): (CMBitMap*) 0x000002f1288aa6d0, (CMBitMap*) 0x000002f1288aa690
 Prev Bits: [0x000002f13d930000, 0x000002f13f930000)
 Next Bits: [0x000002f13b930000, 0x000002f13d930000)

Polling page: 0x000002f126840000

Metaspace:

Usage:
  Non-class:     50.08 MB used.
      Class:      7.95 MB used.
       Both:     58.02 MB used.

Virtual space:
  Non-class space:       64.00 MB reserved,      50.44 MB ( 79%) committed,  1 nodes.
      Class space:        1.00 GB reserved,       8.19 MB ( <1%) committed,  1 nodes.
             Both:        1.06 GB reserved,      58.62 MB (  5%) committed. 

Chunk freelists:
   Non-Class:  12.98 MB
       Class:  7.81 MB
        Both:  20.80 MB

MaxMetaspaceSize: unlimited
CompressedClassSpaceSize: 1.00 GB
Initial GC threshold: 21.00 MB
Current GC threshold: 89.69 MB
CDS: off
MetaspaceReclaimPolicy: balanced
 - commit_granule_bytes: 65536.
 - commit_granule_words: 8192.
 - virtual_space_node_default_size: 8388608.
 - enlarge_chunks_in_place: 1.
 - new_chunks_are_fully_committed: 0.
 - uncommit_free_chunks: 1.
 - use_allocation_guard: 0.
 - handle_deallocations: 1.


Internal statistics:

num_allocs_failed_limit: 6.
num_arena_births: 642.
num_arena_deaths: 0.
num_vsnodes_births: 2.
num_vsnodes_deaths: 0.
num_space_committed: 938.
num_space_uncommitted: 0.
num_chunks_returned_to_freelist: 6.
num_chunks_taken_from_freelist: 2700.
num_chunk_merges: 6.
num_chunk_splits: 1752.
num_chunks_enlarged: 1159.
num_inconsistent_stats: 0.

CodeHeap 'non-profiled nmethods': size=120000Kb used=2603Kb max_used=3116Kb free=117396Kb
 bounds [0x000002f133800000, 0x000002f133b10000, 0x000002f13ad30000]
CodeHeap 'profiled nmethods': size=120000Kb used=9592Kb max_used=10037Kb free=110407Kb
 bounds [0x000002f12bd30000, 0x000002f12c700000, 0x000002f133260000]
CodeHeap 'non-nmethods': size=5760Kb used=2318Kb max_used=2384Kb free=3441Kb
 bounds [0x000002f133260000, 0x000002f1334d0000, 0x000002f133800000]
 total_blobs=5594 nmethods=4757 adapters=748
 compilation: enabled
              stopped_count=0, restarted_count=0
 full_count=0

Compilation events (20 events):
Event: 6.654 Thread 0x000002f1460332f0 5458   !   3       com.google.common.util.concurrent.Uninterruptibles::getUninterruptibly (40 bytes)
Event: 6.655 Thread 0x000002f1460332f0 nmethod 5458 0x000002f12bfbcf90 code [0x000002f12bfbd160, 0x000002f12bfbd608]
Event: 6.655 Thread 0x000002f1460332f0 5459       3       com.google.common.util.concurrent.AbstractFuture$TrustedFuture::get (5 bytes)
Event: 6.655 Thread 0x000002f1460332f0 nmethod 5459 0x000002f12bfbcc10 code [0x000002f12bfbcda0, 0x000002f12bfbcee8]
Event: 6.655 Thread 0x000002f1460332f0 5460       3       com.google.common.util.concurrent.AbstractFuture::get (170 bytes)
Event: 6.655 Thread 0x000002f1460332f0 nmethod 5460 0x000002f12bd9ca90 code [0x000002f12bd9cda0, 0x000002f12bd9de48]
Event: 6.655 Thread 0x000002f1460332f0 5461       3       com.google.common.util.concurrent.AbstractFuture::getDoneValue (57 bytes)
Event: 6.655 Thread 0x000002f1460332f0 nmethod 5461 0x000002f12bd9bd90 code [0x000002f12bd9bfa0, 0x000002f12bd9c818]
Event: 6.655 Thread 0x000002f1460332f0 5462       3       com.google.common.cache.LocalCache$LoadingValueReference::elapsedNanos (11 bytes)
Event: 6.656 Thread 0x000002f1460332f0 nmethod 5462 0x000002f12bfbc790 code [0x000002f12bfbc940, 0x000002f12bfbcb18]
Event: 6.664 Thread 0x000002f1460332f0 5463       3       org.gradle.internal.instantiation.generator.ParamsMatchingConstructorSelector::forParams (481 bytes)
Event: 6.665 Thread 0x000002f1460332f0 nmethod 5463 0x000002f12bd73090 code [0x000002f12bd73600, 0x000002f12bd766d8]
Event: 6.666 Thread 0x000002f1460332f0 5464       3       org.gradle.internal.instantiation.generator.ParamsMatchingConstructorSelector::vetoParameters (1 bytes)
Event: 6.666 Thread 0x000002f1460332f0 nmethod 5464 0x000002f12bfbc410 code [0x000002f12bfbc5a0, 0x000002f12bfbc6b8]
Event: 6.674 Thread 0x000002f1460332f0 5465       3       com.google.common.collect.MapMakerInternalMap$StrongKeyWeakValueEntry$Helper::newEntry (16 bytes)
Event: 6.674 Thread 0x000002f1460332f0 nmethod 5465 0x000002f12bd9b810 code [0x000002f12bd9b9c0, 0x000002f12bd9bcc8]
Event: 6.674 Thread 0x000002f1460332f0 5466       3       com.google.common.collect.MapMakerInternalMap$StrongKeyWeakValueEntry$Helper::setValue (32 bytes)
Event: 6.675 Thread 0x000002f1460332f0 nmethod 5466 0x000002f12bd9ad90 code [0x000002f12bd9af80, 0x000002f12bd9b588]
Event: 6.675 Thread 0x000002f1460332f0 5467       3       com.google.common.collect.MapMakerInternalMap$1::clear (1 bytes)
Event: 6.675 Thread 0x000002f1460332f0 nmethod 5467 0x000002f12bd9aa10 code [0x000002f12bd9aba0, 0x000002f12bd9acb8]

GC Heap History (20 events):
Event: 3.988 GC heap after
{Heap after GC invocations=11 (full 0):
 garbage-first heap   total 98304K, used 42899K [0x0000000080000000, 0x0000000100000000)
  region size 1024K, 3 young (3072K), 3 survivors (3072K)
 Metaspace       used 42546K, committed 43008K, reserved 1114112K
  class space    used 5801K, committed 6016K, reserved 1048576K
}
Event: 4.263 GC heap before
{Heap before GC invocations=11 (full 0):
 garbage-first heap   total 98304K, used 75667K [0x0000000080000000, 0x0000000100000000)
  region size 1024K, 36 young (36864K), 3 survivors (3072K)
 Metaspace       used 45072K, committed 45504K, reserved 1114112K
  class space    used 6070K, committed 6272K, reserved 1048576K
}
Event: 4.268 GC heap after
{Heap after GC invocations=12 (full 0):
 garbage-first heap   total 98304K, used 46386K [0x0000000080000000, 0x0000000100000000)
  region size 1024K, 4 young (4096K), 4 survivors (4096K)
 Metaspace       used 45072K, committed 45504K, reserved 1114112K
  class space    used 6070K, committed 6272K, reserved 1048576K
}
Event: 4.272 GC heap before
{Heap before GC invocations=12 (full 0):
 garbage-first heap   total 98304K, used 47410K [0x0000000080000000, 0x0000000100000000)
  region size 1024K, 6 young (6144K), 4 survivors (4096K)
 Metaspace       used 45083K, committed 45504K, reserved 1114112K
  class space    used 6071K, committed 6272K, reserved 1048576K
}
Event: 4.274 GC heap after
{Heap after GC invocations=13 (full 0):
 garbage-first heap   total 98304K, used 47281K [0x0000000080000000, 0x0000000100000000)
  region size 1024K, 1 young (1024K), 1 survivors (1024K)
 Metaspace       used 45083K, committed 45504K, reserved 1114112K
  class space    used 6071K, committed 6272K, reserved 1048576K
}
Event: 4.852 GC heap before
{Heap before GC invocations=14 (full 0):
 garbage-first heap   total 98304K, used 82097K [0x0000000080000000, 0x0000000100000000)
  region size 1024K, 32 young (32768K), 1 survivors (1024K)
 Metaspace       used 49635K, committed 50048K, reserved 1114112K
  class space    used 6668K, committed 6848K, reserved 1048576K
}
Event: 4.855 GC heap after
{Heap after GC invocations=15 (full 0):
 garbage-first heap   total 98304K, used 48105K [0x0000000080000000, 0x0000000100000000)
  region size 1024K, 3 young (3072K), 3 survivors (3072K)
 Metaspace       used 49635K, committed 50048K, reserved 1114112K
  class space    used 6668K, committed 6848K, reserved 1048576K
}
Event: 5.135 GC heap before
{Heap before GC invocations=15 (full 0):
 garbage-first heap   total 98304K, used 59369K [0x0000000080000000, 0x0000000100000000)
  region size 1024K, 16 young (16384K), 3 survivors (3072K)
 Metaspace       used 50714K, committed 51200K, reserved 1114112K
  class space    used 6845K, committed 7040K, reserved 1048576K
}
Event: 5.138 GC heap after
{Heap after GC invocations=16 (full 0):
 garbage-first heap   total 98304K, used 50287K [0x0000000080000000, 0x0000000100000000)
  region size 1024K, 5 young (5120K), 5 survivors (5120K)
 Metaspace       used 50714K, committed 51200K, reserved 1114112K
  class space    used 6845K, committed 7040K, reserved 1048576K
}
Event: 5.284 GC heap before
{Heap before GC invocations=17 (full 0):
 garbage-first heap   total 101376K, used 63599K [0x0000000080000000, 0x0000000100000000)
  region size 1024K, 12 young (12288K), 5 survivors (5120K)
 Metaspace       used 50963K, committed 51456K, reserved 1114112K
  class space    used 6893K, committed 7104K, reserved 1048576K
}
Event: 5.289 GC heap after
{Heap after GC invocations=18 (full 0):
 garbage-first heap   total 101376K, used 60863K [0x0000000080000000, 0x0000000100000000)
  region size 1024K, 5 young (5120K), 5 survivors (5120K)
 Metaspace       used 50963K, committed 51456K, reserved 1114112K
  class space    used 6893K, committed 7104K, reserved 1048576K
}
Event: 5.404 GC heap before
{Heap before GC invocations=19 (full 0):
 garbage-first heap   total 112640K, used 70079K [0x0000000080000000, 0x0000000100000000)
  region size 1024K, 11 young (11264K), 5 survivors (5120K)
 Metaspace       used 51317K, committed 51776K, reserved 1114112K
  class space    used 6918K, committed 7104K, reserved 1048576K
}
Event: 5.408 GC heap after
{Heap after GC invocations=20 (full 0):
 garbage-first heap   total 112640K, used 67505K [0x0000000080000000, 0x0000000100000000)
  region size 1024K, 2 young (2048K), 2 survivors (2048K)
 Metaspace       used 51317K, committed 51776K, reserved 1114112K
  class space    used 6918K, committed 7104K, reserved 1048576K
}
Event: 5.688 GC heap before
{Heap before GC invocations=21 (full 0):
 garbage-first heap   total 121856K, used 84913K [0x0000000080000000, 0x0000000100000000)
  region size 1024K, 17 young (17408K), 2 survivors (2048K)
 Metaspace       used 53414K, committed 54016K, reserved 1114112K
  class space    used 7132K, committed 7424K, reserved 1048576K
}
Event: 5.690 GC heap after
{Heap after GC invocations=22 (full 0):
 garbage-first heap   total 121856K, used 67862K [0x0000000080000000, 0x0000000100000000)
  region size 1024K, 3 young (3072K), 3 survivors (3072K)
 Metaspace       used 53414K, committed 54016K, reserved 1114112K
  class space    used 7132K, committed 7424K, reserved 1048576K
}
Event: 5.870 GC heap before
{Heap before GC invocations=22 (full 0):
 garbage-first heap   total 121856K, used 88342K [0x0000000080000000, 0x0000000100000000)
  region size 1024K, 23 young (23552K), 3 survivors (3072K)
 Metaspace       used 54327K, committed 54912K, reserved 1114112K
  class space    used 7295K, committed 7616K, reserved 1048576K
}
Event: 5.872 GC heap after
{Heap after GC invocations=23 (full 0):
 garbage-first heap   total 121856K, used 68692K [0x0000000080000000, 0x0000000100000000)
  region size 1024K, 2 young (2048K), 2 survivors (2048K)
 Metaspace       used 54327K, committed 54912K, reserved 1114112K
  class space    used 7295K, committed 7616K, reserved 1048576K
}
Event: 6.209 GC heap before
{Heap before GC invocations=24 (full 0):
 garbage-first heap   total 121856K, used 91220K [0x0000000080000000, 0x0000000100000000)
  region size 1024K, 24 young (24576K), 2 survivors (2048K)
 Metaspace       used 57207K, committed 57856K, reserved 1114112K
  class space    used 7744K, committed 8064K, reserved 1048576K
}
Event: 6.214 GC heap after
{Heap after GC invocations=25 (full 0):
 garbage-first heap   total 121856K, used 69916K [0x0000000080000000, 0x0000000100000000)
  region size 1024K, 2 young (2048K), 2 survivors (2048K)
 Metaspace       used 57207K, committed 57856K, reserved 1114112K
  class space    used 7744K, committed 8064K, reserved 1048576K
}
Event: 6.677 GC heap before
{Heap before GC invocations=25 (full 0):
 garbage-first heap   total 121856K, used 93468K [0x0000000080000000, 0x0000000100000000)
  region size 1024K, 25 young (25600K), 2 survivors (2048K)
 Metaspace       used 59415K, committed 60032K, reserved 1114112K
  class space    used 8138K, committed 8384K, reserved 1048576K
}

Dll operation events (3 events):
Event: 0.006 Loaded shared library C:\Program Files\Android\Android Studio\jbr\bin\java.dll
Event: 0.102 Loaded shared library C:\Program Files\Android\Android Studio\jbr\bin\zip.dll
Event: 0.377 Loaded shared library C:\Program Files\Android\Android Studio\jbr\bin\verify.dll

Deoptimization events (20 events):
Event: 6.512 Thread 0x000002f147900000 Uncommon trap: trap_request=0xffffffde fr.pc=0x000002f133a638c8 relative=0x0000000000000488
Event: 6.512 Thread 0x000002f147900000 Uncommon trap: reason=class_check action=maybe_recompile pc=0x000002f133a638c8 method=jdk.internal.loader.Resource.cachedInputStream()Ljava/io/InputStream; @ 9 c2
Event: 6.512 Thread 0x000002f147900000 DEOPT PACKING pc=0x000002f133a638c8 sp=0x000000f89b7f7250
Event: 6.512 Thread 0x000002f147900000 DEOPT UNPACKING pc=0x000002f1332b69a3 sp=0x000000f89b7f71d0 mode 2
Event: 6.513 Thread 0x000002f147900000 Uncommon trap: trap_request=0xffffffde fr.pc=0x000002f13393abd4 relative=0x0000000000004634
Event: 6.514 Thread 0x000002f147900000 Uncommon trap: reason=class_check action=maybe_recompile pc=0x000002f13393abd4 method=java.net.URLClassLoader.defineClass(Ljava/lang/String;Ljdk/internal/loader/Resource;)Ljava/lang/Class; @ 13 c2
Event: 6.514 Thread 0x000002f147900000 DEOPT PACKING pc=0x000002f13393abd4 sp=0x000000f89b7f7350
Event: 6.514 Thread 0x000002f147900000 DEOPT UNPACKING pc=0x000002f1332b69a3 sp=0x000000f89b7f72c0 mode 2
Event: 6.514 Thread 0x000002f147900000 Uncommon trap: trap_request=0xffffffde fr.pc=0x000002f133a638c8 relative=0x0000000000000488
Event: 6.514 Thread 0x000002f147900000 Uncommon trap: reason=class_check action=maybe_recompile pc=0x000002f133a638c8 method=jdk.internal.loader.Resource.cachedInputStream()Ljava/io/InputStream; @ 9 c2
Event: 6.514 Thread 0x000002f147900000 DEOPT PACKING pc=0x000002f133a638c8 sp=0x000000f89b7f7250
Event: 6.514 Thread 0x000002f147900000 DEOPT UNPACKING pc=0x000002f1332b69a3 sp=0x000000f89b7f71d0 mode 2
Event: 6.572 Thread 0x000002f147900000 Uncommon trap: trap_request=0xffffff45 fr.pc=0x000002f1339eb204 relative=0x0000000000000344
Event: 6.572 Thread 0x000002f147900000 Uncommon trap: reason=unstable_if action=reinterpret pc=0x000002f1339eb204 method=org.gradle.internal.reflect.PropertyAccessorType.isGetGetterName(Ljava/lang/String;)Z @ 14 c2
Event: 6.572 Thread 0x000002f147900000 DEOPT PACKING pc=0x000002f1339eb204 sp=0x000000f89b7f7f50
Event: 6.572 Thread 0x000002f147900000 DEOPT UNPACKING pc=0x000002f1332b69a3 sp=0x000000f89b7f7ea8 mode 2
Event: 6.663 Thread 0x000002f147900000 Uncommon trap: trap_request=0xffffff45 fr.pc=0x000002f133854bd0 relative=0x0000000000001770
Event: 6.663 Thread 0x000002f147900000 Uncommon trap: reason=unstable_if action=reinterpret pc=0x000002f133854bd0 method=java.util.concurrent.ConcurrentHashMap.computeIfAbsent(Ljava/lang/Object;Ljava/util/function/Function;)Ljava/lang/Object; @ 123 c2
Event: 6.663 Thread 0x000002f147900000 DEOPT PACKING pc=0x000002f133854bd0 sp=0x000000f89b7f8e20
Event: 6.663 Thread 0x000002f147900000 DEOPT UNPACKING pc=0x000002f1332b69a3 sp=0x000000f89b7f8da0 mode 2

Classes unloaded (0 events):
No events

Classes redefined (0 events):
No events

Internal exceptions (20 events):
Event: 5.682 Thread 0x000002f147900000 Exception <a 'java/lang/NoSuchMethodError'{0x000000008684d2f0}: 'java.lang.Object java.lang.invoke.DirectMethodHandle$Holder.invokeStatic(java.lang.Object, java.lang.Object, java.lang.Object, java.lang.Object, java.lang.Object, java.lang.Object, java.lang.Object, java.lang.Object, java.lang.Object, java.lang.Object, java.lang.Object, java.lang.Object, java.lang.Object, java.lang.Object, java.lang.Object, java.lang.Object, java.lang.Object, java.lang.Object, java.lang.Object, java.lang.Object, java.lang.Obj
Event: 5.683 Thread 0x000002f147900000 Exception <a 'java/lang/NoSuchMethodError'{0x000000008687e390}: 'java.lang.Object java.lang.invoke.DirectMethodHandle$Holder.invokeStatic(java.lang.Object, java.lang.Object, java.lang.Object, java.lang.Object, java.lang.Object, java.lang.Object, java.lang.Object, java.lang.Object, java.lang.Object, java.lang.Object, java.lang.Object, java.lang.Object, java.lang.Object, java.lang.Object, java.lang.Object, java.lang.Object, java.lang.Object, java.lang.Object, java.lang.Object, java.lang.Object, java.lang.Obj
Event: 5.685 Thread 0x000002f147900000 Exception <a 'java/lang/NoSuchMethodError'{0x00000000868b0d20}: 'java.lang.Object java.lang.invoke.DirectMethodHandle$Holder.invokeStatic(java.lang.Object, java.lang.Object, java.lang.Object, java.lang.Object, java.lang.Object, java.lang.Object, java.lang.Object, java.lang.Object, java.lang.Object, java.lang.Object, java.lang.Object, java.lang.Object, java.lang.Object, java.lang.Object, java.lang.Object, java.lang.Object, java.lang.Object, java.lang.Object, java.lang.Object, java.lang.Object, java.lang.Obj
Event: 5.901 Thread 0x000002f147900000 Exception <a 'java/lang/IncompatibleClassChangeError'{0x00000000875a4208}: Found class java.lang.Object, but interface was expected> (0x00000000875a4208) 
thrown [s\src\hotspot\share\interpreter\linkResolver.cpp, line 838]
Event: 6.002 Thread 0x000002f147900000 Exception <a 'java/lang/ClassNotFoundException'{0x0000000087014638}: org/jetbrains/plugins/gradle/model/web/WebConfigurationBeanInfo> (0x0000000087014638) 
thrown [s\src\hotspot\share\classfile\systemDictionary.cpp, line 256]
Event: 6.002 Thread 0x000002f147900000 Exception <a 'java/lang/ClassNotFoundException'{0x000000008701cc20}: org/jetbrains/plugins/gradle/model/web/WebConfigurationCustomizer> (0x000000008701cc20) 
thrown [s\src\hotspot\share\classfile\systemDictionary.cpp, line 256]
Event: 6.005 Thread 0x000002f147900000 Exception <a 'java/lang/ClassNotFoundException'{0x0000000086f39fa0}: java/lang/StringBeanInfo> (0x0000000086f39fa0) 
thrown [s\src\hotspot\share\classfile\systemDictionary.cpp, line 256]
Event: 6.005 Thread 0x000002f147900000 Exception <a 'java/lang/ClassNotFoundException'{0x0000000086f3e660}: java/lang/StringCustomizer> (0x0000000086f3e660) 
thrown [s\src\hotspot\share\classfile\systemDictionary.cpp, line 256]
Event: 6.082 Thread 0x000002f147900000 Exception <a 'sun/nio/fs/WindowsException'{0x0000000086908288}> (0x0000000086908288) 
thrown [s\src\hotspot\share\prims\jni.cpp, line 531]
Event: 6.082 Thread 0x000002f147900000 Exception <a 'sun/nio/fs/WindowsException'{0x0000000086908558}> (0x0000000086908558) 
thrown [s\src\hotspot\share\prims\jni.cpp, line 531]
Event: 6.082 Thread 0x000002f147900000 Exception <a 'sun/nio/fs/WindowsException'{0x000000008690afe8}> (0x000000008690afe8) 
thrown [s\src\hotspot\share\prims\jni.cpp, line 531]
Event: 6.082 Thread 0x000002f147900000 Exception <a 'sun/nio/fs/WindowsException'{0x000000008690b3a8}> (0x000000008690b3a8) 
thrown [s\src\hotspot\share\prims\jni.cpp, line 531]
Event: 6.084 Thread 0x000002f147900000 Exception <a 'sun/nio/fs/WindowsException'{0x000000008691bb38}> (0x000000008691bb38) 
thrown [s\src\hotspot\share\prims\jni.cpp, line 531]
Event: 6.084 Thread 0x000002f147900000 Exception <a 'sun/nio/fs/WindowsException'{0x000000008691bef8}> (0x000000008691bef8) 
thrown [s\src\hotspot\share\prims\jni.cpp, line 531]
Event: 6.192 Thread 0x000002f147900000 Exception <a 'java/lang/NoSuchMethodError'{0x0000000086132698}: 'void java.lang.invoke.DirectMethodHandle$Holder.invokeStatic(java.lang.Object, java.lang.Object, java.lang.Object, java.lang.Object, java.lang.Object, java.lang.Object, java.lang.Object)'> (0x0000000086132698) 
thrown [s\src\hotspot\share\interpreter\linkResolver.cpp, line 771]
Event: 6.388 Thread 0x000002f147900000 Exception <a 'java/lang/ClassNotFoundException'{0x0000000086d16d60}: org/gradle/api/internal/project/DefaultProject_DecoratedBeanInfo> (0x0000000086d16d60) 
thrown [s\src\hotspot\share\classfile\systemDictionary.cpp, line 256]
Event: 6.388 Thread 0x000002f147900000 Exception <a 'java/lang/ClassNotFoundException'{0x0000000086d24f30}: org/gradle/api/internal/project/DefaultProjectBeanInfo> (0x0000000086d24f30) 
thrown [s\src\hotspot\share\classfile\systemDictionary.cpp, line 256]
Event: 6.388 Thread 0x000002f147900000 Exception <a 'java/lang/ClassNotFoundException'{0x0000000086d33128}: org/gradle/api/internal/project/DefaultProjectCustomizer> (0x0000000086d33128) 
thrown [s\src\hotspot\share\classfile\systemDictionary.cpp, line 256]
Event: 6.396 Thread 0x000002f147900000 Exception <a 'java/lang/ClassNotFoundException'{0x0000000086dde728}: org/gradle/api/internal/project/DefaultProject_DecoratedCustomizer> (0x0000000086dde728) 
thrown [s\src\hotspot\share\classfile\systemDictionary.cpp, line 256]
Event: 6.569 Thread 0x000002f147900000 Exception <a 'java/lang/NoSuchMethodError'{0x00000000863d81a0}: 'long java.lang.invoke.DirectMethodHandle$Holder.invokeStatic(java.lang.Object, long)'> (0x00000000863d81a0) 
thrown [s\src\hotspot\share\interpreter\linkResolver.cpp, line 771]

VM Operations (20 events):
Event: 5.677 Executing VM operation: HandshakeAllThreads done
Event: 5.688 Executing VM operation: G1CollectForAllocation
Event: 5.690 Executing VM operation: G1CollectForAllocation done
Event: 5.691 Executing VM operation: HandshakeAllThreads
Event: 5.691 Executing VM operation: HandshakeAllThreads done
Event: 5.870 Executing VM operation: G1CollectForAllocation
Event: 5.872 Executing VM operation: G1CollectForAllocation done
Event: 5.913 Executing VM operation: G1PauseRemark
Event: 5.916 Executing VM operation: G1PauseRemark done
Event: 5.934 Executing VM operation: G1PauseCleanup
Event: 5.934 Executing VM operation: G1PauseCleanup done
Event: 6.209 Executing VM operation: G1CollectForAllocation
Event: 6.214 Executing VM operation: G1CollectForAllocation done
Event: 6.227 Executing VM operation: HandshakeAllThreads
Event: 6.227 Executing VM operation: HandshakeAllThreads done
Event: 6.308 Executing VM operation: HandshakeAllThreads
Event: 6.308 Executing VM operation: HandshakeAllThreads done
Event: 6.588 Executing VM operation: ICBufferFull
Event: 6.588 Executing VM operation: ICBufferFull done
Event: 6.677 Executing VM operation: G1CollectForAllocation

Events (20 events):
Event: 6.196 loading class java/util/Comparators$NaturalOrderComparator
Event: 6.196 loading class java/util/Comparators$NaturalOrderComparator done
Event: 6.273 loading class java/nio/file/AtomicMoveNotSupportedException
Event: 6.273 loading class java/nio/file/AtomicMoveNotSupportedException done
Event: 6.308 loading class java/io/FileWriter
Event: 6.308 loading class java/io/FileWriter done
Event: 6.399 loading class org/xml/sax/Locator
Event: 6.399 loading class org/xml/sax/Locator done
Event: 6.399 loading class org/xml/sax/SAXParseException
Event: 6.399 loading class org/xml/sax/SAXParseException done
Event: 6.400 loading class org/xml/sax/Attributes
Event: 6.400 loading class org/xml/sax/Attributes done
Event: 6.464 loading class java/util/DualPivotQuicksort
Event: 6.465 loading class java/util/DualPivotQuicksort done
Event: 6.490 loading class jdk/internal/loader/URLClassPath$FileLoader
Event: 6.490 loading class jdk/internal/loader/URLClassPath$FileLoader done
Event: 6.491 loading class jdk/internal/loader/URLClassPath$FileLoader$1
Event: 6.491 loading class jdk/internal/loader/URLClassPath$FileLoader$1 done
Event: 6.569 loading class java/util/function/LongUnaryOperator
Event: 6.569 loading class java/util/function/LongUnaryOperator done


Dynamic libraries:
0x00007ff661230000 - 0x00007ff66123a000 	C:\Program Files\Android\Android Studio\jbr\bin\java.exe
0x00007ff801b50000 - 0x00007ff801d48000 	C:\WINDOWS\SYSTEM32\ntdll.dll
0x00007ff800ce0000 - 0x00007ff800da1000 	C:\WINDOWS\System32\KERNEL32.DLL
0x00007fffff580000 - 0x00007fffff876000 	C:\WINDOWS\System32\KERNELBASE.dll
0x00007ff800010000 - 0x00007ff800110000 	C:\WINDOWS\System32\ucrtbase.dll
0x00007fffe8210000 - 0x00007fffe8227000 	C:\Program Files\Android\Android Studio\jbr\bin\jli.dll
0x00007fffe8450000 - 0x00007fffe846b000 	C:\Program Files\Android\Android Studio\jbr\bin\VCRUNTIME140.dll
0x00007ff800660000 - 0x00007ff8007ff000 	C:\WINDOWS\System32\USER32.dll
0x00007fffe7690000 - 0x00007fffe792a000 	C:\WINDOWS\WinSxS\amd64_microsoft.windows.common-controls_6595b64144ccf1df_6.0.19041.4355_none_60b8b9eb71f62e16\COMCTL32.dll
0x00007ff800230000 - 0x00007ff800252000 	C:\WINDOWS\System32\win32u.dll
0x00007ff800be0000 - 0x00007ff800c7e000 	C:\WINDOWS\System32\msvcrt.dll
0x00007ff800e60000 - 0x00007ff800e8b000 	C:\WINDOWS\System32\GDI32.dll
0x00007fffff460000 - 0x00007fffff577000 	C:\WINDOWS\System32\gdi32full.dll
0x00007ff800110000 - 0x00007ff8001ad000 	C:\WINDOWS\System32\msvcp_win.dll
0x00007ff8004f0000 - 0x00007ff80051f000 	C:\WINDOWS\System32\IMM32.DLL
0x00007ffff9e80000 - 0x00007ffff9e8c000 	C:\Program Files\Android\Android Studio\jbr\bin\vcruntime140_1.dll
0x00007fffd0b40000 - 0x00007fffd0bcd000 	C:\Program Files\Android\Android Studio\jbr\bin\msvcp140.dll
0x00007fff99070000 - 0x00007fff99cf3000 	C:\Program Files\Android\Android Studio\jbr\bin\server\jvm.dll
0x00007ff800440000 - 0x00007ff8004f0000 	C:\WINDOWS\System32\ADVAPI32.dll
0x00007ff800dc0000 - 0x00007ff800e60000 	C:\WINDOWS\System32\sechost.dll
0x00007ff800800000 - 0x00007ff800923000 	C:\WINDOWS\System32\RPCRT4.dll
0x00007ff8001b0000 - 0x00007ff8001d7000 	C:\WINDOWS\System32\bcrypt.dll
0x00007ffffebc0000 - 0x00007ffffec0b000 	C:\WINDOWS\SYSTEM32\POWRPROF.dll
0x00007ffff9fb0000 - 0x00007ffff9fb9000 	C:\WINDOWS\SYSTEM32\WSOCK32.dll
0x00007ffff3d40000 - 0x00007ffff3d67000 	C:\WINDOWS\SYSTEM32\WINMM.dll
0x00007ff8002f0000 - 0x00007ff80035b000 	C:\WINDOWS\System32\WS2_32.dll
0x00007ffff7e20000 - 0x00007ffff7e2a000 	C:\WINDOWS\SYSTEM32\VERSION.dll
0x00007ffffeba0000 - 0x00007ffffebb2000 	C:\WINDOWS\SYSTEM32\UMPDC.dll
0x00007ffffd090000 - 0x00007ffffd0a2000 	C:\WINDOWS\SYSTEM32\kernel.appcore.dll
0x00007ffff9210000 - 0x00007ffff921a000 	C:\Program Files\Android\Android Studio\jbr\bin\jimage.dll
0x00007ffff3150000 - 0x00007ffff3334000 	C:\WINDOWS\SYSTEM32\DBGHELP.DLL
0x00007ffff2260000 - 0x00007ffff2294000 	C:\WINDOWS\SYSTEM32\dbgcore.DLL
0x00007ff800260000 - 0x00007ff8002e2000 	C:\WINDOWS\System32\bcryptPrimitives.dll
0x00007fffea400000 - 0x00007fffea40e000 	C:\Program Files\Android\Android Studio\jbr\bin\instrument.dll
0x00007fffec6f0000 - 0x00007fffec715000 	C:\Program Files\Android\Android Studio\jbr\bin\java.dll
0x00007fffe89d0000 - 0x00007fffe89e8000 	C:\Program Files\Android\Android Studio\jbr\bin\zip.dll
0x00007fffff880000 - 0x00007ffffffec000 	C:\WINDOWS\System32\SHELL32.dll
0x00007ffffd290000 - 0x00007ffffda2e000 	C:\WINDOWS\SYSTEM32\windows.storage.dll
0x00007ff801380000 - 0x00007ff8016d3000 	C:\WINDOWS\System32\combase.dll
0x00007ffffec10000 - 0x00007ffffec3e000 	C:\WINDOWS\SYSTEM32\Wldp.dll
0x00007ff800a50000 - 0x00007ff800b1d000 	C:\WINDOWS\System32\OLEAUT32.dll
0x00007ff801a60000 - 0x00007ff801b0d000 	C:\WINDOWS\System32\SHCORE.dll
0x00007ff8003e0000 - 0x00007ff800435000 	C:\WINDOWS\System32\shlwapi.dll
0x00007fffff120000 - 0x00007fffff144000 	C:\WINDOWS\SYSTEM32\profapi.dll
0x00007fffe8640000 - 0x00007fffe8659000 	C:\Program Files\Android\Android Studio\jbr\bin\net.dll
0x00007ffff8090000 - 0x00007ffff819a000 	C:\WINDOWS\SYSTEM32\WINHTTP.dll
0x00007ffffe8a0000 - 0x00007ffffe90a000 	C:\WINDOWS\system32\mswsock.dll
0x00007fffe8580000 - 0x00007fffe8596000 	C:\Program Files\Android\Android Studio\jbr\bin\nio.dll
0x00007fffec5f0000 - 0x00007fffec600000 	C:\Program Files\Android\Android Studio\jbr\bin\verify.dll
0x00007fffd8500000 - 0x00007fffd8527000 	C:\Users\misha\.gradle\native\c067742578af261105cb4f569cf0c3c89f3d7b1fecec35dd04571415982c5e48\windows-amd64\native-platform.dll
0x00007fffd1be0000 - 0x00007fffd1d24000 	C:\Users\misha\.gradle\native\38dada09dfb8b06ba9b0570ebf7e218e3eb74d4ef43ca46872605cf95ebc2f47\windows-amd64\native-platform-file-events.dll
0x00007fffeb190000 - 0x00007fffeb199000 	C:\Program Files\Android\Android Studio\jbr\bin\management.dll
0x00007fffeadb0000 - 0x00007fffeadbb000 	C:\Program Files\Android\Android Studio\jbr\bin\management_ext.dll
0x00007ff801a50000 - 0x00007ff801a58000 	C:\WINDOWS\System32\PSAPI.DLL
0x00007ffffea90000 - 0x00007ffffeaa8000 	C:\WINDOWS\SYSTEM32\CRYPTSP.dll
0x00007ffffe1c0000 - 0x00007ffffe1f4000 	C:\WINDOWS\system32\rsaenh.dll
0x00007fffff090000 - 0x00007fffff0be000 	C:\WINDOWS\SYSTEM32\USERENV.dll
0x00007ffffeab0000 - 0x00007ffffeabc000 	C:\WINDOWS\SYSTEM32\CRYPTBASE.dll
0x00007ffffe580000 - 0x00007ffffe5bb000 	C:\WINDOWS\SYSTEM32\IPHLPAPI.DLL
0x00007ff800db0000 - 0x00007ff800db8000 	C:\WINDOWS\System32\NSI.dll
0x00007ffff96a0000 - 0x00007ffff96b7000 	C:\WINDOWS\SYSTEM32\dhcpcsvc6.DLL
0x00007ffff9390000 - 0x00007ffff93ad000 	C:\WINDOWS\SYSTEM32\dhcpcsvc.DLL
0x00007ffffe5c0000 - 0x00007ffffe68a000 	C:\WINDOWS\SYSTEM32\DNSAPI.dll
0x00007fffeccf0000 - 0x00007fffeccf9000 	C:\Program Files\Android\Android Studio\jbr\bin\extnet.dll
0x00007ffff66a0000 - 0x00007ffff66a7000 	C:\WINDOWS\system32\wshunix.dll

dbghelp: loaded successfully - version: 4.0.5 - missing functions: none
symbol engine: initialized successfully - sym options: 0x614 - pdb path: .;C:\Program Files\Android\Android Studio\jbr\bin;C:\WINDOWS\SYSTEM32;C:\WINDOWS\WinSxS\amd64_microsoft.windows.common-controls_6595b64144ccf1df_6.0.19041.4355_none_60b8b9eb71f62e16;C:\Program Files\Android\Android Studio\jbr\bin\server;C:\Users\misha\.gradle\native\c067742578af261105cb4f569cf0c3c89f3d7b1fecec35dd04571415982c5e48\windows-amd64;C:\Users\misha\.gradle\native\38dada09dfb8b06ba9b0570ebf7e218e3eb74d4ef43ca46872605cf95ebc2f47\windows-amd64

VM Arguments:
jvm_args: --add-opens=java.base/java.util=ALL-UNNAMED --add-opens=java.base/java.lang=ALL-UNNAMED --add-opens=java.base/java.lang.invoke=ALL-UNNAMED --add-opens=java.prefs/java.util.prefs=ALL-UNNAMED --add-opens=java.base/java.nio.charset=ALL-UNNAMED --add-opens=java.base/java.net=ALL-UNNAMED --add-opens=java.base/java.util.concurrent.atomic=ALL-UNNAMED -Xmx2048m -Dfile.encoding=UTF-8 -Duser.country=RU -Duser.language=ru -Duser.variant -javaagent:C:\Users\misha\.gradle\wrapper\dists\gradle-8.7-bin\bhs2wmbdwecv87pi65oeuq5iu\gradle-8.7\lib\agents\gradle-instrumentation-agent-8.7.jar 
java_command: org.gradle.launcher.daemon.bootstrap.GradleDaemon 8.7
java_class_path (initial): C:\Users\misha\.gradle\wrapper\dists\gradle-8.7-bin\bhs2wmbdwecv87pi65oeuq5iu\gradle-8.7\lib\gradle-launcher-8.7.jar
Launcher Type: SUN_STANDARD

[Global flags]
     intx CICompilerCount                          = 3                                         {product} {ergonomic}
     uint ConcGCThreads                            = 1                                         {product} {ergonomic}
     uint G1ConcRefinementThreads                  = 4                                         {product} {ergonomic}
   size_t G1HeapRegionSize                         = 1048576                                   {product} {ergonomic}
    uintx GCDrainStackTargetSize                   = 64                                        {product} {ergonomic}
   size_t InitialHeapSize                          = 134217728                                 {product} {ergonomic}
   size_t MarkStackSize                            = 4194304                                   {product} {ergonomic}
   size_t MaxHeapSize                              = 2147483648                                {product} {command line}
   size_t MaxNewSize                               = 1287651328                                {product} {ergonomic}
   size_t MinHeapDeltaBytes                        = 1048576                                   {product} {ergonomic}
   size_t MinHeapSize                              = 8388608                                   {product} {ergonomic}
    uintx NonNMethodCodeHeapSize                   = 5832780                                {pd product} {ergonomic}
    uintx NonProfiledCodeHeapSize                  = 122912730                              {pd product} {ergonomic}
    uintx ProfiledCodeHeapSize                     = 122912730                              {pd product} {ergonomic}
    uintx ReservedCodeCacheSize                    = 251658240                              {pd product} {ergonomic}
     bool SegmentedCodeCache                       = true                                      {product} {ergonomic}
   size_t SoftMaxHeapSize                          = 2147483648                             {manageable} {ergonomic}
     bool UseCompressedClassPointers               = true                           {product lp64_product} {ergonomic}
     bool UseCompressedOops                        = true                           {product lp64_product} {ergonomic}
     bool UseG1GC                                  = true                                      {product} {ergonomic}
     bool UseLargePagesIndividualAllocation        = false                                  {pd product} {ergonomic}

Logging:
Log output configuration:
 #0: stdout all=warning uptime,level,tags
 #1: stderr all=off uptime,level,tags

Environment Variables:
JAVA_HOME=C:\Program Files\Android\Android Studio\jbr
PATH=C:\WINDOWS\system32;C:\WINDOWS;C:\WINDOWS\System32\Wbem;C:\WINDOWS\System32\WindowsPowerShell\v1.0\;C:\WINDOWS\System32\OpenSSH\;C:\Program Files\NVIDIA Corporation\NVIDIA NvDLISR;C:\Program Files\Git\cmd;C:\Program Files\nodejs\;C:\Program Files (x86)\NVIDIA Corporation\PhysX\Common;C:\Users\misha\AppData\Local\Microsoft\WindowsApps;C:\Users\misha\AppData\Local\Programs\Microsoft VS Code\bin;C:\flutter\bin;C:\flutter;C:\Users\misha\AppData\Local\Android\Sdk;C:\Users\misha\AppData\Local\Pub\Cache\bin;C:\Program Files\Git\cmd;C:\Program Files\Git\bin;C:\Windows\System32;C:\Users\misha\StudioProjects\chat_app\functions;C:\Users\misha\AppData\Roaming;C:\flutter\bin\cache\dart-sdk\bin;C:\Users\misha\AppData\Roaming\npm
USERNAME=misha
OS=Windows_NT
PROCESSOR_IDENTIFIER=Intel64 Family 6 Model 158 Stepping 11, GenuineIntel
TMP=C:\Users\misha\AppData\Local\Temp
TEMP=C:\Users\misha\AppData\Local\Temp



Periodic native trim disabled

JNI global refs:
JNI global refs: 26, weak refs: 0

JNI global refs memory usage: 843, weak refs: 841

Process memory usage:
Resident Set Size: 298796K (3% of 8321972K total physical memory with 475308K free physical memory)

OOME stack traces (most recent first):
Classloader memory used:
Loader org.gradle.internal.classloader.VisitableURLClassLoader                         : 3695K
Loader bootstrap                                                                       : 2454K
Loader org.gradle.initialization.MixInLegacyTypesClassLoader                           : 943K
Loader org.gradle.internal.classloader.VisitableURLClassLoader                         : 108K
Loader org.gradle.internal.classloader.VisitableURLClassLoader$InstrumentingVisitableURLClassLoader: 90421B
Loader jdk.internal.loader.ClassLoaders$PlatformClassLoader                            : 67692B
Loader jdk.internal.loader.ClassLoaders$AppClassLoader                                 : 28714B
Loader jdk.internal.reflect.DelegatingClassLoader                                      : 26265B
Loader org.gradle.groovy.scripts.internal.DefaultScriptCompilationHandler$ScriptClassLoader: 10699B
Loader org.codehaus.groovy.runtime.callsite.CallSiteClassLoader                        : 5853B

Classes loaded by more than one classloader:
Class org.gradle.internal.Cast                                                        : loaded 3 times (x 69B)
Class org.gradle.api.GradleException                                                  : loaded 3 times (x 80B)
Class org.jetbrains.plugins.gradle.model.MavenRepositoryModel                         : loaded 2 times (x 68B)
Class org.gradle.internal.classpath.ClassPath                                         : loaded 2 times (x 68B)
Class org.gradle.api.internal.classpath.DefaultModuleRegistry                         : loaded 2 times (x 84B)
Class org.gradle.internal.exceptions.NonGradleCauseExceptionsHolder                   : loaded 2 times (x 68B)
Class Settings_gradle$1$1                                                             : loaded 2 times (x 72B)
Class org.gradle.api.Action                                                           : loaded 2 times (x 68B)
Class org.jetbrains.kotlin.idea.gradleTooling.model.samWithReceiver.SamWithReceiverModel: loaded 2 times (x 68B)
Class org.jetbrains.plugins.gradle.model.ExternalProject                              : loaded 2 times (x 68B)
Class org.jetbrains.plugins.gradle.model.IntelliJSettings                             : loaded 2 times (x 68B)
Class org.jetbrains.kotlin.idea.gradleTooling.KotlinMPPGradleModel                    : loaded 2 times (x 68B)
Class org.gradle.api.internal.DefaultClassPathProvider                                : loaded 2 times (x 74B)
Class org.gradle.internal.installation.GradleInstallation$1                           : loaded 2 times (x 73B)
Class org.gradle.internal.exceptions.DefaultMultiCauseException                       : loaded 2 times (x 93B)
Class org.gradle.tooling.model.UnsupportedMethodException                             : loaded 2 times (x 80B)
Class org.gradle.internal.time.MonotonicClock                                         : loaded 2 times (x 75B)
Class org.gradle.util.GradleVersion                                                   : loaded 2 times (x 81B)
Class org.gradle.tooling.model.Model                                                  : loaded 2 times (x 68B)
Class org.gradle.internal.classpath.DefaultClassPath$ImmutableUniqueList$Builder      : loaded 2 times (x 73B)
Class org.jetbrains.kotlin.idea.gradleTooling.KotlinSourceSetContainer                : loaded 2 times (x 68B)
Class org.gradle.internal.classloader.ClassLoaderVisitor                              : loaded 2 times (x 74B)
Class org.gradle.internal.time.DefaultCountdownTimer                                  : loaded 2 times (x 86B)
Class org.gradle.internal.service.DefaultServiceLocator                               : loaded 2 times (x 81B)
Class org.jetbrains.plugins.gradle.model.jar.JarTaskManifestConfiguration             : loaded 2 times (x 68B)
Class org.gradle.internal.service.UnknownServiceException                             : loaded 2 times (x 81B)
Class org.jetbrains.plugins.gradle.model.DependencyAccessorsModel                     : loaded 2 times (x 68B)
Class org.gradle.internal.classloader.DefaultClassLoaderFactory                       : loaded 2 times (x 80B)
Class sync_studio_tooling1514_2i587lietw4j2dwkk83290jw6$_run_closure1                 : loaded 2 times (x 137B)
Class org.jetbrains.plugins.gradle.model.GradleExtensions                             : loaded 2 times (x 68B)
Class org.jetbrains.plugins.gradle.model.VersionCatalogsModel                         : loaded 2 times (x 68B)
Class org.gradle.internal.classloader.VisitableURLClassLoader$Spec                    : loaded 2 times (x 72B)
Class org.gradle.tooling.model.ProjectModel                                           : loaded 2 times (x 68B)
Class org.gradle.internal.classloader.FilteringClassLoader                            : loaded 2 times (x 103B)
Class org.gradle.tooling.internal.gradle.DefaultProjectIdentifier                     : loaded 2 times (x 84B)
Class org.gradle.api.internal.classpath.ModuleRegistry                                : loaded 2 times (x 68B)
Class org.jetbrains.plugins.gradle.model.RepositoriesModel                            : loaded 2 times (x 68B)
Class kotlin.jvm.internal.markers.KMappedMarker                                       : loaded 2 times (x 68B)
Class org.gradle.api.internal.ClassPathProvider                                       : loaded 2 times (x 68B)
Class org.gradle.internal.classloader.ClasspathUtil$1                                 : loaded 2 times (x 74B)
Class org.gradle.internal.classloader.ClassLoaderFactory                              : loaded 2 times (x 68B)
Class org.gradle.api.internal.classpath.ManifestUtil                                  : loaded 2 times (x 69B)
Class org.gradle.api.specs.Spec                                                       : loaded 2 times (x 68B)
Class org.gradle.tooling.internal.gradle.GradleBuildIdentity                          : loaded 2 times (x 68B)
Class org.gradle.internal.IoActions                                                   : loaded 2 times (x 69B)
Class org.gradle.api.internal.classpath.EffectiveClassPath                            : loaded 2 times (x 88B)
Class kotlin.jvm.internal.DefaultConstructorMarker                                    : loaded 2 times (x 69B)
Class org.gradle.internal.exceptions.ResolutionProvider                               : loaded 2 times (x 68B)
Class org.jetbrains.kotlin.idea.gradleTooling.model.annotation.AnnotationBasedPluginModel: loaded 2 times (x 68B)
Class org.jetbrains.kotlin.idea.gradleTooling.model.assignment.AssignmentModel        : loaded 2 times (x 68B)
Class org.gradle.internal.installation.CurrentGradleInstallation                      : loaded 2 times (x 71B)
Class org.gradle.internal.agents.InstrumentingClassLoader                             : loaded 2 times (x 68B)
Class org.gradle.internal.installation.CurrentGradleInstallationLocator               : loaded 2 times (x 69B)
Class org.gradle.api.internal.classpath.Module                                        : loaded 2 times (x 68B)
Class org.gradle.internal.service.CachingServiceLocator                               : loaded 2 times (x 80B)
Class org.gradle.internal.time.Timer                                                  : loaded 2 times (x 68B)
Class org.jetbrains.plugins.gradle.model.tests.ExternalTestsModel                     : loaded 2 times (x 68B)
Class org.jetbrains.kotlin.idea.gradleTooling.KotlinDslScriptAdditionalTask           : loaded 2 times (x 68B)
Class org.gradle.internal.classpath.DefaultClassPath                                  : loaded 2 times (x 88B)
Class com.intellij.openapi.externalSystem.model.project.dependencies.ProjectDependencies: loaded 2 times (x 68B)
Class org.jetbrains.kotlin.idea.gradleTooling.PrepareKotlinIdeImportTaskModel         : loaded 2 times (x 68B)
Class org.gradle.internal.impldep.com.google.common.base.Preconditions                : loaded 2 times (x 69B)
Class kotlin.jvm.functions.Function1                                                  : loaded 2 times (x 68B)
Class org.gradle.internal.time.Time                                                   : loaded 2 times (x 69B)
Class org.gradle.internal.time.TimeSource$1                                           : loaded 2 times (x 75B)
Class org.gradle.internal.classloader.SystemClassLoaderSpec                           : loaded 2 times (x 69B)
Class kotlin.Function                                                                 : loaded 2 times (x 68B)
Class org.gradle.api.UncheckedIOException                                             : loaded 2 times (x 80B)
Class Program                                                                         : loaded 2 times (x 70B)
Class org.gradle.tooling.internal.gradle.GradleProjectIdentity                        : loaded 2 times (x 68B)
Class org.gradle.internal.time.CountdownTimer                                         : loaded 2 times (x 68B)
Class org.gradle.internal.time.Clock                                                  : loaded 2 times (x 68B)
Class org.gradle.internal.classloader.ClasspathUtil                                   : loaded 2 times (x 69B)
Class org.gradle.tooling.model.BuildIdentifier                                        : loaded 2 times (x 68B)
Class org.gradle.api.internal.DefaultClassPathRegistry                                : loaded 2 times (x 74B)
Class org.gradle.api.internal.classpath.DefaultModuleRegistry$DefaultModule           : loaded 2 times (x 84B)
Class org.gradle.internal.time.TimeSource                                             : loaded 2 times (x 68B)
Class org.jetbrains.kotlin.android.synthetic.idea.AndroidExtensionsGradleModel        : loaded 2 times (x 68B)
Class org.gradle.api.internal.classpath.UnknownModuleException                        : loaded 2 times (x 80B)
Class org.jetbrains.plugins.gradle.model.IntelliJProjectSettings                      : loaded 2 times (x 68B)
Class org.gradle.internal.service.ServiceLookupException                              : loaded 2 times (x 80B)
Class org.gradle.cache.GlobalCache                                                    : loaded 2 times (x 68B)
Class org.jetbrains.kotlin.idea.gradleTooling.model.lombok.LombokModel                : loaded 2 times (x 68B)
Class org.gradle.tooling.model.ProjectIdentifier                                      : loaded 2 times (x 68B)
Class ijInit1_7id0x5ejxwkxlzm11nzr7xqqq                                               : loaded 2 times (x 177B)
Class [Lorg.gradle.api.internal.ClassPathProvider;                                    : loaded 2 times (x 67B)
Class org.gradle.internal.operations.MultipleBuildOperationFailures                   : loaded 2 times (x 93B)
Class org.gradle.util.internal.GUtil                                                  : loaded 2 times (x 69B)
Class org.jetbrains.plugins.gradle.model.AnnotationProcessingModel                    : loaded 2 times (x 68B)
Class org.gradle.internal.classloader.ClassLoaderSpec                                 : loaded 2 times (x 69B)
Class org.gradle.internal.classloader.VisitableURLClassLoader                         : loaded 2 times (x 115B)
Class org.gradle.internal.installation.GradleInstallation                             : loaded 2 times (x 73B)
Class org.gradle.api.internal.ClassPathRegistry                                       : loaded 2 times (x 68B)
Class org.gradle.internal.classloader.VisitableURLClassLoader$InstrumentingVisitableURLClassLoader: loaded 2 times (x 121B)
Class org.gradle.internal.classloader.ClassLoaderHierarchy                            : loaded 2 times (x 68B)
Class org.gradle.internal.exceptions.MultiCauseException                              : loaded 2 times (x 68B)
Class org.jetbrains.kotlin.idea.gradleTooling.model.parcelize.ParcelizeGradleModel    : loaded 2 times (x 68B)
Class org.gradle.internal.InternalTransformer                                         : loaded 2 times (x 68B)
Class org.jetbrains.kotlin.idea.gradleTooling.model.noarg.NoArgModel                  : loaded 2 times (x 68B)
Class org.jetbrains.kotlin.idea.gradleTooling.KotlinGradleModel                       : loaded 2 times (x 68B)
Class org.gradle.tooling.internal.gradle.DefaultBuildIdentifier                       : loaded 2 times (x 77B)
Class org.gradle.internal.service.ServiceLocator                                      : loaded 2 times (x 68B)
Class Settings_gradle$1                                                               : loaded 2 times (x 72B)
Class org.jetbrains.kotlin.idea.gradleTooling.model.allopen.AllOpenModel              : loaded 2 times (x 68B)
Class org.gradle.internal.classpath.DefaultClassPath$ImmutableUniqueList              : loaded 2 times (x 159B)
Class org.gradle.internal.time.DefaultTimer                                           : loaded 2 times (x 78B)
Class org.gradle.internal.classpath.TransformedClassPath                              : loaded 2 times (x 94B)
Class Settings_gradle                                                                 : loaded 2 times (x 126B)
Class sync_studio_tooling1514_2i587lietw4j2dwkk83290jw6                               : loaded 2 times (x 177B)


---------------  S Y S T E M  ---------------

OS:
 Windows 10 , 64 bit Build 19041 (10.0.19041.4597)
OS uptime: 4 days 10:26 hours

CPU: total 4 (initial active 4) (4 cores per cpu, 1 threads per core) family 6 model 158 stepping 11 microcode 0xb4, cx8, cmov, fxsr, mmx, 3dnowpref, sse, sse2, sse3, ssse3, sse4.1, sse4.2, popcnt, lzcnt, tsc, tscinvbit, avx, avx2, aes, erms, clmul, bmi1, bmi2, adx, fma, vzeroupper, clflush, clflushopt
Processor Information for all 4 processors :
  Max Mhz: 3600, Current Mhz: 3600, Mhz Limit: 3600

Memory: 4k page, system-wide physical 8126M (464M free)
TotalPageFile size 22359M (AvailPageFile size 18M)
current process WorkingSet (physical memory assigned to process): 291M, peak: 294M
current process commit charge ("private bytes"): 327M, peak: 342M

vm_info: OpenJDK 64-Bit Server VM (17.0.11+0--11852314) for windows-amd64 JRE (17.0.11+0--11852314), built on May 16 2024 21:29:20 by "androidbuild" with MS VC++ 16.10 / 16.11 (VS2019)

END.
